=========================
train: 50000
valid: 10000
filtersize: 5
numFilters: 16
epsHidVis: 0.1
epsHidBias: 0.1
epsAvgOut: 0.1
epsOutBias: 0.1
mom: 0
wcHidVis: 1e-05
wcAvgOut: 1e-05
--------valid for epoch 0--------
epoch: 0,total number: 10000,error number: 1024,error rate: 0.1024,negitive likelihood: 0.380865
epoch: 9.11181 seconds. 
--------valid for epoch 1--------
epoch: 1,total number: 10000,error number: 924,error rate: 0.0924,negitive likelihood: 0.339101
epoch: 8.74092 seconds. 
--------valid for epoch 2--------
epoch: 2,total number: 10000,error number: 616,error rate: 0.0616,negitive likelihood: 0.22539
epoch: 8.75803 seconds. 
--------valid for epoch 3--------
epoch: 3,total number: 10000,error number: 447,error rate: 0.0447,negitive likelihood: 0.162822
epoch: 8.72977 seconds. 
--------valid for epoch 4--------
epoch: 4,total number: 10000,error number: 372,error rate: 0.0372,negitive likelihood: 0.131625
epoch: 8.71235 seconds. 
--------valid for epoch 5--------
epoch: 5,total number: 10000,error number: 318,error rate: 0.0318,negitive likelihood: 0.112726
epoch: 8.69069 seconds. 
--------valid for epoch 6--------
epoch: 6,total number: 10000,error number: 290,error rate: 0.029,negitive likelihood: 0.10155
epoch: 8.69112 seconds. 
--------valid for epoch 7--------
epoch: 7,total number: 10000,error number: 262,error rate: 0.0262,negitive likelihood: 0.0942437
epoch: 8.72302 seconds. 
--------valid for epoch 8--------
epoch: 8,total number: 10000,error number: 245,error rate: 0.0245,negitive likelihood: 0.0890266
epoch: 8.74984 seconds. 
--------valid for epoch 9--------
epoch: 9,total number: 10000,error number: 232,error rate: 0.0232,negitive likelihood: 0.0851549
epoch: 8.6992 seconds. 
--------valid for epoch 10--------
epoch: 10,total number: 10000,error number: 228,error rate: 0.0228,negitive likelihood: 0.0821359
epoch: 8.69907 seconds. 
--------valid for epoch 11--------
epoch: 11,total number: 10000,error number: 224,error rate: 0.0224,negitive likelihood: 0.0798449
epoch: 8.70269 seconds. 
--------valid for epoch 12--------
epoch: 12,total number: 10000,error number: 221,error rate: 0.0221,negitive likelihood: 0.0780014
epoch: 8.69866 seconds. 
--------valid for epoch 13--------
epoch: 13,total number: 10000,error number: 218,error rate: 0.0218,negitive likelihood: 0.0764879
epoch: 8.69994 seconds. 
--------valid for epoch 14--------
epoch: 14,total number: 10000,error number: 213,error rate: 0.0213,negitive likelihood: 0.075216
epoch: 8.75038 seconds. 
--------valid for epoch 15--------
epoch: 15,total number: 10000,error number: 212,error rate: 0.0212,negitive likelihood: 0.0740922
epoch: 8.8879 seconds. 
--------valid for epoch 16--------
epoch: 16,total number: 10000,error number: 209,error rate: 0.0209,negitive likelihood: 0.0730944
epoch: 8.72186 seconds. 
--------valid for epoch 17--------
epoch: 17,total number: 10000,error number: 208,error rate: 0.0208,negitive likelihood: 0.0722012
epoch: 8.76195 seconds. 
--------valid for epoch 18--------
epoch: 18,total number: 10000,error number: 206,error rate: 0.0206,negitive likelihood: 0.0713928
epoch: 9.2388 seconds. 
--------valid for epoch 19--------
epoch: 19,total number: 10000,error number: 205,error rate: 0.0205,negitive likelihood: 0.0706256
epoch: 9.98762 seconds. 
--------valid for epoch 20--------
epoch: 20,total number: 10000,error number: 202,error rate: 0.0202,negitive likelihood: 0.0698899
epoch: 10.3319 seconds. 
--------valid for epoch 21--------
epoch: 21,total number: 10000,error number: 202,error rate: 0.0202,negitive likelihood: 0.0692658
epoch: 9.82333 seconds. 
--------valid for epoch 22--------
epoch: 22,total number: 10000,error number: 201,error rate: 0.0201,negitive likelihood: 0.0686847
epoch: 9.67935 seconds. 
--------valid for epoch 23--------
epoch: 23,total number: 10000,error number: 200,error rate: 0.02,negitive likelihood: 0.0681257
epoch: 9.69972 seconds. 
--------valid for epoch 24--------
epoch: 24,total number: 10000,error number: 197,error rate: 0.0197,negitive likelihood: 0.0675683
epoch: 9.75144 seconds. 
--------valid for epoch 25--------
epoch: 25,total number: 10000,error number: 195,error rate: 0.0195,negitive likelihood: 0.0670108
epoch: 10.5108 seconds. 
--------valid for epoch 26--------
epoch: 26,total number: 10000,error number: 194,error rate: 0.0194,negitive likelihood: 0.0664909
epoch: 10.8462 seconds. 
--------valid for epoch 27--------
epoch: 27,total number: 10000,error number: 193,error rate: 0.0193,negitive likelihood: 0.0660138
epoch: 9.95894 seconds. 
--------valid for epoch 28--------
epoch: 28,total number: 10000,error number: 191,error rate: 0.0191,negitive likelihood: 0.0655603
epoch: 10.2431 seconds. 
--------valid for epoch 29--------
epoch: 29,total number: 10000,error number: 193,error rate: 0.0193,negitive likelihood: 0.065098
epoch: 10.348 seconds. 
--------valid for epoch 30--------
epoch: 30,total number: 10000,error number: 193,error rate: 0.0193,negitive likelihood: 0.0646825
epoch: 10.3823 seconds. 
--------valid for epoch 31--------
epoch: 31,total number: 10000,error number: 191,error rate: 0.0191,negitive likelihood: 0.0642482
epoch: 10.0796 seconds. 
--------valid for epoch 32--------
epoch: 32,total number: 10000,error number: 193,error rate: 0.0193,negitive likelihood: 0.0638712
epoch: 10.2305 seconds. 
--------valid for epoch 33--------
epoch: 33,total number: 10000,error number: 191,error rate: 0.0191,negitive likelihood: 0.0634867
epoch: 10.1125 seconds. 
--------valid for epoch 34--------
epoch: 34,total number: 10000,error number: 188,error rate: 0.0188,negitive likelihood: 0.063111
epoch: 10.266 seconds. 
--------valid for epoch 35--------
epoch: 35,total number: 10000,error number: 190,error rate: 0.019,negitive likelihood: 0.0627442
epoch: 10.1672 seconds. 
--------valid for epoch 36--------
epoch: 36,total number: 10000,error number: 190,error rate: 0.019,negitive likelihood: 0.062395
epoch: 10.1699 seconds. 
--------valid for epoch 37--------
epoch: 37,total number: 10000,error number: 188,error rate: 0.0188,negitive likelihood: 0.0620238
epoch: 10.289 seconds. 
--------valid for epoch 38--------
epoch: 38,total number: 10000,error number: 188,error rate: 0.0188,negitive likelihood: 0.0616895
epoch: 10.3015 seconds. 
--------valid for epoch 39--------
epoch: 39,total number: 10000,error number: 187,error rate: 0.0187,negitive likelihood: 0.0613511
epoch: 10.2492 seconds. 
--------valid for epoch 40--------
epoch: 40,total number: 10000,error number: 186,error rate: 0.0186,negitive likelihood: 0.0610363
epoch: 10.2388 seconds. 
--------valid for epoch 41--------
epoch: 41,total number: 10000,error number: 185,error rate: 0.0185,negitive likelihood: 0.060757
epoch: 10.3976 seconds. 
--------valid for epoch 42--------
epoch: 42,total number: 10000,error number: 185,error rate: 0.0185,negitive likelihood: 0.060497
epoch: 10.4789 seconds. 
--------valid for epoch 43--------
epoch: 43,total number: 10000,error number: 183,error rate: 0.0183,negitive likelihood: 0.0602513
epoch: 10.4 seconds. 
--------valid for epoch 44--------
epoch: 44,total number: 10000,error number: 181,error rate: 0.0181,negitive likelihood: 0.0600104
epoch: 10.4125 seconds. 
--------valid for epoch 45--------
epoch: 45,total number: 10000,error number: 179,error rate: 0.0179,negitive likelihood: 0.0597901
epoch: 10.4041 seconds. 
--------valid for epoch 46--------
epoch: 46,total number: 10000,error number: 178,error rate: 0.0178,negitive likelihood: 0.0595808
epoch: 10.342 seconds. 
--------valid for epoch 47--------
epoch: 47,total number: 10000,error number: 178,error rate: 0.0178,negitive likelihood: 0.0593838
epoch: 10.4134 seconds. 
--------valid for epoch 48--------
epoch: 48,total number: 10000,error number: 176,error rate: 0.0176,negitive likelihood: 0.0591752
epoch: 10.3029 seconds. 
--------valid for epoch 49--------
epoch: 49,total number: 10000,error number: 176,error rate: 0.0176,negitive likelihood: 0.0589966
epoch: 10.3521 seconds. 
--------valid for epoch 50--------
epoch: 50,total number: 10000,error number: 177,error rate: 0.0177,negitive likelihood: 0.0588206
epoch: 10.3237 seconds. 
--------valid for epoch 51--------
epoch: 51,total number: 10000,error number: 177,error rate: 0.0177,negitive likelihood: 0.0586511
epoch: 10.3217 seconds. 
--------valid for epoch 52--------
epoch: 52,total number: 10000,error number: 176,error rate: 0.0176,negitive likelihood: 0.0584856
epoch: 10.2955 seconds. 
--------valid for epoch 53--------
epoch: 53,total number: 10000,error number: 176,error rate: 0.0176,negitive likelihood: 0.058319
epoch: 10.3003 seconds. 
--------valid for epoch 54--------
epoch: 54,total number: 10000,error number: 176,error rate: 0.0176,negitive likelihood: 0.0581529
epoch: 10.2914 seconds. 
--------valid for epoch 55--------
epoch: 55,total number: 10000,error number: 177,error rate: 0.0177,negitive likelihood: 0.0580136
epoch: 10.2926 seconds. 
--------valid for epoch 56--------
epoch: 56,total number: 10000,error number: 175,error rate: 0.0175,negitive likelihood: 0.0578753
epoch: 10.3039 seconds. 
--------valid for epoch 57--------
epoch: 57,total number: 10000,error number: 174,error rate: 0.0174,negitive likelihood: 0.057744
epoch: 10.3042 seconds. 
--------valid for epoch 58--------
epoch: 58,total number: 10000,error number: 174,error rate: 0.0174,negitive likelihood: 0.0576115
epoch: 10.2929 seconds. 
--------valid for epoch 59--------
epoch: 59,total number: 10000,error number: 173,error rate: 0.0173,negitive likelihood: 0.0574731
epoch: 10.301 seconds. 
--------valid for epoch 60--------
epoch: 60,total number: 10000,error number: 172,error rate: 0.0172,negitive likelihood: 0.0573466
epoch: 10.3795 seconds. 
--------valid for epoch 61--------
epoch: 61,total number: 10000,error number: 172,error rate: 0.0172,negitive likelihood: 0.0572274
epoch: 10.2774 seconds. 
--------valid for epoch 62--------
epoch: 62,total number: 10000,error number: 172,error rate: 0.0172,negitive likelihood: 0.0571071
epoch: 10.2741 seconds. 
--------valid for epoch 63--------
epoch: 63,total number: 10000,error number: 169,error rate: 0.0169,negitive likelihood: 0.0569942
epoch: 10.2674 seconds. 
--------valid for epoch 64--------
epoch: 64,total number: 10000,error number: 168,error rate: 0.0168,negitive likelihood: 0.0568936
epoch: 10.28 seconds. 
--------valid for epoch 65--------
epoch: 65,total number: 10000,error number: 167,error rate: 0.0167,negitive likelihood: 0.0568059
epoch: 10.2178 seconds. 
--------valid for epoch 66--------
epoch: 66,total number: 10000,error number: 167,error rate: 0.0167,negitive likelihood: 0.0567038
epoch: 10.2694 seconds. 
--------valid for epoch 67--------
epoch: 67,total number: 10000,error number: 166,error rate: 0.0166,negitive likelihood: 0.0566143
epoch: 10.2783 seconds. 
--------valid for epoch 68--------
epoch: 68,total number: 10000,error number: 166,error rate: 0.0166,negitive likelihood: 0.0565296
epoch: 10.3154 seconds. 
--------valid for epoch 69--------
epoch: 69,total number: 10000,error number: 164,error rate: 0.0164,negitive likelihood: 0.0564479
epoch: 10.2924 seconds. 
--------valid for epoch 70--------
epoch: 70,total number: 10000,error number: 164,error rate: 0.0164,negitive likelihood: 0.0563642
epoch: 10.3192 seconds. 
--------valid for epoch 71--------
epoch: 71,total number: 10000,error number: 163,error rate: 0.0163,negitive likelihood: 0.0562695
epoch: 10.3187 seconds. 
--------valid for epoch 72--------
epoch: 72,total number: 10000,error number: 164,error rate: 0.0164,negitive likelihood: 0.0561868
epoch: 10.2977 seconds. 
--------valid for epoch 73--------
epoch: 73,total number: 10000,error number: 163,error rate: 0.0163,negitive likelihood: 0.0561046
epoch: 10.2916 seconds. 
--------valid for epoch 74--------
epoch: 74,total number: 10000,error number: 163,error rate: 0.0163,negitive likelihood: 0.0560291
epoch: 10.2869 seconds. 
--------valid for epoch 75--------
epoch: 75,total number: 10000,error number: 163,error rate: 0.0163,negitive likelihood: 0.055951
epoch: 10.6396 seconds. 
--------valid for epoch 76--------
epoch: 76,total number: 10000,error number: 163,error rate: 0.0163,negitive likelihood: 0.0558873
epoch: 10.3831 seconds. 
--------valid for epoch 77--------
epoch: 77,total number: 10000,error number: 163,error rate: 0.0163,negitive likelihood: 0.0558359
epoch: 10.2846 seconds. 
--------valid for epoch 78--------
epoch: 78,total number: 10000,error number: 163,error rate: 0.0163,negitive likelihood: 0.0557768
epoch: 10.2491 seconds. 
--------valid for epoch 79--------
epoch: 79,total number: 10000,error number: 163,error rate: 0.0163,negitive likelihood: 0.0557223
epoch: 10.2704 seconds. 
--------valid for epoch 80--------
epoch: 80,total number: 10000,error number: 163,error rate: 0.0163,negitive likelihood: 0.0556681
epoch: 10.243 seconds. 
--------valid for epoch 81--------
epoch: 81,total number: 10000,error number: 164,error rate: 0.0164,negitive likelihood: 0.0556186
epoch: 10.2431 seconds. 
--------valid for epoch 82--------
epoch: 82,total number: 10000,error number: 164,error rate: 0.0164,negitive likelihood: 0.0555666
epoch: 10.2625 seconds. 
--------valid for epoch 83--------
epoch: 83,total number: 10000,error number: 164,error rate: 0.0164,negitive likelihood: 0.0555254
epoch: 10.3254 seconds. 
--------valid for epoch 84--------
epoch: 84,total number: 10000,error number: 164,error rate: 0.0164,negitive likelihood: 0.055483
epoch: 10.2904 seconds. 
--------valid for epoch 85--------
epoch: 85,total number: 10000,error number: 163,error rate: 0.0163,negitive likelihood: 0.0554413
epoch: 10.2403 seconds. 
--------valid for epoch 86--------
epoch: 86,total number: 10000,error number: 163,error rate: 0.0163,negitive likelihood: 0.0553968
epoch: 10.2517 seconds. 
--------valid for epoch 87--------
epoch: 87,total number: 10000,error number: 163,error rate: 0.0163,negitive likelihood: 0.055359
epoch: 10.2624 seconds. 
--------valid for epoch 88--------
epoch: 88,total number: 10000,error number: 163,error rate: 0.0163,negitive likelihood: 0.0553216
epoch: 10.2615 seconds. 
--------valid for epoch 89--------
epoch: 89,total number: 10000,error number: 162,error rate: 0.0162,negitive likelihood: 0.0552803
epoch: 10.2775 seconds. 
--------valid for epoch 90--------
epoch: 90,total number: 10000,error number: 162,error rate: 0.0162,negitive likelihood: 0.0552504
epoch: 10.2824 seconds. 
--------valid for epoch 91--------
epoch: 91,total number: 10000,error number: 162,error rate: 0.0162,negitive likelihood: 0.0552107
epoch: 10.2662 seconds. 
--------valid for epoch 92--------
epoch: 92,total number: 10000,error number: 162,error rate: 0.0162,negitive likelihood: 0.0551785
epoch: 10.4423 seconds. 
--------valid for epoch 93--------
epoch: 93,total number: 10000,error number: 161,error rate: 0.0161,negitive likelihood: 0.0551436
epoch: 10.2692 seconds. 
--------valid for epoch 94--------
epoch: 94,total number: 10000,error number: 161,error rate: 0.0161,negitive likelihood: 0.0551079
epoch: 10.2678 seconds. 
--------valid for epoch 95--------
epoch: 95,total number: 10000,error number: 161,error rate: 0.0161,negitive likelihood: 0.0550686
epoch: 10.2458 seconds. 
--------valid for epoch 96--------
epoch: 96,total number: 10000,error number: 161,error rate: 0.0161,negitive likelihood: 0.0550372
epoch: 10.272 seconds. 
--------valid for epoch 97--------
epoch: 97,total number: 10000,error number: 160,error rate: 0.016,negitive likelihood: 0.0550072
epoch: 10.2958 seconds. 
--------valid for epoch 98--------
epoch: 98,total number: 10000,error number: 159,error rate: 0.0159,negitive likelihood: 0.0549782
epoch: 10.2771 seconds. 
--------valid for epoch 99--------
epoch: 99,total number: 10000,error number: 159,error rate: 0.0159,negitive likelihood: 0.0549449
epoch: 10.2639 seconds. 
--------valid for epoch 100--------
epoch: 100,total number: 10000,error number: 159,error rate: 0.0159,negitive likelihood: 0.0549174
epoch: 10.2493 seconds. 
--------valid for epoch 101--------
epoch: 101,total number: 10000,error number: 158,error rate: 0.0158,negitive likelihood: 0.054896
epoch: 10.2611 seconds. 
--------valid for epoch 102--------
epoch: 102,total number: 10000,error number: 158,error rate: 0.0158,negitive likelihood: 0.0548704
epoch: 10.2536 seconds. 
--------valid for epoch 103--------
epoch: 103,total number: 10000,error number: 158,error rate: 0.0158,negitive likelihood: 0.0548515
epoch: 10.2644 seconds. 
--------valid for epoch 104--------
epoch: 104,total number: 10000,error number: 158,error rate: 0.0158,negitive likelihood: 0.0548279
epoch: 10.3313 seconds. 
--------valid for epoch 105--------
epoch: 105,total number: 10000,error number: 158,error rate: 0.0158,negitive likelihood: 0.0548034
epoch: 10.2948 seconds. 
--------valid for epoch 106--------
epoch: 106,total number: 10000,error number: 158,error rate: 0.0158,negitive likelihood: 0.0547791
epoch: 10.262 seconds. 
--------valid for epoch 107--------
epoch: 107,total number: 10000,error number: 158,error rate: 0.0158,negitive likelihood: 0.0547524
epoch: 10.2544 seconds. 
--------valid for epoch 108--------
epoch: 108,total number: 10000,error number: 158,error rate: 0.0158,negitive likelihood: 0.0547205
epoch: 10.2572 seconds. 
--------valid for epoch 109--------
epoch: 109,total number: 10000,error number: 158,error rate: 0.0158,negitive likelihood: 0.0546986
epoch: 10.2727 seconds. 
--------valid for epoch 110--------
epoch: 110,total number: 10000,error number: 156,error rate: 0.0156,negitive likelihood: 0.0546737
epoch: 10.2597 seconds. 
--------valid for epoch 111--------
epoch: 111,total number: 10000,error number: 156,error rate: 0.0156,negitive likelihood: 0.0546544
epoch: 10.2547 seconds. 
--------valid for epoch 112--------
epoch: 112,total number: 10000,error number: 156,error rate: 0.0156,negitive likelihood: 0.054632
epoch: 10.2479 seconds. 
--------valid for epoch 113--------
epoch: 113,total number: 10000,error number: 156,error rate: 0.0156,negitive likelihood: 0.0546074
epoch: 10.2875 seconds. 
--------valid for epoch 114--------
epoch: 114,total number: 10000,error number: 156,error rate: 0.0156,negitive likelihood: 0.0545853
epoch: 10.2527 seconds. 
--------valid for epoch 115--------
epoch: 115,total number: 10000,error number: 156,error rate: 0.0156,negitive likelihood: 0.0545674
epoch: 10.2667 seconds. 
--------valid for epoch 116--------
epoch: 116,total number: 10000,error number: 156,error rate: 0.0156,negitive likelihood: 0.0545483
epoch: 10.316 seconds. 
--------valid for epoch 117--------
epoch: 117,total number: 10000,error number: 156,error rate: 0.0156,negitive likelihood: 0.0545285
epoch: 10.2615 seconds. 
--------valid for epoch 118--------
epoch: 118,total number: 10000,error number: 156,error rate: 0.0156,negitive likelihood: 0.0545079
epoch: 10.2801 seconds. 
--------valid for epoch 119--------
epoch: 119,total number: 10000,error number: 156,error rate: 0.0156,negitive likelihood: 0.0544897
epoch: 10.2516 seconds. 
--------valid for epoch 120--------
epoch: 120,total number: 10000,error number: 156,error rate: 0.0156,negitive likelihood: 0.0544689
epoch: 10.3123 seconds. 
--------valid for epoch 121--------
epoch: 121,total number: 10000,error number: 156,error rate: 0.0156,negitive likelihood: 0.0544461
epoch: 10.2669 seconds. 
--------valid for epoch 122--------
epoch: 122,total number: 10000,error number: 157,error rate: 0.0157,negitive likelihood: 0.0544286
epoch: 10.2788 seconds. 
--------valid for epoch 123--------
epoch: 123,total number: 10000,error number: 157,error rate: 0.0157,negitive likelihood: 0.0544141
epoch: 10.2495 seconds. 
--------valid for epoch 124--------
epoch: 124,total number: 10000,error number: 157,error rate: 0.0157,negitive likelihood: 0.0543989
epoch: 10.2618 seconds. 
--------valid for epoch 125--------
epoch: 125,total number: 10000,error number: 156,error rate: 0.0156,negitive likelihood: 0.0543805
epoch: 10.2515 seconds. 
--------valid for epoch 126--------
epoch: 126,total number: 10000,error number: 155,error rate: 0.0155,negitive likelihood: 0.0543634
epoch: 10.2611 seconds. 
--------valid for epoch 127--------
epoch: 127,total number: 10000,error number: 155,error rate: 0.0155,negitive likelihood: 0.0543496
epoch: 10.2587 seconds. 
--------valid for epoch 128--------
epoch: 128,total number: 10000,error number: 155,error rate: 0.0155,negitive likelihood: 0.0543334
epoch: 10.2475 seconds. 
--------valid for epoch 129--------
epoch: 129,total number: 10000,error number: 155,error rate: 0.0155,negitive likelihood: 0.0543223
epoch: 10.1655 seconds. 
--------valid for epoch 130--------
epoch: 130,total number: 10000,error number: 154,error rate: 0.0154,negitive likelihood: 0.054309
epoch: 9.20043 seconds. 
--------valid for epoch 131--------
epoch: 131,total number: 10000,error number: 153,error rate: 0.0153,negitive likelihood: 0.0542941
epoch: 9.21955 seconds. 
--------valid for epoch 132--------
epoch: 132,total number: 10000,error number: 152,error rate: 0.0152,negitive likelihood: 0.0542872
epoch: 8.9182 seconds. 
--------valid for epoch 133--------
epoch: 133,total number: 10000,error number: 152,error rate: 0.0152,negitive likelihood: 0.0542735
epoch: 8.80972 seconds. 
--------valid for epoch 134--------
epoch: 134,total number: 10000,error number: 151,error rate: 0.0151,negitive likelihood: 0.0542638
epoch: 8.90903 seconds. 
--------valid for epoch 135--------
epoch: 135,total number: 10000,error number: 151,error rate: 0.0151,negitive likelihood: 0.0542505
epoch: 9.18586 seconds. 
--------valid for epoch 136--------
epoch: 136,total number: 10000,error number: 151,error rate: 0.0151,negitive likelihood: 0.0542336
epoch: 9.04974 seconds. 
--------valid for epoch 137--------
epoch: 137,total number: 10000,error number: 151,error rate: 0.0151,negitive likelihood: 0.0542219
epoch: 8.87701 seconds. 
--------valid for epoch 138--------
epoch: 138,total number: 10000,error number: 150,error rate: 0.015,negitive likelihood: 0.0542097
epoch: 8.72997 seconds. 
--------valid for epoch 139--------
epoch: 139,total number: 10000,error number: 150,error rate: 0.015,negitive likelihood: 0.0541916
epoch: 8.69728 seconds. 
--------valid for epoch 140--------
epoch: 140,total number: 10000,error number: 149,error rate: 0.0149,negitive likelihood: 0.0541774
epoch: 8.69698 seconds. 
--------valid for epoch 141--------
epoch: 141,total number: 10000,error number: 149,error rate: 0.0149,negitive likelihood: 0.0541639
epoch: 8.70002 seconds. 
--------valid for epoch 142--------
epoch: 142,total number: 10000,error number: 149,error rate: 0.0149,negitive likelihood: 0.0541492
epoch: 8.69587 seconds. 
--------valid for epoch 143--------
epoch: 143,total number: 10000,error number: 149,error rate: 0.0149,negitive likelihood: 0.054133
epoch: 8.69768 seconds. 
--------valid for epoch 144--------
epoch: 144,total number: 10000,error number: 149,error rate: 0.0149,negitive likelihood: 0.0541187
epoch: 8.69677 seconds. 
--------valid for epoch 145--------
epoch: 145,total number: 10000,error number: 149,error rate: 0.0149,negitive likelihood: 0.054103
epoch: 8.7085 seconds. 
--------valid for epoch 146--------
epoch: 146,total number: 10000,error number: 149,error rate: 0.0149,negitive likelihood: 0.0540871
epoch: 8.69664 seconds. 
--------valid for epoch 147--------
epoch: 147,total number: 10000,error number: 148,error rate: 0.0148,negitive likelihood: 0.0540729
epoch: 8.69716 seconds. 
--------valid for epoch 148--------
epoch: 148,total number: 10000,error number: 148,error rate: 0.0148,negitive likelihood: 0.0540604
epoch: 8.69915 seconds. 
--------valid for epoch 149--------
epoch: 149,total number: 10000,error number: 148,error rate: 0.0148,negitive likelihood: 0.0540455
epoch: 8.69744 seconds. 
--------valid for epoch 150--------
epoch: 150,total number: 10000,error number: 148,error rate: 0.0148,negitive likelihood: 0.0540256
epoch: 8.69654 seconds. 
--------valid for epoch 151--------
epoch: 151,total number: 10000,error number: 148,error rate: 0.0148,negitive likelihood: 0.0540091
epoch: 8.69742 seconds. 
--------valid for epoch 152--------
epoch: 152,total number: 10000,error number: 148,error rate: 0.0148,negitive likelihood: 0.0539923
epoch: 8.70576 seconds. 
--------valid for epoch 153--------
epoch: 153,total number: 10000,error number: 148,error rate: 0.0148,negitive likelihood: 0.0539789
epoch: 8.69627 seconds. 
--------valid for epoch 154--------
epoch: 154,total number: 10000,error number: 148,error rate: 0.0148,negitive likelihood: 0.0539666
epoch: 8.69652 seconds. 
--------valid for epoch 155--------
epoch: 155,total number: 10000,error number: 147,error rate: 0.0147,negitive likelihood: 0.0539513
epoch: 8.77639 seconds. 
--------valid for epoch 156--------
epoch: 156,total number: 10000,error number: 147,error rate: 0.0147,negitive likelihood: 0.0539396
epoch: 8.75274 seconds. 
--------valid for epoch 157--------
epoch: 157,total number: 10000,error number: 146,error rate: 0.0146,negitive likelihood: 0.0539258
epoch: 8.77168 seconds. 
--------valid for epoch 158--------
epoch: 158,total number: 10000,error number: 146,error rate: 0.0146,negitive likelihood: 0.0539169
epoch: 8.77048 seconds. 
--------valid for epoch 159--------
epoch: 159,total number: 10000,error number: 146,error rate: 0.0146,negitive likelihood: 0.0539069
epoch: 8.80514 seconds. 
--------valid for epoch 160--------
epoch: 160,total number: 10000,error number: 146,error rate: 0.0146,negitive likelihood: 0.0538967
epoch: 8.81073 seconds. 
--------valid for epoch 161--------
epoch: 161,total number: 10000,error number: 146,error rate: 0.0146,negitive likelihood: 0.0538819
epoch: 8.70919 seconds. 
--------valid for epoch 162--------
epoch: 162,total number: 10000,error number: 146,error rate: 0.0146,negitive likelihood: 0.0538738
epoch: 8.7797 seconds. 
--------valid for epoch 163--------
epoch: 163,total number: 10000,error number: 146,error rate: 0.0146,negitive likelihood: 0.0538643
epoch: 8.69418 seconds. 
--------valid for epoch 164--------
epoch: 164,total number: 10000,error number: 146,error rate: 0.0146,negitive likelihood: 0.0538533
epoch: 8.69339 seconds. 
--------valid for epoch 165--------
epoch: 165,total number: 10000,error number: 146,error rate: 0.0146,negitive likelihood: 0.0538431
epoch: 8.69368 seconds. 
--------valid for epoch 166--------
epoch: 166,total number: 10000,error number: 146,error rate: 0.0146,negitive likelihood: 0.0538302
epoch: 8.77942 seconds. 
--------valid for epoch 167--------
epoch: 167,total number: 10000,error number: 147,error rate: 0.0147,negitive likelihood: 0.0538227
epoch: 9.25432 seconds. 
--------valid for epoch 168--------
epoch: 168,total number: 10000,error number: 147,error rate: 0.0147,negitive likelihood: 0.0538146
epoch: 9.38373 seconds. 
--------valid for epoch 169--------
epoch: 169,total number: 10000,error number: 146,error rate: 0.0146,negitive likelihood: 0.0538068
epoch: 9.02399 seconds. 
--------valid for epoch 170--------
epoch: 170,total number: 10000,error number: 146,error rate: 0.0146,negitive likelihood: 0.0537988
epoch: 8.80632 seconds. 
--------valid for epoch 171--------
epoch: 171,total number: 10000,error number: 146,error rate: 0.0146,negitive likelihood: 0.0537908
epoch: 9.07261 seconds. 
--------valid for epoch 172--------
epoch: 172,total number: 10000,error number: 146,error rate: 0.0146,negitive likelihood: 0.0537845
epoch: 8.90163 seconds. 
--------valid for epoch 173--------
epoch: 173,total number: 10000,error number: 146,error rate: 0.0146,negitive likelihood: 0.0537786
epoch: 8.76392 seconds. 
--------valid for epoch 174--------
epoch: 174,total number: 10000,error number: 146,error rate: 0.0146,negitive likelihood: 0.0537687
epoch: 8.79768 seconds. 
--------valid for epoch 175--------
epoch: 175,total number: 10000,error number: 146,error rate: 0.0146,negitive likelihood: 0.0537614
epoch: 8.85497 seconds. 
--------valid for epoch 176--------
epoch: 176,total number: 10000,error number: 146,error rate: 0.0146,negitive likelihood: 0.053754
epoch: 8.79681 seconds. 
--------valid for epoch 177--------
epoch: 177,total number: 10000,error number: 146,error rate: 0.0146,negitive likelihood: 0.053749
epoch: 8.89506 seconds. 
--------valid for epoch 178--------
epoch: 178,total number: 10000,error number: 146,error rate: 0.0146,negitive likelihood: 0.0537451
epoch: 9.02301 seconds. 
--------valid for epoch 179--------
epoch: 179,total number: 10000,error number: 146,error rate: 0.0146,negitive likelihood: 0.0537426
epoch: 8.98986 seconds. 
--------valid for epoch 180--------
epoch: 180,total number: 10000,error number: 146,error rate: 0.0146,negitive likelihood: 0.053737
epoch: 8.84609 seconds. 
--------valid for epoch 181--------
epoch: 181,total number: 10000,error number: 146,error rate: 0.0146,negitive likelihood: 0.0537367
epoch: 8.92309 seconds. 
--------valid for epoch 182--------
epoch: 182,total number: 10000,error number: 146,error rate: 0.0146,negitive likelihood: 0.0537356
epoch: 8.72301 seconds. 
--------valid for epoch 183--------
epoch: 183,total number: 10000,error number: 146,error rate: 0.0146,negitive likelihood: 0.0537343
epoch: 8.70129 seconds. 
--------valid for epoch 184--------
epoch: 184,total number: 10000,error number: 146,error rate: 0.0146,negitive likelihood: 0.0537367
epoch: 8.69148 seconds. 
--------valid for epoch 185--------
epoch: 185,total number: 10000,error number: 146,error rate: 0.0146,negitive likelihood: 0.0537384
epoch: 8.6913 seconds. 
--------valid for epoch 186--------
epoch: 186,total number: 10000,error number: 146,error rate: 0.0146,negitive likelihood: 0.0537372
epoch: 8.6989 seconds. 
--------valid for epoch 187--------
epoch: 187,total number: 10000,error number: 146,error rate: 0.0146,negitive likelihood: 0.0537381
epoch: 8.6899 seconds. 
--------valid for epoch 188--------
epoch: 188,total number: 10000,error number: 146,error rate: 0.0146,negitive likelihood: 0.0537407
epoch: 8.69111 seconds. 
--------valid for epoch 189--------
epoch: 189,total number: 10000,error number: 146,error rate: 0.0146,negitive likelihood: 0.0537428
epoch: 8.69523 seconds. 
--------valid for epoch 190--------
epoch: 190,total number: 10000,error number: 146,error rate: 0.0146,negitive likelihood: 0.0537437
epoch: 8.68977 seconds. 
--------valid for epoch 191--------
epoch: 191,total number: 10000,error number: 145,error rate: 0.0145,negitive likelihood: 0.0537466
epoch: 8.69002 seconds. 
--------valid for epoch 192--------
epoch: 192,total number: 10000,error number: 145,error rate: 0.0145,negitive likelihood: 0.0537526
epoch: 8.68989 seconds. 
--------valid for epoch 193--------
epoch: 193,total number: 10000,error number: 145,error rate: 0.0145,negitive likelihood: 0.0537548
epoch: 8.75817 seconds. 
--------valid for epoch 194--------
epoch: 194,total number: 10000,error number: 145,error rate: 0.0145,negitive likelihood: 0.0537565
epoch: 8.71918 seconds. 
--------valid for epoch 195--------
epoch: 195,total number: 10000,error number: 145,error rate: 0.0145,negitive likelihood: 0.0537588
epoch: 8.69488 seconds. 
--------valid for epoch 196--------
epoch: 196,total number: 10000,error number: 145,error rate: 0.0145,negitive likelihood: 0.0537628
epoch: 8.69957 seconds. 
--------valid for epoch 197--------
epoch: 197,total number: 10000,error number: 145,error rate: 0.0145,negitive likelihood: 0.0537664
epoch: 8.69825 seconds. 
--------valid for epoch 198--------
epoch: 198,total number: 10000,error number: 145,error rate: 0.0145,negitive likelihood: 0.053772
epoch: 8.69408 seconds. 
--------valid for epoch 199--------
epoch: 199,total number: 10000,error number: 145,error rate: 0.0145,negitive likelihood: 0.053773
epoch: 8.69408 seconds. 
