=========================
train: 50000
valid: 10000
filtersize: 5
numFilters: 16
epsHidVis: 0.1
epsHidBias: 0.1
epsAvgOut: 0.1
epsOutBias: 0.1
mom: 0
wcHidVis: 1e-05
wcAvgOut: 1e-05
--------valid for epoch 0--------
epoch: 0,total number: 10000,error number: 1028,error rate: 0.1028,negitive likelihood: 0.381142
epoch: 9.12654 seconds. 
--------valid for epoch 1--------
epoch: 1,total number: 10000,error number: 949,error rate: 0.0949,negitive likelihood: 0.347554
epoch: 8.71176 seconds. 
--------valid for epoch 2--------
epoch: 2,total number: 10000,error number: 606,error rate: 0.0606,negitive likelihood: 0.219022
epoch: 8.91243 seconds. 
--------valid for epoch 3--------
epoch: 3,total number: 10000,error number: 437,error rate: 0.0437,negitive likelihood: 0.158157
epoch: 8.86811 seconds. 
--------valid for epoch 4--------
epoch: 4,total number: 10000,error number: 354,error rate: 0.0354,negitive likelihood: 0.12674
epoch: 8.72941 seconds. 
--------valid for epoch 5--------
epoch: 5,total number: 10000,error number: 303,error rate: 0.0303,negitive likelihood: 0.108609
epoch: 8.70969 seconds. 
--------valid for epoch 6--------
epoch: 6,total number: 10000,error number: 276,error rate: 0.0276,negitive likelihood: 0.0979467
epoch: 8.73008 seconds. 
--------valid for epoch 7--------
epoch: 7,total number: 10000,error number: 258,error rate: 0.0258,negitive likelihood: 0.0912229
epoch: 8.71144 seconds. 
--------valid for epoch 8--------
epoch: 8,total number: 10000,error number: 253,error rate: 0.0253,negitive likelihood: 0.0869262
epoch: 8.72735 seconds. 
--------valid for epoch 9--------
epoch: 9,total number: 10000,error number: 239,error rate: 0.0239,negitive likelihood: 0.0840778
epoch: 8.76635 seconds. 
--------valid for epoch 10--------
epoch: 10,total number: 10000,error number: 237,error rate: 0.0237,negitive likelihood: 0.0819939
epoch: 8.72751 seconds. 
--------valid for epoch 11--------
epoch: 11,total number: 10000,error number: 226,error rate: 0.0226,negitive likelihood: 0.0804088
epoch: 8.79607 seconds. 
--------valid for epoch 12--------
epoch: 12,total number: 10000,error number: 225,error rate: 0.0225,negitive likelihood: 0.0791108
epoch: 8.82573 seconds. 
--------valid for epoch 13--------
epoch: 13,total number: 10000,error number: 222,error rate: 0.0222,negitive likelihood: 0.0780302
epoch: 8.72448 seconds. 
--------valid for epoch 14--------
epoch: 14,total number: 10000,error number: 218,error rate: 0.0218,negitive likelihood: 0.0770561
epoch: 8.84687 seconds. 
--------valid for epoch 15--------
epoch: 15,total number: 10000,error number: 222,error rate: 0.0222,negitive likelihood: 0.0761649
epoch: 9.7108 seconds. 
--------valid for epoch 16--------
epoch: 16,total number: 10000,error number: 223,error rate: 0.0223,negitive likelihood: 0.0753909
epoch: 9.54415 seconds. 
--------valid for epoch 17--------
epoch: 17,total number: 10000,error number: 220,error rate: 0.022,negitive likelihood: 0.0746337
epoch: 9.37475 seconds. 
--------valid for epoch 18--------
epoch: 18,total number: 10000,error number: 217,error rate: 0.0217,negitive likelihood: 0.0738911
epoch: 9.46227 seconds. 
--------valid for epoch 19--------
epoch: 19,total number: 10000,error number: 216,error rate: 0.0216,negitive likelihood: 0.073266
epoch: 9.48767 seconds. 
--------valid for epoch 20--------
epoch: 20,total number: 10000,error number: 215,error rate: 0.0215,negitive likelihood: 0.0726632
epoch: 9.23655 seconds. 
--------valid for epoch 21--------
epoch: 21,total number: 10000,error number: 215,error rate: 0.0215,negitive likelihood: 0.0720381
epoch: 9.23624 seconds. 
--------valid for epoch 22--------
epoch: 22,total number: 10000,error number: 218,error rate: 0.0218,negitive likelihood: 0.071398
epoch: 9.33483 seconds. 
--------valid for epoch 23--------
epoch: 23,total number: 10000,error number: 220,error rate: 0.022,negitive likelihood: 0.0707742
epoch: 9.48293 seconds. 
--------valid for epoch 24--------
epoch: 24,total number: 10000,error number: 220,error rate: 0.022,negitive likelihood: 0.0701955
epoch: 9.53934 seconds. 
--------valid for epoch 25--------
epoch: 25,total number: 10000,error number: 220,error rate: 0.022,negitive likelihood: 0.0695943
epoch: 9.64853 seconds. 
--------valid for epoch 26--------
epoch: 26,total number: 10000,error number: 216,error rate: 0.0216,negitive likelihood: 0.0690015
epoch: 9.71064 seconds. 
--------valid for epoch 27--------
epoch: 27,total number: 10000,error number: 214,error rate: 0.0214,negitive likelihood: 0.0684269
epoch: 9.54227 seconds. 
--------valid for epoch 28--------
epoch: 28,total number: 10000,error number: 211,error rate: 0.0211,negitive likelihood: 0.067883
epoch: 9.47288 seconds. 
--------valid for epoch 29--------
epoch: 29,total number: 10000,error number: 208,error rate: 0.0208,negitive likelihood: 0.0673508
epoch: 9.4948 seconds. 
--------valid for epoch 30--------
epoch: 30,total number: 10000,error number: 207,error rate: 0.0207,negitive likelihood: 0.0668033
epoch: 9.26627 seconds. 
--------valid for epoch 31--------
epoch: 31,total number: 10000,error number: 206,error rate: 0.0206,negitive likelihood: 0.0663349
epoch: 9.30337 seconds. 
--------valid for epoch 32--------
epoch: 32,total number: 10000,error number: 203,error rate: 0.0203,negitive likelihood: 0.0658873
epoch: 9.59671 seconds. 
--------valid for epoch 33--------
epoch: 33,total number: 10000,error number: 198,error rate: 0.0198,negitive likelihood: 0.0654367
epoch: 9.06128 seconds. 
--------valid for epoch 34--------
epoch: 34,total number: 10000,error number: 197,error rate: 0.0197,negitive likelihood: 0.0650419
epoch: 13.7785 seconds. 
--------valid for epoch 35--------
epoch: 35,total number: 10000,error number: 195,error rate: 0.0195,negitive likelihood: 0.064681
epoch: 10.7301 seconds. 
--------valid for epoch 36--------
epoch: 36,total number: 10000,error number: 192,error rate: 0.0192,negitive likelihood: 0.0643324
epoch: 8.99899 seconds. 
--------valid for epoch 37--------
epoch: 37,total number: 10000,error number: 190,error rate: 0.019,negitive likelihood: 0.0640026
epoch: 8.79372 seconds. 
--------valid for epoch 38--------
epoch: 38,total number: 10000,error number: 188,error rate: 0.0188,negitive likelihood: 0.0636447
epoch: 8.71089 seconds. 
--------valid for epoch 39--------
epoch: 39,total number: 10000,error number: 189,error rate: 0.0189,negitive likelihood: 0.0633
epoch: 8.72088 seconds. 
--------valid for epoch 40--------
epoch: 40,total number: 10000,error number: 188,error rate: 0.0188,negitive likelihood: 0.0629842
epoch: 8.70287 seconds. 
--------valid for epoch 41--------
epoch: 41,total number: 10000,error number: 186,error rate: 0.0186,negitive likelihood: 0.0626579
epoch: 8.72216 seconds. 
--------valid for epoch 42--------
epoch: 42,total number: 10000,error number: 183,error rate: 0.0183,negitive likelihood: 0.062342
epoch: 8.70567 seconds. 
--------valid for epoch 43--------
epoch: 43,total number: 10000,error number: 184,error rate: 0.0184,negitive likelihood: 0.0620705
epoch: 8.72142 seconds. 
--------valid for epoch 44--------
epoch: 44,total number: 10000,error number: 182,error rate: 0.0182,negitive likelihood: 0.0617957
epoch: 8.70492 seconds. 
--------valid for epoch 45--------
epoch: 45,total number: 10000,error number: 182,error rate: 0.0182,negitive likelihood: 0.0615232
epoch: 8.72536 seconds. 
--------valid for epoch 46--------
epoch: 46,total number: 10000,error number: 177,error rate: 0.0177,negitive likelihood: 0.0612685
epoch: 8.70345 seconds. 
--------valid for epoch 47--------
epoch: 47,total number: 10000,error number: 174,error rate: 0.0174,negitive likelihood: 0.0610084
epoch: 8.72167 seconds. 
--------valid for epoch 48--------
epoch: 48,total number: 10000,error number: 174,error rate: 0.0174,negitive likelihood: 0.0607598
epoch: 8.70381 seconds. 
--------valid for epoch 49--------
epoch: 49,total number: 10000,error number: 174,error rate: 0.0174,negitive likelihood: 0.0605128
epoch: 8.72344 seconds. 
