=========================
train: 50000
valid: 10000
filtersize: 5
numFilters: 16
epsHidVis: 0.001
epsHidBias: 0.001
epsAvgOut: 0.13
epsOutBias: 0.13
mom: 0
wcHidVis: 0
wcAvgOut: 0
========================
epochIdx: 0,error: 0.367
epochIdx: 1,error: 0.1392
epochIdx: 2,error: 0.1282
epochIdx: 3,error: 0.122
epochIdx: 4,error: 0.1175
epochIdx: 5,error: 0.1148
epochIdx: 6,error: 0.1111
epochIdx: 7,error: 0.1089
epochIdx: 8,error: 0.1064
epochIdx: 9,error: 0.1057
epochIdx: 10,error: 0.104
epochIdx: 11,error: 0.1022
epochIdx: 12,error: 0.1011
epochIdx: 13,error: 0.1006
epochIdx: 14,error: 0.0994
epochIdx: 15,error: 0.099
epochIdx: 16,error: 0.0986
epochIdx: 17,error: 0.0971
epochIdx: 18,error: 0.0964
epochIdx: 19,error: 0.096
epochIdx: 20,error: 0.0957
epochIdx: 21,error: 0.0949
epochIdx: 22,error: 0.0946
epochIdx: 23,error: 0.0939
epochIdx: 24,error: 0.0933
epochIdx: 25,error: 0.0926
epochIdx: 26,error: 0.0929
epochIdx: 27,error: 0.0925
epochIdx: 28,error: 0.0919
epochIdx: 29,error: 0.0918
epochIdx: 30,error: 0.0914
epochIdx: 31,error: 0.0917
epochIdx: 32,error: 0.0913
epochIdx: 33,error: 0.0909
epochIdx: 34,error: 0.0909
epochIdx: 35,error: 0.0906
epochIdx: 36,error: 0.0904
epochIdx: 37,error: 0.0898
epochIdx: 38,error: 0.0902
epochIdx: 39,error: 0.0901
epochIdx: 40,error: 0.09
epochIdx: 41,error: 0.0898
epochIdx: 42,error: 0.0894
epochIdx: 43,error: 0.0887
epochIdx: 44,error: 0.0894
epochIdx: 45,error: 0.089
epochIdx: 46,error: 0.0886
epochIdx: 47,error: 0.0883
epochIdx: 48,error: 0.0879
epochIdx: 49,error: 0.0881
epochIdx: 50,error: 0.0876
epochIdx: 51,error: 0.0877
epochIdx: 52,error: 0.0876
epochIdx: 53,error: 0.0876
epochIdx: 54,error: 0.087
epochIdx: 55,error: 0.0869
epochIdx: 56,error: 0.0869
epochIdx: 57,error: 0.0866
epochIdx: 58,error: 0.0863
epochIdx: 59,error: 0.0859
epochIdx: 60,error: 0.0859
epochIdx: 61,error: 0.0858
epochIdx: 62,error: 0.0857
epochIdx: 63,error: 0.0851
epochIdx: 64,error: 0.0852
epochIdx: 65,error: 0.0851
epochIdx: 66,error: 0.0849
epochIdx: 67,error: 0.0846
epochIdx: 68,error: 0.0845
epochIdx: 69,error: 0.084
epochIdx: 70,error: 0.0841
epochIdx: 71,error: 0.0837
epochIdx: 72,error: 0.0841
epochIdx: 73,error: 0.0841
epochIdx: 74,error: 0.0841
epochIdx: 75,error: 0.0838
epochIdx: 76,error: 0.084
epochIdx: 77,error: 0.0843
epochIdx: 78,error: 0.0848
epochIdx: 79,error: 0.0846
epochIdx: 80,error: 0.0839
epochIdx: 81,error: 0.0838
epochIdx: 82,error: 0.0837
epochIdx: 83,error: 0.0839
epochIdx: 84,error: 0.0837
epochIdx: 85,error: 0.0833
epochIdx: 86,error: 0.0839
epochIdx: 87,error: 0.0842
epochIdx: 88,error: 0.0841
epochIdx: 89,error: 0.084
epochIdx: 90,error: 0.0838
epochIdx: 91,error: 0.0836
epochIdx: 92,error: 0.083
epochIdx: 93,error: 0.0829
epochIdx: 94,error: 0.0829
epochIdx: 95,error: 0.0828
epochIdx: 96,error: 0.0827
epochIdx: 97,error: 0.0835
epochIdx: 98,error: 0.0838
epochIdx: 99,error: 0.0836
epochIdx: 100,error: 0.0833
epochIdx: 101,error: 0.0832
epochIdx: 102,error: 0.0829
epochIdx: 103,error: 0.0829
epochIdx: 104,error: 0.0829
epochIdx: 105,error: 0.083
epochIdx: 106,error: 0.083
epochIdx: 107,error: 0.0835
epochIdx: 108,error: 0.0826
epochIdx: 109,error: 0.0821
epochIdx: 110,error: 0.0821
epochIdx: 111,error: 0.0825
epochIdx: 112,error: 0.0828
epochIdx: 113,error: 0.0834
epochIdx: 114,error: 0.0829
epochIdx: 115,error: 0.0832
epochIdx: 116,error: 0.083
epochIdx: 117,error: 0.0829
epochIdx: 118,error: 0.0823
epochIdx: 119,error: 0.0816
epochIdx: 120,error: 0.0816
epochIdx: 121,error: 0.0818
epochIdx: 122,error: 0.082
epochIdx: 123,error: 0.0827
epochIdx: 124,error: 0.0823
epochIdx: 125,error: 0.0821
epochIdx: 126,error: 0.0818
epochIdx: 127,error: 0.082
epochIdx: 128,error: 0.0818
epochIdx: 129,error: 0.082
epochIdx: 130,error: 0.0821
epochIdx: 131,error: 0.0828
epochIdx: 132,error: 0.0825
epochIdx: 133,error: 0.0821
epochIdx: 134,error: 0.0812
epochIdx: 135,error: 0.082
epochIdx: 136,error: 0.081
epochIdx: 137,error: 0.0813
epochIdx: 138,error: 0.0812
epochIdx: 139,error: 0.0815
epochIdx: 140,error: 0.0817
epochIdx: 141,error: 0.0807
epochIdx: 142,error: 0.0817
epochIdx: 143,error: 0.0817
epochIdx: 144,error: 0.0811
epochIdx: 145,error: 0.0813
epochIdx: 146,error: 0.0812
epochIdx: 147,error: 0.0816
epochIdx: 148,error: 0.0814
epochIdx: 149,error: 0.0813
epochIdx: 150,error: 0.0811
epochIdx: 151,error: 0.0812
epochIdx: 152,error: 0.0811
epochIdx: 153,error: 0.0813
epochIdx: 154,error: 0.0815
epochIdx: 155,error: 0.0812
epochIdx: 156,error: 0.081
epochIdx: 157,error: 0.0805
epochIdx: 158,error: 0.0815
epochIdx: 159,error: 0.0808
epochIdx: 160,error: 0.0807
epochIdx: 161,error: 0.0808
epochIdx: 162,error: 0.0808
epochIdx: 163,error: 0.0807
epochIdx: 164,error: 0.0805
epochIdx: 165,error: 0.0808
epochIdx: 166,error: 0.0814
epochIdx: 167,error: 0.0813
epochIdx: 168,error: 0.0815
epochIdx: 169,error: 0.0811
epochIdx: 170,error: 0.0813
epochIdx: 171,error: 0.0815
epochIdx: 172,error: 0.0803
epochIdx: 173,error: 0.0813
epochIdx: 174,error: 0.0804
epochIdx: 175,error: 0.0799
epochIdx: 176,error: 0.0806
epochIdx: 177,error: 0.0805
epochIdx: 178,error: 0.0805
epochIdx: 179,error: 0.0807
epochIdx: 180,error: 0.0806
epochIdx: 181,error: 0.0805
epochIdx: 182,error: 0.0802
epochIdx: 183,error: 0.0804
epochIdx: 184,error: 0.0804
epochIdx: 185,error: 0.0801
epochIdx: 186,error: 0.0797
epochIdx: 187,error: 0.0796
epochIdx: 188,error: 0.0798
epochIdx: 189,error: 0.0795
epochIdx: 190,error: 0.0794
epochIdx: 191,error: 0.0792
epochIdx: 192,error: 0.079
epochIdx: 193,error: 0.0791
epochIdx: 194,error: 0.079
epochIdx: 195,error: 0.0793
epochIdx: 196,error: 0.0788
epochIdx: 197,error: 0.0786
epochIdx: 198,error: 0.0786
epochIdx: 199,error: 0.0787
epochIdx: 200,error: 0.0786
epochIdx: 201,error: 0.0787
epochIdx: 202,error: 0.0786
epochIdx: 203,error: 0.0784
epochIdx: 204,error: 0.0788
epochIdx: 205,error: 0.0787
epochIdx: 206,error: 0.0786
epochIdx: 207,error: 0.0785
epochIdx: 208,error: 0.0784
epochIdx: 209,error: 0.0787
epochIdx: 210,error: 0.0779
epochIdx: 211,error: 0.0786
epochIdx: 212,error: 0.0783
epochIdx: 213,error: 0.0779
epochIdx: 214,error: 0.0779
epochIdx: 215,error: 0.0779
epochIdx: 216,error: 0.0781
epochIdx: 217,error: 0.0784
epochIdx: 218,error: 0.0779
epochIdx: 219,error: 0.078
epochIdx: 220,error: 0.078
epochIdx: 221,error: 0.0781
epochIdx: 222,error: 0.078
epochIdx: 223,error: 0.0784
epochIdx: 224,error: 0.0783
epochIdx: 225,error: 0.0785
epochIdx: 226,error: 0.078
epochIdx: 227,error: 0.0779
epochIdx: 228,error: 0.0778
epochIdx: 229,error: 0.0779
epochIdx: 230,error: 0.0778
epochIdx: 231,error: 0.0776
epochIdx: 232,error: 0.078
epochIdx: 233,error: 0.0778
epochIdx: 234,error: 0.0781
epochIdx: 235,error: 0.0782
epochIdx: 236,error: 0.0782
epochIdx: 237,error: 0.0783
epochIdx: 238,error: 0.0779
epochIdx: 239,error: 0.0778
epochIdx: 240,error: 0.078
epochIdx: 241,error: 0.078
epochIdx: 242,error: 0.0775
epochIdx: 243,error: 0.0778
epochIdx: 244,error: 0.0778
epochIdx: 245,error: 0.0774
epochIdx: 246,error: 0.0777
epochIdx: 247,error: 0.0776
epochIdx: 248,error: 0.0775
epochIdx: 249,error: 0.0775
epochIdx: 250,error: 0.0772
epochIdx: 251,error: 0.0772
epochIdx: 252,error: 0.0773
epochIdx: 253,error: 0.0772
epochIdx: 254,error: 0.0771
epochIdx: 255,error: 0.0768
epochIdx: 256,error: 0.0772
epochIdx: 257,error: 0.0774
epochIdx: 258,error: 0.0773
epochIdx: 259,error: 0.0773
epochIdx: 260,error: 0.0775
epochIdx: 261,error: 0.0777
epochIdx: 262,error: 0.0775
epochIdx: 263,error: 0.0774
epochIdx: 264,error: 0.0775
epochIdx: 265,error: 0.0779
epochIdx: 266,error: 0.0773
epochIdx: 267,error: 0.0774
epochIdx: 268,error: 0.0775
epochIdx: 269,error: 0.0776
epochIdx: 270,error: 0.0775
epochIdx: 271,error: 0.0773
epochIdx: 272,error: 0.0773
epochIdx: 273,error: 0.077
epochIdx: 274,error: 0.0773
epochIdx: 275,error: 0.0774
epochIdx: 276,error: 0.0772
epochIdx: 277,error: 0.0774
epochIdx: 278,error: 0.0773
epochIdx: 279,error: 0.0772
epochIdx: 280,error: 0.077
epochIdx: 281,error: 0.077
epochIdx: 282,error: 0.077
epochIdx: 283,error: 0.0768
epochIdx: 284,error: 0.0768
epochIdx: 285,error: 0.077
epochIdx: 286,error: 0.0769
epochIdx: 287,error: 0.0773
epochIdx: 288,error: 0.0771
epochIdx: 289,error: 0.0767
epochIdx: 290,error: 0.0769
epochIdx: 291,error: 0.0769
epochIdx: 292,error: 0.0768
epochIdx: 293,error: 0.0767
epochIdx: 294,error: 0.0766
epochIdx: 295,error: 0.077
epochIdx: 296,error: 0.077
epochIdx: 297,error: 0.0768
epochIdx: 298,error: 0.0771
epochIdx: 299,error: 0.0769
epochIdx: 300,error: 0.077
epochIdx: 301,error: 0.0771
epochIdx: 302,error: 0.0773
epochIdx: 303,error: 0.0774
epochIdx: 304,error: 0.0775
epochIdx: 305,error: 0.0776
epochIdx: 306,error: 0.0774
epochIdx: 307,error: 0.0774
epochIdx: 308,error: 0.0771
epochIdx: 309,error: 0.0771
epochIdx: 310,error: 0.077
epochIdx: 311,error: 0.0769
epochIdx: 312,error: 0.0769
epochIdx: 313,error: 0.077
epochIdx: 314,error: 0.0768
epochIdx: 315,error: 0.0765
epochIdx: 316,error: 0.0762
epochIdx: 317,error: 0.0765
epochIdx: 318,error: 0.0761
epochIdx: 319,error: 0.0757
epochIdx: 320,error: 0.0759
epochIdx: 321,error: 0.0759
epochIdx: 322,error: 0.0758
epochIdx: 323,error: 0.0758
epochIdx: 324,error: 0.076
epochIdx: 325,error: 0.0759
epochIdx: 326,error: 0.0756
epochIdx: 327,error: 0.0755
epochIdx: 328,error: 0.0754
epochIdx: 329,error: 0.0754
epochIdx: 330,error: 0.0753
epochIdx: 331,error: 0.0755
epochIdx: 332,error: 0.0751
epochIdx: 333,error: 0.0748
epochIdx: 334,error: 0.0749
epochIdx: 335,error: 0.0749
epochIdx: 336,error: 0.0752
epochIdx: 337,error: 0.0751
epochIdx: 338,error: 0.0747
epochIdx: 339,error: 0.0752
epochIdx: 340,error: 0.0753
epochIdx: 341,error: 0.0749
epochIdx: 342,error: 0.0751
epochIdx: 343,error: 0.0753
epochIdx: 344,error: 0.0755
epochIdx: 345,error: 0.0755
epochIdx: 346,error: 0.0756
epochIdx: 347,error: 0.0758
epochIdx: 348,error: 0.0758
epochIdx: 349,error: 0.0759
epochIdx: 350,error: 0.0755
epochIdx: 351,error: 0.0753
epochIdx: 352,error: 0.0751
epochIdx: 353,error: 0.0755
epochIdx: 354,error: 0.0754
epochIdx: 355,error: 0.0754
epochIdx: 356,error: 0.0754
epochIdx: 357,error: 0.0755
epochIdx: 358,error: 0.0756
epochIdx: 359,error: 0.0758
epochIdx: 360,error: 0.0761
epochIdx: 361,error: 0.0759
epochIdx: 362,error: 0.0758
epochIdx: 363,error: 0.076
epochIdx: 364,error: 0.0757
epochIdx: 365,error: 0.0756
epochIdx: 366,error: 0.0762
epochIdx: 367,error: 0.0761
epochIdx: 368,error: 0.076
epochIdx: 369,error: 0.0758
epochIdx: 370,error: 0.0762
epochIdx: 371,error: 0.0759
epochIdx: 372,error: 0.0758
epochIdx: 373,error: 0.0757
epochIdx: 374,error: 0.0756
epochIdx: 375,error: 0.0757
epochIdx: 376,error: 0.0757
epochIdx: 377,error: 0.0761
epochIdx: 378,error: 0.0763
epochIdx: 379,error: 0.0763
epochIdx: 380,error: 0.0761
epochIdx: 381,error: 0.076
epochIdx: 382,error: 0.0762
epochIdx: 383,error: 0.0763
epochIdx: 384,error: 0.0761
epochIdx: 385,error: 0.0761
epochIdx: 386,error: 0.0762
epochIdx: 387,error: 0.0761
epochIdx: 388,error: 0.076
epochIdx: 389,error: 0.0761
epochIdx: 390,error: 0.0761
epochIdx: 391,error: 0.076
epochIdx: 392,error: 0.0762
epochIdx: 393,error: 0.0761
epochIdx: 394,error: 0.0761
epochIdx: 395,error: 0.076
epochIdx: 396,error: 0.076
epochIdx: 397,error: 0.076
epochIdx: 398,error: 0.0758
epochIdx: 399,error: 0.0755
epochIdx: 400,error: 0.0758
epochIdx: 401,error: 0.0757
epochIdx: 402,error: 0.0759
epochIdx: 403,error: 0.076
epochIdx: 404,error: 0.0759
epochIdx: 405,error: 0.0759
epochIdx: 406,error: 0.0759
epochIdx: 407,error: 0.0759
epochIdx: 408,error: 0.0758
epochIdx: 409,error: 0.0759
epochIdx: 410,error: 0.0758
epochIdx: 411,error: 0.076
epochIdx: 412,error: 0.0759
epochIdx: 413,error: 0.0762
epochIdx: 414,error: 0.0761
epochIdx: 415,error: 0.0762
epochIdx: 416,error: 0.0762
epochIdx: 417,error: 0.0761
epochIdx: 418,error: 0.076
epochIdx: 419,error: 0.076
epochIdx: 420,error: 0.076
epochIdx: 421,error: 0.0761
epochIdx: 422,error: 0.0761
epochIdx: 423,error: 0.0762
epochIdx: 424,error: 0.0762
epochIdx: 425,error: 0.0762
epochIdx: 426,error: 0.076
epochIdx: 427,error: 0.076
epochIdx: 428,error: 0.0759
epochIdx: 429,error: 0.0761
epochIdx: 430,error: 0.0761
epochIdx: 431,error: 0.0761
epochIdx: 432,error: 0.0762
epochIdx: 433,error: 0.0759
epochIdx: 434,error: 0.0761
epochIdx: 435,error: 0.0761
epochIdx: 436,error: 0.076
epochIdx: 437,error: 0.0757
epochIdx: 438,error: 0.0756
epochIdx: 439,error: 0.0757
epochIdx: 440,error: 0.0758
epochIdx: 441,error: 0.076
epochIdx: 442,error: 0.0759
epochIdx: 443,error: 0.0761
epochIdx: 444,error: 0.0762
epochIdx: 445,error: 0.0762
epochIdx: 446,error: 0.0762
epochIdx: 447,error: 0.0762
epochIdx: 448,error: 0.0762
epochIdx: 449,error: 0.0764
epochIdx: 450,error: 0.0755
epochIdx: 451,error: 0.0762
epochIdx: 452,error: 0.0762
epochIdx: 453,error: 0.0762
epochIdx: 454,error: 0.0764
epochIdx: 455,error: 0.0766
epochIdx: 456,error: 0.076
epochIdx: 457,error: 0.0762
epochIdx: 458,error: 0.076
epochIdx: 459,error: 0.0761
epochIdx: 460,error: 0.0764
epochIdx: 461,error: 0.0756
epochIdx: 462,error: 0.0758
epochIdx: 463,error: 0.0757
epochIdx: 464,error: 0.0757
epochIdx: 465,error: 0.0759
epochIdx: 466,error: 0.0756
epochIdx: 467,error: 0.0754
epochIdx: 468,error: 0.0754
epochIdx: 469,error: 0.075
epochIdx: 470,error: 0.0751
epochIdx: 471,error: 0.075
epochIdx: 472,error: 0.0755
epochIdx: 473,error: 0.0747
epochIdx: 474,error: 0.0747
epochIdx: 475,error: 0.0747
epochIdx: 476,error: 0.0747
epochIdx: 477,error: 0.0744
epochIdx: 478,error: 0.0745
epochIdx: 479,error: 0.0744
epochIdx: 480,error: 0.0743
epochIdx: 481,error: 0.0744
epochIdx: 482,error: 0.0743
epochIdx: 483,error: 0.0746
epochIdx: 484,error: 0.0748
epochIdx: 485,error: 0.0746
epochIdx: 486,error: 0.0747
epochIdx: 487,error: 0.0749
epochIdx: 488,error: 0.0746
epochIdx: 489,error: 0.0746
epochIdx: 490,error: 0.0746
epochIdx: 491,error: 0.0748
epochIdx: 492,error: 0.0746
epochIdx: 493,error: 0.0748
epochIdx: 494,error: 0.075
epochIdx: 495,error: 0.0751
epochIdx: 496,error: 0.075
epochIdx: 497,error: 0.0749
epochIdx: 498,error: 0.0748
epochIdx: 499,error: 0.0747
epochIdx: 500,error: 0.0748
epochIdx: 501,error: 0.0749
epochIdx: 502,error: 0.0748
epochIdx: 503,error: 0.0747
epochIdx: 504,error: 0.075
epochIdx: 505,error: 0.0749
epochIdx: 506,error: 0.0758
epochIdx: 507,error: 0.0754
epochIdx: 508,error: 0.0753
epochIdx: 509,error: 0.0754
epochIdx: 510,error: 0.0753
epochIdx: 511,error: 0.0754
epochIdx: 512,error: 0.0754
epochIdx: 513,error: 0.0752
epochIdx: 514,error: 0.0752
epochIdx: 515,error: 0.0751
epochIdx: 516,error: 0.0755
epochIdx: 517,error: 0.0753
epochIdx: 518,error: 0.0752
epochIdx: 519,error: 0.0745
epochIdx: 520,error: 0.0745
epochIdx: 521,error: 0.0744
epochIdx: 522,error: 0.0748
epochIdx: 523,error: 0.0751
epochIdx: 524,error: 0.0748
epochIdx: 525,error: 0.0748
epochIdx: 526,error: 0.0752
epochIdx: 527,error: 0.0748
epochIdx: 528,error: 0.0748
epochIdx: 529,error: 0.0747
epochIdx: 530,error: 0.0749
epochIdx: 531,error: 0.0748
epochIdx: 532,error: 0.0752
epochIdx: 533,error: 0.0747
epochIdx: 534,error: 0.0749
epochIdx: 535,error: 0.0749
epochIdx: 536,error: 0.0747
epochIdx: 537,error: 0.0752
epochIdx: 538,error: 0.0753
epochIdx: 539,error: 0.0751
epochIdx: 540,error: 0.0752
epochIdx: 541,error: 0.0751
epochIdx: 542,error: 0.0754
epochIdx: 543,error: 0.0754
epochIdx: 544,error: 0.0754
epochIdx: 545,error: 0.0756
epochIdx: 546,error: 0.0756
epochIdx: 547,error: 0.0754
epochIdx: 548,error: 0.0753
epochIdx: 549,error: 0.0754
epochIdx: 550,error: 0.0754
epochIdx: 551,error: 0.0752
epochIdx: 552,error: 0.0752
epochIdx: 553,error: 0.0752
epochIdx: 554,error: 0.0753
epochIdx: 555,error: 0.0753
epochIdx: 556,error: 0.0753
epochIdx: 557,error: 0.0758
epochIdx: 558,error: 0.0756
epochIdx: 559,error: 0.0756
epochIdx: 560,error: 0.0756
epochIdx: 561,error: 0.0756
epochIdx: 562,error: 0.0756
epochIdx: 563,error: 0.0756
epochIdx: 564,error: 0.0756
epochIdx: 565,error: 0.0755
epochIdx: 566,error: 0.0755
epochIdx: 567,error: 0.0755
epochIdx: 568,error: 0.0754
epochIdx: 569,error: 0.0753
epochIdx: 570,error: 0.0753
epochIdx: 571,error: 0.0754
epochIdx: 572,error: 0.0754
epochIdx: 573,error: 0.0755
epochIdx: 574,error: 0.0756
epochIdx: 575,error: 0.0759
epochIdx: 576,error: 0.0758
epochIdx: 577,error: 0.0758
epochIdx: 578,error: 0.0758
epochIdx: 579,error: 0.0756
epochIdx: 580,error: 0.0758
epochIdx: 581,error: 0.0759
epochIdx: 582,error: 0.0758
epochIdx: 583,error: 0.0757
epochIdx: 584,error: 0.0754
epochIdx: 585,error: 0.0756
epochIdx: 586,error: 0.0757
epochIdx: 587,error: 0.0758
epochIdx: 588,error: 0.0758
epochIdx: 589,error: 0.075
epochIdx: 590,error: 0.0752
epochIdx: 591,error: 0.0754
epochIdx: 592,error: 0.0757
epochIdx: 593,error: 0.0757
epochIdx: 594,error: 0.0758
epochIdx: 595,error: 0.0753
epochIdx: 596,error: 0.0749
epochIdx: 597,error: 0.075
epochIdx: 598,error: 0.0747
epochIdx: 599,error: 0.0749
epochIdx: 600,error: 0.0747
epochIdx: 601,error: 0.0745
epochIdx: 602,error: 0.0746
epochIdx: 603,error: 0.0739
epochIdx: 604,error: 0.0737
epochIdx: 605,error: 0.0738
epochIdx: 606,error: 0.0743
epochIdx: 607,error: 0.0745
epochIdx: 608,error: 0.0737
epochIdx: 609,error: 0.0735
epochIdx: 610,error: 0.0735
epochIdx: 611,error: 0.0736
epochIdx: 612,error: 0.0736
epochIdx: 613,error: 0.0733
epochIdx: 614,error: 0.0733
epochIdx: 615,error: 0.0736
epochIdx: 616,error: 0.0736
epochIdx: 617,error: 0.0736
epochIdx: 618,error: 0.0737
epochIdx: 619,error: 0.0733
epochIdx: 620,error: 0.0736
epochIdx: 621,error: 0.0733
epochIdx: 622,error: 0.0732
epochIdx: 623,error: 0.0733
epochIdx: 624,error: 0.0736
epochIdx: 625,error: 0.0731
epochIdx: 626,error: 0.0732
epochIdx: 627,error: 0.0736
epochIdx: 628,error: 0.0733
epochIdx: 629,error: 0.0734
epochIdx: 630,error: 0.0727
epochIdx: 631,error: 0.0726
epochIdx: 632,error: 0.0732
epochIdx: 633,error: 0.0735
epochIdx: 634,error: 0.0735
epochIdx: 635,error: 0.0741
epochIdx: 636,error: 0.0739
epochIdx: 637,error: 0.0743
epochIdx: 638,error: 0.0742
epochIdx: 639,error: 0.0747
epochIdx: 640,error: 0.0745
epochIdx: 641,error: 0.0742
epochIdx: 642,error: 0.0749
epochIdx: 643,error: 0.0746
epochIdx: 644,error: 0.0743
epochIdx: 645,error: 0.0749
epochIdx: 646,error: 0.0748
epochIdx: 647,error: 0.075
epochIdx: 648,error: 0.0751
epochIdx: 649,error: 0.0747
epochIdx: 650,error: 0.0752
epochIdx: 651,error: 0.0754
epochIdx: 652,error: 0.075
epochIdx: 653,error: 0.075
epochIdx: 654,error: 0.0752
epochIdx: 655,error: 0.0754
epochIdx: 656,error: 0.0753
epochIdx: 657,error: 0.0752
epochIdx: 658,error: 0.0751
epochIdx: 659,error: 0.0754
epochIdx: 660,error: 0.0755
epochIdx: 661,error: 0.0753
epochIdx: 662,error: 0.0752
epochIdx: 663,error: 0.0758
epochIdx: 664,error: 0.0756
epochIdx: 665,error: 0.0758
epochIdx: 666,error: 0.0755
epochIdx: 667,error: 0.0757
epochIdx: 668,error: 0.0757
epochIdx: 669,error: 0.0754
epochIdx: 670,error: 0.0758
epochIdx: 671,error: 0.0752
epochIdx: 672,error: 0.0751
epochIdx: 673,error: 0.0754
epochIdx: 674,error: 0.0754
epochIdx: 675,error: 0.0755
epochIdx: 676,error: 0.0754
epochIdx: 677,error: 0.0757
epochIdx: 678,error: 0.0757
epochIdx: 679,error: 0.0755
epochIdx: 680,error: 0.0755
epochIdx: 681,error: 0.0753
epochIdx: 682,error: 0.0757
epochIdx: 683,error: 0.0758
epochIdx: 684,error: 0.0756
epochIdx: 685,error: 0.0755
epochIdx: 686,error: 0.0758
epochIdx: 687,error: 0.0758
epochIdx: 688,error: 0.0755
epochIdx: 689,error: 0.0756
epochIdx: 690,error: 0.0752
epochIdx: 691,error: 0.0754
epochIdx: 692,error: 0.0754
epochIdx: 693,error: 0.0754
epochIdx: 694,error: 0.0751
epochIdx: 695,error: 0.0749
epochIdx: 696,error: 0.0745
epochIdx: 697,error: 0.074
epochIdx: 698,error: 0.0739
epochIdx: 699,error: 0.0746
epochIdx: 700,error: 0.0745
epochIdx: 701,error: 0.0741
epochIdx: 702,error: 0.0738
epochIdx: 703,error: 0.0736
epochIdx: 704,error: 0.0737
epochIdx: 705,error: 0.074
epochIdx: 706,error: 0.0739
epochIdx: 707,error: 0.0741
epochIdx: 708,error: 0.0747
epochIdx: 709,error: 0.0744
epochIdx: 710,error: 0.0745
epochIdx: 711,error: 0.0748
epochIdx: 712,error: 0.0748
epochIdx: 713,error: 0.0749
epochIdx: 714,error: 0.0747
epochIdx: 715,error: 0.075
epochIdx: 716,error: 0.0754
epochIdx: 717,error: 0.0752
epochIdx: 718,error: 0.0748
epochIdx: 719,error: 0.0748
epochIdx: 720,error: 0.0749
epochIdx: 721,error: 0.075
epochIdx: 722,error: 0.075
epochIdx: 723,error: 0.0749
epochIdx: 724,error: 0.0749
epochIdx: 725,error: 0.0749
epochIdx: 726,error: 0.0752
epochIdx: 727,error: 0.0751
epochIdx: 728,error: 0.0751
epochIdx: 729,error: 0.0751
epochIdx: 730,error: 0.0752
epochIdx: 731,error: 0.0752
epochIdx: 732,error: 0.0753
epochIdx: 733,error: 0.0745
epochIdx: 734,error: 0.075
epochIdx: 735,error: 0.0751
epochIdx: 736,error: 0.0752
epochIdx: 737,error: 0.0754
epochIdx: 738,error: 0.0754
epochIdx: 739,error: 0.0754
epochIdx: 740,error: 0.0749
epochIdx: 741,error: 0.0748
epochIdx: 742,error: 0.0752
epochIdx: 743,error: 0.0759
epochIdx: 744,error: 0.0752
epochIdx: 745,error: 0.0753
epochIdx: 746,error: 0.0754
epochIdx: 747,error: 0.0754
epochIdx: 748,error: 0.0754
epochIdx: 749,error: 0.0755
epochIdx: 750,error: 0.0756
epochIdx: 751,error: 0.0756
epochIdx: 752,error: 0.0755
epochIdx: 753,error: 0.0756
epochIdx: 754,error: 0.0753
epochIdx: 755,error: 0.0754
epochIdx: 756,error: 0.0754
epochIdx: 757,error: 0.0756
epochIdx: 758,error: 0.0754
epochIdx: 759,error: 0.0753
epochIdx: 760,error: 0.075
epochIdx: 761,error: 0.0746
epochIdx: 762,error: 0.0744
epochIdx: 763,error: 0.0748
epochIdx: 764,error: 0.0747
epochIdx: 765,error: 0.0747
epochIdx: 766,error: 0.0752
epochIdx: 767,error: 0.0752
epochIdx: 768,error: 0.0751
epochIdx: 769,error: 0.075
epochIdx: 770,error: 0.0749
epochIdx: 771,error: 0.0747
epochIdx: 772,error: 0.0749
epochIdx: 773,error: 0.0752
epochIdx: 774,error: 0.0752
epochIdx: 775,error: 0.0755
epochIdx: 776,error: 0.0756
epochIdx: 777,error: 0.0754
epochIdx: 778,error: 0.0755
epochIdx: 779,error: 0.0756
epochIdx: 780,error: 0.0759
epochIdx: 781,error: 0.076
epochIdx: 782,error: 0.0759
epochIdx: 783,error: 0.076
epochIdx: 784,error: 0.076
epochIdx: 785,error: 0.0762
epochIdx: 786,error: 0.076
epochIdx: 787,error: 0.0755
epochIdx: 788,error: 0.0755
epochIdx: 789,error: 0.0758
epochIdx: 790,error: 0.0757
epochIdx: 791,error: 0.0757
epochIdx: 792,error: 0.0758
epochIdx: 793,error: 0.0758
epochIdx: 794,error: 0.0761
epochIdx: 795,error: 0.076
epochIdx: 796,error: 0.0759
epochIdx: 797,error: 0.0757
epochIdx: 798,error: 0.0755
epochIdx: 799,error: 0.0757
epochIdx: 800,error: 0.0758
epochIdx: 801,error: 0.0754
epochIdx: 802,error: 0.0752
epochIdx: 803,error: 0.0753
epochIdx: 804,error: 0.0754
epochIdx: 805,error: 0.0754
epochIdx: 806,error: 0.0749
epochIdx: 807,error: 0.0749
epochIdx: 808,error: 0.0751
epochIdx: 809,error: 0.075
epochIdx: 810,error: 0.0755
epochIdx: 811,error: 0.0751
epochIdx: 812,error: 0.0751
epochIdx: 813,error: 0.0757
epochIdx: 814,error: 0.075
epochIdx: 815,error: 0.0751
epochIdx: 816,error: 0.0755
epochIdx: 817,error: 0.0752
epochIdx: 818,error: 0.0756
epochIdx: 819,error: 0.0752
epochIdx: 820,error: 0.0753
epochIdx: 821,error: 0.0753
epochIdx: 822,error: 0.0754
epochIdx: 823,error: 0.0755
epochIdx: 824,error: 0.0756
epochIdx: 825,error: 0.0757
epochIdx: 826,error: 0.0758
epochIdx: 827,error: 0.0759
epochIdx: 828,error: 0.0756
epochIdx: 829,error: 0.0763
epochIdx: 830,error: 0.0763
epochIdx: 831,error: 0.0762
epochIdx: 832,error: 0.0761
epochIdx: 833,error: 0.0759
epochIdx: 834,error: 0.0757
epochIdx: 835,error: 0.076
epochIdx: 836,error: 0.0758
epochIdx: 837,error: 0.076
epochIdx: 838,error: 0.0758
epochIdx: 839,error: 0.0759
epochIdx: 840,error: 0.0759
epochIdx: 841,error: 0.0758
epochIdx: 842,error: 0.0759
epochIdx: 843,error: 0.0758
epochIdx: 844,error: 0.0759
epochIdx: 845,error: 0.0758
epochIdx: 846,error: 0.0757
epochIdx: 847,error: 0.0756
epochIdx: 848,error: 0.0755
epochIdx: 849,error: 0.0754
epochIdx: 850,error: 0.0757
epochIdx: 851,error: 0.076
epochIdx: 852,error: 0.0756
epochIdx: 853,error: 0.0755
epochIdx: 854,error: 0.0756
epochIdx: 855,error: 0.0757
epochIdx: 856,error: 0.0755
epochIdx: 857,error: 0.0755
epochIdx: 858,error: 0.0752
epochIdx: 859,error: 0.0755
epochIdx: 860,error: 0.0752
epochIdx: 861,error: 0.0745
epochIdx: 862,error: 0.0747
epochIdx: 863,error: 0.0742
epochIdx: 864,error: 0.0745
epochIdx: 865,error: 0.0751
epochIdx: 866,error: 0.075
epochIdx: 867,error: 0.0747
epochIdx: 868,error: 0.0743
epochIdx: 869,error: 0.0741
epochIdx: 870,error: 0.0738
epochIdx: 871,error: 0.0735
epochIdx: 872,error: 0.0736
epochIdx: 873,error: 0.0739
epochIdx: 874,error: 0.0741
epochIdx: 875,error: 0.0745
epochIdx: 876,error: 0.0742
epochIdx: 877,error: 0.0743
epochIdx: 878,error: 0.0745
epochIdx: 879,error: 0.0744
epochIdx: 880,error: 0.0742
epochIdx: 881,error: 0.0743
epochIdx: 882,error: 0.0741
epochIdx: 883,error: 0.0744
epochIdx: 884,error: 0.0743
epochIdx: 885,error: 0.0743
epochIdx: 886,error: 0.0746
epochIdx: 887,error: 0.0748
epochIdx: 888,error: 0.0746
epochIdx: 889,error: 0.0746
epochIdx: 890,error: 0.0749
epochIdx: 891,error: 0.0748
epochIdx: 892,error: 0.0752
epochIdx: 893,error: 0.0752
epochIdx: 894,error: 0.0752
epochIdx: 895,error: 0.0751
epochIdx: 896,error: 0.0751
epochIdx: 897,error: 0.0753
epochIdx: 898,error: 0.0752
epochIdx: 899,error: 0.075
epochIdx: 900,error: 0.075
epochIdx: 901,error: 0.0755
epochIdx: 902,error: 0.075
epochIdx: 903,error: 0.0751
epochIdx: 904,error: 0.0752
epochIdx: 905,error: 0.0751
epochIdx: 906,error: 0.0751
epochIdx: 907,error: 0.0751
epochIdx: 908,error: 0.0749
epochIdx: 909,error: 0.0749
epochIdx: 910,error: 0.0747
epochIdx: 911,error: 0.0748
epochIdx: 912,error: 0.0748
epochIdx: 913,error: 0.0755
epochIdx: 914,error: 0.0748
epochIdx: 915,error: 0.0749
epochIdx: 916,error: 0.075
epochIdx: 917,error: 0.075
epochIdx: 918,error: 0.0749
epochIdx: 919,error: 0.0749
epochIdx: 920,error: 0.0752
epochIdx: 921,error: 0.0755
epochIdx: 922,error: 0.0753
epochIdx: 923,error: 0.0751
epochIdx: 924,error: 0.075
epochIdx: 925,error: 0.075
epochIdx: 926,error: 0.0746
epochIdx: 927,error: 0.0746
epochIdx: 928,error: 0.0751
epochIdx: 929,error: 0.075
epochIdx: 930,error: 0.075
epochIdx: 931,error: 0.075
epochIdx: 932,error: 0.0751
epochIdx: 933,error: 0.0751
epochIdx: 934,error: 0.0751
epochIdx: 935,error: 0.0752
epochIdx: 936,error: 0.0753
epochIdx: 937,error: 0.0751
epochIdx: 938,error: 0.0752
epochIdx: 939,error: 0.0753
epochIdx: 940,error: 0.0756
epochIdx: 941,error: 0.0751
epochIdx: 942,error: 0.0755
epochIdx: 943,error: 0.0752
epochIdx: 944,error: 0.0754
epochIdx: 945,error: 0.0751
epochIdx: 946,error: 0.0751
epochIdx: 947,error: 0.075
epochIdx: 948,error: 0.075
epochIdx: 949,error: 0.0749
epochIdx: 950,error: 0.075
epochIdx: 951,error: 0.0752
epochIdx: 952,error: 0.075
epochIdx: 953,error: 0.0749
epochIdx: 954,error: 0.0747
epochIdx: 955,error: 0.0746
epochIdx: 956,error: 0.0754
epochIdx: 957,error: 0.0748
epochIdx: 958,error: 0.0748
epochIdx: 959,error: 0.0744
epochIdx: 960,error: 0.0745
epochIdx: 961,error: 0.0752
epochIdx: 962,error: 0.0747
epochIdx: 963,error: 0.0748
epochIdx: 964,error: 0.0751
epochIdx: 965,error: 0.0752
epochIdx: 966,error: 0.0755
epochIdx: 967,error: 0.0752
epochIdx: 968,error: 0.0752
epochIdx: 969,error: 0.0752
epochIdx: 970,error: 0.075
epochIdx: 971,error: 0.0749
epochIdx: 972,error: 0.0745
epochIdx: 973,error: 0.0742
epochIdx: 974,error: 0.0743
epochIdx: 975,error: 0.0746
epochIdx: 976,error: 0.0747
epochIdx: 977,error: 0.0746
epochIdx: 978,error: 0.0741
epochIdx: 979,error: 0.0745
epochIdx: 980,error: 0.0748
epochIdx: 981,error: 0.0751
epochIdx: 982,error: 0.0747
epochIdx: 983,error: 0.0746
epochIdx: 984,error: 0.0752
epochIdx: 985,error: 0.0744
epochIdx: 986,error: 0.0745
epochIdx: 987,error: 0.0746
epochIdx: 988,error: 0.075
epochIdx: 989,error: 0.0746
epochIdx: 990,error: 0.0746
epochIdx: 991,error: 0.0743
epochIdx: 992,error: 0.0746
epochIdx: 993,error: 0.0744
epochIdx: 994,error: 0.0738
epochIdx: 995,error: 0.074
epochIdx: 996,error: 0.0743
epochIdx: 997,error: 0.0739
epochIdx: 998,error: 0.0743
epochIdx: 999,error: 0.0742
 0.03193 seconds. 
