=========================
train: 50000
valid: 10000
filtersize: 5
numFilters: 16
epsHidVis: 0.001
epsHidBias: 0.001
epsAvgOut: 0.13
epsOutBias: 0.13
mom: 0
wcHidVis: 0
wcAvgOut: 0
========================
epochIdx: 0,error: 0.1527
epochIdx: 1,error: 0.1243
epochIdx: 2,error: 0.1161
epochIdx: 3,error: 0.1104
epochIdx: 4,error: 0.1036
epochIdx: 5,error: 0.101
epochIdx: 6,error: 0.0976
epochIdx: 7,error: 0.095
epochIdx: 8,error: 0.0939
epochIdx: 9,error: 0.0921
epochIdx: 10,error: 0.0909
epochIdx: 11,error: 0.0901
epochIdx: 12,error: 0.0891
epochIdx: 13,error: 0.0889
epochIdx: 14,error: 0.088
epochIdx: 15,error: 0.0859
epochIdx: 16,error: 0.0862
epochIdx: 17,error: 0.0852
epochIdx: 18,error: 0.0853
epochIdx: 19,error: 0.0846
epochIdx: 20,error: 0.0843
epochIdx: 21,error: 0.0817
epochIdx: 22,error: 0.0814
epochIdx: 23,error: 0.0811
epochIdx: 24,error: 0.0811
epochIdx: 25,error: 0.0806
epochIdx: 26,error: 0.08
epochIdx: 27,error: 0.0796
epochIdx: 28,error: 0.08
epochIdx: 29,error: 0.0793
epochIdx: 30,error: 0.0781
epochIdx: 31,error: 0.0783
epochIdx: 32,error: 0.0778
epochIdx: 33,error: 0.0775
epochIdx: 34,error: 0.0773
epochIdx: 35,error: 0.0769
epochIdx: 36,error: 0.0763
epochIdx: 37,error: 0.0759
epochIdx: 38,error: 0.0756
epochIdx: 39,error: 0.0762
epochIdx: 40,error: 0.076
epochIdx: 41,error: 0.0749
epochIdx: 42,error: 0.0733
epochIdx: 43,error: 0.0738
epochIdx: 44,error: 0.0734
epochIdx: 45,error: 0.0738
epochIdx: 46,error: 0.0735
epochIdx: 47,error: 0.0734
epochIdx: 48,error: 0.0738
epochIdx: 49,error: 0.0724
epochIdx: 50,error: 0.073
epochIdx: 51,error: 0.0723
epochIdx: 52,error: 0.0723
epochIdx: 53,error: 0.0725
epochIdx: 54,error: 0.0723
epochIdx: 55,error: 0.072
epochIdx: 56,error: 0.0718
epochIdx: 57,error: 0.0719
epochIdx: 58,error: 0.0715
epochIdx: 59,error: 0.0718
epochIdx: 60,error: 0.0708
epochIdx: 61,error: 0.0717
epochIdx: 62,error: 0.0714
epochIdx: 63,error: 0.0711
epochIdx: 64,error: 0.0708
epochIdx: 65,error: 0.0704
epochIdx: 66,error: 0.0716
epochIdx: 67,error: 0.0706
epochIdx: 68,error: 0.0701
epochIdx: 69,error: 0.07
epochIdx: 70,error: 0.0697
epochIdx: 71,error: 0.0703
epochIdx: 72,error: 0.0701
epochIdx: 73,error: 0.0696
epochIdx: 74,error: 0.0688
epochIdx: 75,error: 0.0696
epochIdx: 76,error: 0.0695
epochIdx: 77,error: 0.0692
epochIdx: 78,error: 0.0693
epochIdx: 79,error: 0.0697
epochIdx: 80,error: 0.069
epochIdx: 81,error: 0.0691
epochIdx: 82,error: 0.0697
epochIdx: 83,error: 0.0694
epochIdx: 84,error: 0.0692
epochIdx: 85,error: 0.0695
epochIdx: 86,error: 0.069
epochIdx: 87,error: 0.0693
epochIdx: 88,error: 0.0695
epochIdx: 89,error: 0.0688
epochIdx: 90,error: 0.0699
epochIdx: 91,error: 0.0696
epochIdx: 92,error: 0.0691
epochIdx: 93,error: 0.0693
epochIdx: 94,error: 0.0688
epochIdx: 95,error: 0.0694
epochIdx: 96,error: 0.069
epochIdx: 97,error: 0.0691
epochIdx: 98,error: 0.0695
epochIdx: 99,error: 0.0689
epochIdx: 100,error: 0.0693
epochIdx: 101,error: 0.069
epochIdx: 102,error: 0.0686
epochIdx: 103,error: 0.0689
epochIdx: 104,error: 0.0685
epochIdx: 105,error: 0.0682
epochIdx: 106,error: 0.0684
epochIdx: 107,error: 0.0683
epochIdx: 108,error: 0.0686
epochIdx: 109,error: 0.0684
epochIdx: 110,error: 0.0682
epochIdx: 111,error: 0.0686
epochIdx: 112,error: 0.0688
epochIdx: 113,error: 0.0682
epochIdx: 114,error: 0.0682
epochIdx: 115,error: 0.0678
epochIdx: 116,error: 0.0686
epochIdx: 117,error: 0.0687
epochIdx: 118,error: 0.0679
epochIdx: 119,error: 0.0683
epochIdx: 120,error: 0.0675
epochIdx: 121,error: 0.0681
epochIdx: 122,error: 0.0677
epochIdx: 123,error: 0.0681
epochIdx: 124,error: 0.068
epochIdx: 125,error: 0.0679
epochIdx: 126,error: 0.0674
epochIdx: 127,error: 0.0684
epochIdx: 128,error: 0.0678
epochIdx: 129,error: 0.0678
epochIdx: 130,error: 0.0673
epochIdx: 131,error: 0.0672
epochIdx: 132,error: 0.0687
epochIdx: 133,error: 0.0677
epochIdx: 134,error: 0.0676
epochIdx: 135,error: 0.0667
epochIdx: 136,error: 0.0668
epochIdx: 137,error: 0.0671
epochIdx: 138,error: 0.0672
epochIdx: 139,error: 0.067
epochIdx: 140,error: 0.0673
epochIdx: 141,error: 0.067
epochIdx: 142,error: 0.0675
epochIdx: 143,error: 0.0672
epochIdx: 144,error: 0.0672
epochIdx: 145,error: 0.0661
epochIdx: 146,error: 0.0666
epochIdx: 147,error: 0.0668
epochIdx: 148,error: 0.0668
epochIdx: 149,error: 0.0671
epochIdx: 150,error: 0.0669
epochIdx: 151,error: 0.0668
epochIdx: 152,error: 0.0664
epochIdx: 153,error: 0.0669
epochIdx: 154,error: 0.0671
epochIdx: 155,error: 0.0667
epochIdx: 156,error: 0.0665
epochIdx: 157,error: 0.0664
epochIdx: 158,error: 0.0661
epochIdx: 159,error: 0.0663
epochIdx: 160,error: 0.0661
epochIdx: 161,error: 0.0661
epochIdx: 162,error: 0.0665
epochIdx: 163,error: 0.0663
epochIdx: 164,error: 0.0659
epochIdx: 165,error: 0.0664
epochIdx: 166,error: 0.0659
epochIdx: 167,error: 0.0661
epochIdx: 168,error: 0.0665
epochIdx: 169,error: 0.0665
epochIdx: 170,error: 0.0671
epochIdx: 171,error: 0.0672
epochIdx: 172,error: 0.0671
epochIdx: 173,error: 0.0671
epochIdx: 174,error: 0.067
epochIdx: 175,error: 0.0668
epochIdx: 176,error: 0.0668
epochIdx: 177,error: 0.0667
epochIdx: 178,error: 0.0666
epochIdx: 179,error: 0.0669
epochIdx: 180,error: 0.0666
epochIdx: 181,error: 0.0669
epochIdx: 182,error: 0.0668
epochIdx: 183,error: 0.0667
epochIdx: 184,error: 0.0665
epochIdx: 185,error: 0.0661
epochIdx: 186,error: 0.0665
epochIdx: 187,error: 0.0673
epochIdx: 188,error: 0.0667
epochIdx: 189,error: 0.0664
epochIdx: 190,error: 0.0662
epochIdx: 191,error: 0.066
epochIdx: 192,error: 0.0663
epochIdx: 193,error: 0.0656
epochIdx: 194,error: 0.0656
epochIdx: 195,error: 0.0655
epochIdx: 196,error: 0.0657
epochIdx: 197,error: 0.0652
epochIdx: 198,error: 0.0654
epochIdx: 199,error: 0.0659
epochIdx: 200,error: 0.0654
epochIdx: 201,error: 0.065
epochIdx: 202,error: 0.0653
epochIdx: 203,error: 0.0659
epochIdx: 204,error: 0.0657
epochIdx: 205,error: 0.0659
epochIdx: 206,error: 0.0664
epochIdx: 207,error: 0.0658
epochIdx: 208,error: 0.0665
epochIdx: 209,error: 0.0658
epochIdx: 210,error: 0.0661
epochIdx: 211,error: 0.066
epochIdx: 212,error: 0.0664
epochIdx: 213,error: 0.0663
epochIdx: 214,error: 0.0655
epochIdx: 215,error: 0.0659
epochIdx: 216,error: 0.0657
epochIdx: 217,error: 0.0656
epochIdx: 218,error: 0.0652
epochIdx: 219,error: 0.0653
epochIdx: 220,error: 0.0649
epochIdx: 221,error: 0.0651
epochIdx: 222,error: 0.0647
epochIdx: 223,error: 0.0652
epochIdx: 224,error: 0.0652
epochIdx: 225,error: 0.0653
epochIdx: 226,error: 0.0651
epochIdx: 227,error: 0.065
epochIdx: 228,error: 0.0649
epochIdx: 229,error: 0.0655
epochIdx: 230,error: 0.0657
epochIdx: 231,error: 0.0656
epochIdx: 232,error: 0.0661
epochIdx: 233,error: 0.0664
epochIdx: 234,error: 0.0662
epochIdx: 235,error: 0.066
epochIdx: 236,error: 0.0659
epochIdx: 237,error: 0.0656
epochIdx: 238,error: 0.0656
epochIdx: 239,error: 0.0653
epochIdx: 240,error: 0.0659
epochIdx: 241,error: 0.0655
epochIdx: 242,error: 0.0658
epochIdx: 243,error: 0.0656
epochIdx: 244,error: 0.066
epochIdx: 245,error: 0.0658
epochIdx: 246,error: 0.0659
epochIdx: 247,error: 0.0659
epochIdx: 248,error: 0.0663
epochIdx: 249,error: 0.0664
epochIdx: 250,error: 0.0661
epochIdx: 251,error: 0.0659
epochIdx: 252,error: 0.066
epochIdx: 253,error: 0.0657
epochIdx: 254,error: 0.066
epochIdx: 255,error: 0.0659
epochIdx: 256,error: 0.0662
epochIdx: 257,error: 0.0661
epochIdx: 258,error: 0.0662
epochIdx: 259,error: 0.0657
epochIdx: 260,error: 0.0659
epochIdx: 261,error: 0.0655
epochIdx: 262,error: 0.0656
epochIdx: 263,error: 0.0649
epochIdx: 264,error: 0.0655
epochIdx: 265,error: 0.0656
epochIdx: 266,error: 0.0655
epochIdx: 267,error: 0.0659
epochIdx: 268,error: 0.066
epochIdx: 269,error: 0.065
epochIdx: 270,error: 0.0656
epochIdx: 271,error: 0.0657
epochIdx: 272,error: 0.0653
epochIdx: 273,error: 0.0657
epochIdx: 274,error: 0.0658
epochIdx: 275,error: 0.0656
epochIdx: 276,error: 0.0652
epochIdx: 277,error: 0.065
epochIdx: 278,error: 0.0654
epochIdx: 279,error: 0.0654
epochIdx: 280,error: 0.0654
epochIdx: 281,error: 0.0643
epochIdx: 282,error: 0.0648
epochIdx: 283,error: 0.0649
epochIdx: 284,error: 0.0657
epochIdx: 285,error: 0.0648
epochIdx: 286,error: 0.0651
epochIdx: 287,error: 0.0648
epochIdx: 288,error: 0.0647
epochIdx: 289,error: 0.0651
epochIdx: 290,error: 0.0649
epochIdx: 291,error: 0.0648
epochIdx: 292,error: 0.0652
epochIdx: 293,error: 0.0649
epochIdx: 294,error: 0.0647
epochIdx: 295,error: 0.0649
epochIdx: 296,error: 0.0653
epochIdx: 297,error: 0.065
epochIdx: 298,error: 0.0648
epochIdx: 299,error: 0.0653
epochIdx: 300,error: 0.065
epochIdx: 301,error: 0.065
epochIdx: 302,error: 0.0648
epochIdx: 303,error: 0.0647
epochIdx: 304,error: 0.065
epochIdx: 305,error: 0.0648
epochIdx: 306,error: 0.065
epochIdx: 307,error: 0.0645
epochIdx: 308,error: 0.0646
epochIdx: 309,error: 0.0643
epochIdx: 310,error: 0.0643
epochIdx: 311,error: 0.0641
epochIdx: 312,error: 0.0644
epochIdx: 313,error: 0.064
epochIdx: 314,error: 0.0639
epochIdx: 315,error: 0.0636
epochIdx: 316,error: 0.0637
epochIdx: 317,error: 0.0643
epochIdx: 318,error: 0.0648
epochIdx: 319,error: 0.0642
epochIdx: 320,error: 0.0637
epochIdx: 321,error: 0.0638
epochIdx: 322,error: 0.0638
epochIdx: 323,error: 0.0636
epochIdx: 324,error: 0.0638
epochIdx: 325,error: 0.0632
epochIdx: 326,error: 0.063
epochIdx: 327,error: 0.063
epochIdx: 328,error: 0.0636
epochIdx: 329,error: 0.0637
epochIdx: 330,error: 0.0632
epochIdx: 331,error: 0.0632
epochIdx: 332,error: 0.0625
epochIdx: 333,error: 0.0628
epochIdx: 334,error: 0.0624
epochIdx: 335,error: 0.0629
epochIdx: 336,error: 0.0622
epochIdx: 337,error: 0.0619
epochIdx: 338,error: 0.0623
epochIdx: 339,error: 0.0618
epochIdx: 340,error: 0.0624
epochIdx: 341,error: 0.0626
epochIdx: 342,error: 0.0626
epochIdx: 343,error: 0.0629
epochIdx: 344,error: 0.0632
epochIdx: 345,error: 0.0625
epochIdx: 346,error: 0.0628
epochIdx: 347,error: 0.063
epochIdx: 348,error: 0.0626
epochIdx: 349,error: 0.0629
epochIdx: 350,error: 0.0627
epochIdx: 351,error: 0.063
epochIdx: 352,error: 0.0627
epochIdx: 353,error: 0.0628
epochIdx: 354,error: 0.0628
epochIdx: 355,error: 0.0625
epochIdx: 356,error: 0.0623
epochIdx: 357,error: 0.063
epochIdx: 358,error: 0.0631
epochIdx: 359,error: 0.0624
epochIdx: 360,error: 0.062
epochIdx: 361,error: 0.0628
epochIdx: 362,error: 0.0618
epochIdx: 363,error: 0.0624
epochIdx: 364,error: 0.0628
epochIdx: 365,error: 0.0629
epochIdx: 366,error: 0.0626
epochIdx: 367,error: 0.0626
epochIdx: 368,error: 0.0625
epochIdx: 369,error: 0.0633
epochIdx: 370,error: 0.0624
epochIdx: 371,error: 0.0617
epochIdx: 372,error: 0.0619
epochIdx: 373,error: 0.0617
epochIdx: 374,error: 0.0619
epochIdx: 375,error: 0.0622
epochIdx: 376,error: 0.0621
epochIdx: 377,error: 0.0626
epochIdx: 378,error: 0.0631
epochIdx: 379,error: 0.0624
epochIdx: 380,error: 0.0616
epochIdx: 381,error: 0.0621
epochIdx: 382,error: 0.0621
epochIdx: 383,error: 0.062
epochIdx: 384,error: 0.0626
epochIdx: 385,error: 0.0618
epochIdx: 386,error: 0.0619
epochIdx: 387,error: 0.0617
epochIdx: 388,error: 0.0613
epochIdx: 389,error: 0.0615
epochIdx: 390,error: 0.0621
epochIdx: 391,error: 0.0613
epochIdx: 392,error: 0.0616
epochIdx: 393,error: 0.0617
epochIdx: 394,error: 0.0617
epochIdx: 395,error: 0.0613
epochIdx: 396,error: 0.0615
epochIdx: 397,error: 0.062
epochIdx: 398,error: 0.0616
epochIdx: 399,error: 0.062
epochIdx: 400,error: 0.0622
epochIdx: 401,error: 0.0617
epochIdx: 402,error: 0.062
epochIdx: 403,error: 0.062
epochIdx: 404,error: 0.0624
epochIdx: 405,error: 0.0614
epochIdx: 406,error: 0.0612
epochIdx: 407,error: 0.0611
epochIdx: 408,error: 0.0613
epochIdx: 409,error: 0.0614
epochIdx: 410,error: 0.062
epochIdx: 411,error: 0.0619
epochIdx: 412,error: 0.0619
epochIdx: 413,error: 0.0619
epochIdx: 414,error: 0.0619
epochIdx: 415,error: 0.0612
epochIdx: 416,error: 0.0609
epochIdx: 417,error: 0.0615
epochIdx: 418,error: 0.0616
epochIdx: 419,error: 0.0619
epochIdx: 420,error: 0.0623
epochIdx: 421,error: 0.0615
epochIdx: 422,error: 0.0619
epochIdx: 423,error: 0.0616
epochIdx: 424,error: 0.0613
epochIdx: 425,error: 0.0616
epochIdx: 426,error: 0.0617
epochIdx: 427,error: 0.0614
epochIdx: 428,error: 0.0618
epochIdx: 429,error: 0.0616
epochIdx: 430,error: 0.0616
epochIdx: 431,error: 0.0613
epochIdx: 432,error: 0.0615
epochIdx: 433,error: 0.0621
epochIdx: 434,error: 0.0612
epochIdx: 435,error: 0.0612
epochIdx: 436,error: 0.0615
epochIdx: 437,error: 0.0611
epochIdx: 438,error: 0.0613
epochIdx: 439,error: 0.0612
epochIdx: 440,error: 0.0619
epochIdx: 441,error: 0.0619
epochIdx: 442,error: 0.0605
epochIdx: 443,error: 0.0616
epochIdx: 444,error: 0.0607
epochIdx: 445,error: 0.0612
epochIdx: 446,error: 0.0608
epochIdx: 447,error: 0.0612
epochIdx: 448,error: 0.0609
epochIdx: 449,error: 0.0614
epochIdx: 450,error: 0.0619
epochIdx: 451,error: 0.0611
epochIdx: 452,error: 0.061
epochIdx: 453,error: 0.0612
epochIdx: 454,error: 0.0614
epochIdx: 455,error: 0.062
epochIdx: 456,error: 0.0611
epochIdx: 457,error: 0.0621
epochIdx: 458,error: 0.0617
epochIdx: 459,error: 0.0614
epochIdx: 460,error: 0.061
epochIdx: 461,error: 0.0613
epochIdx: 462,error: 0.0615
epochIdx: 463,error: 0.0616
epochIdx: 464,error: 0.0616
epochIdx: 465,error: 0.0619
epochIdx: 466,error: 0.0615
epochIdx: 467,error: 0.0613
epochIdx: 468,error: 0.0614
epochIdx: 469,error: 0.061
epochIdx: 470,error: 0.0609
epochIdx: 471,error: 0.0615
epochIdx: 472,error: 0.0614
epochIdx: 473,error: 0.0613
epochIdx: 474,error: 0.0615
epochIdx: 475,error: 0.0614
epochIdx: 476,error: 0.0615
epochIdx: 477,error: 0.0614
epochIdx: 478,error: 0.0614
epochIdx: 479,error: 0.0611
epochIdx: 480,error: 0.0611
epochIdx: 481,error: 0.0612
epochIdx: 482,error: 0.0611
epochIdx: 483,error: 0.0611
epochIdx: 484,error: 0.0606
epochIdx: 485,error: 0.0609
epochIdx: 486,error: 0.061
epochIdx: 487,error: 0.061
epochIdx: 488,error: 0.0612
epochIdx: 489,error: 0.0611
epochIdx: 490,error: 0.0608
epochIdx: 491,error: 0.0609
epochIdx: 492,error: 0.0608
epochIdx: 493,error: 0.061
epochIdx: 494,error: 0.0616
epochIdx: 495,error: 0.062
epochIdx: 496,error: 0.0613
epochIdx: 497,error: 0.0615
epochIdx: 498,error: 0.0616
epochIdx: 499,error: 0.0616
epochIdx: 500,error: 0.0614
epochIdx: 501,error: 0.0617
epochIdx: 502,error: 0.0612
epochIdx: 503,error: 0.0613
epochIdx: 504,error: 0.0617
epochIdx: 505,error: 0.0614
epochIdx: 506,error: 0.0616
epochIdx: 507,error: 0.0616
epochIdx: 508,error: 0.0615
epochIdx: 509,error: 0.0623
epochIdx: 510,error: 0.0621
epochIdx: 511,error: 0.0616
epochIdx: 512,error: 0.0618
epochIdx: 513,error: 0.061
epochIdx: 514,error: 0.0613
epochIdx: 515,error: 0.0614
epochIdx: 516,error: 0.0613
epochIdx: 517,error: 0.0614
epochIdx: 518,error: 0.0613
epochIdx: 519,error: 0.0612
epochIdx: 520,error: 0.0606
epochIdx: 521,error: 0.0612
epochIdx: 522,error: 0.0606
epochIdx: 523,error: 0.0615
epochIdx: 524,error: 0.0606
epochIdx: 525,error: 0.0611
epochIdx: 526,error: 0.0616
epochIdx: 527,error: 0.0609
epochIdx: 528,error: 0.0618
epochIdx: 529,error: 0.0618
epochIdx: 530,error: 0.0618
epochIdx: 531,error: 0.0615
epochIdx: 532,error: 0.0614
epochIdx: 533,error: 0.0616
epochIdx: 534,error: 0.0614
epochIdx: 535,error: 0.0612
epochIdx: 536,error: 0.0611
epochIdx: 537,error: 0.0617
epochIdx: 538,error: 0.0615
epochIdx: 539,error: 0.0614
epochIdx: 540,error: 0.0614
epochIdx: 541,error: 0.0614
epochIdx: 542,error: 0.0614
epochIdx: 543,error: 0.0617
epochIdx: 544,error: 0.0616
epochIdx: 545,error: 0.061
epochIdx: 546,error: 0.0615
epochIdx: 547,error: 0.061
epochIdx: 548,error: 0.0615
epochIdx: 549,error: 0.0612
epochIdx: 550,error: 0.0615
epochIdx: 551,error: 0.0611
epochIdx: 552,error: 0.061
epochIdx: 553,error: 0.0607
epochIdx: 554,error: 0.0603
epochIdx: 555,error: 0.0608
epochIdx: 556,error: 0.0607
epochIdx: 557,error: 0.0609
epochIdx: 558,error: 0.0615
epochIdx: 559,error: 0.0616
epochIdx: 560,error: 0.0614
epochIdx: 561,error: 0.0607
epochIdx: 562,error: 0.0604
epochIdx: 563,error: 0.0607
epochIdx: 564,error: 0.061
epochIdx: 565,error: 0.0605
epochIdx: 566,error: 0.0607
epochIdx: 567,error: 0.0612
epochIdx: 568,error: 0.0612
epochIdx: 569,error: 0.0609
epochIdx: 570,error: 0.0608
epochIdx: 571,error: 0.0609
epochIdx: 572,error: 0.0608
epochIdx: 573,error: 0.061
epochIdx: 574,error: 0.0609
epochIdx: 575,error: 0.061
epochIdx: 576,error: 0.0611
epochIdx: 577,error: 0.0614
epochIdx: 578,error: 0.0612
epochIdx: 579,error: 0.0608
epochIdx: 580,error: 0.0608
epochIdx: 581,error: 0.0612
epochIdx: 582,error: 0.061
epochIdx: 583,error: 0.0611
epochIdx: 584,error: 0.0608
epochIdx: 585,error: 0.0609
epochIdx: 586,error: 0.0617
epochIdx: 587,error: 0.0613
epochIdx: 588,error: 0.0614
epochIdx: 589,error: 0.061
epochIdx: 590,error: 0.0607
epochIdx: 591,error: 0.061
epochIdx: 592,error: 0.0611
epochIdx: 593,error: 0.0609
epochIdx: 594,error: 0.0612
epochIdx: 595,error: 0.061
epochIdx: 596,error: 0.0615
epochIdx: 597,error: 0.0612
epochIdx: 598,error: 0.0611
epochIdx: 599,error: 0.0609
epochIdx: 600,error: 0.0605
epochIdx: 601,error: 0.0607
epochIdx: 602,error: 0.0612
epochIdx: 603,error: 0.0607
epochIdx: 604,error: 0.0604
epochIdx: 605,error: 0.0603
epochIdx: 606,error: 0.0602
epochIdx: 607,error: 0.0607
epochIdx: 608,error: 0.0604
epochIdx: 609,error: 0.0605
epochIdx: 610,error: 0.0612
epochIdx: 611,error: 0.0607
epochIdx: 612,error: 0.0613
epochIdx: 613,error: 0.0612
epochIdx: 614,error: 0.0615
epochIdx: 615,error: 0.061
epochIdx: 616,error: 0.0611
epochIdx: 617,error: 0.0611
epochIdx: 618,error: 0.0612
epochIdx: 619,error: 0.061
epochIdx: 620,error: 0.0611
epochIdx: 621,error: 0.0605
epochIdx: 622,error: 0.0605
epochIdx: 623,error: 0.0609
epochIdx: 624,error: 0.061
epochIdx: 625,error: 0.0611
epochIdx: 626,error: 0.0607
epochIdx: 627,error: 0.0603
epochIdx: 628,error: 0.0607
epochIdx: 629,error: 0.0608
epochIdx: 630,error: 0.0609
epochIdx: 631,error: 0.0608
epochIdx: 632,error: 0.0606
epochIdx: 633,error: 0.0606
epochIdx: 634,error: 0.0608
epochIdx: 635,error: 0.0608
epochIdx: 636,error: 0.0604
epochIdx: 637,error: 0.0609
epochIdx: 638,error: 0.0606
epochIdx: 639,error: 0.0606
epochIdx: 640,error: 0.0606
epochIdx: 641,error: 0.0605
epochIdx: 642,error: 0.0604
epochIdx: 643,error: 0.0608
epochIdx: 644,error: 0.0603
epochIdx: 645,error: 0.0603
epochIdx: 646,error: 0.0604
epochIdx: 647,error: 0.0602
epochIdx: 648,error: 0.0608
epochIdx: 649,error: 0.0609
epochIdx: 650,error: 0.061
epochIdx: 651,error: 0.0612
epochIdx: 652,error: 0.0611
epochIdx: 653,error: 0.061
epochIdx: 654,error: 0.0606
epochIdx: 655,error: 0.0606
epochIdx: 656,error: 0.06
epochIdx: 657,error: 0.06
epochIdx: 658,error: 0.0603
epochIdx: 659,error: 0.0607
epochIdx: 660,error: 0.0604
epochIdx: 661,error: 0.0597
epochIdx: 662,error: 0.06
epochIdx: 663,error: 0.06
epochIdx: 664,error: 0.06
epochIdx: 665,error: 0.0604
epochIdx: 666,error: 0.0608
epochIdx: 667,error: 0.0605
epochIdx: 668,error: 0.061
epochIdx: 669,error: 0.0603
epochIdx: 670,error: 0.0603
epochIdx: 671,error: 0.0603
epochIdx: 672,error: 0.0608
epochIdx: 673,error: 0.0604
epochIdx: 674,error: 0.0608
epochIdx: 675,error: 0.061
epochIdx: 676,error: 0.0606
epochIdx: 677,error: 0.0609
epochIdx: 678,error: 0.061
epochIdx: 679,error: 0.0612
epochIdx: 680,error: 0.061
epochIdx: 681,error: 0.0611
epochIdx: 682,error: 0.061
epochIdx: 683,error: 0.0611
epochIdx: 684,error: 0.0609
epochIdx: 685,error: 0.0608
epochIdx: 686,error: 0.0604
epochIdx: 687,error: 0.0608
epochIdx: 688,error: 0.061
epochIdx: 689,error: 0.0607
epochIdx: 690,error: 0.0604
epochIdx: 691,error: 0.0603
epochIdx: 692,error: 0.0606
epochIdx: 693,error: 0.0603
epochIdx: 694,error: 0.0603
epochIdx: 695,error: 0.0601
epochIdx: 696,error: 0.0607
epochIdx: 697,error: 0.0608
epochIdx: 698,error: 0.0606
epochIdx: 699,error: 0.0607
epochIdx: 700,error: 0.0605
epochIdx: 701,error: 0.0608
epochIdx: 702,error: 0.0604
epochIdx: 703,error: 0.0601
epochIdx: 704,error: 0.0604
epochIdx: 705,error: 0.0602
epochIdx: 706,error: 0.0605
epochIdx: 707,error: 0.0601
epochIdx: 708,error: 0.0601
epochIdx: 709,error: 0.0602
epochIdx: 710,error: 0.0597
epochIdx: 711,error: 0.0598
epochIdx: 712,error: 0.0602
epochIdx: 713,error: 0.0599
epochIdx: 714,error: 0.0597
epochIdx: 715,error: 0.0598
epochIdx: 716,error: 0.0603
epochIdx: 717,error: 0.0604
epochIdx: 718,error: 0.0608
epochIdx: 719,error: 0.0607
epochIdx: 720,error: 0.0603
epochIdx: 721,error: 0.06
epochIdx: 722,error: 0.0605
epochIdx: 723,error: 0.0603
epochIdx: 724,error: 0.0604
epochIdx: 725,error: 0.0608
epochIdx: 726,error: 0.0605
epochIdx: 727,error: 0.0605
epochIdx: 728,error: 0.0603
epochIdx: 729,error: 0.0611
epochIdx: 730,error: 0.0607
epochIdx: 731,error: 0.0608
epochIdx: 732,error: 0.0605
epochIdx: 733,error: 0.0609
epochIdx: 734,error: 0.0605
epochIdx: 735,error: 0.0608
epochIdx: 736,error: 0.0609
epochIdx: 737,error: 0.0611
epochIdx: 738,error: 0.0608
epochIdx: 739,error: 0.0609
epochIdx: 740,error: 0.0608
epochIdx: 741,error: 0.0605
epochIdx: 742,error: 0.0609
epochIdx: 743,error: 0.0605
epochIdx: 744,error: 0.0606
epochIdx: 745,error: 0.0605
epochIdx: 746,error: 0.0605
epochIdx: 747,error: 0.0607
epochIdx: 748,error: 0.0608
epochIdx: 749,error: 0.0608
epochIdx: 750,error: 0.0606
epochIdx: 751,error: 0.0609
epochIdx: 752,error: 0.0607
epochIdx: 753,error: 0.0609
epochIdx: 754,error: 0.0609
epochIdx: 755,error: 0.0613
epochIdx: 756,error: 0.0612
epochIdx: 757,error: 0.0608
epochIdx: 758,error: 0.0608
epochIdx: 759,error: 0.0608
epochIdx: 760,error: 0.0608
epochIdx: 761,error: 0.0606
epochIdx: 762,error: 0.0608
epochIdx: 763,error: 0.0602
epochIdx: 764,error: 0.0597
epochIdx: 765,error: 0.0608
epochIdx: 766,error: 0.0611
epochIdx: 767,error: 0.0609
epochIdx: 768,error: 0.0605
epochIdx: 769,error: 0.0602
epochIdx: 770,error: 0.0605
epochIdx: 771,error: 0.0602
epochIdx: 772,error: 0.0606
epochIdx: 773,error: 0.0601
epochIdx: 774,error: 0.0606
epochIdx: 775,error: 0.0603
epochIdx: 776,error: 0.0609
epochIdx: 777,error: 0.0607
epochIdx: 778,error: 0.0608
epochIdx: 779,error: 0.0605
epochIdx: 780,error: 0.0607
epochIdx: 781,error: 0.0607
epochIdx: 782,error: 0.0604
epochIdx: 783,error: 0.061
epochIdx: 784,error: 0.0607
epochIdx: 785,error: 0.0611
epochIdx: 786,error: 0.061
epochIdx: 787,error: 0.061
epochIdx: 788,error: 0.0601
epochIdx: 789,error: 0.0605
epochIdx: 790,error: 0.0611
epochIdx: 791,error: 0.0602
epochIdx: 792,error: 0.0602
epochIdx: 793,error: 0.0603
epochIdx: 794,error: 0.0603
epochIdx: 795,error: 0.0606
epochIdx: 796,error: 0.0607
epochIdx: 797,error: 0.0602
epochIdx: 798,error: 0.0605
epochIdx: 799,error: 0.0598
epochIdx: 800,error: 0.0607
epochIdx: 801,error: 0.0601
epochIdx: 802,error: 0.0606
epochIdx: 803,error: 0.0598
epochIdx: 804,error: 0.06
epochIdx: 805,error: 0.0602
epochIdx: 806,error: 0.0609
epochIdx: 807,error: 0.061
epochIdx: 808,error: 0.061
epochIdx: 809,error: 0.0608
epochIdx: 810,error: 0.0609
epochIdx: 811,error: 0.0611
epochIdx: 812,error: 0.0608
epochIdx: 813,error: 0.0608
epochIdx: 814,error: 0.0607
epochIdx: 815,error: 0.0609
epochIdx: 816,error: 0.0606
epochIdx: 817,error: 0.0607
epochIdx: 818,error: 0.0603
epochIdx: 819,error: 0.0605
epochIdx: 820,error: 0.0609
epochIdx: 821,error: 0.0606
epochIdx: 822,error: 0.0607
epochIdx: 823,error: 0.0606
epochIdx: 824,error: 0.0606
epochIdx: 825,error: 0.061
epochIdx: 826,error: 0.0611
epochIdx: 827,error: 0.0611
epochIdx: 828,error: 0.061
epochIdx: 829,error: 0.0606
epochIdx: 830,error: 0.0607
epochIdx: 831,error: 0.0607
epochIdx: 832,error: 0.0606
epochIdx: 833,error: 0.0603
epochIdx: 834,error: 0.0608
epochIdx: 835,error: 0.0603
epochIdx: 836,error: 0.0605
epochIdx: 837,error: 0.0606
epochIdx: 838,error: 0.0614
epochIdx: 839,error: 0.061
epochIdx: 840,error: 0.061
epochIdx: 841,error: 0.0611
epochIdx: 842,error: 0.0613
epochIdx: 843,error: 0.0613
epochIdx: 844,error: 0.0612
epochIdx: 845,error: 0.0609
epochIdx: 846,error: 0.061
epochIdx: 847,error: 0.0612
epochIdx: 848,error: 0.0605
epochIdx: 849,error: 0.0607
epochIdx: 850,error: 0.061
epochIdx: 851,error: 0.0614
epochIdx: 852,error: 0.061
epochIdx: 853,error: 0.061
epochIdx: 854,error: 0.0612
epochIdx: 855,error: 0.061
epochIdx: 856,error: 0.0611
epochIdx: 857,error: 0.0613
epochIdx: 858,error: 0.0613
epochIdx: 859,error: 0.0612
epochIdx: 860,error: 0.061
epochIdx: 861,error: 0.061
epochIdx: 862,error: 0.0608
epochIdx: 863,error: 0.0613
epochIdx: 864,error: 0.061
epochIdx: 865,error: 0.0615
epochIdx: 866,error: 0.0616
epochIdx: 867,error: 0.0615
epochIdx: 868,error: 0.0615
epochIdx: 869,error: 0.0618
epochIdx: 870,error: 0.0618
epochIdx: 871,error: 0.0613
epochIdx: 872,error: 0.0613
epochIdx: 873,error: 0.0607
epochIdx: 874,error: 0.0609
epochIdx: 875,error: 0.0608
epochIdx: 876,error: 0.0607
epochIdx: 877,error: 0.0611
epochIdx: 878,error: 0.0609
epochIdx: 879,error: 0.0603
epochIdx: 880,error: 0.0606
epochIdx: 881,error: 0.061
epochIdx: 882,error: 0.0611
epochIdx: 883,error: 0.0608
epochIdx: 884,error: 0.0612
epochIdx: 885,error: 0.0616
epochIdx: 886,error: 0.0612
epochIdx: 887,error: 0.0605
epochIdx: 888,error: 0.0605
epochIdx: 889,error: 0.0608
epochIdx: 890,error: 0.061
epochIdx: 891,error: 0.0603
epochIdx: 892,error: 0.0604
epochIdx: 893,error: 0.0611
epochIdx: 894,error: 0.061
epochIdx: 895,error: 0.0607
epochIdx: 896,error: 0.0603
epochIdx: 897,error: 0.0605
epochIdx: 898,error: 0.061
epochIdx: 899,error: 0.061
epochIdx: 900,error: 0.0605
epochIdx: 901,error: 0.0604
epochIdx: 902,error: 0.061
epochIdx: 903,error: 0.0598
epochIdx: 904,error: 0.0598
epochIdx: 905,error: 0.0603
epochIdx: 906,error: 0.0603
epochIdx: 907,error: 0.0603
epochIdx: 908,error: 0.06
epochIdx: 909,error: 0.0603
epochIdx: 910,error: 0.0598
epochIdx: 911,error: 0.0599
epochIdx: 912,error: 0.0597
epochIdx: 913,error: 0.0604
epochIdx: 914,error: 0.0596
epochIdx: 915,error: 0.06
epochIdx: 916,error: 0.0598
epochIdx: 917,error: 0.0598
epochIdx: 918,error: 0.0604
epochIdx: 919,error: 0.0601
epochIdx: 920,error: 0.0601
epochIdx: 921,error: 0.0601
epochIdx: 922,error: 0.0605
epochIdx: 923,error: 0.0604
epochIdx: 924,error: 0.0603
epochIdx: 925,error: 0.0605
epochIdx: 926,error: 0.0606
epochIdx: 927,error: 0.0604
epochIdx: 928,error: 0.0603
epochIdx: 929,error: 0.0598
epochIdx: 930,error: 0.0603
epochIdx: 931,error: 0.0601
epochIdx: 932,error: 0.0606
epochIdx: 933,error: 0.0609
epochIdx: 934,error: 0.06
epochIdx: 935,error: 0.0604
epochIdx: 936,error: 0.0603
epochIdx: 937,error: 0.06
epochIdx: 938,error: 0.0598
epochIdx: 939,error: 0.0608
epochIdx: 940,error: 0.0605
epochIdx: 941,error: 0.06
epochIdx: 942,error: 0.0598
epochIdx: 943,error: 0.0603
epochIdx: 944,error: 0.0604
epochIdx: 945,error: 0.0606
epochIdx: 946,error: 0.0609
epochIdx: 947,error: 0.0603
epochIdx: 948,error: 0.0603
epochIdx: 949,error: 0.0604
epochIdx: 950,error: 0.0602
epochIdx: 951,error: 0.0602
epochIdx: 952,error: 0.0604
epochIdx: 953,error: 0.06
epochIdx: 954,error: 0.0601
epochIdx: 955,error: 0.0606
epochIdx: 956,error: 0.0607
epochIdx: 957,error: 0.0603
epochIdx: 958,error: 0.0612
epochIdx: 959,error: 0.0609
epochIdx: 960,error: 0.0612
epochIdx: 961,error: 0.0607
epochIdx: 962,error: 0.0609
epochIdx: 963,error: 0.0609
epochIdx: 964,error: 0.061
epochIdx: 965,error: 0.0608
epochIdx: 966,error: 0.0611
epochIdx: 967,error: 0.0603
epochIdx: 968,error: 0.0608
epochIdx: 969,error: 0.0602
epochIdx: 970,error: 0.0605
epochIdx: 971,error: 0.0605
epochIdx: 972,error: 0.0601
epochIdx: 973,error: 0.0606
epochIdx: 974,error: 0.0601
epochIdx: 975,error: 0.0607
epochIdx: 976,error: 0.0607
epochIdx: 977,error: 0.0607
epochIdx: 978,error: 0.0603
epochIdx: 979,error: 0.0604
epochIdx: 980,error: 0.0605
epochIdx: 981,error: 0.06
epochIdx: 982,error: 0.0601
epochIdx: 983,error: 0.0604
epochIdx: 984,error: 0.0608
epochIdx: 985,error: 0.0607
epochIdx: 986,error: 0.0607
epochIdx: 987,error: 0.0601
epochIdx: 988,error: 0.0601
epochIdx: 989,error: 0.0604
epochIdx: 990,error: 0.0605
epochIdx: 991,error: 0.0603
epochIdx: 992,error: 0.0601
epochIdx: 993,error: 0.0605
epochIdx: 994,error: 0.0608
epochIdx: 995,error: 0.061
epochIdx: 996,error: 0.0604
epochIdx: 997,error: 0.0604
epochIdx: 998,error: 0.0605
epochIdx: 999,error: 0.0608
epochIdx: 1000,error: 0.0609
epochIdx: 1001,error: 0.0607
epochIdx: 1002,error: 0.0599
epochIdx: 1003,error: 0.0603
epochIdx: 1004,error: 0.06
epochIdx: 1005,error: 0.0599
epochIdx: 1006,error: 0.06
epochIdx: 1007,error: 0.06
epochIdx: 1008,error: 0.0595
epochIdx: 1009,error: 0.0604
epochIdx: 1010,error: 0.0604
epochIdx: 1011,error: 0.0602
epochIdx: 1012,error: 0.0607
epochIdx: 1013,error: 0.0608
epochIdx: 1014,error: 0.0605
epochIdx: 1015,error: 0.0605
epochIdx: 1016,error: 0.0606
epochIdx: 1017,error: 0.0599
epochIdx: 1018,error: 0.0597
epochIdx: 1019,error: 0.06
epochIdx: 1020,error: 0.0601
epochIdx: 1021,error: 0.06
epochIdx: 1022,error: 0.0598
epochIdx: 1023,error: 0.0607
epochIdx: 1024,error: 0.0602
epochIdx: 1025,error: 0.0605
epochIdx: 1026,error: 0.0599
epochIdx: 1027,error: 0.0599
epochIdx: 1028,error: 0.06
epochIdx: 1029,error: 0.0601
epochIdx: 1030,error: 0.0594
epochIdx: 1031,error: 0.0598
epochIdx: 1032,error: 0.0595
epochIdx: 1033,error: 0.0597
epochIdx: 1034,error: 0.0595
epochIdx: 1035,error: 0.0598
epochIdx: 1036,error: 0.0602
epochIdx: 1037,error: 0.0602
epochIdx: 1038,error: 0.0599
epochIdx: 1039,error: 0.06
epochIdx: 1040,error: 0.0602
epochIdx: 1041,error: 0.0601
epochIdx: 1042,error: 0.0605
epochIdx: 1043,error: 0.0604
epochIdx: 1044,error: 0.0594
epochIdx: 1045,error: 0.0605
epochIdx: 1046,error: 0.0602
epochIdx: 1047,error: 0.0608
epochIdx: 1048,error: 0.0606
epochIdx: 1049,error: 0.0601
epochIdx: 1050,error: 0.0598
epochIdx: 1051,error: 0.06
epochIdx: 1052,error: 0.0605
epochIdx: 1053,error: 0.0597
epochIdx: 1054,error: 0.0599
epochIdx: 1055,error: 0.06
epochIdx: 1056,error: 0.0603
epochIdx: 1057,error: 0.0603
epochIdx: 1058,error: 0.0603
epochIdx: 1059,error: 0.0607
epochIdx: 1060,error: 0.0601
epochIdx: 1061,error: 0.0603
epochIdx: 1062,error: 0.0597
epochIdx: 1063,error: 0.0604
epochIdx: 1064,error: 0.0602
epochIdx: 1065,error: 0.06
epochIdx: 1066,error: 0.0601
epochIdx: 1067,error: 0.0602
epochIdx: 1068,error: 0.06
epochIdx: 1069,error: 0.0602
epochIdx: 1070,error: 0.0597
epochIdx: 1071,error: 0.06
epochIdx: 1072,error: 0.06
epochIdx: 1073,error: 0.0599
epochIdx: 1074,error: 0.0602
epochIdx: 1075,error: 0.0595
epochIdx: 1076,error: 0.0597
epochIdx: 1077,error: 0.0598
epochIdx: 1078,error: 0.0603
epochIdx: 1079,error: 0.0603
epochIdx: 1080,error: 0.0606
epochIdx: 1081,error: 0.0603
epochIdx: 1082,error: 0.0602
epochIdx: 1083,error: 0.0599
epochIdx: 1084,error: 0.06
epochIdx: 1085,error: 0.0595
epochIdx: 1086,error: 0.0602
epochIdx: 1087,error: 0.06
epochIdx: 1088,error: 0.0595
epochIdx: 1089,error: 0.0599
epochIdx: 1090,error: 0.0598
epochIdx: 1091,error: 0.0601
epochIdx: 1092,error: 0.0602
epochIdx: 1093,error: 0.0595
epochIdx: 1094,error: 0.0598
epochIdx: 1095,error: 0.0601
epochIdx: 1096,error: 0.0606
epochIdx: 1097,error: 0.0604
epochIdx: 1098,error: 0.0602
epochIdx: 1099,error: 0.0602
epochIdx: 1100,error: 0.0598
epochIdx: 1101,error: 0.0601
epochIdx: 1102,error: 0.0599
epochIdx: 1103,error: 0.0604
epochIdx: 1104,error: 0.06
epochIdx: 1105,error: 0.0597
epochIdx: 1106,error: 0.0599
epochIdx: 1107,error: 0.0595
epochIdx: 1108,error: 0.0602
epochIdx: 1109,error: 0.0603
epochIdx: 1110,error: 0.0597
epochIdx: 1111,error: 0.0595
epochIdx: 1112,error: 0.0605
epochIdx: 1113,error: 0.0597
epochIdx: 1114,error: 0.0592
epochIdx: 1115,error: 0.0595
epochIdx: 1116,error: 0.0602
epochIdx: 1117,error: 0.0604
epochIdx: 1118,error: 0.0594
epochIdx: 1119,error: 0.0599
epochIdx: 1120,error: 0.0599
epochIdx: 1121,error: 0.0598
epochIdx: 1122,error: 0.0598
epochIdx: 1123,error: 0.0598
epochIdx: 1124,error: 0.0599
epochIdx: 1125,error: 0.0606
epochIdx: 1126,error: 0.0606
epochIdx: 1127,error: 0.0605
epochIdx: 1128,error: 0.06
epochIdx: 1129,error: 0.0601
epochIdx: 1130,error: 0.06
epochIdx: 1131,error: 0.06
epochIdx: 1132,error: 0.0606
epochIdx: 1133,error: 0.0599
epochIdx: 1134,error: 0.0599
epochIdx: 1135,error: 0.0595
epochIdx: 1136,error: 0.0591
epochIdx: 1137,error: 0.0596
epochIdx: 1138,error: 0.0599
epochIdx: 1139,error: 0.0596
epochIdx: 1140,error: 0.0597
epochIdx: 1141,error: 0.0591
epochIdx: 1142,error: 0.0593
epochIdx: 1143,error: 0.0596
epochIdx: 1144,error: 0.0595
epochIdx: 1145,error: 0.0597
epochIdx: 1146,error: 0.0592
epochIdx: 1147,error: 0.0593
epochIdx: 1148,error: 0.0595
epochIdx: 1149,error: 0.0598
epochIdx: 1150,error: 0.0593
epochIdx: 1151,error: 0.0596
epochIdx: 1152,error: 0.06
epochIdx: 1153,error: 0.0596
epochIdx: 1154,error: 0.0597
epochIdx: 1155,error: 0.0596
epochIdx: 1156,error: 0.0598
epochIdx: 1157,error: 0.0602
epochIdx: 1158,error: 0.0601
epochIdx: 1159,error: 0.0601
epochIdx: 1160,error: 0.06
epochIdx: 1161,error: 0.06
epochIdx: 1162,error: 0.0598
epochIdx: 1163,error: 0.0596
epochIdx: 1164,error: 0.0601
epochIdx: 1165,error: 0.0593
epochIdx: 1166,error: 0.0592
epochIdx: 1167,error: 0.0593
epochIdx: 1168,error: 0.0597
epochIdx: 1169,error: 0.0601
epochIdx: 1170,error: 0.0595
epochIdx: 1171,error: 0.0599
epochIdx: 1172,error: 0.0597
epochIdx: 1173,error: 0.0595
epochIdx: 1174,error: 0.0597
epochIdx: 1175,error: 0.0595
epochIdx: 1176,error: 0.0598
epochIdx: 1177,error: 0.0601
epochIdx: 1178,error: 0.0597
epochIdx: 1179,error: 0.0605
epochIdx: 1180,error: 0.0601
epochIdx: 1181,error: 0.0603
epochIdx: 1182,error: 0.0597
epochIdx: 1183,error: 0.0598
epochIdx: 1184,error: 0.0601
epochIdx: 1185,error: 0.0597
epochIdx: 1186,error: 0.06
epochIdx: 1187,error: 0.0596
epochIdx: 1188,error: 0.0601
epochIdx: 1189,error: 0.0599
epochIdx: 1190,error: 0.0594
epochIdx: 1191,error: 0.0595
epochIdx: 1192,error: 0.0601
epochIdx: 1193,error: 0.0597
epochIdx: 1194,error: 0.0601
epochIdx: 1195,error: 0.0601
epochIdx: 1196,error: 0.0603
epochIdx: 1197,error: 0.0598
epochIdx: 1198,error: 0.0603
epochIdx: 1199,error: 0.06
epochIdx: 1200,error: 0.0601
epochIdx: 1201,error: 0.0598
epochIdx: 1202,error: 0.0603
epochIdx: 1203,error: 0.0602
epochIdx: 1204,error: 0.0599
epochIdx: 1205,error: 0.0601
epochIdx: 1206,error: 0.0601
epochIdx: 1207,error: 0.0602
epochIdx: 1208,error: 0.0604
epochIdx: 1209,error: 0.0605
epochIdx: 1210,error: 0.0601
epochIdx: 1211,error: 0.0604
epochIdx: 1212,error: 0.0603
epochIdx: 1213,error: 0.0598
epochIdx: 1214,error: 0.0599
epochIdx: 1215,error: 0.0601
epochIdx: 1216,error: 0.06
epochIdx: 1217,error: 0.0603
epochIdx: 1218,error: 0.0594
epochIdx: 1219,error: 0.06
epochIdx: 1220,error: 0.06
epochIdx: 1221,error: 0.0599
epochIdx: 1222,error: 0.0597
epochIdx: 1223,error: 0.0591
epochIdx: 1224,error: 0.0603
epochIdx: 1225,error: 0.06
epochIdx: 1226,error: 0.06
epochIdx: 1227,error: 0.06
epochIdx: 1228,error: 0.0597
epochIdx: 1229,error: 0.0599
epochIdx: 1230,error: 0.0592
epochIdx: 1231,error: 0.0597
epochIdx: 1232,error: 0.0596
epochIdx: 1233,error: 0.0601
epochIdx: 1234,error: 0.0593
epochIdx: 1235,error: 0.0593
epochIdx: 1236,error: 0.0594
epochIdx: 1237,error: 0.059
epochIdx: 1238,error: 0.0598
epochIdx: 1239,error: 0.0595
epochIdx: 1240,error: 0.0595
epochIdx: 1241,error: 0.0598
epochIdx: 1242,error: 0.0595
epochIdx: 1243,error: 0.0596
epochIdx: 1244,error: 0.0592
epochIdx: 1245,error: 0.0592
epochIdx: 1246,error: 0.0591
epochIdx: 1247,error: 0.0597
epochIdx: 1248,error: 0.0595
epochIdx: 1249,error: 0.0592
epochIdx: 1250,error: 0.059
epochIdx: 1251,error: 0.0594
epochIdx: 1252,error: 0.0602
epochIdx: 1253,error: 0.0598
epochIdx: 1254,error: 0.0594
epochIdx: 1255,error: 0.0598
epochIdx: 1256,error: 0.0592
epochIdx: 1257,error: 0.0593
epochIdx: 1258,error: 0.0596
epochIdx: 1259,error: 0.0594
epochIdx: 1260,error: 0.0596
epochIdx: 1261,error: 0.0598
epochIdx: 1262,error: 0.06
epochIdx: 1263,error: 0.0598
epochIdx: 1264,error: 0.0598
epochIdx: 1265,error: 0.0597
epochIdx: 1266,error: 0.0597
epochIdx: 1267,error: 0.0597
epochIdx: 1268,error: 0.0592
epochIdx: 1269,error: 0.0596
epochIdx: 1270,error: 0.0593
epochIdx: 1271,error: 0.0594
epochIdx: 1272,error: 0.0597
epochIdx: 1273,error: 0.0597
epochIdx: 1274,error: 0.0601
epochIdx: 1275,error: 0.0599
epochIdx: 1276,error: 0.0594
epochIdx: 1277,error: 0.0594
epochIdx: 1278,error: 0.06
epochIdx: 1279,error: 0.0601
epochIdx: 1280,error: 0.0595
epochIdx: 1281,error: 0.0592
epochIdx: 1282,error: 0.0595
epochIdx: 1283,error: 0.0591
epochIdx: 1284,error: 0.0595
epochIdx: 1285,error: 0.0595
epochIdx: 1286,error: 0.0599
epochIdx: 1287,error: 0.0599
epochIdx: 1288,error: 0.0599
epochIdx: 1289,error: 0.0594
epochIdx: 1290,error: 0.0596
epochIdx: 1291,error: 0.0593
epochIdx: 1292,error: 0.0597
epochIdx: 1293,error: 0.0591
epochIdx: 1294,error: 0.0597
epochIdx: 1295,error: 0.0592
epochIdx: 1296,error: 0.0596
epochIdx: 1297,error: 0.0599
epochIdx: 1298,error: 0.0592
epochIdx: 1299,error: 0.0593
epochIdx: 1300,error: 0.0593
epochIdx: 1301,error: 0.0592
epochIdx: 1302,error: 0.059
epochIdx: 1303,error: 0.0593
epochIdx: 1304,error: 0.0596
epochIdx: 1305,error: 0.0595
epochIdx: 1306,error: 0.0595
epochIdx: 1307,error: 0.0594
epochIdx: 1308,error: 0.0592
epochIdx: 1309,error: 0.0595
epochIdx: 1310,error: 0.0592
epochIdx: 1311,error: 0.0597
epochIdx: 1312,error: 0.0599
epochIdx: 1313,error: 0.0598
epochIdx: 1314,error: 0.0596
epochIdx: 1315,error: 0.0592
epochIdx: 1316,error: 0.0593
epochIdx: 1317,error: 0.0592
epochIdx: 1318,error: 0.0599
epochIdx: 1319,error: 0.0591
epochIdx: 1320,error: 0.0595
epochIdx: 1321,error: 0.0593
epochIdx: 1322,error: 0.0594
epochIdx: 1323,error: 0.0598
epochIdx: 1324,error: 0.0594
epochIdx: 1325,error: 0.0591
epochIdx: 1326,error: 0.0592
epochIdx: 1327,error: 0.0592
epochIdx: 1328,error: 0.059
epochIdx: 1329,error: 0.0589
epochIdx: 1330,error: 0.0592
epochIdx: 1331,error: 0.0591
epochIdx: 1332,error: 0.0596
epochIdx: 1333,error: 0.0596
epochIdx: 1334,error: 0.0593
epochIdx: 1335,error: 0.0596
epochIdx: 1336,error: 0.0595
epochIdx: 1337,error: 0.0592
epochIdx: 1338,error: 0.0596
epochIdx: 1339,error: 0.0591
epochIdx: 1340,error: 0.0591
epochIdx: 1341,error: 0.0591
epochIdx: 1342,error: 0.0592
epochIdx: 1343,error: 0.0589
epochIdx: 1344,error: 0.0589
epochIdx: 1345,error: 0.0593
epochIdx: 1346,error: 0.0595
epochIdx: 1347,error: 0.0599
epochIdx: 1348,error: 0.0592
epochIdx: 1349,error: 0.0593
epochIdx: 1350,error: 0.0593
epochIdx: 1351,error: 0.0592
epochIdx: 1352,error: 0.0588
epochIdx: 1353,error: 0.0592
epochIdx: 1354,error: 0.0586
epochIdx: 1355,error: 0.0593
epochIdx: 1356,error: 0.0591
epochIdx: 1357,error: 0.0588
epochIdx: 1358,error: 0.059
epochIdx: 1359,error: 0.0592
epochIdx: 1360,error: 0.059
epochIdx: 1361,error: 0.0584
epochIdx: 1362,error: 0.0589
epochIdx: 1363,error: 0.0586
epochIdx: 1364,error: 0.0592
epochIdx: 1365,error: 0.0591
epochIdx: 1366,error: 0.0592
epochIdx: 1367,error: 0.0591
epochIdx: 1368,error: 0.0587
epochIdx: 1369,error: 0.0593
epochIdx: 1370,error: 0.0595
epochIdx: 1371,error: 0.0594
epochIdx: 1372,error: 0.0595
epochIdx: 1373,error: 0.0594
epochIdx: 1374,error: 0.059
epochIdx: 1375,error: 0.0592
epochIdx: 1376,error: 0.0597
epochIdx: 1377,error: 0.0589
epochIdx: 1378,error: 0.0592
epochIdx: 1379,error: 0.0588
epochIdx: 1380,error: 0.0592
epochIdx: 1381,error: 0.0592
epochIdx: 1382,error: 0.0593
epochIdx: 1383,error: 0.0588
epochIdx: 1384,error: 0.0592
epochIdx: 1385,error: 0.06
epochIdx: 1386,error: 0.0594
epochIdx: 1387,error: 0.0594
epochIdx: 1388,error: 0.0591
epochIdx: 1389,error: 0.0594
epochIdx: 1390,error: 0.0596
epochIdx: 1391,error: 0.0596
epochIdx: 1392,error: 0.0594
epochIdx: 1393,error: 0.0593
epochIdx: 1394,error: 0.0595
epochIdx: 1395,error: 0.0588
epochIdx: 1396,error: 0.0598
epochIdx: 1397,error: 0.0598
epochIdx: 1398,error: 0.0593
epochIdx: 1399,error: 0.0597
epochIdx: 1400,error: 0.0595
epochIdx: 1401,error: 0.0599
epochIdx: 1402,error: 0.06
epochIdx: 1403,error: 0.0588
epochIdx: 1404,error: 0.0591
epochIdx: 1405,error: 0.0593
epochIdx: 1406,error: 0.0591
epochIdx: 1407,error: 0.0592
epochIdx: 1408,error: 0.0588
epochIdx: 1409,error: 0.0592
epochIdx: 1410,error: 0.0589
epochIdx: 1411,error: 0.0596
epochIdx: 1412,error: 0.0592
epochIdx: 1413,error: 0.0591
epochIdx: 1414,error: 0.0592
epochIdx: 1415,error: 0.0592
epochIdx: 1416,error: 0.0591
epochIdx: 1417,error: 0.0591
epochIdx: 1418,error: 0.0594
epochIdx: 1419,error: 0.0593
epochIdx: 1420,error: 0.0591
epochIdx: 1421,error: 0.0592
epochIdx: 1422,error: 0.0592
epochIdx: 1423,error: 0.0592
epochIdx: 1424,error: 0.0586
epochIdx: 1425,error: 0.059
epochIdx: 1426,error: 0.0586
epochIdx: 1427,error: 0.0593
epochIdx: 1428,error: 0.0591
epochIdx: 1429,error: 0.059
epochIdx: 1430,error: 0.0591
epochIdx: 1431,error: 0.0594
epochIdx: 1432,error: 0.0593
epochIdx: 1433,error: 0.0591
epochIdx: 1434,error: 0.0589
epochIdx: 1435,error: 0.0588
epochIdx: 1436,error: 0.0594
epochIdx: 1437,error: 0.0591
epochIdx: 1438,error: 0.0589
epochIdx: 1439,error: 0.0593
epochIdx: 1440,error: 0.0587
epochIdx: 1441,error: 0.0588
epochIdx: 1442,error: 0.0581
epochIdx: 1443,error: 0.0589
epochIdx: 1444,error: 0.0585
epochIdx: 1445,error: 0.0588
epochIdx: 1446,error: 0.0587
epochIdx: 1447,error: 0.0589
epochIdx: 1448,error: 0.0589
epochIdx: 1449,error: 0.0594
epochIdx: 1450,error: 0.0588
epochIdx: 1451,error: 0.0594
epochIdx: 1452,error: 0.0591
epochIdx: 1453,error: 0.0594
epochIdx: 1454,error: 0.059
epochIdx: 1455,error: 0.0593
epochIdx: 1456,error: 0.0594
epochIdx: 1457,error: 0.0595
epochIdx: 1458,error: 0.0595
epochIdx: 1459,error: 0.0596
epochIdx: 1460,error: 0.0592
epochIdx: 1461,error: 0.0591
epochIdx: 1462,error: 0.0596
epochIdx: 1463,error: 0.0592
epochIdx: 1464,error: 0.0588
epochIdx: 1465,error: 0.0596
epochIdx: 1466,error: 0.0588
epochIdx: 1467,error: 0.0588
epochIdx: 1468,error: 0.059
epochIdx: 1469,error: 0.0593
epochIdx: 1470,error: 0.0592
epochIdx: 1471,error: 0.0594
epochIdx: 1472,error: 0.059
epochIdx: 1473,error: 0.0589
epochIdx: 1474,error: 0.0591
epochIdx: 1475,error: 0.0593
epochIdx: 1476,error: 0.0591
epochIdx: 1477,error: 0.0585
epochIdx: 1478,error: 0.0593
epochIdx: 1479,error: 0.0592
epochIdx: 1480,error: 0.0588
epochIdx: 1481,error: 0.0596
epochIdx: 1482,error: 0.0587
epochIdx: 1483,error: 0.0591
epochIdx: 1484,error: 0.0588
epochIdx: 1485,error: 0.0587
epochIdx: 1486,error: 0.0589
epochIdx: 1487,error: 0.0587
epochIdx: 1488,error: 0.0592
epochIdx: 1489,error: 0.0593
epochIdx: 1490,error: 0.0589
epochIdx: 1491,error: 0.0588
epochIdx: 1492,error: 0.0585
epochIdx: 1493,error: 0.0587
epochIdx: 1494,error: 0.0588
epochIdx: 1495,error: 0.059
epochIdx: 1496,error: 0.0586
epochIdx: 1497,error: 0.0584
epochIdx: 1498,error: 0.0586
epochIdx: 1499,error: 0.0585
epochIdx: 1500,error: 0.0585
epochIdx: 1501,error: 0.0584
epochIdx: 1502,error: 0.0585
epochIdx: 1503,error: 0.0586
epochIdx: 1504,error: 0.0588
epochIdx: 1505,error: 0.0584
epochIdx: 1506,error: 0.0584
epochIdx: 1507,error: 0.0585
epochIdx: 1508,error: 0.0584
epochIdx: 1509,error: 0.0585
epochIdx: 1510,error: 0.0587
epochIdx: 1511,error: 0.0581
epochIdx: 1512,error: 0.0588
epochIdx: 1513,error: 0.0582
epochIdx: 1514,error: 0.0585
epochIdx: 1515,error: 0.0589
epochIdx: 1516,error: 0.0588
epochIdx: 1517,error: 0.059
epochIdx: 1518,error: 0.0587
epochIdx: 1519,error: 0.0588
epochIdx: 1520,error: 0.059
epochIdx: 1521,error: 0.0592
epochIdx: 1522,error: 0.0591
epochIdx: 1523,error: 0.0582
epochIdx: 1524,error: 0.0587
epochIdx: 1525,error: 0.0587
epochIdx: 1526,error: 0.0585
epochIdx: 1527,error: 0.0581
epochIdx: 1528,error: 0.0587
epochIdx: 1529,error: 0.0587
epochIdx: 1530,error: 0.0584
epochIdx: 1531,error: 0.0586
epochIdx: 1532,error: 0.0586
epochIdx: 1533,error: 0.0589
epochIdx: 1534,error: 0.0591
epochIdx: 1535,error: 0.0588
epochIdx: 1536,error: 0.0591
epochIdx: 1537,error: 0.0587
epochIdx: 1538,error: 0.0587
epochIdx: 1539,error: 0.0585
epochIdx: 1540,error: 0.0589
epochIdx: 1541,error: 0.0587
epochIdx: 1542,error: 0.0583
epochIdx: 1543,error: 0.0584
epochIdx: 1544,error: 0.0586
epochIdx: 1545,error: 0.0587
epochIdx: 1546,error: 0.059
epochIdx: 1547,error: 0.059
epochIdx: 1548,error: 0.0585
epochIdx: 1549,error: 0.0588
epochIdx: 1550,error: 0.0586
epochIdx: 1551,error: 0.059
epochIdx: 1552,error: 0.0591
epochIdx: 1553,error: 0.059
epochIdx: 1554,error: 0.0598
epochIdx: 1555,error: 0.0589
epochIdx: 1556,error: 0.0589
epochIdx: 1557,error: 0.059
epochIdx: 1558,error: 0.0591
epochIdx: 1559,error: 0.0593
epochIdx: 1560,error: 0.0593
epochIdx: 1561,error: 0.0593
epochIdx: 1562,error: 0.0588
epochIdx: 1563,error: 0.0595
epochIdx: 1564,error: 0.0594
epochIdx: 1565,error: 0.0593
epochIdx: 1566,error: 0.0591
epochIdx: 1567,error: 0.0593
epochIdx: 1568,error: 0.059
epochIdx: 1569,error: 0.0588
epochIdx: 1570,error: 0.0589
epochIdx: 1571,error: 0.0592
epochIdx: 1572,error: 0.0593
epochIdx: 1573,error: 0.0592
epochIdx: 1574,error: 0.0587
epochIdx: 1575,error: 0.0591
epochIdx: 1576,error: 0.0588
epochIdx: 1577,error: 0.0586
epochIdx: 1578,error: 0.0587
epochIdx: 1579,error: 0.0586
epochIdx: 1580,error: 0.0587
epochIdx: 1581,error: 0.0585
epochIdx: 1582,error: 0.0586
epochIdx: 1583,error: 0.058
epochIdx: 1584,error: 0.0588
epochIdx: 1585,error: 0.0585
epochIdx: 1586,error: 0.0588
epochIdx: 1587,error: 0.0588
epochIdx: 1588,error: 0.0585
epochIdx: 1589,error: 0.0588
epochIdx: 1590,error: 0.0586
epochIdx: 1591,error: 0.0586
epochIdx: 1592,error: 0.0583
epochIdx: 1593,error: 0.058
epochIdx: 1594,error: 0.0582
epochIdx: 1595,error: 0.0583
epochIdx: 1596,error: 0.0583
epochIdx: 1597,error: 0.0588
epochIdx: 1598,error: 0.0581
epochIdx: 1599,error: 0.0582
epochIdx: 1600,error: 0.0585
epochIdx: 1601,error: 0.0584
epochIdx: 1602,error: 0.0585
epochIdx: 1603,error: 0.0586
epochIdx: 1604,error: 0.0591
epochIdx: 1605,error: 0.0588
epochIdx: 1606,error: 0.0584
epochIdx: 1607,error: 0.0581
epochIdx: 1608,error: 0.0588
epochIdx: 1609,error: 0.0583
epochIdx: 1610,error: 0.0584
epochIdx: 1611,error: 0.0585
epochIdx: 1612,error: 0.0585
epochIdx: 1613,error: 0.0588
epochIdx: 1614,error: 0.0581
epochIdx: 1615,error: 0.0581
epochIdx: 1616,error: 0.0587
epochIdx: 1617,error: 0.0583
epochIdx: 1618,error: 0.0584
epochIdx: 1619,error: 0.0588
epochIdx: 1620,error: 0.0587
epochIdx: 1621,error: 0.0586
epochIdx: 1622,error: 0.0578
epochIdx: 1623,error: 0.0588
epochIdx: 1624,error: 0.0587
epochIdx: 1625,error: 0.058
epochIdx: 1626,error: 0.0586
epochIdx: 1627,error: 0.0584
epochIdx: 1628,error: 0.0583
epochIdx: 1629,error: 0.0581
epochIdx: 1630,error: 0.0581
epochIdx: 1631,error: 0.0585
epochIdx: 1632,error: 0.0582
epochIdx: 1633,error: 0.0587
epochIdx: 1634,error: 0.0584
epochIdx: 1635,error: 0.0583
epochIdx: 1636,error: 0.0587
epochIdx: 1637,error: 0.0585
epochIdx: 1638,error: 0.0586
epochIdx: 1639,error: 0.0585
epochIdx: 1640,error: 0.0588
epochIdx: 1641,error: 0.0587
epochIdx: 1642,error: 0.059
epochIdx: 1643,error: 0.0588
epochIdx: 1644,error: 0.0582
epochIdx: 1645,error: 0.0587
epochIdx: 1646,error: 0.0588
epochIdx: 1647,error: 0.0584
epochIdx: 1648,error: 0.059
epochIdx: 1649,error: 0.0583
epochIdx: 1650,error: 0.058
epochIdx: 1651,error: 0.0585
epochIdx: 1652,error: 0.0583
epochIdx: 1653,error: 0.0584
epochIdx: 1654,error: 0.0584
epochIdx: 1655,error: 0.0585
epochIdx: 1656,error: 0.0579
epochIdx: 1657,error: 0.0581
epochIdx: 1658,error: 0.0584
epochIdx: 1659,error: 0.0587
epochIdx: 1660,error: 0.0579
epochIdx: 1661,error: 0.0587
epochIdx: 1662,error: 0.0586
epochIdx: 1663,error: 0.0584
epochIdx: 1664,error: 0.0582
epochIdx: 1665,error: 0.0582
epochIdx: 1666,error: 0.0584
epochIdx: 1667,error: 0.0588
epochIdx: 1668,error: 0.0586
epochIdx: 1669,error: 0.0584
epochIdx: 1670,error: 0.0582
epochIdx: 1671,error: 0.0582
epochIdx: 1672,error: 0.0581
epochIdx: 1673,error: 0.0579
epochIdx: 1674,error: 0.0578
epochIdx: 1675,error: 0.0583
epochIdx: 1676,error: 0.0578
epochIdx: 1677,error: 0.0576
epochIdx: 1678,error: 0.0577
epochIdx: 1679,error: 0.0579
epochIdx: 1680,error: 0.0584
epochIdx: 1681,error: 0.0581
epochIdx: 1682,error: 0.0579
epochIdx: 1683,error: 0.0587
epochIdx: 1684,error: 0.0579
epochIdx: 1685,error: 0.058
epochIdx: 1686,error: 0.0583
epochIdx: 1687,error: 0.0582
epochIdx: 1688,error: 0.058
epochIdx: 1689,error: 0.0588
epochIdx: 1690,error: 0.0584
epochIdx: 1691,error: 0.0588
epochIdx: 1692,error: 0.0586
epochIdx: 1693,error: 0.0585
epochIdx: 1694,error: 0.0583
epochIdx: 1695,error: 0.0578
epochIdx: 1696,error: 0.0582
epochIdx: 1697,error: 0.0578
epochIdx: 1698,error: 0.058
epochIdx: 1699,error: 0.058
epochIdx: 1700,error: 0.0578
epochIdx: 1701,error: 0.0578
epochIdx: 1702,error: 0.0578
epochIdx: 1703,error: 0.0578
epochIdx: 1704,error: 0.0579
epochIdx: 1705,error: 0.0583
epochIdx: 1706,error: 0.0584
epochIdx: 1707,error: 0.0582
epochIdx: 1708,error: 0.0583
epochIdx: 1709,error: 0.0581
epochIdx: 1710,error: 0.058
epochIdx: 1711,error: 0.0583
epochIdx: 1712,error: 0.0588
epochIdx: 1713,error: 0.0581
epochIdx: 1714,error: 0.0587
epochIdx: 1715,error: 0.0584
epochIdx: 1716,error: 0.0585
epochIdx: 1717,error: 0.0586
epochIdx: 1718,error: 0.0585
epochIdx: 1719,error: 0.0585
epochIdx: 1720,error: 0.0585
epochIdx: 1721,error: 0.0582
epochIdx: 1722,error: 0.0585
epochIdx: 1723,error: 0.0584
epochIdx: 1724,error: 0.0583
epochIdx: 1725,error: 0.0582
epochIdx: 1726,error: 0.0582
epochIdx: 1727,error: 0.0582
epochIdx: 1728,error: 0.0579
epochIdx: 1729,error: 0.0575
epochIdx: 1730,error: 0.0577
epochIdx: 1731,error: 0.0583
epochIdx: 1732,error: 0.0585
epochIdx: 1733,error: 0.0582
epochIdx: 1734,error: 0.0584
epochIdx: 1735,error: 0.0584
epochIdx: 1736,error: 0.058
epochIdx: 1737,error: 0.0581
epochIdx: 1738,error: 0.0578
epochIdx: 1739,error: 0.0585
epochIdx: 1740,error: 0.0586
epochIdx: 1741,error: 0.0581
epochIdx: 1742,error: 0.0585
epochIdx: 1743,error: 0.0578
epochIdx: 1744,error: 0.0578
epochIdx: 1745,error: 0.0578
epochIdx: 1746,error: 0.0584
epochIdx: 1747,error: 0.0577
epochIdx: 1748,error: 0.0578
epochIdx: 1749,error: 0.0577
epochIdx: 1750,error: 0.0579
epochIdx: 1751,error: 0.058
epochIdx: 1752,error: 0.0587
epochIdx: 1753,error: 0.0583
epochIdx: 1754,error: 0.0582
epochIdx: 1755,error: 0.0583
epochIdx: 1756,error: 0.0587
epochIdx: 1757,error: 0.058
epochIdx: 1758,error: 0.0583
epochIdx: 1759,error: 0.0577
epochIdx: 1760,error: 0.058
epochIdx: 1761,error: 0.0581
epochIdx: 1762,error: 0.0582
epochIdx: 1763,error: 0.0585
epochIdx: 1764,error: 0.0579
epochIdx: 1765,error: 0.0582
epochIdx: 1766,error: 0.0577
epochIdx: 1767,error: 0.0583
epochIdx: 1768,error: 0.0582
epochIdx: 1769,error: 0.0587
epochIdx: 1770,error: 0.0583
epochIdx: 1771,error: 0.0585
epochIdx: 1772,error: 0.0586
epochIdx: 1773,error: 0.0586
epochIdx: 1774,error: 0.0583
epochIdx: 1775,error: 0.0582
epochIdx: 1776,error: 0.0579
epochIdx: 1777,error: 0.058
epochIdx: 1778,error: 0.0581
epochIdx: 1779,error: 0.0581
epochIdx: 1780,error: 0.058
epochIdx: 1781,error: 0.0586
epochIdx: 1782,error: 0.0584
epochIdx: 1783,error: 0.0589
epochIdx: 1784,error: 0.0584
epochIdx: 1785,error: 0.0582
epochIdx: 1786,error: 0.0579
epochIdx: 1787,error: 0.0583
epochIdx: 1788,error: 0.058
epochIdx: 1789,error: 0.0582
epochIdx: 1790,error: 0.0582
epochIdx: 1791,error: 0.0582
epochIdx: 1792,error: 0.0582
epochIdx: 1793,error: 0.0591
epochIdx: 1794,error: 0.0588
epochIdx: 1795,error: 0.0581
epochIdx: 1796,error: 0.0582
epochIdx: 1797,error: 0.0586
epochIdx: 1798,error: 0.0587
epochIdx: 1799,error: 0.059
epochIdx: 1800,error: 0.0585
epochIdx: 1801,error: 0.0578
epochIdx: 1802,error: 0.0587
epochIdx: 1803,error: 0.0583
epochIdx: 1804,error: 0.0587
epochIdx: 1805,error: 0.0578
epochIdx: 1806,error: 0.0587
epochIdx: 1807,error: 0.0582
epochIdx: 1808,error: 0.0579
epochIdx: 1809,error: 0.0581
epochIdx: 1810,error: 0.058
epochIdx: 1811,error: 0.058
epochIdx: 1812,error: 0.0584
epochIdx: 1813,error: 0.0584
epochIdx: 1814,error: 0.0584
epochIdx: 1815,error: 0.0588
epochIdx: 1816,error: 0.0586
epochIdx: 1817,error: 0.0583
epochIdx: 1818,error: 0.0584
epochIdx: 1819,error: 0.0587
epochIdx: 1820,error: 0.0585
epochIdx: 1821,error: 0.0583
epochIdx: 1822,error: 0.0582
epochIdx: 1823,error: 0.0579
epochIdx: 1824,error: 0.0583
epochIdx: 1825,error: 0.0582
epochIdx: 1826,error: 0.0582
epochIdx: 1827,error: 0.0588
epochIdx: 1828,error: 0.0585
epochIdx: 1829,error: 0.0587
epochIdx: 1830,error: 0.0585
epochIdx: 1831,error: 0.0582
epochIdx: 1832,error: 0.0582
epochIdx: 1833,error: 0.0587
epochIdx: 1834,error: 0.0579
epochIdx: 1835,error: 0.0579
epochIdx: 1836,error: 0.0577
epochIdx: 1837,error: 0.0576
epochIdx: 1838,error: 0.0577
epochIdx: 1839,error: 0.0585
epochIdx: 1840,error: 0.0578
epochIdx: 1841,error: 0.0578
epochIdx: 1842,error: 0.0581
epochIdx: 1843,error: 0.0583
epochIdx: 1844,error: 0.058
epochIdx: 1845,error: 0.0581
epochIdx: 1846,error: 0.058
epochIdx: 1847,error: 0.0579
epochIdx: 1848,error: 0.0581
epochIdx: 1849,error: 0.0578
epochIdx: 1850,error: 0.0582
epochIdx: 1851,error: 0.058
epochIdx: 1852,error: 0.0582
epochIdx: 1853,error: 0.058
epochIdx: 1854,error: 0.0585
epochIdx: 1855,error: 0.0583
epochIdx: 1856,error: 0.0582
epochIdx: 1857,error: 0.0579
epochIdx: 1858,error: 0.0583
epochIdx: 1859,error: 0.0586
epochIdx: 1860,error: 0.0584
epochIdx: 1861,error: 0.0589
epochIdx: 1862,error: 0.0579
epochIdx: 1863,error: 0.0579
epochIdx: 1864,error: 0.0582
epochIdx: 1865,error: 0.0583
epochIdx: 1866,error: 0.058
epochIdx: 1867,error: 0.0581
epochIdx: 1868,error: 0.0582
epochIdx: 1869,error: 0.0583
epochIdx: 1870,error: 0.0584
epochIdx: 1871,error: 0.0586
epochIdx: 1872,error: 0.0586
epochIdx: 1873,error: 0.0582
epochIdx: 1874,error: 0.0582
epochIdx: 1875,error: 0.0585
epochIdx: 1876,error: 0.0588
epochIdx: 1877,error: 0.0581
epochIdx: 1878,error: 0.0582
epochIdx: 1879,error: 0.0582
epochIdx: 1880,error: 0.0586
epochIdx: 1881,error: 0.0577
epochIdx: 1882,error: 0.0579
epochIdx: 1883,error: 0.0577
epochIdx: 1884,error: 0.0581
epochIdx: 1885,error: 0.0579
epochIdx: 1886,error: 0.0576
epochIdx: 1887,error: 0.058
epochIdx: 1888,error: 0.0576
epochIdx: 1889,error: 0.0581
epochIdx: 1890,error: 0.0579
epochIdx: 1891,error: 0.0581
epochIdx: 1892,error: 0.0582
epochIdx: 1893,error: 0.0578
epochIdx: 1894,error: 0.0583
epochIdx: 1895,error: 0.0581
epochIdx: 1896,error: 0.0584
epochIdx: 1897,error: 0.0583
epochIdx: 1898,error: 0.0585
epochIdx: 1899,error: 0.0583
epochIdx: 1900,error: 0.0578
epochIdx: 1901,error: 0.0581
epochIdx: 1902,error: 0.0578
epochIdx: 1903,error: 0.0581
epochIdx: 1904,error: 0.0583
epochIdx: 1905,error: 0.0581
epochIdx: 1906,error: 0.0583
epochIdx: 1907,error: 0.0581
epochIdx: 1908,error: 0.0581
epochIdx: 1909,error: 0.0581
epochIdx: 1910,error: 0.0582
epochIdx: 1911,error: 0.0583
epochIdx: 1912,error: 0.0583
epochIdx: 1913,error: 0.058
epochIdx: 1914,error: 0.0581
epochIdx: 1915,error: 0.0579
epochIdx: 1916,error: 0.0585
epochIdx: 1917,error: 0.0584
epochIdx: 1918,error: 0.0582
epochIdx: 1919,error: 0.0579
epochIdx: 1920,error: 0.0578
epochIdx: 1921,error: 0.0576
epochIdx: 1922,error: 0.0584
epochIdx: 1923,error: 0.0582
epochIdx: 1924,error: 0.0581
epochIdx: 1925,error: 0.0582
epochIdx: 1926,error: 0.0583
epochIdx: 1927,error: 0.058
epochIdx: 1928,error: 0.0577
epochIdx: 1929,error: 0.0585
epochIdx: 1930,error: 0.0578
epochIdx: 1931,error: 0.0576
epochIdx: 1932,error: 0.0575
epochIdx: 1933,error: 0.058
epochIdx: 1934,error: 0.0579
epochIdx: 1935,error: 0.0581
epochIdx: 1936,error: 0.0582
epochIdx: 1937,error: 0.058
epochIdx: 1938,error: 0.0584
epochIdx: 1939,error: 0.0575
epochIdx: 1940,error: 0.0582
epochIdx: 1941,error: 0.0583
epochIdx: 1942,error: 0.0577
epochIdx: 1943,error: 0.058
epochIdx: 1944,error: 0.0578
epochIdx: 1945,error: 0.0582
epochIdx: 1946,error: 0.0587
epochIdx: 1947,error: 0.0583
epochIdx: 1948,error: 0.0578
epochIdx: 1949,error: 0.0583
epochIdx: 1950,error: 0.0577
epochIdx: 1951,error: 0.0583
epochIdx: 1952,error: 0.0581
epochIdx: 1953,error: 0.058
epochIdx: 1954,error: 0.0581
epochIdx: 1955,error: 0.0588
epochIdx: 1956,error: 0.0579
epochIdx: 1957,error: 0.0583
epochIdx: 1958,error: 0.0587
epochIdx: 1959,error: 0.0588
epochIdx: 1960,error: 0.0581
epochIdx: 1961,error: 0.0585
epochIdx: 1962,error: 0.0581
epochIdx: 1963,error: 0.0583
epochIdx: 1964,error: 0.0579
epochIdx: 1965,error: 0.0583
epochIdx: 1966,error: 0.0583
epochIdx: 1967,error: 0.0585
epochIdx: 1968,error: 0.0587
epochIdx: 1969,error: 0.0582
epochIdx: 1970,error: 0.0579
epochIdx: 1971,error: 0.0586
epochIdx: 1972,error: 0.0583
epochIdx: 1973,error: 0.0581
epochIdx: 1974,error: 0.0588
epochIdx: 1975,error: 0.0581
epochIdx: 1976,error: 0.0585
epochIdx: 1977,error: 0.0582
epochIdx: 1978,error: 0.0582
epochIdx: 1979,error: 0.0582
epochIdx: 1980,error: 0.0579
epochIdx: 1981,error: 0.0585
epochIdx: 1982,error: 0.0582
epochIdx: 1983,error: 0.0584
epochIdx: 1984,error: 0.0586
epochIdx: 1985,error: 0.0583
epochIdx: 1986,error: 0.0586
epochIdx: 1987,error: 0.0588
epochIdx: 1988,error: 0.0589
epochIdx: 1989,error: 0.0589
epochIdx: 1990,error: 0.058
epochIdx: 1991,error: 0.0582
epochIdx: 1992,error: 0.0574
epochIdx: 1993,error: 0.0579
epochIdx: 1994,error: 0.0579
epochIdx: 1995,error: 0.0583
epochIdx: 1996,error: 0.0589
epochIdx: 1997,error: 0.0589
epochIdx: 1998,error: 0.0587
epochIdx: 1999,error: 0.0581
 0.02236 seconds. 
