nvcc -g -O3 -c -Xcompiler -fopenmp ./main_src/main.cu -I./include -o ./obj/main.o
nvcc -o ./bin/main ./obj/main.o    ./obj/matrix.o   ./obj/nvmatrix_kernel.o  ./obj/utils.o  ./obj/layer_kernel.o  ./obj/convnet.o  ./obj/inner_product_layer.o  ./obj/nvmatrix.o  ./obj/pooling_layer.o  ./obj/logistic.o -lcuda -lcudart -lcublas -lm  -lpthread -lmpich -lgomp  
if [ 0 -eq 1 ] ; then \
		scp ./bin/main crd@192.168.0.101:/home/crd/conv/bin; \
	fi
if [ 1 -eq 1 ]; then \
		mpirun_rsh -np 2 -hostfile hostfile MV2_ENABLE_AFFINITY=0 MV2_USE_CUDA=1 MV2_USE_GPUDIRECT=1 ./bin/main; \
	fi

===========overall==============
train: 50000
valid: 10000
batchSize: 100
n_fetch: 19
n_push: 10
===========cnn1==============
in_size: 28
in_channel: 1
filter_size: 5
filter_channel: 20
stride: 1
w_lr: 0.1
b_lr: 0.1
momentum: 0.9
weight_decay: 0
===========pool1==============
in_size: 24
in_channel: 20
stride: 0
pool_size: 2
===========cnn2==============
in_size: 12
in_channel: 20
filter_size: 5
filter_channel: 50
stride: 1
w_lr: 0.1
b_lr: 0.1
momentum: 0.9
weight_decay: 0
===========pool2==============
in_size: 8
in_channel: 50
stride: 0
pool_size: 2
===========inner_product==============
num_in: 800
num_out: 500
w_lr: 0.1
b_lr: 0.1
momentum: 0.9
weight_decay: 0

===========softmax==============
num_in: 500
num_out: 10
w_lr: 0.1
b_lr: 0.1
momentum: 0
weight_decay: 0
epoch_idx: 0, error: 0.2081,likelihood: 7628.63
 10.82 seconds.
epoch_idx: 1, error: 0.1035,likelihood: 3447.05
 10.74 seconds.
epoch_idx: 2, error: 0.0771,likelihood: 2601.99
 10.76 seconds.
epoch_idx: 3, error: 0.0633,likelihood: 2165.67
 10.69 seconds.
epoch_idx: 4, error: 0.0575,likelihood: 1962.19
 10.65 seconds.
epoch_idx: 5, error: 0.0557,likelihood: 1881.52
 10.58 seconds.
epoch_idx: 6, error: 0.0506,likelihood: 1691.96
 10.56 seconds.
epoch_idx: 7, error: 0.0464,likelihood: 1566.72
 10.5 seconds.
epoch_idx: 8, error: 0.0438,likelihood: 1454.12
 10.47 seconds.
epoch_idx: 9, error: 0.0403,likelihood: 1371.69
 10.49 seconds.
epoch_idx: 10, error: 0.0393,likelihood: 1333.95
 10.49 seconds.
epoch_idx: 11, error: 0.0347,likelihood: 1168.5
 10.48 seconds.
epoch_idx: 12, error: 0.0324,likelihood: 1107.24
 10.44 seconds.
epoch_idx: 13, error: 0.0329,likelihood: 1088.93
 10.42 seconds.
epoch_idx: 14, error: 0.0334,likelihood: 1113.25
 10.44 seconds.
epoch_idx: 15, error: 0.0334,likelihood: 1107.27
 10.39 seconds.
epoch_idx: 16, error: 0.0356,likelihood: 1141.9
 10.39 seconds.
epoch_idx: 17, error: 0.0348,likelihood: 1105.15
 10.43 seconds.
epoch_idx: 18, error: 0.0317,likelihood: 1018.83
 10.42 seconds.
epoch_idx: 19, error: 0.0314,likelihood: 994.851
 10.46 seconds.
epoch_idx: 20, error: 0.031,likelihood: 977.982
 10.41 seconds.
epoch_idx: 21, error: 0.0298,likelihood: 914.695
 10.5 seconds.
epoch_idx: 22, error: 0.029,likelihood: 893.2
 10.58 seconds.
epoch_idx: 23, error: 0.0269,likelihood: 858.103
 10.57 seconds.
epoch_idx: 24, error: 0.0276,likelihood: 891.246
 10.46 seconds.
epoch_idx: 25, error: 0.0276,likelihood: 883.48
 10.47 seconds.
epoch_idx: 26, error: 0.0279,likelihood: 872.578
 10.58 seconds.
epoch_idx: 27, error: 0.026,likelihood: 829.271
 10.47 seconds.
epoch_idx: 28, error: 0.0256,likelihood: 817.785
 10.49 seconds.
epoch_idx: 29, error: 0.0255,likelihood: 816.565
 10.47 seconds.
epoch_idx: 30, error: 0.0255,likelihood: 813.965
 10.47 seconds.
epoch_idx: 31, error: 0.0271,likelihood: 845.911
 10.47 seconds.
epoch_idx: 32, error: 0.0245,likelihood: 785.592
 10.46 seconds.
epoch_idx: 33, error: 0.0237,likelihood: 763.941
 10.48 seconds.
epoch_idx: 34, error: 0.024,likelihood: 778.721
 10.51 seconds.
epoch_idx: 35, error: 0.0247,likelihood: 769.468
 10.49 seconds.
epoch_idx: 36, error: 0.0235,likelihood: 757.15
 10.5 seconds.
epoch_idx: 37, error: 0.0237,likelihood: 741.8
 10.51 seconds.
epoch_idx: 38, error: 0.0225,likelihood: 725.425
 10.5 seconds.
epoch_idx: 39, error: 0.0233,likelihood: 735.164
 10.47 seconds.
epoch_idx: 40, error: 0.0231,likelihood: 732.36
 10.48 seconds.
epoch_idx: 41, error: 0.0222,likelihood: 716.679
 10.48 seconds.
epoch_idx: 42, error: 0.0223,likelihood: 704.653
 10.51 seconds.
epoch_idx: 43, error: 0.0204,likelihood: 671.861
 10.5 seconds.
epoch_idx: 44, error: 0.0213,likelihood: 685.661
 10.5 seconds.
epoch_idx: 45, error: 0.0198,likelihood: 667.482
 10.49 seconds.
epoch_idx: 46, error: 0.0202,likelihood: 669.988
 10.49 seconds.
epoch_idx: 47, error: 0.02,likelihood: 667.479
 10.47 seconds.
epoch_idx: 48, error: 0.0197,likelihood: 654.839
 10.5 seconds.
epoch_idx: 49, error: 0.0197,likelihood: 663.294
 10.49 seconds.
epoch_idx: 50, error: 0.0195,likelihood: 646.259
 10.49 seconds.
epoch_idx: 51, error: 0.0195,likelihood: 644.073
 10.5 seconds.
epoch_idx: 52, error: 0.0198,likelihood: 667.468
 10.53 seconds.
epoch_idx: 53, error: 0.02,likelihood: 659.046
 10.51 seconds.
epoch_idx: 54, error: 0.0198,likelihood: 640.765
 10.54 seconds.
epoch_idx: 55, error: 0.0196,likelihood: 644.259
 10.51 seconds.
epoch_idx: 56, error: 0.0192,likelihood: 641.629
 10.48 seconds.
epoch_idx: 57, error: 0.0197,likelihood: 664.363
 10.53 seconds.
epoch_idx: 58, error: 0.0189,likelihood: 629.227
 10.49 seconds.
epoch_idx: 59, error: 0.02,likelihood: 659.666
 10.49 seconds.
epoch_idx: 60, error: 0.0197,likelihood: 648.226
 10.48 seconds.
epoch_idx: 61, error: 0.0195,likelihood: 640.139
 10.5 seconds.
epoch_idx: 62, error: 0.0188,likelihood: 629.103
 10.52 seconds.
epoch_idx: 63, error: 0.0196,likelihood: 640.074
 10.52 seconds.
epoch_idx: 64, error: 0.0197,likelihood: 638.391
 10.53 seconds.
epoch_idx: 65, error: 0.0194,likelihood: 632.204
 10.51 seconds.
epoch_idx: 66, error: 0.0195,likelihood: 638.693
 10.51 seconds.
epoch_idx: 67, error: 0.0199,likelihood: 639.666
 10.53 seconds.
epoch_idx: 68, error: 0.0198,likelihood: 632.832
 10.54 seconds.
epoch_idx: 69, error: 0.0192,likelihood: 629.995
 10.52 seconds.
epoch_idx: 70, error: 0.0198,likelihood: 637.949
 10.53 seconds.
epoch_idx: 71, error: 0.0185,likelihood: 634.679
 10.56 seconds.
epoch_idx: 72, error: 0.0182,likelihood: 628.698
 10.53 seconds.
epoch_idx: 73, error: 0.019,likelihood: 634.959
 10.51 seconds.
epoch_idx: 74, error: 0.0188,likelihood: 630.776
 10.54 seconds.
epoch_idx: 75, error: 0.0184,likelihood: 638.24
 10.54 seconds.
epoch_idx: 76, error: 0.0183,likelihood: 637.104
 10.54 seconds.
epoch_idx: 77, error: 0.0184,likelihood: 631.438
 10.55 seconds.
epoch_idx: 78, error: 0.0178,likelihood: 626.879
 10.53 seconds.
epoch_idx: 79, error: 0.0186,likelihood: 635.393
 10.52 seconds.
epoch_idx: 80, error: 0.0191,likelihood: 638.856
 10.5 seconds.
epoch_idx: 81, error: 0.0195,likelihood: 650.623
 10.59 seconds.
epoch_idx: 82, error: 0.0188,likelihood: 637.09
 10.54 seconds.
epoch_idx: 83, error: 0.019,likelihood: 635.682
 10.54 seconds.
epoch_idx: 84, error: 0.0188,likelihood: 644.785
 10.53 seconds.
epoch_idx: 85, error: 0.0192,likelihood: 639.409
 10.56 seconds.
epoch_idx: 86, error: 0.0191,likelihood: 652.659
 10.53 seconds.
epoch_idx: 87, error: 0.0185,likelihood: 636.272
 10.56 seconds.
epoch_idx: 88, error: 0.0188,likelihood: 628.191
 10.52 seconds.
epoch_idx: 89, error: 0.0182,likelihood: 628.988
 10.54 seconds.
epoch_idx: 90, error: 0.0181,likelihood: 626.304
 10.52 seconds.
epoch_idx: 91, error: 0.0187,likelihood: 625.642
 10.52 seconds.
epoch_idx: 92, error: 0.0184,likelihood: 624.79
 10.54 seconds.
epoch_idx: 93, error: 0.0185,likelihood: 636.762
 10.55 seconds.
epoch_idx: 94, error: 0.0192,likelihood: 634.786
 10.53 seconds.
epoch_idx: 95, error: 0.0184,likelihood: 632.442
 10.53 seconds.
epoch_idx: 96, error: 0.0184,likelihood: 622.621
 10.6 seconds.
epoch_idx: 97, error: 0.0184,likelihood: 625.115
 10.56 seconds.
epoch_idx: 98, error: 0.0185,likelihood: 627.064
 10.52 seconds.
epoch_idx: 99, error: 0.0178,likelihood: 622.154
 10.52 seconds.
epoch_idx: 100, error: 0.0179,likelihood: 623.897
 10.53 seconds.
epoch_idx: 101, error: 0.0182,likelihood: 624.126
 10.57 seconds.
epoch_idx: 102, error: 0.0182,likelihood: 630.242
 10.55 seconds.
epoch_idx: 103, error: 0.0185,likelihood: 631.831
 10.53 seconds.
epoch_idx: 104, error: 0.0186,likelihood: 634.619
 10.54 seconds.
epoch_idx: 105, error: 0.0184,likelihood: 634.095
 10.52 seconds.
epoch_idx: 106, error: 0.0183,likelihood: 624.56
 10.52 seconds.
epoch_idx: 107, error: 0.018,likelihood: 631.904
 10.54 seconds.
epoch_idx: 108, error: 0.0177,likelihood: 638.673
 10.54 seconds.
epoch_idx: 109, error: 0.0186,likelihood: 642.104
 10.53 seconds.
epoch_idx: 110, error: 0.0186,likelihood: 654.087
 10.55 seconds.
epoch_idx: 111, error: 0.0177,likelihood: 637.981
 10.56 seconds.
epoch_idx: 112, error: 0.0179,likelihood: 638.705
 10.52 seconds.
epoch_idx: 113, error: 0.0175,likelihood: 640.389
 10.51 seconds.
epoch_idx: 114, error: 0.0178,likelihood: 648.347
 10.53 seconds.
epoch_idx: 115, error: 0.0186,likelihood: 648.458
 10.51 seconds.
epoch_idx: 116, error: 0.0187,likelihood: 643.792
 10.57 seconds.
epoch_idx: 117, error: 0.0184,likelihood: 657.228
 10.53 seconds.
epoch_idx: 118, error: 0.0182,likelihood: 652.939
 10.54 seconds.
epoch_idx: 119, error: 0.0177,likelihood: 651.7
 10.52 seconds.
epoch_idx: 120, error: 0.0184,likelihood: 655.568
 10.56 seconds.
epoch_idx: 121, error: 0.0179,likelihood: 651.133
 10.57 seconds.
epoch_idx: 122, error: 0.0179,likelihood: 647.414
 10.54 seconds.
epoch_idx: 123, error: 0.0179,likelihood: 655.658
 10.55 seconds.
epoch_idx: 124, error: 0.0183,likelihood: 660.806
 10.55 seconds.
epoch_idx: 125, error: 0.0183,likelihood: 651.941
 10.55 seconds.
epoch_idx: 126, error: 0.018,likelihood: 655.85
 10.53 seconds.
epoch_idx: 127, error: 0.0184,likelihood: 653.546
 10.53 seconds.
epoch_idx: 128, error: 0.0178,likelihood: 656.464
 10.62 seconds.
epoch_idx: 129, error: 0.0184,likelihood: 663.603
 10.65 seconds.
epoch_idx: 130, error: 0.0173,likelihood: 659.875
 10.65 seconds.
epoch_idx: 131, error: 0.0175,likelihood: 649.977
 10.6 seconds.
epoch_idx: 132, error: 0.0177,likelihood: 662.861
 10.53 seconds.
epoch_idx: 133, error: 0.0181,likelihood: 659.831
 10.59 seconds.
epoch_idx: 134, error: 0.0176,likelihood: 653.717
 10.6 seconds.
epoch_idx: 135, error: 0.0178,likelihood: 648.647
 10.55 seconds.
epoch_idx: 136, error: 0.0176,likelihood: 658.779
 10.54 seconds.
epoch_idx: 137, error: 0.017,likelihood: 645.11
 10.52 seconds.
epoch_idx: 138, error: 0.0179,likelihood: 646.724
 10.57 seconds.
epoch_idx: 139, error: 0.0177,likelihood: 652.649
 10.57 seconds.
epoch_idx: 140, error: 0.0173,likelihood: 640.928
 10.51 seconds.
epoch_idx: 141, error: 0.0172,likelihood: 636.446
 10.56 seconds.
epoch_idx: 142, error: 0.0178,likelihood: 637.139
 10.51 seconds.
epoch_idx: 143, error: 0.0182,likelihood: 639.471
 10.53 seconds.
epoch_idx: 144, error: 0.0177,likelihood: 635.381
 10.56 seconds.
epoch_idx: 145, error: 0.0175,likelihood: 637.469
 10.6 seconds.
epoch_idx: 146, error: 0.0184,likelihood: 643.572
 10.58 seconds.
epoch_idx: 147, error: 0.0184,likelihood: 639.187
 10.6 seconds.
epoch_idx: 148, error: 0.0181,likelihood: 645.417
 10.58 seconds.
epoch_idx: 149, error: 0.0187,likelihood: 649.48
 10.56 seconds.
epoch_idx: 150, error: 0.0187,likelihood: 653.302
 10.5 seconds.
epoch_idx: 151, error: 0.0183,likelihood: 650.802
 10.58 seconds.
epoch_idx: 152, error: 0.0183,likelihood: 651.949
 10.56 seconds.
epoch_idx: 153, error: 0.0184,likelihood: 647.916
 10.56 seconds.
epoch_idx: 154, error: 0.0192,likelihood: 650.324
 10.55 seconds.
epoch_idx: 155, error: 0.0179,likelihood: 648.439
 10.53 seconds.
epoch_idx: 156, error: 0.0183,likelihood: 650.202
 10.53 seconds.
epoch_idx: 157, error: 0.0191,likelihood: 652.179
 10.52 seconds.
epoch_idx: 158, error: 0.0189,likelihood: 652.913
 10.51 seconds.
epoch_idx: 159, error: 0.0187,likelihood: 645.174
 10.53 seconds.
epoch_idx: 160, error: 0.0189,likelihood: 647.245
 10.55 seconds.
epoch_idx: 161, error: 0.0187,likelihood: 653.6
 10.55 seconds.
epoch_idx: 162, error: 0.019,likelihood: 655.255
 10.56 seconds.
epoch_idx: 163, error: 0.0189,likelihood: 656.535
 10.53 seconds.
epoch_idx: 164, error: 0.0193,likelihood: 657.223
 10.57 seconds.
epoch_idx: 165, error: 0.0188,likelihood: 657.564
 10.59 seconds.
epoch_idx: 166, error: 0.019,likelihood: 660.754
 10.56 seconds.
epoch_idx: 167, error: 0.0184,likelihood: 655.861
 10.54 seconds.
epoch_idx: 168, error: 0.019,likelihood: 663.162
 10.53 seconds.
epoch_idx: 169, error: 0.0193,likelihood: 668.119
 10.55 seconds.
epoch_idx: 170, error: 0.0191,likelihood: 665.235
 10.56 seconds.
epoch_idx: 171, error: 0.0188,likelihood: 667.609
 10.56 seconds.
epoch_idx: 172, error: 0.0188,likelihood: 672.785
 10.57 seconds.
epoch_idx: 173, error: 0.0186,likelihood: 673.46
 10.57 seconds.
epoch_idx: 174, error: 0.0186,likelihood: 671.682
 10.58 seconds.
epoch_idx: 175, error: 0.0189,likelihood: 673.011
 10.53 seconds.
epoch_idx: 176, error: 0.0192,likelihood: 676.343
 10.54 seconds.
epoch_idx: 177, error: 0.0193,likelihood: 676.922
 10.58 seconds.
epoch_idx: 178, error: 0.019,likelihood: 674.333
 10.53 seconds.
epoch_idx: 179, error: 0.0192,likelihood: 676.758
 10.56 seconds.
epoch_idx: 180, error: 0.0193,likelihood: 676.963
 10.55 seconds.
epoch_idx: 181, error: 0.0196,likelihood: 681.348
 10.55 seconds.
epoch_idx: 182, error: 0.0192,likelihood: 676.5
 10.56 seconds.
epoch_idx: 183, error: 0.0193,likelihood: 673.038
 10.57 seconds.
epoch_idx: 184, error: 0.0196,likelihood: 685.955
 10.59 seconds.
epoch_idx: 185, error: 0.0193,likelihood: 681.295
 10.57 seconds.
epoch_idx: 186, error: 0.0195,likelihood: 683.657
 10.56 seconds.
epoch_idx: 187, error: 0.0193,likelihood: 677.02
 10.58 seconds.
epoch_idx: 188, error: 0.0193,likelihood: 680.166
 10.53 seconds.
epoch_idx: 189, error: 0.019,likelihood: 681.327
 10.53 seconds.
epoch_idx: 190, error: 0.019,likelihood: 679.334
 10.53 seconds.
epoch_idx: 191, error: 0.019,likelihood: 677.008
 10.5 seconds.
epoch_idx: 192, error: 0.0192,likelihood: 683.559
 10.57 seconds.
epoch_idx: 193, error: 0.0191,likelihood: 678.187
 10.52 seconds.
epoch_idx: 194, error: 0.0193,likelihood: 677.041
 10.55 seconds.
epoch_idx: 195, error: 0.019,likelihood: 678.307
 10.57 seconds.
epoch_idx: 196, error: 0.019,likelihood: 674.593
 10.57 seconds.
epoch_idx: 197, error: 0.0193,likelihood: 675.14
 10.56 seconds.
epoch_idx: 198, error: 0.0193,likelihood: 683.77
 10.55 seconds.
epoch_idx: 199, error: 0.0195,likelihood: 677.747
 10.55 seconds.
epoch_idx: 200, error: 0.0197,likelihood: 688.599
 10.54 seconds.
epoch_idx: 201, error: 0.0191,likelihood: 679.698
 10.55 seconds.
epoch_idx: 202, error: 0.0193,likelihood: 677.353
 10.56 seconds.
epoch_idx: 203, error: 0.019,likelihood: 676.286
 10.52 seconds.
epoch_idx: 204, error: 0.0193,likelihood: 676.678
 10.56 seconds.
epoch_idx: 205, error: 0.0192,likelihood: 678.341
 10.58 seconds.
epoch_idx: 206, error: 0.0189,likelihood: 673.439
 10.53 seconds.
epoch_idx: 207, error: 0.019,likelihood: 678.362
 10.5 seconds.
epoch_idx: 208, error: 0.019,likelihood: 675.116
 10.55 seconds.
epoch_idx: 209, error: 0.0193,likelihood: 679.58
 10.58 seconds.
epoch_idx: 210, error: 0.0193,likelihood: 672.451
 10.52 seconds.
epoch_idx: 211, error: 0.0187,likelihood: 673.685
 10.53 seconds.
epoch_idx: 212, error: 0.0193,likelihood: 675.532
 10.59 seconds.
epoch_idx: 213, error: 0.019,likelihood: 677.685
 10.54 seconds.
epoch_idx: 214, error: 0.0191,likelihood: 671.61
 10.54 seconds.
epoch_idx: 215, error: 0.0189,likelihood: 670.314
 10.5 seconds.
epoch_idx: 216, error: 0.0191,likelihood: 676.156
 10.5 seconds.
epoch_idx: 217, error: 0.019,likelihood: 675.733
 10.5 seconds.
epoch_idx: 218, error: 0.0189,likelihood: 678.524
 10.51 seconds.
epoch_idx: 219, error: 0.0191,likelihood: 676.892
 10.53 seconds.
epoch_idx: 220, error: 0.0186,likelihood: 674.396
 10.54 seconds.
epoch_idx: 221, error: 0.0188,likelihood: 676.391
 10.57 seconds.
epoch_idx: 222, error: 0.0185,likelihood: 674.275
 10.56 seconds.
epoch_idx: 223, error: 0.0185,likelihood: 674.568
 10.55 seconds.
epoch_idx: 224, error: 0.0188,likelihood: 678.079
 10.51 seconds.
epoch_idx: 225, error: 0.0186,likelihood: 677.749
 10.5 seconds.
epoch_idx: 226, error: 0.0187,likelihood: 675.566
 10.55 seconds.
epoch_idx: 227, error: 0.0179,likelihood: 676.44
 10.54 seconds.
epoch_idx: 228, error: 0.0186,likelihood: 678.566
 10.53 seconds.
epoch_idx: 229, error: 0.0182,likelihood: 673.191
 10.56 seconds.
epoch_idx: 230, error: 0.0182,likelihood: 673.933
 10.55 seconds.
epoch_idx: 231, error: 0.0185,likelihood: 675.034
 10.59 seconds.
epoch_idx: 232, error: 0.0187,likelihood: 679.924
 10.5 seconds.
epoch_idx: 233, error: 0.0187,likelihood: 677.385
 10.51 seconds.
epoch_idx: 234, error: 0.0188,likelihood: 678.066
 10.51 seconds.
epoch_idx: 235, error: 0.0189,likelihood: 674.522
 10.5 seconds.
epoch_idx: 236, error: 0.0187,likelihood: 677.81
 10.55 seconds.
epoch_idx: 237, error: 0.0191,likelihood: 678.356
 10.57 seconds.
epoch_idx: 238, error: 0.0189,likelihood: 681.848
 10.53 seconds.
epoch_idx: 239, error: 0.0187,likelihood: 681.392
 10.52 seconds.
epoch_idx: 240, error: 0.0187,likelihood: 680.41
 10.56 seconds.
epoch_idx: 241, error: 0.0186,likelihood: 684.034
 10.58 seconds.
epoch_idx: 242, error: 0.019,likelihood: 680.906
 10.57 seconds.
epoch_idx: 243, error: 0.0187,likelihood: 687.382
 10.58 seconds.
epoch_idx: 244, error: 0.0189,likelihood: 686.467
 10.52 seconds.
epoch_idx: 245, error: 0.0185,likelihood: 689.937
 10.54 seconds.
epoch_idx: 246, error: 0.0187,likelihood: 685.407
 10.58 seconds.
epoch_idx: 247, error: 0.0188,likelihood: 684.628
 10.59 seconds.
epoch_idx: 248, error: 0.0189,likelihood: 685.919
 10.59 seconds.
epoch_idx: 249, error: 0.0183,likelihood: 686.604
 10.63 seconds.
epoch_idx: 250, error: 0.0184,likelihood: 689.211
 10.58 seconds.
epoch_idx: 251, error: 0.0185,likelihood: 690.215
 10.59 seconds.
epoch_idx: 252, error: 0.0186,likelihood: 693.381
 10.53 seconds.
epoch_idx: 253, error: 0.0184,likelihood: 691.983
 10.52 seconds.
epoch_idx: 254, error: 0.0189,likelihood: 692.513
 10.52 seconds.
epoch_idx: 255, error: 0.0185,likelihood: 697.549
 10.53 seconds.
epoch_idx: 256, error: 0.0188,likelihood: 694.792
 10.57 seconds.
epoch_idx: 257, error: 0.0182,likelihood: 691.403
 10.55 seconds.
epoch_idx: 258, error: 0.0185,likelihood: 694.18
 10.56 seconds.
epoch_idx: 259, error: 0.0183,likelihood: 696.75
 10.52 seconds.
epoch_idx: 260, error: 0.0183,likelihood: 693.585
 10.57 seconds.
epoch_idx: 261, error: 0.0183,likelihood: 695.912
 10.57 seconds.
epoch_idx: 262, error: 0.0179,likelihood: 693.987
 10.53 seconds.
epoch_idx: 263, error: 0.0178,likelihood: 694.937
 10.52 seconds.
epoch_idx: 264, error: 0.0182,likelihood: 695.722
 10.53 seconds.
epoch_idx: 265, error: 0.0179,likelihood: 692.71
 10.5 seconds.
epoch_idx: 266, error: 0.0176,likelihood: 693.565
 10.54 seconds.
epoch_idx: 267, error: 0.0181,likelihood: 694.951
 10.56 seconds.
epoch_idx: 268, error: 0.0181,likelihood: 695.779
 10.57 seconds.
epoch_idx: 269, error: 0.0179,likelihood: 698.473
 10.52 seconds.
epoch_idx: 270, error: 0.0181,likelihood: 696.074
 10.53 seconds.
epoch_idx: 271, error: 0.0179,likelihood: 697.308
 10.53 seconds.
epoch_idx: 272, error: 0.0178,likelihood: 697.869
 10.54 seconds.
epoch_idx: 273, error: 0.0179,likelihood: 694.43
 10.57 seconds.
epoch_idx: 274, error: 0.018,likelihood: 694.751
 10.67 seconds.
epoch_idx: 275, error: 0.0178,likelihood: 697.559
 10.62 seconds.
epoch_idx: 276, error: 0.018,likelihood: 700.558
 10.54 seconds.
epoch_idx: 277, error: 0.0179,likelihood: 696.618
 10.6 seconds.
epoch_idx: 278, error: 0.0179,likelihood: 697.193
 10.65 seconds.
epoch_idx: 279, error: 0.0183,likelihood: 698.052
 10.65 seconds.
epoch_idx: 280, error: 0.0181,likelihood: 698.44
 10.66 seconds.
epoch_idx: 281, error: 0.018,likelihood: 697.364
 10.65 seconds.
epoch_idx: 282, error: 0.0181,likelihood: 698.797
 10.65 seconds.
epoch_idx: 283, error: 0.018,likelihood: 698.408
 10.64 seconds.
epoch_idx: 284, error: 0.0183,likelihood: 698.682
 10.62 seconds.
epoch_idx: 285, error: 0.0182,likelihood: 697.428
 10.51 seconds.
epoch_idx: 286, error: 0.0184,likelihood: 700.329
 10.51 seconds.
epoch_idx: 287, error: 0.0184,likelihood: 699.485
 10.57 seconds.
epoch_idx: 288, error: 0.0182,likelihood: 699.49
 10.63 seconds.
epoch_idx: 289, error: 0.0185,likelihood: 701.498
 10.65 seconds.
epoch_idx: 290, error: 0.0183,likelihood: 700.262
 10.67 seconds.
epoch_idx: 291, error: 0.0181,likelihood: 701.187
 10.65 seconds.
epoch_idx: 292, error: 0.018,likelihood: 701.258
 10.65 seconds.
epoch_idx: 293, error: 0.0181,likelihood: 701.206
 10.66 seconds.
epoch_idx: 294, error: 0.0179,likelihood: 701.956
 10.65 seconds.
epoch_idx: 295, error: 0.0181,likelihood: 702.673
 10.65 seconds.
epoch_idx: 296, error: 0.018,likelihood: 700.455
 10.66 seconds.
epoch_idx: 297, error: 0.0178,likelihood: 700.502
 10.66 seconds.
epoch_idx: 298, error: 0.0181,likelihood: 702.884
 10.65 seconds.
epoch_idx: 299, error: 0.018,likelihood: 699.84
 10.67 seconds.
epoch_idx: 300, error: 0.0183,likelihood: 702.598
 10.61 seconds.
epoch_idx: 301, error: 0.0182,likelihood: 702.759
 10.51 seconds.
epoch_idx: 302, error: 0.0179,likelihood: 700.832
 10.63 seconds.
epoch_idx: 303, error: 0.0177,likelihood: 701.022
 10.64 seconds.
epoch_idx: 304, error: 0.0177,likelihood: 701.977
 10.64 seconds.
epoch_idx: 305, error: 0.0178,likelihood: 699.474
 10.66 seconds.
epoch_idx: 306, error: 0.0179,likelihood: 701.523
 10.66 seconds.
epoch_idx: 307, error: 0.0181,likelihood: 701.684
 10.64 seconds.
epoch_idx: 308, error: 0.0179,likelihood: 700.21
 10.64 seconds.
epoch_idx: 309, error: 0.0178,likelihood: 700.865
 10.65 seconds.
epoch_idx: 310, error: 0.0179,likelihood: 700.452
 10.52 seconds.
epoch_idx: 311, error: 0.0178,likelihood: 700.685
 10.58 seconds.
epoch_idx: 312, error: 0.0177,likelihood: 701.481
 10.66 seconds.
epoch_idx: 313, error: 0.0178,likelihood: 699.776
 10.66 seconds.
epoch_idx: 314, error: 0.0178,likelihood: 699.21
 10.64 seconds.
epoch_idx: 315, error: 0.0178,likelihood: 700.104
 10.6 seconds.
epoch_idx: 316, error: 0.0178,likelihood: 699.294
 10.57 seconds.
epoch_idx: 317, error: 0.0178,likelihood: 700.474
 10.66 seconds.
epoch_idx: 318, error: 0.0179,likelihood: 699.277
 10.64 seconds.
epoch_idx: 319, error: 0.0181,likelihood: 697.934
 10.65 seconds.
epoch_idx: 320, error: 0.018,likelihood: 699.43
 10.65 seconds.
epoch_idx: 321, error: 0.0179,likelihood: 697.464
 10.66 seconds.
epoch_idx: 322, error: 0.0179,likelihood: 698.935
 10.66 seconds.
epoch_idx: 323, error: 0.0178,likelihood: 698.314
 10.61 seconds.
epoch_idx: 324, error: 0.0178,likelihood: 698.409
 10.65 seconds.
epoch_idx: 325, error: 0.0176,likelihood: 698.663
 10.65 seconds.
epoch_idx: 326, error: 0.0177,likelihood: 696.086
 10.65 seconds.
epoch_idx: 327, error: 0.018,likelihood: 696.518
 10.64 seconds.
epoch_idx: 328, error: 0.0177,likelihood: 696.383
 10.64 seconds.
epoch_idx: 329, error: 0.0177,likelihood: 698.245
 10.57 seconds.
epoch_idx: 330, error: 0.0179,likelihood: 698.25
 10.5 seconds.
epoch_idx: 331, error: 0.0178,likelihood: 696.315
 10.54 seconds.
epoch_idx: 332, error: 0.0176,likelihood: 699.69
 10.53 seconds.
epoch_idx: 333, error: 0.018,likelihood: 698.565
 10.53 seconds.
epoch_idx: 334, error: 0.0178,likelihood: 698.285
 10.54 seconds.
epoch_idx: 335, error: 0.0177,likelihood: 698.818
 10.5 seconds.
epoch_idx: 336, error: 0.0179,likelihood: 696.958
 10.57 seconds.
epoch_idx: 337, error: 0.0177,likelihood: 698.176
 10.65 seconds.
epoch_idx: 338, error: 0.0177,likelihood: 699.859
 10.65 seconds.
epoch_idx: 339, error: 0.0178,likelihood: 699.003
 10.53 seconds.
epoch_idx: 340, error: 0.0179,likelihood: 698.679
 10.52 seconds.
epoch_idx: 341, error: 0.0179,likelihood: 698.552
 10.54 seconds.
epoch_idx: 342, error: 0.0176,likelihood: 697.108
 10.55 seconds.
epoch_idx: 343, error: 0.0179,likelihood: 700.362
 10.6 seconds.
epoch_idx: 344, error: 0.0178,likelihood: 701.802
 10.64 seconds.
epoch_idx: 345, error: 0.0177,likelihood: 698.65
 10.65 seconds.
epoch_idx: 346, error: 0.018,likelihood: 699.758
 10.65 seconds.
epoch_idx: 347, error: 0.0176,likelihood: 699.555
 10.57 seconds.
epoch_idx: 348, error: 0.0177,likelihood: 698.764
 10.54 seconds.
epoch_idx: 349, error: 0.0176,likelihood: 700.507
 10.51 seconds.
epoch_idx: 350, error: 0.0177,likelihood: 698.876
 10.53 seconds.
epoch_idx: 351, error: 0.0171,likelihood: 699.804
 10.51 seconds.
epoch_idx: 352, error: 0.0174,likelihood: 697.503
 10.53 seconds.
epoch_idx: 353, error: 0.0172,likelihood: 699.974
 10.53 seconds.
epoch_idx: 354, error: 0.0174,likelihood: 700.411
 10.59 seconds.
epoch_idx: 355, error: 0.0171,likelihood: 701.35
 10.66 seconds.
epoch_idx: 356, error: 0.0174,likelihood: 700.423
 10.65 seconds.
epoch_idx: 357, error: 0.017,likelihood: 702.414
 10.64 seconds.
epoch_idx: 358, error: 0.0173,likelihood: 700.104
 10.64 seconds.
epoch_idx: 359, error: 0.0171,likelihood: 701.231
 10.66 seconds.
epoch_idx: 360, error: 0.017,likelihood: 699.986
 10.64 seconds.
epoch_idx: 361, error: 0.0174,likelihood: 701.155
 10.65 seconds.
epoch_idx: 362, error: 0.0174,likelihood: 700.1
 10.59 seconds.
epoch_idx: 363, error: 0.0172,likelihood: 702.421
 10.66 seconds.
epoch_idx: 364, error: 0.0174,likelihood: 703.541
 10.55 seconds.
epoch_idx: 365, error: 0.0173,likelihood: 702.553
 10.52 seconds.
epoch_idx: 366, error: 0.0174,likelihood: 703.327
 10.5 seconds.
epoch_idx: 367, error: 0.0174,likelihood: 703.309
 10.54 seconds.
epoch_idx: 368, error: 0.0176,likelihood: 704.256
 10.51 seconds.
epoch_idx: 369, error: 0.0174,likelihood: 702.742
 10.54 seconds.
epoch_idx: 370, error: 0.0177,likelihood: 703.207
 10.65 seconds.
epoch_idx: 371, error: 0.0176,likelihood: 702.64
 10.66 seconds.
epoch_idx: 372, error: 0.0175,likelihood: 703.157
 10.65 seconds.
epoch_idx: 373, error: 0.0175,likelihood: 703.303
 10.64 seconds.
epoch_idx: 374, error: 0.0175,likelihood: 705.831
 10.65 seconds.
epoch_idx: 375, error: 0.0175,likelihood: 703.289
 10.66 seconds.
epoch_idx: 376, error: 0.0176,likelihood: 704.642
 10.65 seconds.
epoch_idx: 377, error: 0.0177,likelihood: 702.706
 10.65 seconds.
epoch_idx: 378, error: 0.0174,likelihood: 705.179
 10.58 seconds.
epoch_idx: 379, error: 0.0175,likelihood: 704.425
 10.54 seconds.
epoch_idx: 380, error: 0.0176,likelihood: 705.514
 10.59 seconds.
epoch_idx: 381, error: 0.0173,likelihood: 705.617
 10.53 seconds.
epoch_idx: 382, error: 0.0174,likelihood: 706.278
 10.51 seconds.
epoch_idx: 383, error: 0.0175,likelihood: 705.765
 10.49 seconds.
epoch_idx: 384, error: 0.0176,likelihood: 706.823
 10.51 seconds.
epoch_idx: 385, error: 0.0175,likelihood: 705.904
 10.52 seconds.
epoch_idx: 386, error: 0.0175,likelihood: 705.248
 10.5 seconds.
epoch_idx: 387, error: 0.0176,likelihood: 706.695
 10.53 seconds.
epoch_idx: 388, error: 0.0175,likelihood: 706.489
 10.5 seconds.
epoch_idx: 389, error: 0.0177,likelihood: 707.744
 10.49 seconds.
epoch_idx: 390, error: 0.0173,likelihood: 707.117
 10.52 seconds.
epoch_idx: 391, error: 0.0174,likelihood: 706.45
 10.56 seconds.
epoch_idx: 392, error: 0.0175,likelihood: 705.914
 10.56 seconds.
epoch_idx: 393, error: 0.0176,likelihood: 706.557
 10.54 seconds.
epoch_idx: 394, error: 0.0176,likelihood: 707.698
 10.53 seconds.
epoch_idx: 395, error: 0.0175,likelihood: 706.205
 10.53 seconds.
epoch_idx: 396, error: 0.0176,likelihood: 706.748
 10.54 seconds.
epoch_idx: 397, error: 0.0175,likelihood: 706.763
 10.59 seconds.
epoch_idx: 398, error: 0.0174,likelihood: 709.397
 10.64 seconds.
epoch_idx: 399, error: 0.0175,likelihood: 708.499
 10.62 seconds.
epoch_idx: 400, error: 0.0174,likelihood: 708.589
 10.51 seconds.
epoch_idx: 401, error: 0.0175,likelihood: 706.988
 10.56 seconds.
epoch_idx: 402, error: 0.0176,likelihood: 708.706
 10.61 seconds.
epoch_idx: 403, error: 0.0173,likelihood: 708.505
 10.65 seconds.
epoch_idx: 404, error: 0.0173,likelihood: 708.849
 10.53 seconds.
epoch_idx: 405, error: 0.0174,likelihood: 708.754
 10.52 seconds.
epoch_idx: 406, error: 0.0174,likelihood: 710.701
 10.54 seconds.
epoch_idx: 407, error: 0.0173,likelihood: 708.992
 10.64 seconds.
epoch_idx: 408, error: 0.0172,likelihood: 710.647
 10.59 seconds.
epoch_idx: 409, error: 0.0174,likelihood: 710.54
 10.64 seconds.
epoch_idx: 410, error: 0.0174,likelihood: 711.04
 10.57 seconds.
epoch_idx: 411, error: 0.0173,likelihood: 709.911
 10.6 seconds.
epoch_idx: 412, error: 0.0174,likelihood: 710.513
 10.64 seconds.
epoch_idx: 413, error: 0.0172,likelihood: 709.419
 10.61 seconds.
epoch_idx: 414, error: 0.0174,likelihood: 713.333
 10.62 seconds.
epoch_idx: 415, error: 0.0173,likelihood: 714.027
 10.65 seconds.
epoch_idx: 416, error: 0.0174,likelihood: 712.222
 10.58 seconds.
epoch_idx: 417, error: 0.0174,likelihood: 712.146
 10.52 seconds.
epoch_idx: 418, error: 0.0174,likelihood: 710.158
 10.53 seconds.
epoch_idx: 419, error: 0.0173,likelihood: 712.248
 10.52 seconds.
epoch_idx: 420, error: 0.0176,likelihood: 712.061
 10.51 seconds.
epoch_idx: 421, error: 0.0171,likelihood: 712.057
 10.54 seconds.
epoch_idx: 422, error: 0.0175,likelihood: 713.214
 10.59 seconds.
epoch_idx: 423, error: 0.0175,likelihood: 712.399
 10.54 seconds.
epoch_idx: 424, error: 0.0174,likelihood: 711.713
 10.58 seconds.
epoch_idx: 425, error: 0.0173,likelihood: 714.558
 10.62 seconds.
epoch_idx: 426, error: 0.0175,likelihood: 713.312
 10.61 seconds.
epoch_idx: 427, error: 0.0173,likelihood: 713.612
 10.58 seconds.
epoch_idx: 428, error: 0.0174,likelihood: 713.406
 10.54 seconds.
epoch_idx: 429, error: 0.0173,likelihood: 714.003
 10.53 seconds.
epoch_idx: 430, error: 0.017,likelihood: 715.763
 10.64 seconds.
epoch_idx: 431, error: 0.0172,likelihood: 714.349
 10.56 seconds.
epoch_idx: 432, error: 0.017,likelihood: 713.333
 10.52 seconds.
epoch_idx: 433, error: 0.0172,likelihood: 714.203
 10.64 seconds.
epoch_idx: 434, error: 0.0173,likelihood: 713.759
 10.58 seconds.
epoch_idx: 435, error: 0.0171,likelihood: 714.246
 10.58 seconds.
epoch_idx: 436, error: 0.017,likelihood: 714.504
 10.64 seconds.
epoch_idx: 437, error: 0.0172,likelihood: 713.009
 10.6 seconds.
epoch_idx: 438, error: 0.0173,likelihood: 715.105
 10.53 seconds.
epoch_idx: 439, error: 0.0171,likelihood: 714.77
 10.5 seconds.
epoch_idx: 440, error: 0.017,likelihood: 713.46
 10.53 seconds.
epoch_idx: 441, error: 0.0171,likelihood: 712.903
 10.58 seconds.
epoch_idx: 442, error: 0.0172,likelihood: 714.108
 10.64 seconds.
epoch_idx: 443, error: 0.0172,likelihood: 716.948
 10.63 seconds.
epoch_idx: 444, error: 0.0173,likelihood: 719.741
 10.6 seconds.
epoch_idx: 445, error: 0.0172,likelihood: 717.316
 10.53 seconds.
epoch_idx: 446, error: 0.0172,likelihood: 716.67
 10.51 seconds.
epoch_idx: 447, error: 0.0171,likelihood: 716.483
 10.51 seconds.
epoch_idx: 448, error: 0.0171,likelihood: 718.374
 10.55 seconds.
epoch_idx: 449, error: 0.0171,likelihood: 717.724
 10.59 seconds.
epoch_idx: 450, error: 0.0171,likelihood: 719.557
 10.64 seconds.
epoch_idx: 451, error: 0.0171,likelihood: 719.432
 10.66 seconds.
epoch_idx: 452, error: 0.0171,likelihood: 720.489
 10.61 seconds.
epoch_idx: 453, error: 0.017,likelihood: 718.728
 10.62 seconds.
epoch_idx: 454, error: 0.017,likelihood: 718.481
 10.53 seconds.
epoch_idx: 455, error: 0.0168,likelihood: 721.031
 10.55 seconds.
epoch_idx: 456, error: 0.0169,likelihood: 720.539
 10.62 seconds.
epoch_idx: 457, error: 0.0171,likelihood: 720.719
 10.57 seconds.
epoch_idx: 458, error: 0.0168,likelihood: 719.428
 10.62 seconds.
epoch_idx: 459, error: 0.0167,likelihood: 721.255
 10.58 seconds.
epoch_idx: 460, error: 0.0167,likelihood: 721.541
 10.53 seconds.
epoch_idx: 461, error: 0.0166,likelihood: 721.365
 10.54 seconds.
epoch_idx: 462, error: 0.0167,likelihood: 721.76
 10.51 seconds.
epoch_idx: 463, error: 0.0169,likelihood: 723.54
 10.53 seconds.
epoch_idx: 464, error: 0.0168,likelihood: 723.315
 10.5 seconds.
epoch_idx: 465, error: 0.0168,likelihood: 725.293
 10.63 seconds.
epoch_idx: 466, error: 0.0166,likelihood: 726.241
 10.58 seconds.
epoch_idx: 467, error: 0.0166,likelihood: 724.775
 10.55 seconds.
epoch_idx: 468, error: 0.0166,likelihood: 725.018
 10.58 seconds.
epoch_idx: 469, error: 0.0168,likelihood: 726.354
 10.61 seconds.
epoch_idx: 470, error: 0.0168,likelihood: 728.453
 10.6 seconds.
epoch_idx: 471, error: 0.0166,likelihood: 725.639
 10.59 seconds.
epoch_idx: 472, error: 0.0168,likelihood: 725.86
 10.64 seconds.
epoch_idx: 473, error: 0.0168,likelihood: 728.249
 10.58 seconds.
epoch_idx: 474, error: 0.0167,likelihood: 728.776
 10.62 seconds.
epoch_idx: 475, error: 0.0167,likelihood: 726.924
 10.63 seconds.
epoch_idx: 476, error: 0.0165,likelihood: 727.898
 10.62 seconds.
epoch_idx: 477, error: 0.0166,likelihood: 728.51
 10.63 seconds.
epoch_idx: 478, error: 0.0166,likelihood: 728.816
 10.63 seconds.
epoch_idx: 479, error: 0.0166,likelihood: 728.973
 10.63 seconds.
epoch_idx: 480, error: 0.0166,likelihood: 728.356
 10.63 seconds.
epoch_idx: 481, error: 0.0166,likelihood: 729.188
 10.64 seconds.
epoch_idx: 482, error: 0.0165,likelihood: 728.595
 10.61 seconds.
epoch_idx: 483, error: 0.0167,likelihood: 729.96
 10.51 seconds.
epoch_idx: 484, error: 0.0166,likelihood: 730.954
 10.52 seconds.
epoch_idx: 485, error: 0.0166,likelihood: 729.495
 10.53 seconds.
epoch_idx: 486, error: 0.0168,likelihood: 730.479
 10.51 seconds.
epoch_idx: 487, error: 0.0168,likelihood: 731.376
 10.54 seconds.
epoch_idx: 488, error: 0.0167,likelihood: 730.047
 10.55 seconds.
epoch_idx: 489, error: 0.0166,likelihood: 730.651
 10.53 seconds.
epoch_idx: 490, error: 0.0168,likelihood: 731.629
 10.64 seconds.
epoch_idx: 491, error: 0.0166,likelihood: 732.646
 10.61 seconds.
epoch_idx: 492, error: 0.0167,likelihood: 732.498
 10.64 seconds.
epoch_idx: 493, error: 0.0168,likelihood: 732.86
 10.63 seconds.
epoch_idx: 494, error: 0.0167,likelihood: 731.881
 10.62 seconds.
epoch_idx: 495, error: 0.0168,likelihood: 734.433
 10.62 seconds.
epoch_idx: 496, error: 0.0167,likelihood: 733.783
 10.63 seconds.
epoch_idx: 497, error: 0.0167,likelihood: 734.028
 10.57 seconds.
epoch_idx: 498, error: 0.0165,likelihood: 733.142
 10.63 seconds.
epoch_idx: 499, error: 0.0166,likelihood: 732.741
 10.63 seconds.
epoch_idx: 500, error: 0.0166,likelihood: 733.83
 10.63 seconds.
epoch_idx: 501, error: 0.0167,likelihood: 734.192
 10.52 seconds.
epoch_idx: 502, error: 0.0166,likelihood: 735.022
 10.5 seconds.
epoch_idx: 503, error: 0.0166,likelihood: 735.869
 10.5 seconds.
epoch_idx: 504, error: 0.0166,likelihood: 733.145
 10.52 seconds.
epoch_idx: 505, error: 0.0167,likelihood: 733.754
 10.54 seconds.
epoch_idx: 506, error: 0.0167,likelihood: 735.036
 10.53 seconds.
epoch_idx: 507, error: 0.0165,likelihood: 734.843
 10.63 seconds.
epoch_idx: 508, error: 0.0165,likelihood: 733.783
 10.64 seconds.
epoch_idx: 509, error: 0.0166,likelihood: 735.735
 10.62 seconds.
epoch_idx: 510, error: 0.0165,likelihood: 734.164
 10.6 seconds.
epoch_idx: 511, error: 0.0165,likelihood: 733.797
 10.53 seconds.
epoch_idx: 512, error: 0.0165,likelihood: 733.905
 10.52 seconds.
epoch_idx: 513, error: 0.0165,likelihood: 732.667
 10.52 seconds.
epoch_idx: 514, error: 0.0167,likelihood: 732.583
 10.53 seconds.
epoch_idx: 515, error: 0.0165,likelihood: 731.92
 10.52 seconds.
epoch_idx: 516, error: 0.0166,likelihood: 733.88
 10.54 seconds.
epoch_idx: 517, error: 0.0166,likelihood: 732.468
 10.6 seconds.
epoch_idx: 518, error: 0.0164,likelihood: 732.676
 10.64 seconds.
epoch_idx: 519, error: 0.0165,likelihood: 731.711
 10.57 seconds.
epoch_idx: 520, error: 0.0164,likelihood: 732.15
 10.6 seconds.
epoch_idx: 521, error: 0.0163,likelihood: 733.174
 10.51 seconds.
epoch_idx: 522, error: 0.0166,likelihood: 732.663
 10.51 seconds.
epoch_idx: 523, error: 0.0163,likelihood: 731.346
 10.56 seconds.
epoch_idx: 524, error: 0.0166,likelihood: 731.733
 10.5 seconds.
epoch_idx: 525, error: 0.0165,likelihood: 731.355
 10.51 seconds.
epoch_idx: 526, error: 0.0164,likelihood: 731.657
 10.54 seconds.
epoch_idx: 527, error: 0.0163,likelihood: 731.805
 10.5 seconds.
epoch_idx: 528, error: 0.0167,likelihood: 730.454
 10.52 seconds.
epoch_idx: 529, error: 0.0167,likelihood: 731.423
 10.5 seconds.
epoch_idx: 530, error: 0.0166,likelihood: 729.939
 10.57 seconds.
epoch_idx: 531, error: 0.0166,likelihood: 727.972
 10.62 seconds.
epoch_idx: 532, error: 0.0168,likelihood: 731.024
 10.58 seconds.
epoch_idx: 533, error: 0.0163,likelihood: 729.916
 10.57 seconds.
epoch_idx: 534, error: 0.0166,likelihood: 728.793
 10.53 seconds.
epoch_idx: 535, error: 0.0167,likelihood: 729.658
 10.53 seconds.
epoch_idx: 536, error: 0.0167,likelihood: 729.455
 10.51 seconds.
epoch_idx: 537, error: 0.0164,likelihood: 729.277
 10.54 seconds.
epoch_idx: 538, error: 0.0167,likelihood: 729.311
 10.51 seconds.
epoch_idx: 539, error: 0.0167,likelihood: 730.355
 10.56 seconds.
epoch_idx: 540, error: 0.0169,likelihood: 729.292
 10.6 seconds.
epoch_idx: 541, error: 0.0167,likelihood: 728.288
 10.64 seconds.
epoch_idx: 542, error: 0.0168,likelihood: 728.315
 10.62 seconds.
epoch_idx: 543, error: 0.0167,likelihood: 728.97
 10.55 seconds.
epoch_idx: 544, error: 0.0167,likelihood: 728.812
 10.57 seconds.
epoch_idx: 545, error: 0.0166,likelihood: 729.918
 10.58 seconds.
epoch_idx: 546, error: 0.0168,likelihood: 730.516
 10.58 seconds.
epoch_idx: 547, error: 0.0165,likelihood: 729.099
 10.6 seconds.
epoch_idx: 548, error: 0.0165,likelihood: 728.919
 10.57 seconds.
epoch_idx: 549, error: 0.0167,likelihood: 728.356
 10.63 seconds.
epoch_idx: 550, error: 0.0168,likelihood: 728.703
 10.56 seconds.
epoch_idx: 551, error: 0.0166,likelihood: 727.656
 10.61 seconds.
epoch_idx: 552, error: 0.0166,likelihood: 728.96
 10.63 seconds.
epoch_idx: 553, error: 0.0165,likelihood: 727.724
 10.6 seconds.
epoch_idx: 554, error: 0.0166,likelihood: 728.601
 10.62 seconds.
epoch_idx: 555, error: 0.0166,likelihood: 727.276
 10.63 seconds.
epoch_idx: 556, error: 0.0166,likelihood: 728.465
 10.56 seconds.
epoch_idx: 557, error: 0.0164,likelihood: 726.732
 10.6 seconds.
epoch_idx: 558, error: 0.0163,likelihood: 729.153
 10.52 seconds.
epoch_idx: 559, error: 0.0165,likelihood: 728.479
 10.53 seconds.
epoch_idx: 560, error: 0.0165,likelihood: 728.724
 10.64 seconds.
epoch_idx: 561, error: 0.0165,likelihood: 730.065
 10.54 seconds.
epoch_idx: 562, error: 0.0163,likelihood: 729.682
 10.53 seconds.
epoch_idx: 563, error: 0.0164,likelihood: 729.385
 10.59 seconds.
epoch_idx: 564, error: 0.0164,likelihood: 729.003
 10.63 seconds.
epoch_idx: 565, error: 0.0164,likelihood: 728.123
 10.62 seconds.
epoch_idx: 566, error: 0.0165,likelihood: 729.223
 10.56 seconds.
epoch_idx: 567, error: 0.0164,likelihood: 728.81
 10.58 seconds.
epoch_idx: 568, error: 0.0163,likelihood: 730.093
 10.58 seconds.
epoch_idx: 569, error: 0.0164,likelihood: 729.013
 10.6 seconds.
epoch_idx: 570, error: 0.0164,likelihood: 729.619
 10.62 seconds.
epoch_idx: 571, error: 0.0163,likelihood: 727.266
 10.6 seconds.
epoch_idx: 572, error: 0.0164,likelihood: 730.993
 10.65 seconds.
epoch_idx: 573, error: 0.0164,likelihood: 730.387
 10.63 seconds.
epoch_idx: 574, error: 0.0164,likelihood: 729.012
 10.64 seconds.
epoch_idx: 575, error: 0.0161,likelihood: 728.761
 10.64 seconds.
epoch_idx: 576, error: 0.0163,likelihood: 728.134
 10.64 seconds.
epoch_idx: 577, error: 0.0163,likelihood: 729.788
 10.55 seconds.
epoch_idx: 578, error: 0.0163,likelihood: 729.182
 10.56 seconds.
epoch_idx: 579, error: 0.0163,likelihood: 728.666
 10.63 seconds.
epoch_idx: 580, error: 0.0164,likelihood: 730.263
 10.55 seconds.
epoch_idx: 581, error: 0.0163,likelihood: 728.975
 10.52 seconds.
epoch_idx: 582, error: 0.0163,likelihood: 729.72
 10.51 seconds.
epoch_idx: 583, error: 0.0162,likelihood: 730.306
 10.55 seconds.
epoch_idx: 584, error: 0.0162,likelihood: 731.008
 10.64 seconds.
epoch_idx: 585, error: 0.0164,likelihood: 730.182
 10.65 seconds.
epoch_idx: 586, error: 0.0165,likelihood: 729.635
 10.64 seconds.
epoch_idx: 587, error: 0.0162,likelihood: 729.677
 10.65 seconds.
epoch_idx: 588, error: 0.0161,likelihood: 728.953
 10.65 seconds.
epoch_idx: 589, error: 0.0163,likelihood: 728.633
 10.52 seconds.
epoch_idx: 590, error: 0.0163,likelihood: 730.416
 10.59 seconds.
epoch_idx: 591, error: 0.0161,likelihood: 728.073
 10.57 seconds.
epoch_idx: 592, error: 0.0162,likelihood: 730.081
 10.65 seconds.
epoch_idx: 593, error: 0.0161,likelihood: 730.098
 10.63 seconds.
epoch_idx: 594, error: 0.0162,likelihood: 729.19
 10.64 seconds.
epoch_idx: 595, error: 0.0163,likelihood: 729.523
 10.64 seconds.
epoch_idx: 596, error: 0.016,likelihood: 730.449
 10.64 seconds.
epoch_idx: 597, error: 0.0161,likelihood: 730.91
 10.57 seconds.
epoch_idx: 598, error: 0.0163,likelihood: 731.543
 10.49 seconds.
epoch_idx: 599, error: 0.0162,likelihood: 731.148
 10.58 seconds.
epoch_idx: 600, error: 0.0164,likelihood: 731.073
 10.5 seconds.
epoch_idx: 601, error: 0.0162,likelihood: 730.734
 10.51 seconds.
epoch_idx: 602, error: 0.0162,likelihood: 731.467
 10.5 seconds.
epoch_idx: 603, error: 0.0164,likelihood: 731.929
 10.52 seconds.
epoch_idx: 604, error: 0.0163,likelihood: 731.118
 10.6 seconds.
epoch_idx: 605, error: 0.0162,likelihood: 730.895
 10.64 seconds.
epoch_idx: 606, error: 0.0163,likelihood: 731.758
 10.64 seconds.
epoch_idx: 607, error: 0.0162,likelihood: 731.866
 10.64 seconds.
epoch_idx: 608, error: 0.0163,likelihood: 731.684
 10.65 seconds.
epoch_idx: 609, error: 0.0164,likelihood: 732.413
 10.6 seconds.
epoch_idx: 610, error: 0.0164,likelihood: 733.24
 10.61 seconds.
epoch_idx: 611, error: 0.0165,likelihood: 733.151
 10.65 seconds.
epoch_idx: 612, error: 0.0164,likelihood: 732.993
 10.64 seconds.
epoch_idx: 613, error: 0.0164,likelihood: 731.676
 10.64 seconds.
epoch_idx: 614, error: 0.0163,likelihood: 731.8
 10.66 seconds.
epoch_idx: 615, error: 0.0163,likelihood: 732.969
 10.64 seconds.
epoch_idx: 616, error: 0.0165,likelihood: 733.931
 10.65 seconds.
epoch_idx: 617, error: 0.0163,likelihood: 733.135
 10.62 seconds.
epoch_idx: 618, error: 0.0164,likelihood: 733.546
 10.65 seconds.
epoch_idx: 619, error: 0.0164,likelihood: 733.534
 10.65 seconds.
epoch_idx: 620, error: 0.0165,likelihood: 733.028
 10.64 seconds.
epoch_idx: 621, error: 0.0164,likelihood: 733.413
 10.64 seconds.
epoch_idx: 622, error: 0.0165,likelihood: 735.001
 10.65 seconds.
epoch_idx: 623, error: 0.0166,likelihood: 735.885
 10.64 seconds.
epoch_idx: 624, error: 0.0163,likelihood: 735.039
 10.56 seconds.
epoch_idx: 625, error: 0.0164,likelihood: 735.86
 10.58 seconds.
epoch_idx: 626, error: 0.0165,likelihood: 735.119
 10.61 seconds.
epoch_idx: 627, error: 0.0165,likelihood: 735.181
 10.57 seconds.
epoch_idx: 628, error: 0.0165,likelihood: 735.12
 10.5 seconds.
epoch_idx: 629, error: 0.0164,likelihood: 735.211
 10.64 seconds.
epoch_idx: 630, error: 0.0165,likelihood: 734.494
 10.62 seconds.
epoch_idx: 631, error: 0.0168,likelihood: 736.588
 10.51 seconds.
epoch_idx: 632, error: 0.0166,likelihood: 735.341
 10.5 seconds.
epoch_idx: 633, error: 0.0165,likelihood: 735.732
 10.51 seconds.
epoch_idx: 634, error: 0.0165,likelihood: 736.915
 10.51 seconds.
epoch_idx: 635, error: 0.0165,likelihood: 736.787
 10.52 seconds.
epoch_idx: 636, error: 0.0165,likelihood: 736.69
 10.51 seconds.
epoch_idx: 637, error: 0.0165,likelihood: 736.265
 10.49 seconds.
epoch_idx: 638, error: 0.0164,likelihood: 737.009
 10.49 seconds.
epoch_idx: 639, error: 0.0164,likelihood: 737.044
 10.6 seconds.
epoch_idx: 640, error: 0.0165,likelihood: 737.592
 10.62 seconds.
epoch_idx: 641, error: 0.0165,likelihood: 737.048
 10.62 seconds.
epoch_idx: 642, error: 0.0165,likelihood: 738.458
 10.59 seconds.
epoch_idx: 643, error: 0.0165,likelihood: 738.343
 10.61 seconds.
epoch_idx: 644, error: 0.0165,likelihood: 738.157
 10.65 seconds.
epoch_idx: 645, error: 0.0164,likelihood: 737.619
 10.65 seconds.
epoch_idx: 646, error: 0.0164,likelihood: 739.311
 10.65 seconds.
epoch_idx: 647, error: 0.0165,likelihood: 738.827
 10.65 seconds.
epoch_idx: 648, error: 0.0163,likelihood: 738.122
 10.63 seconds.
epoch_idx: 649, error: 0.0164,likelihood: 737.498
 10.64 seconds.
epoch_idx: 650, error: 0.0163,likelihood: 739.621
 10.64 seconds.
epoch_idx: 651, error: 0.0164,likelihood: 740.729
 10.64 seconds.
epoch_idx: 652, error: 0.0164,likelihood: 738.905
 10.65 seconds.
epoch_idx: 653, error: 0.0164,likelihood: 739.923
 10.63 seconds.
epoch_idx: 654, error: 0.0164,likelihood: 739.891
 10.59 seconds.
epoch_idx: 655, error: 0.0165,likelihood: 739.497
 10.61 seconds.
epoch_idx: 656, error: 0.0165,likelihood: 740.207
 10.63 seconds.
epoch_idx: 657, error: 0.0166,likelihood: 741.745
 10.64 seconds.
epoch_idx: 658, error: 0.0165,likelihood: 742.103
 10.64 seconds.
epoch_idx: 659, error: 0.0166,likelihood: 740.457
 10.65 seconds.
epoch_idx: 660, error: 0.0166,likelihood: 741.722
 10.65 seconds.
epoch_idx: 661, error: 0.0166,likelihood: 740.672
 10.65 seconds.
epoch_idx: 662, error: 0.0165,likelihood: 741.694
 10.57 seconds.
epoch_idx: 663, error: 0.0166,likelihood: 742.106
 10.51 seconds.
epoch_idx: 664, error: 0.0164,likelihood: 740.298
 10.52 seconds.
epoch_idx: 665, error: 0.0167,likelihood: 742.238
 10.51 seconds.
epoch_idx: 666, error: 0.0165,likelihood: 742.465
 10.62 seconds.
epoch_idx: 667, error: 0.0163,likelihood: 742.977
 10.63 seconds.
epoch_idx: 668, error: 0.0164,likelihood: 742.979
 10.64 seconds.
epoch_idx: 669, error: 0.0166,likelihood: 742.288
 10.65 seconds.
epoch_idx: 670, error: 0.0165,likelihood: 743.109
 10.63 seconds.
epoch_idx: 671, error: 0.0165,likelihood: 742.857
 10.51 seconds.
epoch_idx: 672, error: 0.0164,likelihood: 743.146
 10.58 seconds.
epoch_idx: 673, error: 0.0165,likelihood: 742.999
 10.59 seconds.
epoch_idx: 674, error: 0.0165,likelihood: 743.528
 10.49 seconds.
epoch_idx: 675, error: 0.0165,likelihood: 743.094
 10.6 seconds.
epoch_idx: 676, error: 0.0164,likelihood: 743.316
 10.63 seconds.
epoch_idx: 677, error: 0.0164,likelihood: 744.892
 10.56 seconds.
epoch_idx: 678, error: 0.0164,likelihood: 744.21
 10.54 seconds.
epoch_idx: 679, error: 0.0163,likelihood: 743.044
 10.53 seconds.
epoch_idx: 680, error: 0.0164,likelihood: 744.392
 10.52 seconds.
epoch_idx: 681, error: 0.0162,likelihood: 743.788
 10.54 seconds.
epoch_idx: 682, error: 0.0165,likelihood: 744.09
 10.52 seconds.
epoch_idx: 683, error: 0.0163,likelihood: 744.836
 10.59 seconds.
epoch_idx: 684, error: 0.0164,likelihood: 745.205
 10.64 seconds.
epoch_idx: 685, error: 0.0164,likelihood: 745.768
 10.61 seconds.
epoch_idx: 686, error: 0.0163,likelihood: 744.957
 10.63 seconds.
epoch_idx: 687, error: 0.0165,likelihood: 746.014
 10.63 seconds.
epoch_idx: 688, error: 0.0163,likelihood: 746.592
 10.62 seconds.
epoch_idx: 689, error: 0.0164,likelihood: 747.742
 10.58 seconds.
epoch_idx: 690, error: 0.0163,likelihood: 747.224
 10.6 seconds.
epoch_idx: 691, error: 0.0164,likelihood: 747.716
 10.52 seconds.
epoch_idx: 692, error: 0.0163,likelihood: 748.457
 10.6 seconds.
epoch_idx: 693, error: 0.0163,likelihood: 747.306
 10.58 seconds.
epoch_idx: 694, error: 0.0163,likelihood: 747.909
 10.6 seconds.
epoch_idx: 695, error: 0.0164,likelihood: 748.535
 10.61 seconds.
epoch_idx: 696, error: 0.016,likelihood: 748.793
 10.58 seconds.
epoch_idx: 697, error: 0.0162,likelihood: 747.805
 10.64 seconds.
epoch_idx: 698, error: 0.0163,likelihood: 748.343
 10.59 seconds.
epoch_idx: 699, error: 0.0164,likelihood: 747.822
 10.63 seconds.
epoch_idx: 700, error: 0.016,likelihood: 748.877
 10.6 seconds.
epoch_idx: 701, error: 0.0161,likelihood: 749.492
 10.54 seconds.
epoch_idx: 702, error: 0.0162,likelihood: 747.985
 10.51 seconds.
epoch_idx: 703, error: 0.0162,likelihood: 747.29
 10.51 seconds.
epoch_idx: 704, error: 0.016,likelihood: 748.439
 10.51 seconds.
epoch_idx: 705, error: 0.0162,likelihood: 749.303
 10.64 seconds.
epoch_idx: 706, error: 0.016,likelihood: 748.953
 10.62 seconds.
epoch_idx: 707, error: 0.0161,likelihood: 750.943
 10.62 seconds.
epoch_idx: 708, error: 0.0161,likelihood: 749.369
 10.58 seconds.
epoch_idx: 709, error: 0.0162,likelihood: 751.268
 10.6 seconds.
epoch_idx: 710, error: 0.0163,likelihood: 751.16
 10.57 seconds.
epoch_idx: 711, error: 0.0164,likelihood: 750.615
 10.59 seconds.
epoch_idx: 712, error: 0.016,likelihood: 750.968
 10.63 seconds.
epoch_idx: 713, error: 0.0162,likelihood: 750.708
 10.64 seconds.
epoch_idx: 714, error: 0.0163,likelihood: 752.012
 10.63 seconds.
epoch_idx: 715, error: 0.0162,likelihood: 752.407
 10.6 seconds.
epoch_idx: 716, error: 0.0162,likelihood: 751.762
 10.63 seconds.
epoch_idx: 717, error: 0.0162,likelihood: 751.807
 10.6 seconds.
epoch_idx: 718, error: 0.0163,likelihood: 752.11
 10.63 seconds.
epoch_idx: 719, error: 0.016,likelihood: 752.667
 10.57 seconds.
epoch_idx: 720, error: 0.0161,likelihood: 753.119
 10.53 seconds.
epoch_idx: 721, error: 0.0162,likelihood: 752.768
 10.56 seconds.
epoch_idx: 722, error: 0.0161,likelihood: 752.807
 10.63 seconds.
epoch_idx: 723, error: 0.0163,likelihood: 753.288
 10.63 seconds.
epoch_idx: 724, error: 0.0162,likelihood: 753.72
 10.62 seconds.
epoch_idx: 725, error: 0.0161,likelihood: 753.115
 10.58 seconds.
epoch_idx: 726, error: 0.0163,likelihood: 753.785
 10.53 seconds.
epoch_idx: 727, error: 0.0161,likelihood: 754.051
 10.49 seconds.
epoch_idx: 728, error: 0.016,likelihood: 753.931
 10.51 seconds.
epoch_idx: 729, error: 0.016,likelihood: 753.752
 10.5 seconds.
epoch_idx: 730, error: 0.0157,likelihood: 753.263
 10.51 seconds.
epoch_idx: 731, error: 0.0162,likelihood: 753.794
 10.51 seconds.
epoch_idx: 732, error: 0.0159,likelihood: 754.066
 10.57 seconds.
epoch_idx: 733, error: 0.016,likelihood: 756.175
 10.53 seconds.
epoch_idx: 734, error: 0.0159,likelihood: 754.707
 10.5 seconds.
epoch_idx: 735, error: 0.0163,likelihood: 755.924
 10.52 seconds.
epoch_idx: 736, error: 0.016,likelihood: 756.601
 10.63 seconds.
epoch_idx: 737, error: 0.016,likelihood: 755.249
 10.52 seconds.
epoch_idx: 738, error: 0.016,likelihood: 754.979
 10.51 seconds.
epoch_idx: 739, error: 0.0158,likelihood: 754.321
 10.53 seconds.
epoch_idx: 740, error: 0.016,likelihood: 755.545
 10.61 seconds.
epoch_idx: 741, error: 0.016,likelihood: 755.901
 10.62 seconds.
epoch_idx: 742, error: 0.0162,likelihood: 756.093
 10.61 seconds.
epoch_idx: 743, error: 0.016,likelihood: 756.57
 10.6 seconds.
epoch_idx: 744, error: 0.0162,likelihood: 757.772
 10.6 seconds.
epoch_idx: 745, error: 0.016,likelihood: 757.64
 10.58 seconds.
epoch_idx: 746, error: 0.0161,likelihood: 756.539
 10.56 seconds.
epoch_idx: 747, error: 0.0159,likelihood: 756.563
 10.57 seconds.
epoch_idx: 748, error: 0.0161,likelihood: 756.68
 10.63 seconds.
epoch_idx: 749, error: 0.0159,likelihood: 757.028
 10.64 seconds.
epoch_idx: 750, error: 0.0162,likelihood: 757.38
 10.57 seconds.
epoch_idx: 751, error: 0.0159,likelihood: 757.129
 10.49 seconds.
epoch_idx: 752, error: 0.0161,likelihood: 758.894
 10.52 seconds.
epoch_idx: 753, error: 0.0161,likelihood: 758.728
 10.51 seconds.
epoch_idx: 754, error: 0.0161,likelihood: 757.895
 10.54 seconds.
epoch_idx: 755, error: 0.0161,likelihood: 759.079
 10.62 seconds.
epoch_idx: 756, error: 0.0162,likelihood: 757.962
 10.62 seconds.
epoch_idx: 757, error: 0.016,likelihood: 756.732
 10.55 seconds.
epoch_idx: 758, error: 0.016,likelihood: 758.549
 10.55 seconds.
epoch_idx: 759, error: 0.016,likelihood: 758.863
 10.52 seconds.
epoch_idx: 760, error: 0.016,likelihood: 759.138
 10.6 seconds.
epoch_idx: 761, error: 0.016,likelihood: 758.797
 10.48 seconds.
epoch_idx: 762, error: 0.016,likelihood: 758.69
 10.49 seconds.
epoch_idx: 763, error: 0.0161,likelihood: 759.144
 10.48 seconds.
epoch_idx: 764, error: 0.0161,likelihood: 760.248
 10.53 seconds.
epoch_idx: 765, error: 0.0161,likelihood: 760.182
 10.53 seconds.
epoch_idx: 766, error: 0.0161,likelihood: 758.812
 10.53 seconds.
epoch_idx: 767, error: 0.016,likelihood: 760.565
 10.57 seconds.
epoch_idx: 768, error: 0.016,likelihood: 760.527
 10.55 seconds.
epoch_idx: 769, error: 0.016,likelihood: 761.215
 10.52 seconds.
epoch_idx: 770, error: 0.016,likelihood: 760.745
 10.49 seconds.
epoch_idx: 771, error: 0.016,likelihood: 760.849
 10.51 seconds.
epoch_idx: 772, error: 0.0162,likelihood: 761.182
 10.49 seconds.
epoch_idx: 773, error: 0.0161,likelihood: 762.338
 10.52 seconds.
epoch_idx: 774, error: 0.016,likelihood: 762.614
 10.55 seconds.
epoch_idx: 775, error: 0.016,likelihood: 762.427
 10.52 seconds.
epoch_idx: 776, error: 0.016,likelihood: 760.809
 10.52 seconds.
epoch_idx: 777, error: 0.016,likelihood: 761.084
 10.5 seconds.
epoch_idx: 778, error: 0.0159,likelihood: 760.709
 10.51 seconds.
epoch_idx: 779, error: 0.0159,likelihood: 761.033
 10.55 seconds.
epoch_idx: 780, error: 0.016,likelihood: 760.362
 10.53 seconds.
epoch_idx: 781, error: 0.0161,likelihood: 762.308
 10.49 seconds.
epoch_idx: 782, error: 0.016,likelihood: 762.271
 10.54 seconds.
epoch_idx: 783, error: 0.0161,likelihood: 762.722
 10.57 seconds.
epoch_idx: 784, error: 0.016,likelihood: 761.056
 10.57 seconds.
epoch_idx: 785, error: 0.016,likelihood: 763.555
 10.55 seconds.
epoch_idx: 786, error: 0.0161,likelihood: 762.683
 10.57 seconds.
epoch_idx: 787, error: 0.0161,likelihood: 764.178
 10.56 seconds.
epoch_idx: 788, error: 0.016,likelihood: 763.588
 10.53 seconds.
epoch_idx: 789, error: 0.016,likelihood: 763.206
 10.56 seconds.
epoch_idx: 790, error: 0.016,likelihood: 763.574
 10.51 seconds.
epoch_idx: 791, error: 0.0159,likelihood: 762.408
 10.51 seconds.
epoch_idx: 792, error: 0.0161,likelihood: 762.9
 10.53 seconds.
epoch_idx: 793, error: 0.016,likelihood: 762.836
 10.5 seconds.
epoch_idx: 794, error: 0.0161,likelihood: 763.035
 10.53 seconds.
epoch_idx: 795, error: 0.016,likelihood: 763.196
 10.58 seconds.
epoch_idx: 796, error: 0.0161,likelihood: 762.864
 10.51 seconds.
epoch_idx: 797, error: 0.016,likelihood: 763.743
 10.55 seconds.
epoch_idx: 798, error: 0.016,likelihood: 763.992
 10.54 seconds.
epoch_idx: 799, error: 0.016,likelihood: 764.968
 10.56 seconds.
epoch_idx: 800, error: 0.016,likelihood: 764.485
 10.57 seconds.
epoch_idx: 801, error: 0.0159,likelihood: 765.067
 10.53 seconds.
epoch_idx: 802, error: 0.0159,likelihood: 765.467
 10.55 seconds.
epoch_idx: 803, error: 0.0159,likelihood: 765.619
 10.56 seconds.
epoch_idx: 804, error: 0.016,likelihood: 765.577
 10.56 seconds.
epoch_idx: 805, error: 0.0161,likelihood: 764.681
 10.57 seconds.
epoch_idx: 806, error: 0.016,likelihood: 765.868
 10.57 seconds.
epoch_idx: 807, error: 0.016,likelihood: 765.57
 10.56 seconds.
epoch_idx: 808, error: 0.016,likelihood: 765.787
 10.57 seconds.
epoch_idx: 809, error: 0.016,likelihood: 766.142
 10.56 seconds.
epoch_idx: 810, error: 0.016,likelihood: 766.179
 10.57 seconds.
epoch_idx: 811, error: 0.016,likelihood: 765.934
 10.56 seconds.
epoch_idx: 812, error: 0.0158,likelihood: 766.164
 10.5 seconds.
epoch_idx: 813, error: 0.016,likelihood: 766.979
 10.53 seconds.
epoch_idx: 814, error: 0.016,likelihood: 766.727
 10.56 seconds.
epoch_idx: 815, error: 0.0159,likelihood: 766.317
 10.57 seconds.
epoch_idx: 816, error: 0.016,likelihood: 766.452
 10.53 seconds.
epoch_idx: 817, error: 0.0161,likelihood: 765.719
 10.58 seconds.
epoch_idx: 818, error: 0.0159,likelihood: 767.129
 10.53 seconds.
epoch_idx: 819, error: 0.0161,likelihood: 767.368
 10.53 seconds.
epoch_idx: 820, error: 0.0159,likelihood: 768.104
 10.5 seconds.
epoch_idx: 821, error: 0.0159,likelihood: 767.817
 10.54 seconds.
epoch_idx: 822, error: 0.016,likelihood: 767.668
 10.51 seconds.
epoch_idx: 823, error: 0.016,likelihood: 767.08
 10.5 seconds.
epoch_idx: 824, error: 0.0159,likelihood: 767.236
 10.52 seconds.
epoch_idx: 825, error: 0.0159,likelihood: 767.657
 10.5 seconds.
epoch_idx: 826, error: 0.0158,likelihood: 767.446
 10.56 seconds.
epoch_idx: 827, error: 0.0158,likelihood: 766.915
 10.56 seconds.
epoch_idx: 828, error: 0.0158,likelihood: 768.605
 10.51 seconds.
epoch_idx: 829, error: 0.016,likelihood: 768.52
 10.52 seconds.
epoch_idx: 830, error: 0.0158,likelihood: 768.449
 10.53 seconds.
epoch_idx: 831, error: 0.0159,likelihood: 769.501
 10.5 seconds.
epoch_idx: 832, error: 0.0159,likelihood: 769.141
 10.51 seconds.
epoch_idx: 833, error: 0.0159,likelihood: 768.785
 10.59 seconds.
epoch_idx: 834, error: 0.0159,likelihood: 770.352
 10.53 seconds.
epoch_idx: 835, error: 0.0159,likelihood: 770.169
 10.57 seconds.
epoch_idx: 836, error: 0.016,likelihood: 771.964
 10.58 seconds.
epoch_idx: 837, error: 0.0159,likelihood: 769.924
 10.58 seconds.
epoch_idx: 838, error: 0.0158,likelihood: 770.583
 10.55 seconds.
epoch_idx: 839, error: 0.016,likelihood: 770.106
 10.52 seconds.
epoch_idx: 840, error: 0.0159,likelihood: 770.9
 10.55 seconds.
epoch_idx: 841, error: 0.0159,likelihood: 771.107
 10.52 seconds.
epoch_idx: 842, error: 0.0159,likelihood: 770.993
 10.55 seconds.
epoch_idx: 843, error: 0.0159,likelihood: 770.575
 10.53 seconds.
epoch_idx: 844, error: 0.0159,likelihood: 771.967
 10.5 seconds.
epoch_idx: 845, error: 0.0159,likelihood: 770.342
 10.54 seconds.
epoch_idx: 846, error: 0.0159,likelihood: 771.945
 10.58 seconds.
epoch_idx: 847, error: 0.0158,likelihood: 772.019
 10.52 seconds.
epoch_idx: 848, error: 0.0159,likelihood: 772.294
 10.54 seconds.
epoch_idx: 849, error: 0.0158,likelihood: 772.223
 10.59 seconds.
epoch_idx: 850, error: 0.0159,likelihood: 772.508
 10.52 seconds.
epoch_idx: 851, error: 0.0159,likelihood: 772.707
 10.5 seconds.
epoch_idx: 852, error: 0.0159,likelihood: 772.513
 10.49 seconds.
epoch_idx: 853, error: 0.0159,likelihood: 772.277
 10.54 seconds.
epoch_idx: 854, error: 0.0159,likelihood: 773.043
 10.56 seconds.
epoch_idx: 855, error: 0.0158,likelihood: 773.106
 10.52 seconds.
epoch_idx: 856, error: 0.0159,likelihood: 772.805
 10.5 seconds.
epoch_idx: 857, error: 0.0159,likelihood: 771.564
 10.5 seconds.
epoch_idx: 858, error: 0.0159,likelihood: 771.957
 10.5 seconds.
epoch_idx: 859, error: 0.0159,likelihood: 773.826
 10.52 seconds.
epoch_idx: 860, error: 0.0159,likelihood: 773.047
 10.53 seconds.
epoch_idx: 861, error: 0.0159,likelihood: 771.933
 10.6 seconds.
epoch_idx: 862, error: 0.0157,likelihood: 773.558
 10.5 seconds.
epoch_idx: 863, error: 0.0159,likelihood: 773.175
 10.51 seconds.
epoch_idx: 864, error: 0.0159,likelihood: 772.965
 10.58 seconds.
epoch_idx: 865, error: 0.0159,likelihood: 774.088
 10.59 seconds.
epoch_idx: 866, error: 0.0158,likelihood: 773.132
 10.53 seconds.
epoch_idx: 867, error: 0.0158,likelihood: 774.636
 10.57 seconds.
epoch_idx: 868, error: 0.0156,likelihood: 773.538
 10.51 seconds.
epoch_idx: 869, error: 0.0157,likelihood: 774.641
 10.5 seconds.
epoch_idx: 870, error: 0.0159,likelihood: 775.286
 10.48 seconds.
epoch_idx: 871, error: 0.0158,likelihood: 774.271
 10.51 seconds.
epoch_idx: 872, error: 0.0158,likelihood: 774.429
 10.55 seconds.
epoch_idx: 873, error: 0.0159,likelihood: 774.86
 10.57 seconds.
epoch_idx: 874, error: 0.0157,likelihood: 774.855
 10.52 seconds.
epoch_idx: 875, error: 0.0158,likelihood: 774.522
 10.55 seconds.
epoch_idx: 876, error: 0.0158,likelihood: 774.761
 10.51 seconds.
epoch_idx: 877, error: 0.0159,likelihood: 775.274
 10.55 seconds.
epoch_idx: 878, error: 0.0158,likelihood: 775.42
 10.57 seconds.
epoch_idx: 879, error: 0.0158,likelihood: 774.678
 10.53 seconds.
epoch_idx: 880, error: 0.0158,likelihood: 775.157
 10.53 seconds.
epoch_idx: 881, error: 0.0157,likelihood: 775.39
 10.49 seconds.
epoch_idx: 882, error: 0.0158,likelihood: 775.697
 10.52 seconds.
epoch_idx: 883, error: 0.0157,likelihood: 776.753
 10.52 seconds.
epoch_idx: 884, error: 0.0156,likelihood: 776.231
 10.51 seconds.
epoch_idx: 885, error: 0.0157,likelihood: 778.25
 10.64 seconds.
epoch_idx: 886, error: 0.0157,likelihood: 776.554
 10.64 seconds.
epoch_idx: 887, error: 0.0157,likelihood: 776.088
 10.56 seconds.
epoch_idx: 888, error: 0.0157,likelihood: 776.316
 10.53 seconds.
epoch_idx: 889, error: 0.0157,likelihood: 776.698
 10.51 seconds.
epoch_idx: 890, error: 0.0157,likelihood: 776.552
 10.54 seconds.
epoch_idx: 891, error: 0.0158,likelihood: 776.192
 10.55 seconds.
epoch_idx: 892, error: 0.0157,likelihood: 776.92
 10.52 seconds.
epoch_idx: 893, error: 0.0158,likelihood: 776.69
 10.51 seconds.
epoch_idx: 894, error: 0.0156,likelihood: 776.847
 10.55 seconds.
epoch_idx: 895, error: 0.0156,likelihood: 778.197
 10.53 seconds.
epoch_idx: 896, error: 0.0157,likelihood: 777.475
 10.51 seconds.
epoch_idx: 897, error: 0.0157,likelihood: 778.245
 10.52 seconds.
epoch_idx: 898, error: 0.0157,likelihood: 778.306
 10.55 seconds.
epoch_idx: 899, error: 0.0156,likelihood: 777.586
 10.52 seconds.
epoch_idx: 900, error: 0.0156,likelihood: 777.424
 10.53 seconds.
epoch_idx: 901, error: 0.0156,likelihood: 778.368
 10.51 seconds.
epoch_idx: 902, error: 0.0157,likelihood: 778.6
 10.54 seconds.
epoch_idx: 903, error: 0.0156,likelihood: 778.378
 10.54 seconds.
epoch_idx: 904, error: 0.0156,likelihood: 778.095
 10.57 seconds.
epoch_idx: 905, error: 0.0156,likelihood: 778.434
 10.55 seconds.
epoch_idx: 906, error: 0.0157,likelihood: 778.375
 10.5 seconds.
epoch_idx: 907, error: 0.0157,likelihood: 779.027
 10.53 seconds.
epoch_idx: 908, error: 0.0156,likelihood: 778.439
 10.53 seconds.
epoch_idx: 909, error: 0.0155,likelihood: 778.644
 10.52 seconds.
epoch_idx: 910, error: 0.0155,likelihood: 779.774
 10.64 seconds.
epoch_idx: 911, error: 0.0156,likelihood: 780.259
 10.64 seconds.
epoch_idx: 912, error: 0.0155,likelihood: 779.806
 10.65 seconds.
epoch_idx: 913, error: 0.0157,likelihood: 780.197
 10.65 seconds.
epoch_idx: 914, error: 0.0157,likelihood: 780.026
 10.65 seconds.
epoch_idx: 915, error: 0.0158,likelihood: 779.926
 10.64 seconds.
epoch_idx: 916, error: 0.0157,likelihood: 780.105
 10.65 seconds.
epoch_idx: 917, error: 0.0157,likelihood: 780.998
 10.65 seconds.
epoch_idx: 918, error: 0.0157,likelihood: 779.152
 10.64 seconds.
epoch_idx: 919, error: 0.0157,likelihood: 780.141
 10.55 seconds.
epoch_idx: 920, error: 0.0157,likelihood: 780.917
 10.53 seconds.
epoch_idx: 921, error: 0.0157,likelihood: 780.833
 10.65 seconds.
epoch_idx: 922, error: 0.0157,likelihood: 780.798
 10.66 seconds.
epoch_idx: 923, error: 0.0158,likelihood: 779.357
 10.58 seconds.
epoch_idx: 924, error: 0.0158,likelihood: 781.175
 10.52 seconds.
epoch_idx: 925, error: 0.0157,likelihood: 781.199
 10.5 seconds.
epoch_idx: 926, error: 0.0156,likelihood: 780.724
 10.52 seconds.
epoch_idx: 927, error: 0.0157,likelihood: 780.86
 10.53 seconds.
epoch_idx: 928, error: 0.0158,likelihood: 781.042
 10.53 seconds.
epoch_idx: 929, error: 0.0156,likelihood: 780.856
 10.53 seconds.
epoch_idx: 930, error: 0.0156,likelihood: 781.656
 10.51 seconds.
epoch_idx: 931, error: 0.0158,likelihood: 782.407
 10.51 seconds.
epoch_idx: 932, error: 0.0157,likelihood: 781.253
 10.52 seconds.
epoch_idx: 933, error: 0.0156,likelihood: 780.512
 10.54 seconds.
epoch_idx: 934, error: 0.0156,likelihood: 781.777
 10.52 seconds.
epoch_idx: 935, error: 0.0156,likelihood: 781.807
 10.56 seconds.
epoch_idx: 936, error: 0.0156,likelihood: 782.278
 10.65 seconds.
epoch_idx: 937, error: 0.0156,likelihood: 782.804
 10.66 seconds.
epoch_idx: 938, error: 0.0157,likelihood: 782.771
 10.62 seconds.
epoch_idx: 939, error: 0.0157,likelihood: 782.431
 10.59 seconds.
epoch_idx: 940, error: 0.0156,likelihood: 781.505
 10.64 seconds.
epoch_idx: 941, error: 0.0156,likelihood: 781.677
 10.65 seconds.
epoch_idx: 942, error: 0.0157,likelihood: 782.818
 10.59 seconds.
epoch_idx: 943, error: 0.0157,likelihood: 782.074
 10.62 seconds.
epoch_idx: 944, error: 0.0157,likelihood: 783.066
 10.62 seconds.
epoch_idx: 945, error: 0.0157,likelihood: 782.66
 10.64 seconds.
epoch_idx: 946, error: 0.0157,likelihood: 782.501
 10.65 seconds.
epoch_idx: 947, error: 0.0157,likelihood: 782.254
 10.66 seconds.
epoch_idx: 948, error: 0.0155,likelihood: 781.459
 10.64 seconds.
epoch_idx: 949, error: 0.0156,likelihood: 783.148
 10.63 seconds.
epoch_idx: 950, error: 0.0156,likelihood: 782.156
 10.64 seconds.
epoch_idx: 951, error: 0.0157,likelihood: 781.926
 10.67 seconds.
epoch_idx: 952, error: 0.0156,likelihood: 783.284
 10.64 seconds.
epoch_idx: 953, error: 0.0155,likelihood: 782.999
 10.62 seconds.
epoch_idx: 954, error: 0.0156,likelihood: 783.114
 10.54 seconds.
epoch_idx: 955, error: 0.0157,likelihood: 783.681
 10.49 seconds.
epoch_idx: 956, error: 0.0158,likelihood: 783.274
 10.54 seconds.
epoch_idx: 957, error: 0.0157,likelihood: 782.728
 10.54 seconds.
epoch_idx: 958, error: 0.0155,likelihood: 783.669
 10.53 seconds.
epoch_idx: 959, error: 0.0155,likelihood: 782.213
 10.52 seconds.
epoch_idx: 960, error: 0.0156,likelihood: 784.334
 10.51 seconds.
epoch_idx: 961, error: 0.0156,likelihood: 783.704
 10.51 seconds.
epoch_idx: 962, error: 0.0154,likelihood: 783.628
 10.51 seconds.
epoch_idx: 963, error: 0.0156,likelihood: 783.748
 10.54 seconds.
epoch_idx: 964, error: 0.0155,likelihood: 783.962
 10.51 seconds.
epoch_idx: 965, error: 0.0156,likelihood: 784.534
 10.52 seconds.
epoch_idx: 966, error: 0.0156,likelihood: 784.512
 10.54 seconds.
epoch_idx: 967, error: 0.0155,likelihood: 785.391
 10.56 seconds.
epoch_idx: 968, error: 0.0156,likelihood: 784.805
 10.54 seconds.
epoch_idx: 969, error: 0.0155,likelihood: 785.002
 10.53 seconds.
epoch_idx: 970, error: 0.0156,likelihood: 785.177
 10.66 seconds.
epoch_idx: 971, error: 0.0157,likelihood: 785.438
 10.65 seconds.
epoch_idx: 972, error: 0.0156,likelihood: 785.44
 10.58 seconds.
epoch_idx: 973, error: 0.0156,likelihood: 783.699
 10.53 seconds.
epoch_idx: 974, error: 0.0156,likelihood: 783.764
 10.61 seconds.
epoch_idx: 975, error: 0.0156,likelihood: 785.748
 10.65 seconds.
epoch_idx: 976, error: 0.0156,likelihood: 785.596
 10.65 seconds.
epoch_idx: 977, error: 0.0157,likelihood: 784.678
 10.63 seconds.
epoch_idx: 978, error: 0.0156,likelihood: 786.176
 10.6 seconds.
epoch_idx: 979, error: 0.0156,likelihood: 786.276
 10.65 seconds.
epoch_idx: 980, error: 0.0155,likelihood: 785.924
 10.64 seconds.
epoch_idx: 981, error: 0.0157,likelihood: 786.292
 10.66 seconds.
epoch_idx: 982, error: 0.0157,likelihood: 787.035
 10.65 seconds.
epoch_idx: 983, error: 0.0156,likelihood: 786.598
 10.63 seconds.
epoch_idx: 984, error: 0.0156,likelihood: 786.542
 10.66 seconds.
epoch_idx: 985, error: 0.0157,likelihood: 787.283
 10.65 seconds.
epoch_idx: 986, error: 0.0156,likelihood: 786.505
 10.64 seconds.
epoch_idx: 987, error: 0.0155,likelihood: 786.398
 10.66 seconds.
epoch_idx: 988, error: 0.0156,likelihood: 786.825
 10.64 seconds.
epoch_idx: 989, error: 0.0157,likelihood: 787.109
 10.51 seconds.
epoch_idx: 990, error: 0.0156,likelihood: 787.158
 10.53 seconds.
epoch_idx: 991, error: 0.0157,likelihood: 786.576
 10.52 seconds.
epoch_idx: 992, error: 0.0156,likelihood: 788.116
 10.6 seconds.
epoch_idx: 993, error: 0.0156,likelihood: 785.93
 10.63 seconds.
epoch_idx: 994, error: 0.0157,likelihood: 787.688
 10.65 seconds.
epoch_idx: 995, error: 0.0156,likelihood: 787.675
 10.64 seconds.
epoch_idx: 996, error: 0.0156,likelihood: 787.841
 10.65 seconds.
epoch_idx: 997, error: 0.0156,likelihood: 787.776
 10.65 seconds.
epoch_idx: 998, error: 0.0156,likelihood: 788.077
 10.64 seconds.
epoch_idx: 999, error: 0.0156,likelihood: 788.492
 10.64 seconds.
