nvcc -g -O3 -c -Xcompiler -fopenmp convnet.cu -I../include
nvcc -g -O3 -c -Xcompiler -fopenmp main.cu -I../include
nvcc -o main main.o matrix.o nvmatrix.o nvmatrix_kernel.o convnet.o convnet_kernel.o logistic.o logistic_kernel.o  -lcuda -lcudart -lcublas -lm  -lpthread -lmpich -lgomp  
#scp main crd@gpu-server1:/home/crd/conv/src
mpirun_rsh -np 2 -hostfile hostfile MV2_ENABLE_AFFINITY=0 MV2_USE_CUDA=1 MV2_USE_GPUDIRECT=1 ./main
=========================
train: 50000
valid: 10000
filtersize: 6
numFilters: 16
epsHidVis: 0.1
epsHidBias: 0.1
epsAvgOut: 0.1
epsOutBias: 0.1
mom: 0
wcHidVis: 0
wcAvgOut: 0
epochIdx: 0,error: 0.6102,likelihood: 20386.4
 1.38 seconds.
epochIdx: 1,error: 0.3075,likelihood: 16045.7
 1.32 seconds.
epochIdx: 2,error: 0.2544,likelihood: 14315.5
 1.29 seconds.
epochIdx: 3,error: 0.2453,likelihood: 13389.8
 1.28 seconds.
epochIdx: 4,error: 0.2482,likelihood: 12724.8
 1.31 seconds.
epochIdx: 5,error: 0.2542,likelihood: 12177
 1.26 seconds.
epochIdx: 6,error: 0.2662,likelihood: 11664.9
 1.25 seconds.
epochIdx: 7,error: 0.2784,likelihood: 11157.3
 1.28 seconds.
epochIdx: 8,error: 0.2847,likelihood: 10616.1
 1.24 seconds.
epochIdx: 9,error: 0.2835,likelihood: 10034.9
 1.31 seconds.
epochIdx: 10,error: 0.2758,likelihood: 9374.45
 1.25 seconds.
epochIdx: 11,error: 0.2599,likelihood: 8652.58
 1.24 seconds.
epochIdx: 12,error: 0.2408,likelihood: 7902.16
 1.25 seconds.
epochIdx: 13,error: 0.222,likelihood: 7183.31
 1.25 seconds.
epochIdx: 14,error: 0.204,likelihood: 6561.41
 1.26 seconds.
epochIdx: 15,error: 0.1878,likelihood: 6072.03
 1.26 seconds.
epochIdx: 16,error: 0.1717,likelihood: 5708.14
 1.26 seconds.
epochIdx: 17,error: 0.1608,likelihood: 5434.85
 1.26 seconds.
epochIdx: 18,error: 0.1567,likelihood: 5234.33
 1.28 seconds.
epochIdx: 19,error: 0.1505,likelihood: 5091.58
 1.26 seconds.
epochIdx: 20,error: 0.1468,likelihood: 4987.89
 1.28 seconds.
epochIdx: 21,error: 0.1432,likelihood: 4907.89
 1.29 seconds.
epochIdx: 22,error: 0.1415,likelihood: 4840.94
 1.28 seconds.
epochIdx: 23,error: 0.1387,likelihood: 4779.63
 1.27 seconds.
epochIdx: 24,error: 0.1386,likelihood: 4720.68
 1.28 seconds.
epochIdx: 25,error: 0.1379,likelihood: 4662.38
 1.28 seconds.
epochIdx: 26,error: 0.1366,likelihood: 4604.43
 1.29 seconds.
epochIdx: 27,error: 0.136,likelihood: 4547.59
 1.28 seconds.
epochIdx: 28,error: 0.1343,likelihood: 4492.86
 1.27 seconds.
epochIdx: 29,error: 0.1336,likelihood: 4441.8
 1.29 seconds.
epochIdx: 30,error: 0.1316,likelihood: 4394.57
 1.31 seconds.
epochIdx: 31,error: 0.1294,likelihood: 4349.76
 1.27 seconds.
epochIdx: 32,error: 0.1285,likelihood: 4306.85
 1.28 seconds.
epochIdx: 33,error: 0.126,likelihood: 4265.94
 1.28 seconds.
epochIdx: 34,error: 0.1245,likelihood: 4226.92
 1.29 seconds.
epochIdx: 35,error: 0.1233,likelihood: 4190.17
 1.26 seconds.
epochIdx: 36,error: 0.1223,likelihood: 4155.3
 1.28 seconds.
epochIdx: 37,error: 0.1219,likelihood: 4123.51
 1.27 seconds.
epochIdx: 38,error: 0.1206,likelihood: 4092.81
 1.27 seconds.
epochIdx: 39,error: 0.1203,likelihood: 4062.78
 1.26 seconds.
epochIdx: 40,error: 0.1196,likelihood: 4033.97
 1.27 seconds.
epochIdx: 41,error: 0.1195,likelihood: 4005.67
 1.27 seconds.
epochIdx: 42,error: 0.1187,likelihood: 3977.75
 1.26 seconds.
epochIdx: 43,error: 0.1178,likelihood: 3951.2
 1.27 seconds.
epochIdx: 44,error: 0.1171,likelihood: 3924.1
 1.26 seconds.
epochIdx: 45,error: 0.1162,likelihood: 3897.03
 1.26 seconds.
epochIdx: 46,error: 0.1161,likelihood: 3869.31
 1.26 seconds.
epochIdx: 47,error: 0.1158,likelihood: 3841.68
 1.27 seconds.
epochIdx: 48,error: 0.1151,likelihood: 3813.74
 1.26 seconds.
epochIdx: 49,error: 0.114,likelihood: 3785.17
 1.26 seconds.
epochIdx: 50,error: 0.1133,likelihood: 3755.75
 1.31 seconds.
epochIdx: 51,error: 0.1125,likelihood: 3725.43
 1.26 seconds.
epochIdx: 52,error: 0.1123,likelihood: 3694.85
 1.29 seconds.
epochIdx: 53,error: 0.1107,likelihood: 3664
 1.29 seconds.
epochIdx: 54,error: 0.1096,likelihood: 3633.16
 1.26 seconds.
epochIdx: 55,error: 0.1091,likelihood: 3602.6
 1.26 seconds.
epochIdx: 56,error: 0.1087,likelihood: 3572.9
 1.27 seconds.
epochIdx: 57,error: 0.1075,likelihood: 3544.05
 1.25 seconds.
epochIdx: 58,error: 0.1065,likelihood: 3515.04
 1.26 seconds.
epochIdx: 59,error: 0.1062,likelihood: 3486.79
 1.26 seconds.
epochIdx: 60,error: 0.1055,likelihood: 3460.27
 1.26 seconds.
epochIdx: 61,error: 0.1048,likelihood: 3435.5
 1.26 seconds.
epochIdx: 62,error: 0.1032,likelihood: 3411.97
 1.26 seconds.
epochIdx: 63,error: 0.102,likelihood: 3390.01
 1.26 seconds.
epochIdx: 64,error: 0.1016,likelihood: 3369.41
 1.26 seconds.
epochIdx: 65,error: 0.1013,likelihood: 3350.06
 1.25 seconds.
epochIdx: 66,error: 0.1007,likelihood: 3331.24
 1.26 seconds.
epochIdx: 67,error: 0.1002,likelihood: 3312.96
 1.26 seconds.
epochIdx: 68,error: 0.0999,likelihood: 3296.21
 1.26 seconds.
epochIdx: 69,error: 0.0989,likelihood: 3280.64
 1.36 seconds.
epochIdx: 70,error: 0.0989,likelihood: 3265.26
 1.26 seconds.
epochIdx: 71,error: 0.0987,likelihood: 3250.28
 1.38 seconds.
epochIdx: 72,error: 0.0988,likelihood: 3236.28
 1.27 seconds.
epochIdx: 73,error: 0.0985,likelihood: 3223.19
 1.28 seconds.
epochIdx: 74,error: 0.0983,likelihood: 3211.27
 1.44 seconds.
epochIdx: 75,error: 0.0979,likelihood: 3200.08
 1.25 seconds.
epochIdx: 76,error: 0.0975,likelihood: 3190.48
 1.27 seconds.
epochIdx: 77,error: 0.0971,likelihood: 3181.17
 1.26 seconds.
epochIdx: 78,error: 0.0973,likelihood: 3172.78
 1.25 seconds.
epochIdx: 79,error: 0.0968,likelihood: 3165.06
 1.42 seconds.
epochIdx: 80,error: 0.0962,likelihood: 3157.99
 1.3 seconds.
epochIdx: 81,error: 0.096,likelihood: 3151.39
 1.3 seconds.
epochIdx: 82,error: 0.0956,likelihood: 3145.25
 1.27 seconds.
epochIdx: 83,error: 0.0944,likelihood: 3139.21
 1.29 seconds.
epochIdx: 84,error: 0.0944,likelihood: 3134.12
 1.25 seconds.
epochIdx: 85,error: 0.0939,likelihood: 3129.81
 1.33 seconds.
epochIdx: 86,error: 0.0931,likelihood: 3125.68
 1.38 seconds.
epochIdx: 87,error: 0.0929,likelihood: 3120.65
 1.25 seconds.
epochIdx: 88,error: 0.093,likelihood: 3115.92
 1.25 seconds.
epochIdx: 89,error: 0.0928,likelihood: 3111.23
 1.28 seconds.
epochIdx: 90,error: 0.0927,likelihood: 3106.2
 1.28 seconds.
epochIdx: 91,error: 0.093,likelihood: 3100.51
 1.36 seconds.
epochIdx: 92,error: 0.0923,likelihood: 3095.21
 1.31 seconds.
epochIdx: 93,error: 0.0919,likelihood: 3089.44
 1.26 seconds.
epochIdx: 94,error: 0.0918,likelihood: 3083.53
 1.25 seconds.
epochIdx: 95,error: 0.0919,likelihood: 3077.25
 1.27 seconds.
epochIdx: 96,error: 0.0921,likelihood: 3070.49
 1.35 seconds.
epochIdx: 97,error: 0.0923,likelihood: 3062.39
 1.26 seconds.
epochIdx: 98,error: 0.0924,likelihood: 3053.9
 1.26 seconds.
epochIdx: 99,error: 0.0918,likelihood: 3045.38
 1.25 seconds.
