... loading data
... building the model
... training
training @ iter =  0
epoch 1, minibatch 100/100, validation error 90.850000 %
epoch 1, minibatch 100/100, test error of best model 91.080000 %
training @ iter =  100
epoch 2, minibatch 100/100, validation error 90.850000 %
training @ iter =  200
epoch 3, minibatch 100/100, validation error 79.920000 %
epoch 3, minibatch 100/100, test error of best model 79.280000 %
training @ iter =  300
epoch 4, minibatch 100/100, validation error 65.680000 %
epoch 4, minibatch 100/100, test error of best model 63.660000 %
training @ iter =  400
epoch 5, minibatch 100/100, validation error 24.430000 %
epoch 5, minibatch 100/100, test error of best model 24.490000 %
training @ iter =  500
epoch 6, minibatch 100/100, validation error 16.820000 %
epoch 6, minibatch 100/100, test error of best model 17.720000 %
training @ iter =  600
epoch 7, minibatch 100/100, validation error 13.450000 %
epoch 7, minibatch 100/100, test error of best model 14.520000 %
training @ iter =  700
epoch 8, minibatch 100/100, validation error 12.060000 %
epoch 8, minibatch 100/100, test error of best model 12.630000 %
training @ iter =  800
epoch 9, minibatch 100/100, validation error 10.920000 %
epoch 9, minibatch 100/100, test error of best model 11.410000 %
training @ iter =  900
epoch 10, minibatch 100/100, validation error 10.070000 %
epoch 10, minibatch 100/100, test error of best model 10.440000 %
training @ iter =  1000
epoch 11, minibatch 100/100, validation error 9.430000 %
epoch 11, minibatch 100/100, test error of best model 9.680000 %
training @ iter =  1100
epoch 12, minibatch 100/100, validation error 8.830000 %
epoch 12, minibatch 100/100, test error of best model 8.960000 %
training @ iter =  1200
epoch 13, minibatch 100/100, validation error 8.370000 %
epoch 13, minibatch 100/100, test error of best model 8.440000 %
training @ iter =  1300
epoch 14, minibatch 100/100, validation error 7.950000 %
epoch 14, minibatch 100/100, test error of best model 7.900000 %
training @ iter =  1400
epoch 15, minibatch 100/100, validation error 7.630000 %
epoch 15, minibatch 100/100, test error of best model 7.500000 %
training @ iter =  1500
epoch 16, minibatch 100/100, validation error 7.380000 %
epoch 16, minibatch 100/100, test error of best model 7.150000 %
training @ iter =  1600
epoch 17, minibatch 100/100, validation error 6.950000 %
epoch 17, minibatch 100/100, test error of best model 6.900000 %
training @ iter =  1700
epoch 18, minibatch 100/100, validation error 6.490000 %
epoch 18, minibatch 100/100, test error of best model 6.560000 %
training @ iter =  1800
epoch 19, minibatch 100/100, validation error 6.180000 %
epoch 19, minibatch 100/100, test error of best model 6.250000 %
training @ iter =  1900
epoch 20, minibatch 100/100, validation error 5.870000 %
epoch 20, minibatch 100/100, test error of best model 5.970000 %
training @ iter =  2000
epoch 21, minibatch 100/100, validation error 5.600000 %
epoch 21, minibatch 100/100, test error of best model 5.790000 %
training @ iter =  2100
epoch 22, minibatch 100/100, validation error 5.440000 %
epoch 22, minibatch 100/100, test error of best model 5.590000 %
training @ iter =  2200
epoch 23, minibatch 100/100, validation error 5.190000 %
epoch 23, minibatch 100/100, test error of best model 5.430000 %
training @ iter =  2300
^[[B^[[Bepoch 24, minibatch 100/100, validation error 5.080000 %
epoch 24, minibatch 100/100, test error of best model 5.250000 %
training @ iter =  2400
epoch 25, minibatch 100/100, validation error 4.860000 %
epoch 25, minibatch 100/100, test error of best model 5.040000 %
training @ iter =  2500
epoch 26, minibatch 100/100, validation error 4.560000 %
epoch 26, minibatch 100/100, test error of best model 4.870000 %
training @ iter =  2600
epoch 27, minibatch 100/100, validation error 4.420000 %
epoch 27, minibatch 100/100, test error of best model 4.730000 %
training @ iter =  2700
epoch 28, minibatch 100/100, validation error 4.310000 %
epoch 28, minibatch 100/100, test error of best model 4.590000 %
training @ iter =  2800
epoch 29, minibatch 100/100, validation error 4.100000 %
epoch 29, minibatch 100/100, test error of best model 4.520000 %
training @ iter =  2900
epoch 30, minibatch 100/100, validation error 4.000000 %
epoch 30, minibatch 100/100, test error of best model 4.380000 %
training @ iter =  3000
epoch 31, minibatch 100/100, validation error 3.880000 %
epoch 31, minibatch 100/100, test error of best model 4.350000 %
training @ iter =  3100
epoch 32, minibatch 100/100, validation error 3.760000 %
epoch 32, minibatch 100/100, test error of best model 4.160000 %
training @ iter =  3200
epoch 33, minibatch 100/100, validation error 3.680000 %
epoch 33, minibatch 100/100, test error of best model 3.910000 %
training @ iter =  3300
epoch 34, minibatch 100/100, validation error 3.620000 %
epoch 34, minibatch 100/100, test error of best model 3.820000 %
training @ iter =  3400
epoch 35, minibatch 100/100, validation error 3.530000 %
epoch 35, minibatch 100/100, test error of best model 3.750000 %
training @ iter =  3500
epoch 36, minibatch 100/100, validation error 3.440000 %
epoch 36, minibatch 100/100, test error of best model 3.680000 %
training @ iter =  3600
epoch 37, minibatch 100/100, validation error 3.390000 %
epoch 37, minibatch 100/100, test error of best model 3.610000 %
training @ iter =  3700
epoch 38, minibatch 100/100, validation error 3.320000 %
epoch 38, minibatch 100/100, test error of best model 3.550000 %
training @ iter =  3800
epoch 39, minibatch 100/100, validation error 3.290000 %
epoch 39, minibatch 100/100, test error of best model 3.520000 %
training @ iter =  3900
epoch 40, minibatch 100/100, validation error 3.230000 %
epoch 40, minibatch 100/100, test error of best model 3.390000 %
training @ iter =  4000
epoch 41, minibatch 100/100, validation error 3.150000 %
epoch 41, minibatch 100/100, test error of best model 3.340000 %
training @ iter =  4100
epoch 42, minibatch 100/100, validation error 3.110000 %
epoch 42, minibatch 100/100, test error of best model 3.290000 %
training @ iter =  4200
epoch 43, minibatch 100/100, validation error 3.080000 %
epoch 43, minibatch 100/100, test error of best model 3.230000 %
training @ iter =  4300
epoch 44, minibatch 100/100, validation error 3.020000 %
epoch 44, minibatch 100/100, test error of best model 3.180000 %
training @ iter =  4400
epoch 45, minibatch 100/100, validation error 2.980000 %
epoch 45, minibatch 100/100, test error of best model 3.150000 %
training @ iter =  4500
epoch 46, minibatch 100/100, validation error 2.930000 %
epoch 46, minibatch 100/100, test error of best model 3.070000 %
training @ iter =  4600
epoch 47, minibatch 100/100, validation error 2.880000 %
epoch 47, minibatch 100/100, test error of best model 3.000000 %
training @ iter =  4700
epoch 48, minibatch 100/100, validation error 2.800000 %
epoch 48, minibatch 100/100, test error of best model 2.940000 %
training @ iter =  4800
epoch 49, minibatch 100/100, validation error 2.760000 %
epoch 49, minibatch 100/100, test error of best model 2.920000 %
training @ iter =  4900
epoch 50, minibatch 100/100, validation error 2.730000 %
epoch 50, minibatch 100/100, test error of best model 2.850000 %
training @ iter =  5000
epoch 51, minibatch 100/100, validation error 2.710000 %
epoch 51, minibatch 100/100, test error of best model 2.840000 %
training @ iter =  5100
epoch 52, minibatch 100/100, validation error 2.650000 %
epoch 52, minibatch 100/100, test error of best model 2.810000 %
training @ iter =  5200
epoch 53, minibatch 100/100, validation error 2.600000 %
epoch 53, minibatch 100/100, test error of best model 2.770000 %
training @ iter =  5300
epoch 54, minibatch 100/100, validation error 2.580000 %
epoch 54, minibatch 100/100, test error of best model 2.760000 %
training @ iter =  5400
epoch 55, minibatch 100/100, validation error 2.520000 %
epoch 55, minibatch 100/100, test error of best model 2.720000 %
training @ iter =  5500
^[[Bepoch 56, minibatch 100/100, validation error 2.510000 %
epoch 56, minibatch 100/100, test error of best model 2.680000 %
training @ iter =  5600
epoch 57, minibatch 100/100, validation error 2.470000 %
epoch 57, minibatch 100/100, test error of best model 2.650000 %
training @ iter =  5700
epoch 58, minibatch 100/100, validation error 2.450000 %
epoch 58, minibatch 100/100, test error of best model 2.630000 %
training @ iter =  5800
epoch 59, minibatch 100/100, validation error 2.410000 %
epoch 59, minibatch 100/100, test error of best model 2.560000 %
training @ iter =  5900
epoch 60, minibatch 100/100, validation error 2.400000 %
epoch 60, minibatch 100/100, test error of best model 2.550000 %
training @ iter =  6000
epoch 61, minibatch 100/100, validation error 2.380000 %
epoch 61, minibatch 100/100, test error of best model 2.560000 %
training @ iter =  6100
epoch 62, minibatch 100/100, validation error 2.380000 %
training @ iter =  6200
epoch 63, minibatch 100/100, validation error 2.370000 %
epoch 63, minibatch 100/100, test error of best model 2.520000 %
training @ iter =  6300
epoch 64, minibatch 100/100, validation error 2.350000 %
epoch 64, minibatch 100/100, test error of best model 2.520000 %
training @ iter =  6400
epoch 65, minibatch 100/100, validation error 2.370000 %
training @ iter =  6500
epoch 66, minibatch 100/100, validation error 2.350000 %
training @ iter =  6600
epoch 67, minibatch 100/100, validation error 2.340000 %
epoch 67, minibatch 100/100, test error of best model 2.450000 %
training @ iter =  6700
epoch 68, minibatch 100/100, validation error 2.330000 %
epoch 68, minibatch 100/100, test error of best model 2.410000 %
training @ iter =  6800
epoch 69, minibatch 100/100, validation error 2.320000 %
epoch 69, minibatch 100/100, test error of best model 2.390000 %
training @ iter =  6900
epoch 70, minibatch 100/100, validation error 2.270000 %
epoch 70, minibatch 100/100, test error of best model 2.380000 %
training @ iter =  7000
epoch 71, minibatch 100/100, validation error 2.270000 %
training @ iter =  7100
epoch 72, minibatch 100/100, validation error 2.240000 %
epoch 72, minibatch 100/100, test error of best model 2.360000 %
training @ iter =  7200
epoch 73, minibatch 100/100, validation error 2.230000 %
epoch 73, minibatch 100/100, test error of best model 2.340000 %
training @ iter =  7300
epoch 74, minibatch 100/100, validation error 2.220000 %
epoch 74, minibatch 100/100, test error of best model 2.330000 %
training @ iter =  7400
epoch 75, minibatch 100/100, validation error 2.200000 %
epoch 75, minibatch 100/100, test error of best model 2.300000 %
training @ iter =  7500
epoch 76, minibatch 100/100, validation error 2.190000 %
epoch 76, minibatch 100/100, test error of best model 2.290000 %
training @ iter =  7600
epoch 77, minibatch 100/100, validation error 2.180000 %
epoch 77, minibatch 100/100, test error of best model 2.280000 %
training @ iter =  7700
epoch 78, minibatch 100/100, validation error 2.170000 %
epoch 78, minibatch 100/100, test error of best model 2.250000 %
training @ iter =  7800
epoch 79, minibatch 100/100, validation error 2.170000 %
training @ iter =  7900
epoch 80, minibatch 100/100, validation error 2.170000 %
training @ iter =  8000
epoch 81, minibatch 100/100, validation error 2.160000 %
epoch 81, minibatch 100/100, test error of best model 2.220000 %
training @ iter =  8100
epoch 82, minibatch 100/100, validation error 2.150000 %
epoch 82, minibatch 100/100, test error of best model 2.210000 %
training @ iter =  8200
epoch 83, minibatch 100/100, validation error 2.140000 %
epoch 83, minibatch 100/100, test error of best model 2.200000 %
training @ iter =  8300
epoch 84, minibatch 100/100, validation error 2.140000 %
training @ iter =  8400
epoch 85, minibatch 100/100, validation error 2.110000 %
epoch 85, minibatch 100/100, test error of best model 2.190000 %
training @ iter =  8500
epoch 86, minibatch 100/100, validation error 2.100000 %
epoch 86, minibatch 100/100, test error of best model 2.160000 %
training @ iter =  8600
epoch 87, minibatch 100/100, validation error 2.080000 %
epoch 87, minibatch 100/100, test error of best model 2.150000 %
training @ iter =  8700
epoch 88, minibatch 100/100, validation error 2.070000 %
epoch 88, minibatch 100/100, test error of best model 2.130000 %
training @ iter =  8800
epoch 89, minibatch 100/100, validation error 2.060000 %
epoch 89, minibatch 100/100, test error of best model 2.130000 %
training @ iter =  8900
epoch 90, minibatch 100/100, validation error 2.020000 %
epoch 90, minibatch 100/100, test error of best model 2.120000 %
training @ iter =  9000
epoch 91, minibatch 100/100, validation error 1.980000 %
epoch 91, minibatch 100/100, test error of best model 2.110000 %
training @ iter =  9100
epoch 92, minibatch 100/100, validation error 1.950000 %
epoch 92, minibatch 100/100, test error of best model 2.100000 %
training @ iter =  9200
epoch 93, minibatch 100/100, validation error 1.950000 %
training @ iter =  9300
epoch 94, minibatch 100/100, validation error 1.940000 %
epoch 94, minibatch 100/100, test error of best model 2.060000 %
training @ iter =  9400
epoch 95, minibatch 100/100, validation error 1.920000 %
epoch 95, minibatch 100/100, test error of best model 2.030000 %
training @ iter =  9500
epoch 96, minibatch 100/100, validation error 1.910000 %
epoch 96, minibatch 100/100, test error of best model 2.010000 %
training @ iter =  9600
epoch 97, minibatch 100/100, validation error 1.900000 %
epoch 97, minibatch 100/100, test error of best model 1.990000 %
training @ iter =  9700
epoch 98, minibatch 100/100, validation error 1.880000 %
epoch 98, minibatch 100/100, test error of best model 1.980000 %
training @ iter =  9800
epoch 99, minibatch 100/100, validation error 1.870000 %
epoch 99, minibatch 100/100, test error of best model 1.940000 %
training @ iter =  9900
epoch 100, minibatch 100/100, validation error 1.850000 %
epoch 100, minibatch 100/100, test error of best model 1.910000 %
training @ iter =  10000
epoch 101, minibatch 100/100, validation error 1.850000 %
training @ iter =  10100
epoch 102, minibatch 100/100, validation error 1.840000 %
epoch 102, minibatch 100/100, test error of best model 1.890000 %
training @ iter =  10200
epoch 103, minibatch 100/100, validation error 1.820000 %
epoch 103, minibatch 100/100, test error of best model 1.880000 %
training @ iter =  10300
epoch 104, minibatch 100/100, validation error 1.820000 %
epoch 104, minibatch 100/100, test error of best model 1.860000 %
training @ iter =  10400
epoch 105, minibatch 100/100, validation error 1.810000 %
epoch 105, minibatch 100/100, test error of best model 1.830000 %
training @ iter =  10500
epoch 106, minibatch 100/100, validation error 1.810000 %
training @ iter =  10600
epoch 107, minibatch 100/100, validation error 1.800000 %
epoch 107, minibatch 100/100, test error of best model 1.860000 %
training @ iter =  10700
epoch 108, minibatch 100/100, validation error 1.800000 %
training @ iter =  10800
epoch 109, minibatch 100/100, validation error 1.790000 %
epoch 109, minibatch 100/100, test error of best model 1.860000 %
training @ iter =  10900
epoch 110, minibatch 100/100, validation error 1.770000 %
epoch 110, minibatch 100/100, test error of best model 1.850000 %
training @ iter =  11000
epoch 111, minibatch 100/100, validation error 1.760000 %
epoch 111, minibatch 100/100, test error of best model 1.850000 %
training @ iter =  11100
epoch 112, minibatch 100/100, validation error 1.760000 %
epoch 112, minibatch 100/100, test error of best model 1.820000 %
training @ iter =  11200
epoch 113, minibatch 100/100, validation error 1.760000 %
training @ iter =  11300
epoch 114, minibatch 100/100, validation error 1.760000 %
training @ iter =  11400
epoch 115, minibatch 100/100, validation error 1.720000 %
epoch 115, minibatch 100/100, test error of best model 1.810000 %
training @ iter =  11500
epoch 116, minibatch 100/100, validation error 1.710000 %
epoch 116, minibatch 100/100, test error of best model 1.770000 %
training @ iter =  11600
epoch 117, minibatch 100/100, validation error 1.710000 %
training @ iter =  11700
epoch 118, minibatch 100/100, validation error 1.690000 %
epoch 118, minibatch 100/100, test error of best model 1.740000 %
training @ iter =  11800
epoch 119, minibatch 100/100, validation error 1.670000 %
epoch 119, minibatch 100/100, test error of best model 1.740000 %
training @ iter =  11900
epoch 120, minibatch 100/100, validation error 1.660000 %
epoch 120, minibatch 100/100, test error of best model 1.740000 %
training @ iter =  12000
epoch 121, minibatch 100/100, validation error 1.640000 %
epoch 121, minibatch 100/100, test error of best model 1.740000 %
training @ iter =  12100
epoch 122, minibatch 100/100, validation error 1.640000 %
training @ iter =  12200
epoch 123, minibatch 100/100, validation error 1.640000 %
training @ iter =  12300
epoch 124, minibatch 100/100, validation error 1.640000 %
training @ iter =  12400
epoch 125, minibatch 100/100, validation error 1.640000 %
training @ iter =  12500
epoch 126, minibatch 100/100, validation error 1.630000 %
epoch 126, minibatch 100/100, test error of best model 1.680000 %
training @ iter =  12600
epoch 127, minibatch 100/100, validation error 1.610000 %
epoch 127, minibatch 100/100, test error of best model 1.670000 %
training @ iter =  12700
epoch 128, minibatch 100/100, validation error 1.610000 %
training @ iter =  12800
epoch 129, minibatch 100/100, validation error 1.600000 %
epoch 129, minibatch 100/100, test error of best model 1.650000 %
training @ iter =  12900
epoch 130, minibatch 100/100, validation error 1.580000 %
epoch 130, minibatch 100/100, test error of best model 1.640000 %
training @ iter =  13000
epoch 131, minibatch 100/100, validation error 1.580000 %
training @ iter =  13100
epoch 132, minibatch 100/100, validation error 1.580000 %
training @ iter =  13200
epoch 133, minibatch 100/100, validation error 1.570000 %
epoch 133, minibatch 100/100, test error of best model 1.610000 %
training @ iter =  13300
epoch 134, minibatch 100/100, validation error 1.580000 %
training @ iter =  13400
epoch 135, minibatch 100/100, validation error 1.580000 %
training @ iter =  13500
epoch 136, minibatch 100/100, validation error 1.570000 %
epoch 136, minibatch 100/100, test error of best model 1.590000 %
training @ iter =  13600
epoch 137, minibatch 100/100, validation error 1.570000 %
training @ iter =  13700
epoch 138, minibatch 100/100, validation error 1.570000 %
training @ iter =  13800
epoch 139, minibatch 100/100, validation error 1.570000 %
training @ iter =  13900
... loading data
... building the model
... training
training @ iter =  0
epoch 1, minibatch 100/100, validation error 90.850000 %
epoch 1, minibatch 100/100, test error of best model 91.080000 %
training @ iter =  100
epoch 2, minibatch 100/100, validation error 90.850000 %
training @ iter =  200
epoch 3, minibatch 100/100, validation error 79.920000 %
epoch 3, minibatch 100/100, test error of best model 79.280000 %
training @ iter =  300
epoch 4, minibatch 100/100, validation error 65.680000 %
epoch 4, minibatch 100/100, test error of best model 63.660000 %
training @ iter =  400
epoch 5, minibatch 100/100, validation error 24.430000 %
epoch 5, minibatch 100/100, test error of best model 24.490000 %
training @ iter =  500
epoch 6, minibatch 100/100, validation error 16.820000 %
epoch 6, minibatch 100/100, test error of best model 17.720000 %
training @ iter =  600
epoch 7, minibatch 100/100, validation error 13.450000 %
epoch 7, minibatch 100/100, test error of best model 14.520000 %
training @ iter =  700
epoch 8, minibatch 100/100, validation error 12.060000 %
epoch 8, minibatch 100/100, test error of best model 12.630000 %
training @ iter =  800
epoch 9, minibatch 100/100, validation error 10.920000 %
epoch 9, minibatch 100/100, test error of best model 11.410000 %
training @ iter =  900
epoch 10, minibatch 100/100, validation error 10.070000 %
epoch 10, minibatch 100/100, test error of best model 10.440000 %
training @ iter =  1000
epoch 11, minibatch 100/100, validation error 9.430000 %
epoch 11, minibatch 100/100, test error of best model 9.680000 %
training @ iter =  1100
epoch 12, minibatch 100/100, validation error 8.830000 %
epoch 12, minibatch 100/100, test error of best model 8.960000 %
training @ iter =  1200
epoch 13, minibatch 100/100, validation error 8.370000 %
epoch 13, minibatch 100/100, test error of best model 8.440000 %
training @ iter =  1300
epoch 14, minibatch 100/100, validation error 7.950000 %
epoch 14, minibatch 100/100, test error of best model 7.900000 %
training @ iter =  1400
epoch 15, minibatch 100/100, validation error 7.630000 %
epoch 15, minibatch 100/100, test error of best model 7.500000 %
training @ iter =  1500
epoch 16, minibatch 100/100, validation error 7.380000 %
epoch 16, minibatch 100/100, test error of best model 7.150000 %
training @ iter =  1600
epoch 17, minibatch 100/100, validation error 6.950000 %
epoch 17, minibatch 100/100, test error of best model 6.900000 %
training @ iter =  1700
epoch 18, minibatch 100/100, validation error 6.490000 %
epoch 18, minibatch 100/100, test error of best model 6.560000 %
training @ iter =  1800
epoch 19, minibatch 100/100, validation error 6.180000 %
epoch 19, minibatch 100/100, test error of best model 6.250000 %
training @ iter =  1900
epoch 20, minibatch 100/100, validation error 5.870000 %
epoch 20, minibatch 100/100, test error of best model 5.970000 %
training @ iter =  2000
epoch 21, minibatch 100/100, validation error 5.600000 %
epoch 21, minibatch 100/100, test error of best model 5.790000 %
training @ iter =  2100
epoch 22, minibatch 100/100, validation error 5.440000 %
epoch 22, minibatch 100/100, test error of best model 5.590000 %
training @ iter =  2200
epoch 23, minibatch 100/100, validation error 5.190000 %
epoch 23, minibatch 100/100, test error of best model 5.430000 %
training @ iter =  2300
^[[B^[[Bepoch 24, minibatch 100/100, validation error 5.080000 %
epoch 24, minibatch 100/100, test error of best model 5.250000 %
training @ iter =  2400
epoch 25, minibatch 100/100, validation error 4.860000 %
epoch 25, minibatch 100/100, test error of best model 5.040000 %
training @ iter =  2500
epoch 26, minibatch 100/100, validation error 4.560000 %
epoch 26, minibatch 100/100, test error of best model 4.870000 %
training @ iter =  2600
epoch 27, minibatch 100/100, validation error 4.420000 %
epoch 27, minibatch 100/100, test error of best model 4.730000 %
training @ iter =  2700
epoch 28, minibatch 100/100, validation error 4.310000 %
epoch 28, minibatch 100/100, test error of best model 4.590000 %
training @ iter =  2800
epoch 29, minibatch 100/100, validation error 4.100000 %
epoch 29, minibatch 100/100, test error of best model 4.520000 %
training @ iter =  2900
epoch 30, minibatch 100/100, validation error 4.000000 %
epoch 30, minibatch 100/100, test error of best model 4.380000 %
training @ iter =  3000
epoch 31, minibatch 100/100, validation error 3.880000 %
epoch 31, minibatch 100/100, test error of best model 4.350000 %
training @ iter =  3100
epoch 32, minibatch 100/100, validation error 3.760000 %
epoch 32, minibatch 100/100, test error of best model 4.160000 %
training @ iter =  3200
epoch 33, minibatch 100/100, validation error 3.680000 %
epoch 33, minibatch 100/100, test error of best model 3.910000 %
training @ iter =  3300
epoch 34, minibatch 100/100, validation error 3.620000 %
epoch 34, minibatch 100/100, test error of best model 3.820000 %
training @ iter =  3400
epoch 35, minibatch 100/100, validation error 3.530000 %
epoch 35, minibatch 100/100, test error of best model 3.750000 %
training @ iter =  3500
epoch 36, minibatch 100/100, validation error 3.440000 %
epoch 36, minibatch 100/100, test error of best model 3.680000 %
training @ iter =  3600
epoch 37, minibatch 100/100, validation error 3.390000 %
epoch 37, minibatch 100/100, test error of best model 3.610000 %
training @ iter =  3700
epoch 38, minibatch 100/100, validation error 3.320000 %
epoch 38, minibatch 100/100, test error of best model 3.550000 %
training @ iter =  3800
epoch 39, minibatch 100/100, validation error 3.290000 %
epoch 39, minibatch 100/100, test error of best model 3.520000 %
training @ iter =  3900
epoch 40, minibatch 100/100, validation error 3.230000 %
epoch 40, minibatch 100/100, test error of best model 3.390000 %
training @ iter =  4000
epoch 41, minibatch 100/100, validation error 3.150000 %
epoch 41, minibatch 100/100, test error of best model 3.340000 %
training @ iter =  4100
epoch 42, minibatch 100/100, validation error 3.110000 %
epoch 42, minibatch 100/100, test error of best model 3.290000 %
training @ iter =  4200
epoch 43, minibatch 100/100, validation error 3.080000 %
epoch 43, minibatch 100/100, test error of best model 3.230000 %
training @ iter =  4300
epoch 44, minibatch 100/100, validation error 3.020000 %
epoch 44, minibatch 100/100, test error of best model 3.180000 %
training @ iter =  4400
epoch 45, minibatch 100/100, validation error 2.980000 %
epoch 45, minibatch 100/100, test error of best model 3.150000 %
training @ iter =  4500
epoch 46, minibatch 100/100, validation error 2.930000 %
epoch 46, minibatch 100/100, test error of best model 3.070000 %
training @ iter =  4600
epoch 47, minibatch 100/100, validation error 2.880000 %
epoch 47, minibatch 100/100, test error of best model 3.000000 %
training @ iter =  4700
epoch 48, minibatch 100/100, validation error 2.800000 %
epoch 48, minibatch 100/100, test error of best model 2.940000 %
training @ iter =  4800
epoch 49, minibatch 100/100, validation error 2.760000 %
epoch 49, minibatch 100/100, test error of best model 2.920000 %
training @ iter =  4900
epoch 50, minibatch 100/100, validation error 2.730000 %
epoch 50, minibatch 100/100, test error of best model 2.850000 %
training @ iter =  5000
epoch 51, minibatch 100/100, validation error 2.710000 %
epoch 51, minibatch 100/100, test error of best model 2.840000 %
training @ iter =  5100
epoch 52, minibatch 100/100, validation error 2.650000 %
epoch 52, minibatch 100/100, test error of best model 2.810000 %
training @ iter =  5200
epoch 53, minibatch 100/100, validation error 2.600000 %
epoch 53, minibatch 100/100, test error of best model 2.770000 %
training @ iter =  5300
epoch 54, minibatch 100/100, validation error 2.580000 %
epoch 54, minibatch 100/100, test error of best model 2.760000 %
training @ iter =  5400
epoch 55, minibatch 100/100, validation error 2.520000 %
epoch 55, minibatch 100/100, test error of best model 2.720000 %
training @ iter =  5500
^[[Bepoch 56, minibatch 100/100, validation error 2.510000 %
epoch 56, minibatch 100/100, test error of best model 2.680000 %
training @ iter =  5600
epoch 57, minibatch 100/100, validation error 2.470000 %
epoch 57, minibatch 100/100, test error of best model 2.650000 %
training @ iter =  5700
epoch 58, minibatch 100/100, validation error 2.450000 %
epoch 58, minibatch 100/100, test error of best model 2.630000 %
training @ iter =  5800
epoch 59, minibatch 100/100, validation error 2.410000 %
epoch 59, minibatch 100/100, test error of best model 2.560000 %
training @ iter =  5900
epoch 60, minibatch 100/100, validation error 2.400000 %
epoch 60, minibatch 100/100, test error of best model 2.550000 %
training @ iter =  6000
epoch 61, minibatch 100/100, validation error 2.380000 %
epoch 61, minibatch 100/100, test error of best model 2.560000 %
training @ iter =  6100
epoch 62, minibatch 100/100, validation error 2.380000 %
training @ iter =  6200
epoch 63, minibatch 100/100, validation error 2.370000 %
epoch 63, minibatch 100/100, test error of best model 2.520000 %
training @ iter =  6300
epoch 64, minibatch 100/100, validation error 2.350000 %
epoch 64, minibatch 100/100, test error of best model 2.520000 %
training @ iter =  6400
epoch 65, minibatch 100/100, validation error 2.370000 %
training @ iter =  6500
epoch 66, minibatch 100/100, validation error 2.350000 %
training @ iter =  6600
epoch 67, minibatch 100/100, validation error 2.340000 %
epoch 67, minibatch 100/100, test error of best model 2.450000 %
training @ iter =  6700
epoch 68, minibatch 100/100, validation error 2.330000 %
epoch 68, minibatch 100/100, test error of best model 2.410000 %
training @ iter =  6800
epoch 69, minibatch 100/100, validation error 2.320000 %
epoch 69, minibatch 100/100, test error of best model 2.390000 %
training @ iter =  6900
epoch 70, minibatch 100/100, validation error 2.270000 %
epoch 70, minibatch 100/100, test error of best model 2.380000 %
training @ iter =  7000
epoch 71, minibatch 100/100, validation error 2.270000 %
training @ iter =  7100
epoch 72, minibatch 100/100, validation error 2.240000 %
epoch 72, minibatch 100/100, test error of best model 2.360000 %
training @ iter =  7200
epoch 73, minibatch 100/100, validation error 2.230000 %
epoch 73, minibatch 100/100, test error of best model 2.340000 %
training @ iter =  7300
epoch 74, minibatch 100/100, validation error 2.220000 %
epoch 74, minibatch 100/100, test error of best model 2.330000 %
training @ iter =  7400
epoch 75, minibatch 100/100, validation error 2.200000 %
epoch 75, minibatch 100/100, test error of best model 2.300000 %
training @ iter =  7500
epoch 76, minibatch 100/100, validation error 2.190000 %
epoch 76, minibatch 100/100, test error of best model 2.290000 %
training @ iter =  7600
epoch 77, minibatch 100/100, validation error 2.180000 %
epoch 77, minibatch 100/100, test error of best model 2.280000 %
training @ iter =  7700
epoch 78, minibatch 100/100, validation error 2.170000 %
epoch 78, minibatch 100/100, test error of best model 2.250000 %
training @ iter =  7800
epoch 79, minibatch 100/100, validation error 2.170000 %
training @ iter =  7900
epoch 80, minibatch 100/100, validation error 2.170000 %
training @ iter =  8000
epoch 81, minibatch 100/100, validation error 2.160000 %
epoch 81, minibatch 100/100, test error of best model 2.220000 %
training @ iter =  8100
epoch 82, minibatch 100/100, validation error 2.150000 %
epoch 82, minibatch 100/100, test error of best model 2.210000 %
training @ iter =  8200
epoch 83, minibatch 100/100, validation error 2.140000 %
epoch 83, minibatch 100/100, test error of best model 2.200000 %
training @ iter =  8300
epoch 84, minibatch 100/100, validation error 2.140000 %
training @ iter =  8400
epoch 85, minibatch 100/100, validation error 2.110000 %
epoch 85, minibatch 100/100, test error of best model 2.190000 %
training @ iter =  8500
epoch 86, minibatch 100/100, validation error 2.100000 %
epoch 86, minibatch 100/100, test error of best model 2.160000 %
training @ iter =  8600
epoch 87, minibatch 100/100, validation error 2.080000 %
epoch 87, minibatch 100/100, test error of best model 2.150000 %
training @ iter =  8700
epoch 88, minibatch 100/100, validation error 2.070000 %
epoch 88, minibatch 100/100, test error of best model 2.130000 %
training @ iter =  8800
epoch 89, minibatch 100/100, validation error 2.060000 %
epoch 89, minibatch 100/100, test error of best model 2.130000 %
training @ iter =  8900
epoch 90, minibatch 100/100, validation error 2.020000 %
epoch 90, minibatch 100/100, test error of best model 2.120000 %
training @ iter =  9000
epoch 91, minibatch 100/100, validation error 1.980000 %
epoch 91, minibatch 100/100, test error of best model 2.110000 %
training @ iter =  9100
epoch 92, minibatch 100/100, validation error 1.950000 %
epoch 92, minibatch 100/100, test error of best model 2.100000 %
training @ iter =  9200
epoch 93, minibatch 100/100, validation error 1.950000 %
training @ iter =  9300
epoch 94, minibatch 100/100, validation error 1.940000 %
epoch 94, minibatch 100/100, test error of best model 2.060000 %
training @ iter =  9400
epoch 95, minibatch 100/100, validation error 1.920000 %
epoch 95, minibatch 100/100, test error of best model 2.030000 %
training @ iter =  9500
epoch 96, minibatch 100/100, validation error 1.910000 %
epoch 96, minibatch 100/100, test error of best model 2.010000 %
training @ iter =  9600
epoch 97, minibatch 100/100, validation error 1.900000 %
epoch 97, minibatch 100/100, test error of best model 1.990000 %
training @ iter =  9700
epoch 98, minibatch 100/100, validation error 1.880000 %
epoch 98, minibatch 100/100, test error of best model 1.980000 %
training @ iter =  9800
epoch 99, minibatch 100/100, validation error 1.870000 %
epoch 99, minibatch 100/100, test error of best model 1.940000 %
training @ iter =  9900
epoch 100, minibatch 100/100, validation error 1.850000 %
epoch 100, minibatch 100/100, test error of best model 1.910000 %
training @ iter =  10000
epoch 101, minibatch 100/100, validation error 1.850000 %
training @ iter =  10100
epoch 102, minibatch 100/100, validation error 1.840000 %
epoch 102, minibatch 100/100, test error of best model 1.890000 %
training @ iter =  10200
epoch 103, minibatch 100/100, validation error 1.820000 %
epoch 103, minibatch 100/100, test error of best model 1.880000 %
training @ iter =  10300
epoch 104, minibatch 100/100, validation error 1.820000 %
epoch 104, minibatch 100/100, test error of best model 1.860000 %
training @ iter =  10400
epoch 105, minibatch 100/100, validation error 1.810000 %
epoch 105, minibatch 100/100, test error of best model 1.830000 %
training @ iter =  10500
epoch 106, minibatch 100/100, validation error 1.810000 %
training @ iter =  10600
epoch 107, minibatch 100/100, validation error 1.800000 %
epoch 107, minibatch 100/100, test error of best model 1.860000 %
training @ iter =  10700
epoch 108, minibatch 100/100, validation error 1.800000 %
training @ iter =  10800
epoch 109, minibatch 100/100, validation error 1.790000 %
epoch 109, minibatch 100/100, test error of best model 1.860000 %
training @ iter =  10900
epoch 110, minibatch 100/100, validation error 1.770000 %
epoch 110, minibatch 100/100, test error of best model 1.850000 %
training @ iter =  11000
epoch 111, minibatch 100/100, validation error 1.760000 %
epoch 111, minibatch 100/100, test error of best model 1.850000 %
training @ iter =  11100
epoch 112, minibatch 100/100, validation error 1.760000 %
epoch 112, minibatch 100/100, test error of best model 1.820000 %
training @ iter =  11200
epoch 113, minibatch 100/100, validation error 1.760000 %
training @ iter =  11300
epoch 114, minibatch 100/100, validation error 1.760000 %
training @ iter =  11400
epoch 115, minibatch 100/100, validation error 1.720000 %
epoch 115, minibatch 100/100, test error of best model 1.810000 %
training @ iter =  11500
epoch 116, minibatch 100/100, validation error 1.710000 %
epoch 116, minibatch 100/100, test error of best model 1.770000 %
training @ iter =  11600
epoch 117, minibatch 100/100, validation error 1.710000 %
training @ iter =  11700
epoch 118, minibatch 100/100, validation error 1.690000 %
epoch 118, minibatch 100/100, test error of best model 1.740000 %
training @ iter =  11800
epoch 119, minibatch 100/100, validation error 1.670000 %
epoch 119, minibatch 100/100, test error of best model 1.740000 %
training @ iter =  11900
epoch 120, minibatch 100/100, validation error 1.660000 %
epoch 120, minibatch 100/100, test error of best model 1.740000 %
training @ iter =  12000
epoch 121, minibatch 100/100, validation error 1.640000 %
epoch 121, minibatch 100/100, test error of best model 1.740000 %
training @ iter =  12100
epoch 122, minibatch 100/100, validation error 1.640000 %
training @ iter =  12200
epoch 123, minibatch 100/100, validation error 1.640000 %
training @ iter =  12300
epoch 124, minibatch 100/100, validation error 1.640000 %
training @ iter =  12400
epoch 125, minibatch 100/100, validation error 1.640000 %
training @ iter =  12500
epoch 126, minibatch 100/100, validation error 1.630000 %
epoch 126, minibatch 100/100, test error of best model 1.680000 %
training @ iter =  12600
epoch 127, minibatch 100/100, validation error 1.610000 %
epoch 127, minibatch 100/100, test error of best model 1.670000 %
training @ iter =  12700
epoch 128, minibatch 100/100, validation error 1.610000 %
training @ iter =  12800
epoch 129, minibatch 100/100, validation error 1.600000 %
epoch 129, minibatch 100/100, test error of best model 1.650000 %
training @ iter =  12900
epoch 130, minibatch 100/100, validation error 1.580000 %
epoch 130, minibatch 100/100, test error of best model 1.640000 %
training @ iter =  13000
epoch 131, minibatch 100/100, validation error 1.580000 %
training @ iter =  13100
epoch 132, minibatch 100/100, validation error 1.580000 %
training @ iter =  13200
epoch 133, minibatch 100/100, validation error 1.570000 %
epoch 133, minibatch 100/100, test error of best model 1.610000 %
training @ iter =  13300
epoch 134, minibatch 100/100, validation error 1.580000 %
training @ iter =  13400
epoch 135, minibatch 100/100, validation error 1.580000 %
training @ iter =  13500
epoch 136, minibatch 100/100, validation error 1.570000 %
epoch 136, minibatch 100/100, test error of best model 1.590000 %
training @ iter =  13600
epoch 137, minibatch 100/100, validation error 1.570000 %
training @ iter =  13700
epoch 138, minibatch 100/100, validation error 1.570000 %
training @ iter =  13800
epoch 139, minibatch 100/100, validation error 1.570000 %
training @ iter =  13900
... loading data
... building the model
... training
training @ iter =  0
epoch 1, minibatch 100/100, validation error 90.850000 %
epoch 1, minibatch 100/100, test error of best model 91.080000 %
training @ iter =  100
epoch 2, minibatch 100/100, validation error 90.850000 %
training @ iter =  200
epoch 3, minibatch 100/100, validation error 79.920000 %
epoch 3, minibatch 100/100, test error of best model 79.280000 %
training @ iter =  300
epoch 4, minibatch 100/100, validation error 65.680000 %
epoch 4, minibatch 100/100, test error of best model 63.660000 %
training @ iter =  400
epoch 5, minibatch 100/100, validation error 24.430000 %
epoch 5, minibatch 100/100, test error of best model 24.490000 %
training @ iter =  500
epoch 6, minibatch 100/100, validation error 16.820000 %
epoch 6, minibatch 100/100, test error of best model 17.720000 %
training @ iter =  600
epoch 7, minibatch 100/100, validation error 13.450000 %
epoch 7, minibatch 100/100, test error of best model 14.520000 %
training @ iter =  700
epoch 8, minibatch 100/100, validation error 12.060000 %
epoch 8, minibatch 100/100, test error of best model 12.630000 %
training @ iter =  800
epoch 9, minibatch 100/100, validation error 10.920000 %
epoch 9, minibatch 100/100, test error of best model 11.410000 %
training @ iter =  900
epoch 10, minibatch 100/100, validation error 10.070000 %
epoch 10, minibatch 100/100, test error of best model 10.440000 %
training @ iter =  1000
epoch 11, minibatch 100/100, validation error 9.430000 %
epoch 11, minibatch 100/100, test error of best model 9.680000 %
training @ iter =  1100
epoch 12, minibatch 100/100, validation error 8.830000 %
epoch 12, minibatch 100/100, test error of best model 8.960000 %
training @ iter =  1200
epoch 13, minibatch 100/100, validation error 8.370000 %
epoch 13, minibatch 100/100, test error of best model 8.440000 %
training @ iter =  1300
epoch 14, minibatch 100/100, validation error 7.950000 %
epoch 14, minibatch 100/100, test error of best model 7.900000 %
training @ iter =  1400
epoch 15, minibatch 100/100, validation error 7.630000 %
epoch 15, minibatch 100/100, test error of best model 7.500000 %
training @ iter =  1500
epoch 16, minibatch 100/100, validation error 7.380000 %
epoch 16, minibatch 100/100, test error of best model 7.150000 %
training @ iter =  1600
epoch 17, minibatch 100/100, validation error 6.950000 %
epoch 17, minibatch 100/100, test error of best model 6.900000 %
training @ iter =  1700
epoch 18, minibatch 100/100, validation error 6.490000 %
epoch 18, minibatch 100/100, test error of best model 6.560000 %
training @ iter =  1800
epoch 19, minibatch 100/100, validation error 6.180000 %
epoch 19, minibatch 100/100, test error of best model 6.250000 %
training @ iter =  1900
epoch 20, minibatch 100/100, validation error 5.870000 %
epoch 20, minibatch 100/100, test error of best model 5.970000 %
training @ iter =  2000
epoch 21, minibatch 100/100, validation error 5.600000 %
epoch 21, minibatch 100/100, test error of best model 5.790000 %
training @ iter =  2100
epoch 22, minibatch 100/100, validation error 5.440000 %
epoch 22, minibatch 100/100, test error of best model 5.590000 %
training @ iter =  2200
epoch 23, minibatch 100/100, validation error 5.190000 %
epoch 23, minibatch 100/100, test error of best model 5.430000 %
training @ iter =  2300
^[[B^[[Bepoch 24, minibatch 100/100, validation error 5.080000 %
epoch 24, minibatch 100/100, test error of best model 5.250000 %
training @ iter =  2400
epoch 25, minibatch 100/100, validation error 4.860000 %
epoch 25, minibatch 100/100, test error of best model 5.040000 %
training @ iter =  2500
epoch 26, minibatch 100/100, validation error 4.560000 %
epoch 26, minibatch 100/100, test error of best model 4.870000 %
training @ iter =  2600
epoch 27, minibatch 100/100, validation error 4.420000 %
epoch 27, minibatch 100/100, test error of best model 4.730000 %
training @ iter =  2700
epoch 28, minibatch 100/100, validation error 4.310000 %
epoch 28, minibatch 100/100, test error of best model 4.590000 %
training @ iter =  2800
epoch 29, minibatch 100/100, validation error 4.100000 %
epoch 29, minibatch 100/100, test error of best model 4.520000 %
training @ iter =  2900
epoch 30, minibatch 100/100, validation error 4.000000 %
epoch 30, minibatch 100/100, test error of best model 4.380000 %
training @ iter =  3000
epoch 31, minibatch 100/100, validation error 3.880000 %
epoch 31, minibatch 100/100, test error of best model 4.350000 %
training @ iter =  3100
epoch 32, minibatch 100/100, validation error 3.760000 %
epoch 32, minibatch 100/100, test error of best model 4.160000 %
training @ iter =  3200
epoch 33, minibatch 100/100, validation error 3.680000 %
epoch 33, minibatch 100/100, test error of best model 3.910000 %
training @ iter =  3300
epoch 34, minibatch 100/100, validation error 3.620000 %
epoch 34, minibatch 100/100, test error of best model 3.820000 %
training @ iter =  3400
epoch 35, minibatch 100/100, validation error 3.530000 %
epoch 35, minibatch 100/100, test error of best model 3.750000 %
training @ iter =  3500
epoch 36, minibatch 100/100, validation error 3.440000 %
epoch 36, minibatch 100/100, test error of best model 3.680000 %
training @ iter =  3600
epoch 37, minibatch 100/100, validation error 3.390000 %
epoch 37, minibatch 100/100, test error of best model 3.610000 %
training @ iter =  3700
epoch 38, minibatch 100/100, validation error 3.320000 %
epoch 38, minibatch 100/100, test error of best model 3.550000 %
training @ iter =  3800
epoch 39, minibatch 100/100, validation error 3.290000 %
epoch 39, minibatch 100/100, test error of best model 3.520000 %
training @ iter =  3900
epoch 40, minibatch 100/100, validation error 3.230000 %
epoch 40, minibatch 100/100, test error of best model 3.390000 %
training @ iter =  4000
epoch 41, minibatch 100/100, validation error 3.150000 %
epoch 41, minibatch 100/100, test error of best model 3.340000 %
training @ iter =  4100
epoch 42, minibatch 100/100, validation error 3.110000 %
epoch 42, minibatch 100/100, test error of best model 3.290000 %
training @ iter =  4200
epoch 43, minibatch 100/100, validation error 3.080000 %
epoch 43, minibatch 100/100, test error of best model 3.230000 %
training @ iter =  4300
epoch 44, minibatch 100/100, validation error 3.020000 %
epoch 44, minibatch 100/100, test error of best model 3.180000 %
training @ iter =  4400
epoch 45, minibatch 100/100, validation error 2.980000 %
epoch 45, minibatch 100/100, test error of best model 3.150000 %
training @ iter =  4500
epoch 46, minibatch 100/100, validation error 2.930000 %
epoch 46, minibatch 100/100, test error of best model 3.070000 %
training @ iter =  4600
epoch 47, minibatch 100/100, validation error 2.880000 %
epoch 47, minibatch 100/100, test error of best model 3.000000 %
training @ iter =  4700
epoch 48, minibatch 100/100, validation error 2.800000 %
epoch 48, minibatch 100/100, test error of best model 2.940000 %
training @ iter =  4800
epoch 49, minibatch 100/100, validation error 2.760000 %
epoch 49, minibatch 100/100, test error of best model 2.920000 %
training @ iter =  4900
epoch 50, minibatch 100/100, validation error 2.730000 %
epoch 50, minibatch 100/100, test error of best model 2.850000 %
training @ iter =  5000
epoch 51, minibatch 100/100, validation error 2.710000 %
epoch 51, minibatch 100/100, test error of best model 2.840000 %
training @ iter =  5100
epoch 52, minibatch 100/100, validation error 2.650000 %
epoch 52, minibatch 100/100, test error of best model 2.810000 %
training @ iter =  5200
epoch 53, minibatch 100/100, validation error 2.600000 %
epoch 53, minibatch 100/100, test error of best model 2.770000 %
training @ iter =  5300
epoch 54, minibatch 100/100, validation error 2.580000 %
epoch 54, minibatch 100/100, test error of best model 2.760000 %
training @ iter =  5400
epoch 55, minibatch 100/100, validation error 2.520000 %
epoch 55, minibatch 100/100, test error of best model 2.720000 %
training @ iter =  5500
^[[Bepoch 56, minibatch 100/100, validation error 2.510000 %
epoch 56, minibatch 100/100, test error of best model 2.680000 %
training @ iter =  5600
epoch 57, minibatch 100/100, validation error 2.470000 %
epoch 57, minibatch 100/100, test error of best model 2.650000 %
training @ iter =  5700
epoch 58, minibatch 100/100, validation error 2.450000 %
epoch 58, minibatch 100/100, test error of best model 2.630000 %
training @ iter =  5800
epoch 59, minibatch 100/100, validation error 2.410000 %
epoch 59, minibatch 100/100, test error of best model 2.560000 %
training @ iter =  5900
epoch 60, minibatch 100/100, validation error 2.400000 %
epoch 60, minibatch 100/100, test error of best model 2.550000 %
training @ iter =  6000
epoch 61, minibatch 100/100, validation error 2.380000 %
epoch 61, minibatch 100/100, test error of best model 2.560000 %
training @ iter =  6100
epoch 62, minibatch 100/100, validation error 2.380000 %
training @ iter =  6200
epoch 63, minibatch 100/100, validation error 2.370000 %
epoch 63, minibatch 100/100, test error of best model 2.520000 %
training @ iter =  6300
epoch 64, minibatch 100/100, validation error 2.350000 %
epoch 64, minibatch 100/100, test error of best model 2.520000 %
training @ iter =  6400
epoch 65, minibatch 100/100, validation error 2.370000 %
training @ iter =  6500
epoch 66, minibatch 100/100, validation error 2.350000 %
training @ iter =  6600
epoch 67, minibatch 100/100, validation error 2.340000 %
epoch 67, minibatch 100/100, test error of best model 2.450000 %
training @ iter =  6700
epoch 68, minibatch 100/100, validation error 2.330000 %
epoch 68, minibatch 100/100, test error of best model 2.410000 %
training @ iter =  6800
epoch 69, minibatch 100/100, validation error 2.320000 %
epoch 69, minibatch 100/100, test error of best model 2.390000 %
training @ iter =  6900
epoch 70, minibatch 100/100, validation error 2.270000 %
epoch 70, minibatch 100/100, test error of best model 2.380000 %
training @ iter =  7000
epoch 71, minibatch 100/100, validation error 2.270000 %
training @ iter =  7100
epoch 72, minibatch 100/100, validation error 2.240000 %
epoch 72, minibatch 100/100, test error of best model 2.360000 %
training @ iter =  7200
epoch 73, minibatch 100/100, validation error 2.230000 %
epoch 73, minibatch 100/100, test error of best model 2.340000 %
training @ iter =  7300
epoch 74, minibatch 100/100, validation error 2.220000 %
epoch 74, minibatch 100/100, test error of best model 2.330000 %
training @ iter =  7400
epoch 75, minibatch 100/100, validation error 2.200000 %
epoch 75, minibatch 100/100, test error of best model 2.300000 %
training @ iter =  7500
epoch 76, minibatch 100/100, validation error 2.190000 %
epoch 76, minibatch 100/100, test error of best model 2.290000 %
training @ iter =  7600
epoch 77, minibatch 100/100, validation error 2.180000 %
epoch 77, minibatch 100/100, test error of best model 2.280000 %
training @ iter =  7700
epoch 78, minibatch 100/100, validation error 2.170000 %
epoch 78, minibatch 100/100, test error of best model 2.250000 %
training @ iter =  7800
epoch 79, minibatch 100/100, validation error 2.170000 %
training @ iter =  7900
epoch 80, minibatch 100/100, validation error 2.170000 %
training @ iter =  8000
epoch 81, minibatch 100/100, validation error 2.160000 %
epoch 81, minibatch 100/100, test error of best model 2.220000 %
training @ iter =  8100
epoch 82, minibatch 100/100, validation error 2.150000 %
epoch 82, minibatch 100/100, test error of best model 2.210000 %
training @ iter =  8200
epoch 83, minibatch 100/100, validation error 2.140000 %
epoch 83, minibatch 100/100, test error of best model 2.200000 %
training @ iter =  8300
epoch 84, minibatch 100/100, validation error 2.140000 %
training @ iter =  8400
epoch 85, minibatch 100/100, validation error 2.110000 %
epoch 85, minibatch 100/100, test error of best model 2.190000 %
training @ iter =  8500
epoch 86, minibatch 100/100, validation error 2.100000 %
epoch 86, minibatch 100/100, test error of best model 2.160000 %
training @ iter =  8600
epoch 87, minibatch 100/100, validation error 2.080000 %
epoch 87, minibatch 100/100, test error of best model 2.150000 %
training @ iter =  8700
epoch 88, minibatch 100/100, validation error 2.070000 %
epoch 88, minibatch 100/100, test error of best model 2.130000 %
training @ iter =  8800
epoch 89, minibatch 100/100, validation error 2.060000 %
epoch 89, minibatch 100/100, test error of best model 2.130000 %
training @ iter =  8900
epoch 90, minibatch 100/100, validation error 2.020000 %
epoch 90, minibatch 100/100, test error of best model 2.120000 %
training @ iter =  9000
epoch 91, minibatch 100/100, validation error 1.980000 %
epoch 91, minibatch 100/100, test error of best model 2.110000 %
training @ iter =  9100
epoch 92, minibatch 100/100, validation error 1.950000 %
epoch 92, minibatch 100/100, test error of best model 2.100000 %
training @ iter =  9200
epoch 93, minibatch 100/100, validation error 1.950000 %
training @ iter =  9300
epoch 94, minibatch 100/100, validation error 1.940000 %
epoch 94, minibatch 100/100, test error of best model 2.060000 %
training @ iter =  9400
epoch 95, minibatch 100/100, validation error 1.920000 %
epoch 95, minibatch 100/100, test error of best model 2.030000 %
training @ iter =  9500
epoch 96, minibatch 100/100, validation error 1.910000 %
epoch 96, minibatch 100/100, test error of best model 2.010000 %
training @ iter =  9600
epoch 97, minibatch 100/100, validation error 1.900000 %
epoch 97, minibatch 100/100, test error of best model 1.990000 %
training @ iter =  9700
epoch 98, minibatch 100/100, validation error 1.880000 %
epoch 98, minibatch 100/100, test error of best model 1.980000 %
training @ iter =  9800
epoch 99, minibatch 100/100, validation error 1.870000 %
epoch 99, minibatch 100/100, test error of best model 1.940000 %
training @ iter =  9900
epoch 100, minibatch 100/100, validation error 1.850000 %
epoch 100, minibatch 100/100, test error of best model 1.910000 %
training @ iter =  10000
epoch 101, minibatch 100/100, validation error 1.850000 %
training @ iter =  10100
epoch 102, minibatch 100/100, validation error 1.840000 %
epoch 102, minibatch 100/100, test error of best model 1.890000 %
training @ iter =  10200
epoch 103, minibatch 100/100, validation error 1.820000 %
epoch 103, minibatch 100/100, test error of best model 1.880000 %
training @ iter =  10300
epoch 104, minibatch 100/100, validation error 1.820000 %
epoch 104, minibatch 100/100, test error of best model 1.860000 %
training @ iter =  10400
epoch 105, minibatch 100/100, validation error 1.810000 %
epoch 105, minibatch 100/100, test error of best model 1.830000 %
training @ iter =  10500
epoch 106, minibatch 100/100, validation error 1.810000 %
training @ iter =  10600
epoch 107, minibatch 100/100, validation error 1.800000 %
epoch 107, minibatch 100/100, test error of best model 1.860000 %
training @ iter =  10700
epoch 108, minibatch 100/100, validation error 1.800000 %
training @ iter =  10800
epoch 109, minibatch 100/100, validation error 1.790000 %
epoch 109, minibatch 100/100, test error of best model 1.860000 %
training @ iter =  10900
epoch 110, minibatch 100/100, validation error 1.770000 %
epoch 110, minibatch 100/100, test error of best model 1.850000 %
training @ iter =  11000
epoch 111, minibatch 100/100, validation error 1.760000 %
epoch 111, minibatch 100/100, test error of best model 1.850000 %
training @ iter =  11100
epoch 112, minibatch 100/100, validation error 1.760000 %
epoch 112, minibatch 100/100, test error of best model 1.820000 %
training @ iter =  11200
epoch 113, minibatch 100/100, validation error 1.760000 %
training @ iter =  11300
epoch 114, minibatch 100/100, validation error 1.760000 %
training @ iter =  11400
epoch 115, minibatch 100/100, validation error 1.720000 %
epoch 115, minibatch 100/100, test error of best model 1.810000 %
training @ iter =  11500
epoch 116, minibatch 100/100, validation error 1.710000 %
epoch 116, minibatch 100/100, test error of best model 1.770000 %
training @ iter =  11600
epoch 117, minibatch 100/100, validation error 1.710000 %
training @ iter =  11700
epoch 118, minibatch 100/100, validation error 1.690000 %
epoch 118, minibatch 100/100, test error of best model 1.740000 %
training @ iter =  11800
epoch 119, minibatch 100/100, validation error 1.670000 %
epoch 119, minibatch 100/100, test error of best model 1.740000 %
training @ iter =  11900
epoch 120, minibatch 100/100, validation error 1.660000 %
epoch 120, minibatch 100/100, test error of best model 1.740000 %
training @ iter =  12000
epoch 121, minibatch 100/100, validation error 1.640000 %
epoch 121, minibatch 100/100, test error of best model 1.740000 %
training @ iter =  12100
epoch 122, minibatch 100/100, validation error 1.640000 %
training @ iter =  12200
epoch 123, minibatch 100/100, validation error 1.640000 %
training @ iter =  12300
epoch 124, minibatch 100/100, validation error 1.640000 %
training @ iter =  12400
epoch 125, minibatch 100/100, validation error 1.640000 %
training @ iter =  12500
epoch 126, minibatch 100/100, validation error 1.630000 %
epoch 126, minibatch 100/100, test error of best model 1.680000 %
training @ iter =  12600
epoch 127, minibatch 100/100, validation error 1.610000 %
epoch 127, minibatch 100/100, test error of best model 1.670000 %
training @ iter =  12700
epoch 128, minibatch 100/100, validation error 1.610000 %
training @ iter =  12800
epoch 129, minibatch 100/100, validation error 1.600000 %
epoch 129, minibatch 100/100, test error of best model 1.650000 %
training @ iter =  12900
epoch 130, minibatch 100/100, validation error 1.580000 %
epoch 130, minibatch 100/100, test error of best model 1.640000 %
training @ iter =  13000
epoch 131, minibatch 100/100, validation error 1.580000 %
training @ iter =  13100
epoch 132, minibatch 100/100, validation error 1.580000 %
training @ iter =  13200
epoch 133, minibatch 100/100, validation error 1.570000 %
epoch 133, minibatch 100/100, test error of best model 1.610000 %
training @ iter =  13300
epoch 134, minibatch 100/100, validation error 1.580000 %
training @ iter =  13400
epoch 135, minibatch 100/100, validation error 1.580000 %
training @ iter =  13500
epoch 136, minibatch 100/100, validation error 1.570000 %
epoch 136, minibatch 100/100, test error of best model 1.590000 %
training @ iter =  13600
epoch 137, minibatch 100/100, validation error 1.570000 %
training @ iter =  13700
epoch 138, minibatch 100/100, validation error 1.570000 %
training @ iter =  13800
epoch 139, minibatch 100/100, validation error 1.570000 %
training @ iter =  13900
training @ iter =  17900
epoch 180, minibatch 100/100, validation error 1.410000 %
training @ iter =  18000
epoch 181, minibatch 100/100, validation error 1.400000 %
     epoch 181, minibatch 100/100, test error of best model 1.370000 %
	 training @ iter =  18100
	 epoch 182, minibatch 100/100, validation error 1.400000 %
	 training @ iter =  18200
	 epoch 183, minibatch 100/100, validation error 1.400000 %
	 training @ iter =  18300
	 epoch 184, minibatch 100/100, validation error 1.400000 %
	 training @ iter =  18400
	 epoch 185, minibatch 100/100, validation error 1.400000 %
	 training @ iter =  18500
	 epoch 186, minibatch 100/100, validation error 1.400000 %
	 training @ iter =  18600
	 epoch 187, minibatch 100/100, validation error 1.400000 %
	 training @ iter =  18700
	 epoch 188, minibatch 100/100, validation error 1.400000 %
	 training @ iter =  18800
	 epoch 189, minibatch 100/100, validation error 1.400000 %
	 training @ iter =  18900
	 epoch 190, minibatch 100/100, validation error 1.410000 %
	 training @ iter =  19000
	 epoch 191, minibatch 100/100, validation error 1.420000 %
	 training @ iter =  19100
	 epoch 192, minibatch 100/100, validation error 1.420000 %
	 training @ iter =  19200
	 epoch 193, minibatch 100/100, validation error 1.420000 %
	 training @ iter =  19300
	 epoch 194, minibatch 100/100, validation error 1.420000 %
	 training @ iter =  19400
	 epoch 195, minibatch 100/100, validation error 1.410000 %
	 training @ iter =  19500
	 epoch 196, minibatch 100/100, validation error 1.410000 %
	 training @ iter =  19600
	 epoch 197, minibatch 100/100, validation error 1.410000 %
	 training @ iter =  19700
	 epoch 198, minibatch 100/100, validation error 1.400000 %
	 training @ iter =  19800
	 epoch 199, minibatch 100/100, validation error 1.400000 %
	 training @ iter =  19900
	 epoch 200, minibatch 100/100, validation error 1.400000 %

