nvcc -g -O3 -c -Xcompiler -fopenmp ./main_src/main.cu -I./include -o ./obj/main.o
nvcc -o ./bin/main ./obj/main.o    ./obj/matrix.o   ./obj/nvmatrix_kernel.o  ./obj/logistic_kernel.o  ./obj/convnet.o  ./obj/convnet_kernel.o  ./obj/logistic.o  ./obj/nvmatrix.o -lcuda -lcudart -lcublas -lm  -lpthread -lmpich -lgomp  
if [ 0 -eq 1 ] ; then \
		scp ./bin/main crd@192.168.0.101:/home/crd/conv/bin; \
	fi
if [ 1 -eq 1 ]; then \
		mpirun_rsh -np 2 -hostfile hostfile MV2_ENABLE_AFFINITY=0 MV2_USE_CUDA=1 MV2_USE_GPUDIRECT=1 ./bin/main; \
	fi
=========================
train: 50000
valid: 10000
filtersize: 6
numFilters: 16
convstepsize: 2
epsHidVis: 0.005
epsHidBias: 0.0001
epsAvgOut: 0.001
epsOutBias: 0.0001
mom: 0.9
wcHidVis: 0
wcAvgOut: 0
epochIdx: 0,error: 0.876,likelihood: 22975
 1.67113 seconds.
epochIdx: 1,error: 0.8119,likelihood: 22760.3
 1.53097 seconds.
epochIdx: 2,error: 0.7984,likelihood: 22735.9
 1.69059 seconds.
epochIdx: 3,error: 0.8229,likelihood: 22811.7
 1.6749 seconds.
epochIdx: 4,error: 0.8303,likelihood: 22811.7
 1.62194 seconds.
epochIdx: 5,error: 0.8278,likelihood: 22770.6
 1.57253 seconds.
epochIdx: 6,error: 0.8177,likelihood: 22693.8
 1.62645 seconds.
epochIdx: 7,error: 0.8094,likelihood: 22617.6
 1.58275 seconds.
epochIdx: 8,error: 0.8005,likelihood: 22519.6
 1.58473 seconds.
epochIdx: 9,error: 0.7904,likelihood: 22429.8
 1.66025 seconds.
epochIdx: 10,error: 0.7803,likelihood: 22321.5
 1.67074 seconds.
epochIdx: 11,error: 0.7691,likelihood: 22231.1
 1.59497 seconds.
epochIdx: 12,error: 0.7609,likelihood: 22150.6
 1.55147 seconds.
epochIdx: 13,error: 0.7549,likelihood: 22061.1
 1.63797 seconds.
epochIdx: 14,error: 0.7494,likelihood: 21977.8
 1.61201 seconds.
epochIdx: 15,error: 0.7428,likelihood: 21902.5
 1.58995 seconds.
epochIdx: 16,error: 0.7392,likelihood: 21830.5
 1.5337 seconds.
epochIdx: 17,error: 0.7338,likelihood: 21755.7
 1.5344 seconds.
epochIdx: 18,error: 0.7308,likelihood: 21695.5
 1.61528 seconds.
epochIdx: 19,error: 0.7283,likelihood: 21634.2
 1.58334 seconds.
epochIdx: 20,error: 0.7228,likelihood: 21551
 1.5751 seconds.
epochIdx: 21,error: 0.719,likelihood: 21502.3
 1.68085 seconds.
epochIdx: 22,error: 0.7178,likelihood: 21449.5
 1.6993 seconds.
epochIdx: 23,error: 0.7183,likelihood: 21421.9
 1.70244 seconds.
epochIdx: 24,error: 0.7168,likelihood: 21379.5
 1.6898 seconds.
epochIdx: 25,error: 0.7147,likelihood: 21343.1
 1.63187 seconds.
epochIdx: 26,error: 0.7125,likelihood: 21317.1
 1.59966 seconds.
epochIdx: 27,error: 0.7102,likelihood: 21282.1
 1.68994 seconds.
epochIdx: 28,error: 0.7072,likelihood: 21241.2
 1.69753 seconds.
epochIdx: 29,error: 0.7048,likelihood: 21207.3
 1.71475 seconds.
epochIdx: 30,error: 0.702,likelihood: 21167.1
 1.69996 seconds.
epochIdx: 31,error: 0.7021,likelihood: 21147.7
 1.71698 seconds.
epochIdx: 32,error: 0.7004,likelihood: 21124.3
 1.6808 seconds.
epochIdx: 33,error: 0.7,likelihood: 21106.8
 1.67123 seconds.
epochIdx: 34,error: 0.6985,likelihood: 21090.8
 1.70241 seconds.
epochIdx: 35,error: 0.6986,likelihood: 21070.8
 1.72034 seconds.
epochIdx: 36,error: 0.6997,likelihood: 21065.3
 1.6767 seconds.
epochIdx: 37,error: 0.6993,likelihood: 21027.6
 1.63991 seconds.
epochIdx: 38,error: 0.6997,likelihood: 21017.7
 1.6577 seconds.
epochIdx: 39,error: 0.6993,likelihood: 21015.6
 1.72097 seconds.
epochIdx: 40,error: 0.6988,likelihood: 20989.4
 1.62755 seconds.
epochIdx: 41,error: 0.6969,likelihood: 20966
 1.65013 seconds.
epochIdx: 42,error: 0.6953,likelihood: 20959.2
 1.68482 seconds.
epochIdx: 43,error: 0.6964,likelihood: 20947.5
 1.56752 seconds.
epochIdx: 44,error: 0.6948,likelihood: 20934.2
 1.6233 seconds.
epochIdx: 45,error: 0.6954,likelihood: 20906.9
 1.59213 seconds.
epochIdx: 46,error: 0.6959,likelihood: 20901
 1.5723 seconds.
epochIdx: 47,error: 0.6958,likelihood: 20896.9
 1.62922 seconds.
epochIdx: 48,error: 0.6961,likelihood: 20884.6
 1.63754 seconds.
epochIdx: 49,error: 0.6939,likelihood: 20853.1
 1.61118 seconds.
epochIdx: 50,error: 0.6945,likelihood: 20831.2
 1.65938 seconds.
epochIdx: 51,error: 0.6947,likelihood: 20817.8
 1.63944 seconds.
epochIdx: 52,error: 0.6954,likelihood: 20816.5
 1.56653 seconds.
epochIdx: 53,error: 0.6944,likelihood: 20799
 1.63052 seconds.
epochIdx: 54,error: 0.694,likelihood: 20796.1
 1.61552 seconds.
epochIdx: 55,error: 0.6937,likelihood: 20778.2
 1.62334 seconds.
epochIdx: 56,error: 0.6932,likelihood: 20772.4
 1.62116 seconds.
epochIdx: 57,error: 0.6938,likelihood: 20779
 1.6023 seconds.
epochIdx: 58,error: 0.6946,likelihood: 20776.3
 1.57391 seconds.
epochIdx: 59,error: 0.6935,likelihood: 20761.4
 1.53273 seconds.
epochIdx: 60,error: 0.6918,likelihood: 20736.3
 1.70048 seconds.
epochIdx: 61,error: 0.6903,likelihood: 20714.3
 1.70552 seconds.
epochIdx: 62,error: 0.6902,likelihood: 20715.4
 1.55004 seconds.
epochIdx: 63,error: 0.6899,likelihood: 20708.4
 1.61651 seconds.
epochIdx: 64,error: 0.6887,likelihood: 20694.4
 1.68016 seconds.
epochIdx: 65,error: 0.688,likelihood: 20682.9
 1.67258 seconds.
epochIdx: 66,error: 0.6896,likelihood: 20692.9
 1.67157 seconds.
epochIdx: 67,error: 0.69,likelihood: 20694.7
 1.60416 seconds.
epochIdx: 68,error: 0.6882,likelihood: 20679.9
 1.70563 seconds.
epochIdx: 69,error: 0.689,likelihood: 20685.4
 1.68364 seconds.
epochIdx: 70,error: 0.6876,likelihood: 20671.5
 1.68784 seconds.
epochIdx: 71,error: 0.6871,likelihood: 20656.4
 1.718 seconds.
epochIdx: 72,error: 0.6882,likelihood: 20668.7
 1.71066 seconds.
epochIdx: 73,error: 0.6866,likelihood: 20651
 1.7078 seconds.
epochIdx: 74,error: 0.687,likelihood: 20649.8
 1.70145 seconds.
epochIdx: 75,error: 0.6858,likelihood: 20648.4
 1.7111 seconds.
epochIdx: 76,error: 0.6881,likelihood: 20664.2
 1.71517 seconds.
epochIdx: 77,error: 0.6885,likelihood: 20658.3
 1.69302 seconds.
epochIdx: 78,error: 0.687,likelihood: 20653.7
 1.68179 seconds.
epochIdx: 79,error: 0.6859,likelihood: 20640.9
 1.70073 seconds.
epochIdx: 80,error: 0.6853,likelihood: 20621
 1.70968 seconds.
epochIdx: 81,error: 0.6858,likelihood: 20614.7
 1.63681 seconds.
epochIdx: 82,error: 0.6842,likelihood: 20599.1
 1.68621 seconds.
epochIdx: 83,error: 0.687,likelihood: 20607.1
 1.71052 seconds.
epochIdx: 84,error: 0.6876,likelihood: 20612
 1.70238 seconds.
epochIdx: 85,error: 0.6871,likelihood: 20595.4
 1.71385 seconds.
epochIdx: 86,error: 0.6865,likelihood: 20587
 1.71415 seconds.
epochIdx: 87,error: 0.6873,likelihood: 20583.4
 1.62261 seconds.
epochIdx: 88,error: 0.6875,likelihood: 20580.1
 1.69313 seconds.
epochIdx: 89,error: 0.6866,likelihood: 20564.9
 1.70997 seconds.
epochIdx: 90,error: 0.6831,likelihood: 20541.2
 1.72252 seconds.
epochIdx: 91,error: 0.6845,likelihood: 20544.6
 1.6701 seconds.
epochIdx: 92,error: 0.6844,likelihood: 20534.3
 1.69734 seconds.
epochIdx: 93,error: 0.6839,likelihood: 20516.5
 1.71209 seconds.
epochIdx: 94,error: 0.6837,likelihood: 20512.4
 1.67422 seconds.
epochIdx: 95,error: 0.6824,likelihood: 20501.5
 1.71655 seconds.
epochIdx: 96,error: 0.6832,likelihood: 20498
 1.65955 seconds.
epochIdx: 97,error: 0.6828,likelihood: 20490.8
 1.71693 seconds.
epochIdx: 98,error: 0.6837,likelihood: 20488.5
 1.65258 seconds.
epochIdx: 99,error: 0.6816,likelihood: 20479.8
 1.58948 seconds.
epochIdx: 100,error: 0.68,likelihood: 20445.9
 1.57668 seconds.
epochIdx: 101,error: 0.6796,likelihood: 20428.5
 1.59066 seconds.
epochIdx: 102,error: 0.679,likelihood: 20414.9
 1.57134 seconds.
epochIdx: 103,error: 0.6782,likelihood: 20416.2
 1.72097 seconds.
epochIdx: 104,error: 0.6785,likelihood: 20417.8
 1.72124 seconds.
epochIdx: 105,error: 0.6782,likelihood: 20412
 1.63365 seconds.
epochIdx: 106,error: 0.6752,likelihood: 20396.7
 1.6804 seconds.
epochIdx: 107,error: 0.6751,likelihood: 20385.1
 1.60905 seconds.
epochIdx: 108,error: 0.6758,likelihood: 20395
 1.6439 seconds.
epochIdx: 109,error: 0.6769,likelihood: 20387.7
 1.67607 seconds.
epochIdx: 110,error: 0.6715,likelihood: 20343.2
 1.53202 seconds.
epochIdx: 111,error: 0.6717,likelihood: 20322.3
 1.53286 seconds.
epochIdx: 112,error: 0.6718,likelihood: 20321
 1.68394 seconds.
epochIdx: 113,error: 0.6721,likelihood: 20313
 1.60953 seconds.
epochIdx: 114,error: 0.6715,likelihood: 20305.2
 1.6142 seconds.
epochIdx: 115,error: 0.673,likelihood: 20305.6
 1.61092 seconds.
epochIdx: 116,error: 0.6729,likelihood: 20293.7
 1.57523 seconds.
epochIdx: 117,error: 0.6731,likelihood: 20293
 1.59693 seconds.
epochIdx: 118,error: 0.6718,likelihood: 20285.4
 1.56077 seconds.
epochIdx: 119,error: 0.6733,likelihood: 20290.8
 1.58485 seconds.
epochIdx: 120,error: 0.6715,likelihood: 20266.6
 1.56215 seconds.
epochIdx: 121,error: 0.6716,likelihood: 20249.8
 1.54685 seconds.
epochIdx: 122,error: 0.6719,likelihood: 20244.3
 1.55648 seconds.
epochIdx: 123,error: 0.6713,likelihood: 20236.9
 1.60943 seconds.
epochIdx: 124,error: 0.6712,likelihood: 20233.4
 1.53171 seconds.
epochIdx: 125,error: 0.6713,likelihood: 20236
 1.62731 seconds.
epochIdx: 126,error: 0.671,likelihood: 20224.9
 1.53213 seconds.
epochIdx: 127,error: 0.672,likelihood: 20219.9
 1.60668 seconds.
epochIdx: 128,error: 0.6722,likelihood: 20213.8
 1.66586 seconds.
epochIdx: 129,error: 0.6726,likelihood: 20213.2
 1.69674 seconds.
epochIdx: 130,error: 0.6701,likelihood: 20185.4
 1.55803 seconds.
epochIdx: 131,error: 0.6701,likelihood: 20170.3
 1.72165 seconds.
epochIdx: 132,error: 0.6706,likelihood: 20168.6
 1.57454 seconds.
epochIdx: 133,error: 0.6691,likelihood: 20159.9
 1.5987 seconds.
epochIdx: 134,error: 0.6696,likelihood: 20158.8
 1.6968 seconds.
epochIdx: 135,error: 0.67,likelihood: 20153.9
 1.5736 seconds.
epochIdx: 136,error: 0.6689,likelihood: 20144.8
 1.66895 seconds.
epochIdx: 137,error: 0.6697,likelihood: 20147.5
 1.61438 seconds.
epochIdx: 138,error: 0.6701,likelihood: 20146.1
 1.59637 seconds.
epochIdx: 139,error: 0.6701,likelihood: 20150.3
 1.65732 seconds.
epochIdx: 140,error: 0.669,likelihood: 20124.8
 1.64321 seconds.
epochIdx: 141,error: 0.6679,likelihood: 20098.6
 1.69155 seconds.
epochIdx: 142,error: 0.6673,likelihood: 20096.1
 1.61939 seconds.
epochIdx: 143,error: 0.6671,likelihood: 20093.8
 1.5311 seconds.
epochIdx: 144,error: 0.667,likelihood: 20094.4
 1.63625 seconds.
epochIdx: 145,error: 0.6663,likelihood: 20085.1
 1.71304 seconds.
epochIdx: 146,error: 0.6667,likelihood: 20081.6
 1.56144 seconds.
epochIdx: 147,error: 0.6665,likelihood: 20073.6
 1.55066 seconds.
epochIdx: 148,error: 0.667,likelihood: 20075.2
 1.59636 seconds.
epochIdx: 149,error: 0.6667,likelihood: 20075.8
 1.60374 seconds.
epochIdx: 150,error: 0.6656,likelihood: 20049.9
 1.55096 seconds.
epochIdx: 151,error: 0.6653,likelihood: 20043.3
 1.54269 seconds.
epochIdx: 152,error: 0.6643,likelihood: 20032.7
 1.7136 seconds.
epochIdx: 153,error: 0.6656,likelihood: 20031.1
 1.63347 seconds.
epochIdx: 154,error: 0.6654,likelihood: 20026.4
 1.58821 seconds.
epochIdx: 155,error: 0.6662,likelihood: 20031.7
 1.53135 seconds.
epochIdx: 156,error: 0.666,likelihood: 20030.5
 1.63423 seconds.
epochIdx: 157,error: 0.6653,likelihood: 20017.3
 1.56884 seconds.
epochIdx: 158,error: 0.6654,likelihood: 20019.1
 1.67156 seconds.
epochIdx: 159,error: 0.6649,likelihood: 20011.8
 1.53148 seconds.
epochIdx: 160,error: 0.6642,likelihood: 19990.2
 1.57782 seconds.
epochIdx: 161,error: 0.6646,likelihood: 19983.9
 1.54993 seconds.
epochIdx: 162,error: 0.6643,likelihood: 19982.5
 1.64445 seconds.
epochIdx: 163,error: 0.6646,likelihood: 19978
 1.53754 seconds.
epochIdx: 164,error: 0.6649,likelihood: 19980.3
 1.59059 seconds.
epochIdx: 165,error: 0.6657,likelihood: 19978.4
 1.60325 seconds.
epochIdx: 166,error: 0.6663,likelihood: 19972.2
 1.68594 seconds.
epochIdx: 167,error: 0.6664,likelihood: 19973.7
 1.61325 seconds.
epochIdx: 168,error: 0.667,likelihood: 19979.1
 1.575 seconds.
epochIdx: 169,error: 0.6661,likelihood: 19972.8
 1.58011 seconds.
epochIdx: 170,error: 0.6646,likelihood: 19949.3
 1.60431 seconds.
epochIdx: 171,error: 0.6648,likelihood: 19940.6
 1.64921 seconds.
epochIdx: 172,error: 0.6637,likelihood: 19938.3
 1.55079 seconds.
epochIdx: 173,error: 0.6641,likelihood: 19935.8
 1.63663 seconds.
epochIdx: 174,error: 0.6643,likelihood: 19934.4
 1.63902 seconds.
epochIdx: 175,error: 0.6643,likelihood: 19932.4
 1.54641 seconds.
epochIdx: 176,error: 0.6636,likelihood: 19931.9
 1.63467 seconds.
epochIdx: 177,error: 0.664,likelihood: 19929.8
 1.54287 seconds.
epochIdx: 178,error: 0.6644,likelihood: 19925.4
 1.6725 seconds.
epochIdx: 179,error: 0.6644,likelihood: 19926
 1.62032 seconds.
epochIdx: 180,error: 0.6626,likelihood: 19908.7
 1.72091 seconds.
epochIdx: 181,error: 0.6617,likelihood: 19899.7
 1.61371 seconds.
epochIdx: 182,error: 0.6621,likelihood: 19896
 1.57553 seconds.
epochIdx: 183,error: 0.6638,likelihood: 19886.6
 1.65621 seconds.
epochIdx: 184,error: 0.6631,likelihood: 19893.8
 1.61846 seconds.
epochIdx: 185,error: 0.663,likelihood: 19888.2
 1.59351 seconds.
epochIdx: 186,error: 0.6626,likelihood: 19879.4
 1.65156 seconds.
epochIdx: 187,error: 0.664,likelihood: 19876.7
 1.59397 seconds.
epochIdx: 188,error: 0.6627,likelihood: 19879.2
 1.57314 seconds.
epochIdx: 189,error: 0.6634,likelihood: 19884
 1.70925 seconds.
epochIdx: 190,error: 0.6617,likelihood: 19869.5
 1.67717 seconds.
epochIdx: 191,error: 0.6625,likelihood: 19867.1
 1.59165 seconds.
epochIdx: 192,error: 0.662,likelihood: 19864.1
 1.53084 seconds.
epochIdx: 193,error: 0.6615,likelihood: 19861.7
 1.53355 seconds.
epochIdx: 194,error: 0.6615,likelihood: 19864
 1.53125 seconds.
epochIdx: 195,error: 0.6611,likelihood: 19862.4
 1.58926 seconds.
epochIdx: 196,error: 0.6604,likelihood: 19858
 1.59733 seconds.
epochIdx: 197,error: 0.661,likelihood: 19858.2
 1.7094 seconds.
epochIdx: 198,error: 0.6605,likelihood: 19856.2
 1.64354 seconds.
epochIdx: 199,error: 0.6606,likelihood: 19851.9
 1.67555 seconds.
