nvcc -g -O3 -c -Xcompiler -fopenmp ./main_src/main.cu -I./include -o ./obj/main.o
nvcc -o ./bin/main ./obj/main.o    ./obj/matrix.o   ./obj/nvmatrix_kernel.o  ./obj/logistic_kernel.o  ./obj/convnet.o  ./obj/convnet_kernel.o  ./obj/logistic.o  ./obj/nvmatrix.o -lcuda -lcudart -lcublas -lm  -lpthread -lmpich -lgomp  
if [ 0 -eq 1 ] ; then \
		scp ./bin/main crd@192.168.0.101:/home/crd/conv/bin; \
	fi
if [ 1 -eq 1 ]; then \
		mpirun_rsh -np 2 -hostfile hostfile MV2_ENABLE_AFFINITY=0 MV2_USE_CUDA=1 MV2_USE_GPUDIRECT=1 ./bin/main; \
	fi
=========================
train: 50000
valid: 10000
filtersize: 6
numFilters: 16
convstepsize: 2
epsHidVis: 0.001
epsHidBias: 0.0001
epsAvgOut: 0.001
epsOutBias: 0.0001
mom: 0.9
wcHidVis: 0
wcAvgOut: 0
epochIdx: 0,error: 0.8849,likelihood: 23015.6
 1.63382 seconds.
epochIdx: 1,error: 0.86,likelihood: 22945.1
 1.66124 seconds.
epochIdx: 2,error: 0.8301,likelihood: 22815.9
 1.62989 seconds.
epochIdx: 3,error: 0.8026,likelihood: 22662.3
 1.64183 seconds.
epochIdx: 4,error: 0.7956,likelihood: 22550.2
 1.57931 seconds.
epochIdx: 5,error: 0.7901,likelihood: 22492.1
 1.67478 seconds.
epochIdx: 6,error: 0.7862,likelihood: 22470.4
 1.65114 seconds.
epochIdx: 7,error: 0.7833,likelihood: 22467.1
 1.67604 seconds.
epochIdx: 8,error: 0.7812,likelihood: 22466.3
 1.64026 seconds.
epochIdx: 9,error: 0.781,likelihood: 22459
 1.67926 seconds.
epochIdx: 10,error: 0.781,likelihood: 22435.8
 1.71498 seconds.
epochIdx: 11,error: 0.7786,likelihood: 22411.9
 1.65516 seconds.
epochIdx: 12,error: 0.7754,likelihood: 22387.2
 1.70351 seconds.
epochIdx: 13,error: 0.7731,likelihood: 22355.1
 1.55542 seconds.
epochIdx: 14,error: 0.7691,likelihood: 22319
 1.63694 seconds.
epochIdx: 15,error: 0.7657,likelihood: 22281.3
 1.62657 seconds.
epochIdx: 16,error: 0.7628,likelihood: 22242.4
 1.6993 seconds.
epochIdx: 17,error: 0.7593,likelihood: 22199.7
 1.71891 seconds.
epochIdx: 18,error: 0.7547,likelihood: 22152.3
 1.66862 seconds.
epochIdx: 19,error: 0.7505,likelihood: 22108.5
 1.70618 seconds.
epochIdx: 20,error: 0.7484,likelihood: 22052.4
 1.62979 seconds.
epochIdx: 21,error: 0.7454,likelihood: 22007.2
 1.56507 seconds.
epochIdx: 22,error: 0.7426,likelihood: 21959.1
 1.62015 seconds.
epochIdx: 23,error: 0.7398,likelihood: 21920.5
 1.55291 seconds.
epochIdx: 24,error: 0.7357,likelihood: 21877.2
 1.58955 seconds.
epochIdx: 25,error: 0.733,likelihood: 21841.2
 1.59909 seconds.
epochIdx: 26,error: 0.73,likelihood: 21805.6
 1.6009 seconds.
epochIdx: 27,error: 0.7284,likelihood: 21766.4
 1.56846 seconds.
epochIdx: 28,error: 0.7262,likelihood: 21733.6
 1.5361 seconds.
epochIdx: 29,error: 0.725,likelihood: 21704.2
 1.53707 seconds.
epochIdx: 30,error: 0.7209,likelihood: 21660.7
 1.54183 seconds.
epochIdx: 31,error: 0.7197,likelihood: 21625.7
 1.58227 seconds.
epochIdx: 32,error: 0.7193,likelihood: 21593.5
 1.61088 seconds.
epochIdx: 33,error: 0.718,likelihood: 21568.6
 1.57736 seconds.
epochIdx: 34,error: 0.7168,likelihood: 21539.1
 1.6147 seconds.
epochIdx: 35,error: 0.7155,likelihood: 21511.5
 1.68182 seconds.
epochIdx: 36,error: 0.7139,likelihood: 21479.3
 1.66431 seconds.
epochIdx: 37,error: 0.7121,likelihood: 21453.6
 1.63128 seconds.
epochIdx: 38,error: 0.7106,likelihood: 21426.4
 1.61885 seconds.
epochIdx: 39,error: 0.7097,likelihood: 21402.5
 1.64349 seconds.
epochIdx: 40,error: 0.7103,likelihood: 21366.8
 1.64513 seconds.
epochIdx: 41,error: 0.7089,likelihood: 21343.7
 1.65724 seconds.
epochIdx: 42,error: 0.7064,likelihood: 21319.7
 1.71511 seconds.
epochIdx: 43,error: 0.7044,likelihood: 21301
 1.70716 seconds.
epochIdx: 44,error: 0.7029,likelihood: 21278.4
 1.71829 seconds.
epochIdx: 45,error: 0.7031,likelihood: 21259
 1.7144 seconds.
epochIdx: 46,error: 0.703,likelihood: 21239.5
 1.71591 seconds.
epochIdx: 47,error: 0.7013,likelihood: 21219.9
 1.70362 seconds.
epochIdx: 48,error: 0.7002,likelihood: 21199.9
 1.5968 seconds.
epochIdx: 49,error: 0.6999,likelihood: 21184
 1.63968 seconds.
epochIdx: 50,error: 0.6995,likelihood: 21157.7
 1.68541 seconds.
epochIdx: 51,error: 0.6985,likelihood: 21138.6
 1.60282 seconds.
epochIdx: 52,error: 0.6987,likelihood: 21122.1
 1.60946 seconds.
epochIdx: 53,error: 0.698,likelihood: 21105.2
 1.66541 seconds.
epochIdx: 54,error: 0.6974,likelihood: 21088
 1.5665 seconds.
epochIdx: 55,error: 0.6971,likelihood: 21072.4
 1.64486 seconds.
epochIdx: 56,error: 0.6969,likelihood: 21056.5
 1.62167 seconds.
epochIdx: 57,error: 0.6965,likelihood: 21044.5
 1.58618 seconds.
epochIdx: 58,error: 0.6965,likelihood: 21029.9
 1.71447 seconds.
epochIdx: 59,error: 0.6962,likelihood: 21015.5
 1.62625 seconds.
epochIdx: 60,error: 0.695,likelihood: 20989.9
 1.59795 seconds.
epochIdx: 61,error: 0.6951,likelihood: 20974.8
 1.66651 seconds.
epochIdx: 62,error: 0.6948,likelihood: 20962.5
 1.69323 seconds.
epochIdx: 63,error: 0.6952,likelihood: 20948.8
 1.66581 seconds.
epochIdx: 64,error: 0.6958,likelihood: 20934.1
 1.5632 seconds.
epochIdx: 65,error: 0.6952,likelihood: 20922
 1.6533 seconds.
epochIdx: 66,error: 0.6955,likelihood: 20910.3
 1.69748 seconds.
epochIdx: 67,error: 0.6945,likelihood: 20898.7
 1.57699 seconds.
epochIdx: 68,error: 0.694,likelihood: 20887.8
 1.55206 seconds.
epochIdx: 69,error: 0.6941,likelihood: 20875.2
 1.61919 seconds.
epochIdx: 70,error: 0.6934,likelihood: 20848.3
 1.64827 seconds.
epochIdx: 71,error: 0.693,likelihood: 20838.5
 1.59614 seconds.
epochIdx: 72,error: 0.6932,likelihood: 20829.6
 1.67728 seconds.
epochIdx: 73,error: 0.6926,likelihood: 20815
 1.69103 seconds.
epochIdx: 74,error: 0.6926,likelihood: 20806.3
 1.56572 seconds.
epochIdx: 75,error: 0.6925,likelihood: 20794
 1.64874 seconds.
epochIdx: 76,error: 0.6919,likelihood: 20782.7
 1.60264 seconds.
epochIdx: 77,error: 0.6915,likelihood: 20770.7
 1.64728 seconds.
epochIdx: 78,error: 0.6916,likelihood: 20762.5
 1.63702 seconds.
epochIdx: 79,error: 0.692,likelihood: 20754.2
 1.62682 seconds.
epochIdx: 80,error: 0.6921,likelihood: 20735.1
 1.67398 seconds.
epochIdx: 81,error: 0.6909,likelihood: 20723.8
 1.55721 seconds.
epochIdx: 82,error: 0.6907,likelihood: 20716.2
 1.57189 seconds.
epochIdx: 83,error: 0.6903,likelihood: 20706.7
 1.63687 seconds.
epochIdx: 84,error: 0.6901,likelihood: 20697.6
 1.67314 seconds.
epochIdx: 85,error: 0.6893,likelihood: 20691.3
 1.65607 seconds.
epochIdx: 86,error: 0.6887,likelihood: 20684.1
 1.69815 seconds.
epochIdx: 87,error: 0.6882,likelihood: 20679.2
 1.61747 seconds.
epochIdx: 88,error: 0.6883,likelihood: 20672.6
 1.65676 seconds.
epochIdx: 89,error: 0.6875,likelihood: 20664.7
 1.65496 seconds.
epochIdx: 90,error: 0.687,likelihood: 20644
 1.64365 seconds.
epochIdx: 91,error: 0.6869,likelihood: 20632.8
 1.53557 seconds.
epochIdx: 92,error: 0.6864,likelihood: 20626
 1.5697 seconds.
epochIdx: 93,error: 0.687,likelihood: 20620.3
 1.6589 seconds.
epochIdx: 94,error: 0.6874,likelihood: 20610.6
 1.54413 seconds.
epochIdx: 95,error: 0.687,likelihood: 20602.2
 1.61058 seconds.
epochIdx: 96,error: 0.6866,likelihood: 20593.2
 1.64646 seconds.
epochIdx: 97,error: 0.6877,likelihood: 20589.5
 1.67966 seconds.
epochIdx: 98,error: 0.6871,likelihood: 20587.3
 1.63577 seconds.
epochIdx: 99,error: 0.6859,likelihood: 20576.5
 1.5318 seconds.
epochIdx: 100,error: 0.6865,likelihood: 20556.9
 1.53157 seconds.
epochIdx: 101,error: 0.6861,likelihood: 20552.5
 1.60609 seconds.
epochIdx: 102,error: 0.6852,likelihood: 20545.6
 1.61154 seconds.
epochIdx: 103,error: 0.6844,likelihood: 20539.4
 1.67303 seconds.
epochIdx: 104,error: 0.6838,likelihood: 20532.8
 1.63624 seconds.
epochIdx: 105,error: 0.6837,likelihood: 20526.7
 1.53104 seconds.
epochIdx: 106,error: 0.6828,likelihood: 20517.4
 1.58598 seconds.
epochIdx: 107,error: 0.6825,likelihood: 20509.7
 1.65852 seconds.
epochIdx: 108,error: 0.6818,likelihood: 20509.7
 1.57637 seconds.
epochIdx: 109,error: 0.6819,likelihood: 20504.3
 1.66803 seconds.
epochIdx: 110,error: 0.6806,likelihood: 20479.5
 1.66002 seconds.
epochIdx: 111,error: 0.6801,likelihood: 20470.3
 1.65661 seconds.
epochIdx: 112,error: 0.68,likelihood: 20466.2
 1.55511 seconds.
epochIdx: 113,error: 0.6806,likelihood: 20463.3
 1.59188 seconds.
epochIdx: 114,error: 0.6795,likelihood: 20452.9
 1.57543 seconds.
epochIdx: 115,error: 0.6794,likelihood: 20452.8
 1.67369 seconds.
epochIdx: 116,error: 0.6791,likelihood: 20446.2
 1.58946 seconds.
epochIdx: 117,error: 0.6788,likelihood: 20441.7
 1.6172 seconds.
epochIdx: 118,error: 0.6781,likelihood: 20434.7
 1.64727 seconds.
epochIdx: 119,error: 0.6785,likelihood: 20428.5
 1.60095 seconds.
epochIdx: 120,error: 0.6773,likelihood: 20408.4
 1.65056 seconds.
epochIdx: 121,error: 0.6768,likelihood: 20403.4
 1.55987 seconds.
epochIdx: 122,error: 0.6769,likelihood: 20395.3
 1.63603 seconds.
epochIdx: 123,error: 0.6765,likelihood: 20393.3
 1.64039 seconds.
epochIdx: 124,error: 0.6762,likelihood: 20389.8
 1.62026 seconds.
epochIdx: 125,error: 0.6759,likelihood: 20383.6
 1.65983 seconds.
epochIdx: 126,error: 0.6752,likelihood: 20379.6
 1.64623 seconds.
epochIdx: 127,error: 0.6752,likelihood: 20376.8
 1.61324 seconds.
epochIdx: 128,error: 0.6753,likelihood: 20372.5
 1.64154 seconds.
epochIdx: 129,error: 0.6751,likelihood: 20367.6
 1.53166 seconds.
epochIdx: 130,error: 0.6747,likelihood: 20349.4
 1.64633 seconds.
epochIdx: 131,error: 0.6745,likelihood: 20342.8
 1.67215 seconds.
epochIdx: 132,error: 0.6745,likelihood: 20338.7
 1.60136 seconds.
epochIdx: 133,error: 0.6741,likelihood: 20335.7
 1.6833 seconds.
epochIdx: 134,error: 0.6744,likelihood: 20328.7
 1.65235 seconds.
epochIdx: 135,error: 0.6739,likelihood: 20325.6
 1.61171 seconds.
epochIdx: 136,error: 0.6729,likelihood: 20320.7
 1.63317 seconds.
epochIdx: 137,error: 0.6724,likelihood: 20319.4
 1.68528 seconds.
epochIdx: 138,error: 0.672,likelihood: 20310.5
 1.56342 seconds.
epochIdx: 139,error: 0.6714,likelihood: 20308.3
 1.65645 seconds.
epochIdx: 140,error: 0.6705,likelihood: 20293.6
 1.65485 seconds.
epochIdx: 141,error: 0.6707,likelihood: 20283.8
 1.71511 seconds.
epochIdx: 142,error: 0.6697,likelihood: 20282.7
 1.70092 seconds.
epochIdx: 143,error: 0.6698,likelihood: 20277.8
 1.72375 seconds.
epochIdx: 144,error: 0.6689,likelihood: 20276.8
 1.70684 seconds.
epochIdx: 145,error: 0.6691,likelihood: 20273.6
 1.70462 seconds.
epochIdx: 146,error: 0.6688,likelihood: 20267.6
 1.70332 seconds.
epochIdx: 147,error: 0.6693,likelihood: 20267.6
 1.72385 seconds.
epochIdx: 148,error: 0.6691,likelihood: 20260.3
 1.67865 seconds.
epochIdx: 149,error: 0.6692,likelihood: 20257.7
 1.699 seconds.
epochIdx: 150,error: 0.6681,likelihood: 20240.7
 1.71586 seconds.
epochIdx: 151,error: 0.6677,likelihood: 20237.3
 1.7048 seconds.
epochIdx: 152,error: 0.6675,likelihood: 20232.8
 1.72309 seconds.
epochIdx: 153,error: 0.6677,likelihood: 20231.4
 1.56003 seconds.
epochIdx: 154,error: 0.6674,likelihood: 20228.4
 1.55295 seconds.
epochIdx: 155,error: 0.6672,likelihood: 20224.8
 1.6116 seconds.
epochIdx: 156,error: 0.6668,likelihood: 20218.3
 1.60718 seconds.
epochIdx: 157,error: 0.6669,likelihood: 20219.9
 1.57775 seconds.
epochIdx: 158,error: 0.6666,likelihood: 20213.6
 1.59894 seconds.
epochIdx: 159,error: 0.6669,likelihood: 20215.5
 1.59964 seconds.
epochIdx: 160,error: 0.666,likelihood: 20194.5
 1.64735 seconds.
epochIdx: 161,error: 0.6661,likelihood: 20193.3
 1.70812 seconds.
epochIdx: 162,error: 0.6661,likelihood: 20187.5
 1.53435 seconds.
epochIdx: 163,error: 0.6665,likelihood: 20187.4
 1.62301 seconds.
epochIdx: 164,error: 0.667,likelihood: 20186.7
 1.53449 seconds.
epochIdx: 165,error: 0.6659,likelihood: 20178.6
 1.56456 seconds.
epochIdx: 166,error: 0.6657,likelihood: 20173.6
 1.61613 seconds.
epochIdx: 167,error: 0.6657,likelihood: 20173.1
 1.67105 seconds.
epochIdx: 168,error: 0.6656,likelihood: 20171.3
 1.5744 seconds.
epochIdx: 169,error: 0.6655,likelihood: 20170
 1.62194 seconds.
epochIdx: 170,error: 0.6653,likelihood: 20158
 1.6385 seconds.
epochIdx: 171,error: 0.6647,likelihood: 20148.4
 1.65834 seconds.
epochIdx: 172,error: 0.665,likelihood: 20145
 1.54934 seconds.
epochIdx: 173,error: 0.6644,likelihood: 20138.9
 1.5364 seconds.
epochIdx: 174,error: 0.6636,likelihood: 20137
 1.57448 seconds.
epochIdx: 175,error: 0.6637,likelihood: 20137.9
 1.682 seconds.
epochIdx: 176,error: 0.6631,likelihood: 20135.1
 1.6644 seconds.
epochIdx: 177,error: 0.6627,likelihood: 20131
 1.58758 seconds.
epochIdx: 178,error: 0.6619,likelihood: 20124.9
 1.63536 seconds.
epochIdx: 179,error: 0.6621,likelihood: 20126.1
 1.56771 seconds.
epochIdx: 180,error: 0.6619,likelihood: 20109.1
 1.58559 seconds.
epochIdx: 181,error: 0.6619,likelihood: 20108
 1.53566 seconds.
epochIdx: 182,error: 0.6618,likelihood: 20103.1
 1.63461 seconds.
epochIdx: 183,error: 0.6617,likelihood: 20099.8
 1.70845 seconds.
epochIdx: 184,error: 0.6612,likelihood: 20098.2
 1.53662 seconds.
epochIdx: 185,error: 0.6611,likelihood: 20095
 1.66316 seconds.
epochIdx: 186,error: 0.6611,likelihood: 20095.5
 1.61138 seconds.
epochIdx: 187,error: 0.6602,likelihood: 20087.8
 1.71389 seconds.
epochIdx: 188,error: 0.6596,likelihood: 20085.4
 1.71586 seconds.
epochIdx: 189,error: 0.6606,likelihood: 20092
 1.69931 seconds.
epochIdx: 190,error: 0.6607,likelihood: 20079.4
 1.72007 seconds.
epochIdx: 191,error: 0.6605,likelihood: 20069.2
 1.71658 seconds.
epochIdx: 192,error: 0.6593,likelihood: 20060.7
 1.71233 seconds.
epochIdx: 193,error: 0.6601,likelihood: 20063.3
 1.71223 seconds.
epochIdx: 194,error: 0.6601,likelihood: 20061.9
 1.70529 seconds.
epochIdx: 195,error: 0.6601,likelihood: 20062.6
 1.70071 seconds.
epochIdx: 196,error: 0.6602,likelihood: 20056.4
 1.70865 seconds.
epochIdx: 197,error: 0.6594,likelihood: 20056
 1.64982 seconds.
epochIdx: 198,error: 0.6592,likelihood: 20053.8
 1.70129 seconds.
epochIdx: 199,error: 0.6588,likelihood: 20050.9
 1.70509 seconds.
