nvcc -g -O3 -c -Xcompiler -fopenmp ./main_src/main.cu -I./include -o ./obj/main.o
nvcc -o ./bin/main ./obj/main.o    ./obj/matrix.o   ./obj/nvmatrix_kernel.o  ./obj/logistic_kernel.o  ./obj/convnet.o  ./obj/convnet_kernel.o  ./obj/logistic.o  ./obj/nvmatrix.o  ./obj/utils.o -lcuda -lcudart -lcublas -lm  -lpthread -lmpich -lgomp  
if [ 0 -eq 1 ] ; then \
		scp ./bin/main crd@192.168.0.101:/home/crd/conv/bin; \
	fi
if [ 1 -eq 1 ]; then \
		mpirun_rsh -np 2 -hostfile hostfile MV2_ENABLE_AFFINITY=0 MV2_USE_CUDA=1 MV2_USE_GPUDIRECT=1 ./bin/main; \
	fi
=========================
train: 50000
valid: 10000
filtersize: 6
numFilters: 16
convstepsize: 2
epsHidVis: 0.001
epsHidBias: 0.0001
epsAvgOut: 0.001
epsOutBias: 0.0001
mom: 0.9
wcHidVis: 0
wcAvgOut: 0
epochIdx: 0,error: 0.8918,likelihood: 23074.8
 1.93005 seconds.
epochIdx: 1,error: 0.8935,likelihood: 23096.7
 1.77131 seconds.
epochIdx: 2,error: 0.8769,likelihood: 23029
 1.8914 seconds.
epochIdx: 3,error: 0.8666,likelihood: 22956.8
 1.85851 seconds.
epochIdx: 4,error: 0.855,likelihood: 22865
 1.89422 seconds.
epochIdx: 5,error: 0.8466,likelihood: 22786.7
 1.86895 seconds.
epochIdx: 6,error: 0.841,likelihood: 22725
 1.77074 seconds.
epochIdx: 7,error: 0.8321,likelihood: 22637.9
 1.72317 seconds.
epochIdx: 8,error: 0.8276,likelihood: 22562.9
 1.76631 seconds.
epochIdx: 9,error: 0.8206,likelihood: 22485.7
 1.84786 seconds.
epochIdx: 10,error: 0.8121,likelihood: 22402.4
 1.89927 seconds.
epochIdx: 11,error: 0.8118,likelihood: 22343.8
 1.8675 seconds.
epochIdx: 12,error: 0.8046,likelihood: 22275.1
 1.91059 seconds.
epochIdx: 13,error: 0.8024,likelihood: 22243.4
 1.86498 seconds.
epochIdx: 14,error: 0.7973,likelihood: 22193.5
 1.85185 seconds.
epochIdx: 15,error: 0.7933,likelihood: 22142.2
 1.89982 seconds.
epochIdx: 16,error: 0.7947,likelihood: 22094.1
 1.88333 seconds.
epochIdx: 17,error: 0.789,likelihood: 22046
 1.88746 seconds.
epochIdx: 18,error: 0.7866,likelihood: 22027.1
 1.84732 seconds.
epochIdx: 19,error: 0.7851,likelihood: 21981.7
 1.8997 seconds.
epochIdx: 20,error: 0.7846,likelihood: 21957.9
 1.89782 seconds.
epochIdx: 21,error: 0.779,likelihood: 21914.4
 1.88768 seconds.
epochIdx: 22,error: 0.7753,likelihood: 21864.9
 1.87766 seconds.
epochIdx: 23,error: 0.7764,likelihood: 21852.2
 1.8842 seconds.
epochIdx: 24,error: 0.7737,likelihood: 21812.6
 1.88353 seconds.
epochIdx: 25,error: 0.7734,likelihood: 21794.1
 1.87107 seconds.
epochIdx: 26,error: 0.7731,likelihood: 21755
 1.80765 seconds.
epochIdx: 27,error: 0.7706,likelihood: 21725.8
 1.86949 seconds.
epochIdx: 28,error: 0.7662,likelihood: 21683.7
 1.80452 seconds.
epochIdx: 29,error: 0.7657,likelihood: 21685.2
 1.86208 seconds.
epochIdx: 30,error: 0.7636,likelihood: 21639.5
 1.88217 seconds.
epochIdx: 31,error: 0.7626,likelihood: 21610
 1.83609 seconds.
epochIdx: 32,error: 0.7616,likelihood: 21578.5
 1.86041 seconds.
epochIdx: 33,error: 0.7595,likelihood: 21532.2
 1.85695 seconds.
epochIdx: 34,error: 0.7582,likelihood: 21498.2
 1.9049 seconds.
epochIdx: 35,error: 0.7584,likelihood: 21495.7
 1.78777 seconds.
epochIdx: 36,error: 0.7557,likelihood: 21454.6
 1.76094 seconds.
epochIdx: 37,error: 0.7536,likelihood: 21424.4
 1.83339 seconds.
epochIdx: 38,error: 0.7518,likelihood: 21385.8
 1.75058 seconds.
epochIdx: 39,error: 0.7499,likelihood: 21379.1
 1.7824 seconds.
epochIdx: 40,error: 0.7477,likelihood: 21337.9
 1.86298 seconds.
epochIdx: 41,error: 0.7482,likelihood: 21339.9
 1.73023 seconds.
epochIdx: 42,error: 0.7454,likelihood: 21321
 1.71787 seconds.
epochIdx: 43,error: 0.7442,likelihood: 21298.2
 1.8567 seconds.
epochIdx: 44,error: 0.7449,likelihood: 21291
 1.79027 seconds.
epochIdx: 45,error: 0.7416,likelihood: 21248.1
 1.81907 seconds.
epochIdx: 46,error: 0.7411,likelihood: 21246.6
 1.74973 seconds.
epochIdx: 47,error: 0.7385,likelihood: 21237.9
 1.72608 seconds.
epochIdx: 48,error: 0.7386,likelihood: 21218.7
 1.77435 seconds.
epochIdx: 49,error: 0.737,likelihood: 21183.5
 1.78528 seconds.
epochIdx: 50,error: 0.7398,likelihood: 21195.6
 1.77497 seconds.
epochIdx: 51,error: 0.7364,likelihood: 21169.1
 1.81085 seconds.
epochIdx: 52,error: 0.7366,likelihood: 21182.4
 1.81568 seconds.
epochIdx: 53,error: 0.7351,likelihood: 21165.1
 1.71937 seconds.
epochIdx: 54,error: 0.7337,likelihood: 21130.1
 1.82429 seconds.
epochIdx: 55,error: 0.7315,likelihood: 21127.2
 1.72405 seconds.
epochIdx: 56,error: 0.7314,likelihood: 21106.2
 1.72861 seconds.
epochIdx: 57,error: 0.7329,likelihood: 21101.1
 1.79787 seconds.
epochIdx: 58,error: 0.732,likelihood: 21090.9
 1.75189 seconds.
epochIdx: 59,error: 0.7323,likelihood: 21077
 1.75494 seconds.
epochIdx: 60,error: 0.7307,likelihood: 21047.9
 1.77693 seconds.
epochIdx: 61,error: 0.7287,likelihood: 21037.8
 1.72471 seconds.
epochIdx: 62,error: 0.7301,likelihood: 21032.3
 1.76689 seconds.
epochIdx: 63,error: 0.7297,likelihood: 21017.6
 1.76918 seconds.
epochIdx: 64,error: 0.7266,likelihood: 20995.1
 1.78326 seconds.
epochIdx: 65,error: 0.7258,likelihood: 20979.7
 1.73571 seconds.
epochIdx: 66,error: 0.7258,likelihood: 20978.8
 1.76116 seconds.
epochIdx: 67,error: 0.7257,likelihood: 20965.6
 1.7441 seconds.
epochIdx: 68,error: 0.7269,likelihood: 20977.9
 1.81223 seconds.
epochIdx: 69,error: 0.726,likelihood: 20960.6
 1.79452 seconds.
epochIdx: 70,error: 0.7222,likelihood: 20926.7
 1.71899 seconds.
epochIdx: 71,error: 0.7199,likelihood: 20903.1
 1.83121 seconds.
epochIdx: 72,error: 0.7191,likelihood: 20896.1
 1.85276 seconds.
epochIdx: 73,error: 0.7198,likelihood: 20895
 1.90185 seconds.
epochIdx: 74,error: 0.7203,likelihood: 20887.3
 1.90693 seconds.
epochIdx: 75,error: 0.7196,likelihood: 20882.2
 1.88501 seconds.
epochIdx: 76,error: 0.7203,likelihood: 20882.4
 1.8341 seconds.
epochIdx: 77,error: 0.7195,likelihood: 20868.2
 1.80412 seconds.
epochIdx: 78,error: 0.7172,likelihood: 20847.3
 1.72083 seconds.
epochIdx: 79,error: 0.7177,likelihood: 20847.3
 1.74671 seconds.
epochIdx: 80,error: 0.7167,likelihood: 20824.6
 1.87906 seconds.
epochIdx: 81,error: 0.7162,likelihood: 20816.6
 1.84071 seconds.
epochIdx: 82,error: 0.7147,likelihood: 20799.9
 1.78594 seconds.
epochIdx: 83,error: 0.7143,likelihood: 20798.1
 1.88987 seconds.
epochIdx: 84,error: 0.7147,likelihood: 20796.4
 1.88523 seconds.
epochIdx: 85,error: 0.7151,likelihood: 20796.8
 1.87267 seconds.
epochIdx: 86,error: 0.7129,likelihood: 20781.8
 1.78718 seconds.
epochIdx: 87,error: 0.7129,likelihood: 20771.7
 1.74622 seconds.
epochIdx: 88,error: 0.7131,likelihood: 20763.1
 1.80978 seconds.
epochIdx: 89,error: 0.7118,likelihood: 20759.7
 1.88529 seconds.
epochIdx: 90,error: 0.7123,likelihood: 20745.7
 1.90538 seconds.
epochIdx: 91,error: 0.711,likelihood: 20731.3
 1.85805 seconds.
epochIdx: 92,error: 0.7099,likelihood: 20724
 1.90133 seconds.
epochIdx: 93,error: 0.7101,likelihood: 20724.9
 1.84809 seconds.
epochIdx: 94,error: 0.7087,likelihood: 20699.9
 1.76914 seconds.
epochIdx: 95,error: 0.7096,likelihood: 20702.5
 1.83946 seconds.
epochIdx: 96,error: 0.7079,likelihood: 20685.3
 1.83733 seconds.
epochIdx: 97,error: 0.7072,likelihood: 20689.6
 1.86981 seconds.
epochIdx: 98,error: 0.7067,likelihood: 20678.9
 1.7972 seconds.
epochIdx: 99,error: 0.7087,likelihood: 20681.9
 1.7183 seconds.
epochIdx: 100,error: 0.7069,likelihood: 20652.1
 1.9135 seconds.
epochIdx: 101,error: 0.7065,likelihood: 20658
 1.8756 seconds.
epochIdx: 102,error: 0.7073,likelihood: 20653
 1.88005 seconds.
epochIdx: 103,error: 0.7064,likelihood: 20652.1
 1.88147 seconds.
epochIdx: 104,error: 0.7072,likelihood: 20649.1
 1.84101 seconds.
epochIdx: 105,error: 0.705,likelihood: 20643.9
 1.88775 seconds.
epochIdx: 106,error: 0.7057,likelihood: 20633.2
 1.88416 seconds.
epochIdx: 107,error: 0.7043,likelihood: 20615.1
 1.87038 seconds.
epochIdx: 108,error: 0.7031,likelihood: 20612.1
 1.86023 seconds.
epochIdx: 109,error: 0.7024,likelihood: 20602.9
 1.77845 seconds.
epochIdx: 110,error: 0.7023,likelihood: 20586.6
 1.90043 seconds.
epochIdx: 111,error: 0.702,likelihood: 20580
 1.87709 seconds.
epochIdx: 112,error: 0.7016,likelihood: 20574.2
 1.87369 seconds.
epochIdx: 113,error: 0.7014,likelihood: 20579
 1.89034 seconds.
epochIdx: 114,error: 0.7009,likelihood: 20574.9
 1.81184 seconds.
epochIdx: 115,error: 0.7,likelihood: 20551.6
 1.71949 seconds.
epochIdx: 116,error: 0.6997,likelihood: 20543.5
 1.80885 seconds.
epochIdx: 117,error: 0.6998,likelihood: 20542.6
 1.83042 seconds.
epochIdx: 118,error: 0.6989,likelihood: 20543.9
 1.83852 seconds.
epochIdx: 119,error: 0.6984,likelihood: 20527.5
 1.75079 seconds.
epochIdx: 120,error: 0.6987,likelihood: 20512.2
 1.86836 seconds.
epochIdx: 121,error: 0.6978,likelihood: 20501.5
 1.83519 seconds.
epochIdx: 122,error: 0.6986,likelihood: 20505.2
 1.88197 seconds.
epochIdx: 123,error: 0.6977,likelihood: 20488.3
 1.84944 seconds.
epochIdx: 124,error: 0.6973,likelihood: 20496.1
 1.87449 seconds.
epochIdx: 125,error: 0.6968,likelihood: 20481.5
 1.86023 seconds.
epochIdx: 126,error: 0.6966,likelihood: 20482.1
 1.88107 seconds.
epochIdx: 127,error: 0.6968,likelihood: 20481.1
 1.80284 seconds.
epochIdx: 128,error: 0.6961,likelihood: 20472.2
 1.75187 seconds.
epochIdx: 129,error: 0.6958,likelihood: 20469.6
 1.8241 seconds.
epochIdx: 130,error: 0.6949,likelihood: 20448.2
 1.77924 seconds.
epochIdx: 131,error: 0.6954,likelihood: 20440.1
 1.89263 seconds.
epochIdx: 132,error: 0.6942,likelihood: 20448
 1.83626 seconds.
epochIdx: 133,error: 0.6942,likelihood: 20449.6
 1.79126 seconds.
epochIdx: 134,error: 0.6938,likelihood: 20444.5
 1.81264 seconds.
epochIdx: 135,error: 0.6943,likelihood: 20439.3
 1.9064 seconds.
epochIdx: 136,error: 0.6921,likelihood: 20426.4
 1.77717 seconds.
epochIdx: 137,error: 0.6919,likelihood: 20429
 1.87328 seconds.
epochIdx: 138,error: 0.6927,likelihood: 20422.4
 1.89202 seconds.
epochIdx: 139,error: 0.692,likelihood: 20416.4
 1.88683 seconds.
epochIdx: 140,error: 0.6914,likelihood: 20402.7
 1.89592 seconds.
epochIdx: 141,error: 0.6917,likelihood: 20402.7
 1.88123 seconds.
epochIdx: 142,error: 0.692,likelihood: 20398.9
 1.87377 seconds.
epochIdx: 143,error: 0.6921,likelihood: 20396.1
 1.83449 seconds.
epochIdx: 144,error: 0.6919,likelihood: 20390.1
 1.84227 seconds.
epochIdx: 145,error: 0.6919,likelihood: 20379.4
 1.85628 seconds.
epochIdx: 146,error: 0.6933,likelihood: 20386.5
 1.88059 seconds.
epochIdx: 147,error: 0.692,likelihood: 20369.7
 1.84246 seconds.
epochIdx: 148,error: 0.6914,likelihood: 20367.8
 1.88831 seconds.
epochIdx: 149,error: 0.6915,likelihood: 20364.5
 1.88028 seconds.
epochIdx: 150,error: 0.6904,likelihood: 20346.6
 1.80672 seconds.
epochIdx: 151,error: 0.6899,likelihood: 20346.5
 1.88819 seconds.
epochIdx: 152,error: 0.6893,likelihood: 20342.7
 1.85243 seconds.
epochIdx: 153,error: 0.6892,likelihood: 20341.4
 1.84368 seconds.
epochIdx: 154,error: 0.69,likelihood: 20333.1
 1.88987 seconds.
epochIdx: 155,error: 0.6884,likelihood: 20323.3
 1.90852 seconds.
epochIdx: 156,error: 0.6899,likelihood: 20319.5
 1.81263 seconds.
epochIdx: 157,error: 0.6888,likelihood: 20319
 1.71994 seconds.
epochIdx: 158,error: 0.6886,likelihood: 20312.5
 1.81563 seconds.
epochIdx: 159,error: 0.6887,likelihood: 20314.1
 1.84677 seconds.
epochIdx: 160,error: 0.6882,likelihood: 20299.3
 1.88605 seconds.
epochIdx: 161,error: 0.688,likelihood: 20296.6
 1.88109 seconds.
epochIdx: 162,error: 0.6876,likelihood: 20293.2
 1.86258 seconds.
epochIdx: 163,error: 0.688,likelihood: 20285.3
 1.89711 seconds.
epochIdx: 164,error: 0.6873,likelihood: 20274.2
 1.90168 seconds.
epochIdx: 165,error: 0.6874,likelihood: 20282.3
 1.78788 seconds.
epochIdx: 166,error: 0.6867,likelihood: 20276.9
 1.7297 seconds.
epochIdx: 167,error: 0.6868,likelihood: 20268
 1.82241 seconds.
epochIdx: 168,error: 0.6866,likelihood: 20267.9
 1.83861 seconds.
epochIdx: 169,error: 0.6874,likelihood: 20272.5
 1.81742 seconds.
epochIdx: 170,error: 0.6865,likelihood: 20262.2
 1.87167 seconds.
epochIdx: 171,error: 0.6858,likelihood: 20256.2
 1.88034 seconds.
epochIdx: 172,error: 0.6855,likelihood: 20252.8
 1.83966 seconds.
epochIdx: 173,error: 0.6855,likelihood: 20245.8
 1.90206 seconds.
epochIdx: 174,error: 0.6851,likelihood: 20233.7
 1.89474 seconds.
epochIdx: 175,error: 0.6853,likelihood: 20236.2
 1.80561 seconds.
epochIdx: 176,error: 0.686,likelihood: 20229.6
 1.84095 seconds.
epochIdx: 177,error: 0.6858,likelihood: 20232.2
 1.76152 seconds.
epochIdx: 178,error: 0.6863,likelihood: 20236.1
 1.82794 seconds.
epochIdx: 179,error: 0.686,likelihood: 20229.1
 1.90116 seconds.
epochIdx: 180,error: 0.6862,likelihood: 20216.9
 1.86613 seconds.
epochIdx: 181,error: 0.6856,likelihood: 20201.6
 1.86532 seconds.
epochIdx: 182,error: 0.6848,likelihood: 20201.5
 1.88265 seconds.
epochIdx: 183,error: 0.6852,likelihood: 20201.3
 1.88635 seconds.
epochIdx: 184,error: 0.685,likelihood: 20194.7
 1.91104 seconds.
epochIdx: 185,error: 0.6848,likelihood: 20192.4
 1.88299 seconds.
epochIdx: 186,error: 0.6854,likelihood: 20191.2
 1.85191 seconds.
epochIdx: 187,error: 0.685,likelihood: 20182.9
 1.89924 seconds.
epochIdx: 188,error: 0.6846,likelihood: 20182
 1.88014 seconds.
epochIdx: 189,error: 0.6849,likelihood: 20185
 1.85868 seconds.
epochIdx: 190,error: 0.6854,likelihood: 20175.9
 1.82334 seconds.
epochIdx: 191,error: 0.6846,likelihood: 20172.8
 1.81269 seconds.
epochIdx: 192,error: 0.6846,likelihood: 20167.1
 1.90226 seconds.
epochIdx: 193,error: 0.6846,likelihood: 20158.2
 1.89456 seconds.
epochIdx: 194,error: 0.6833,likelihood: 20152.7
 1.84523 seconds.
epochIdx: 195,error: 0.6834,likelihood: 20151.5
 1.88561 seconds.
epochIdx: 196,error: 0.6833,likelihood: 20151.3
 1.88217 seconds.
epochIdx: 197,error: 0.6828,likelihood: 20152
 1.88463 seconds.
epochIdx: 198,error: 0.6824,likelihood: 20146.8
 1.80443 seconds.
epochIdx: 199,error: 0.6826,likelihood: 20147
 1.8547 seconds.
epochIdx: 200,error: 0.6827,likelihood: 20135.3
 1.86304 seconds.
epochIdx: 201,error: 0.6823,likelihood: 20128.9
 1.89284 seconds.
epochIdx: 202,error: 0.6814,likelihood: 20134.5
 1.843 seconds.
epochIdx: 203,error: 0.6811,likelihood: 20129.3
 1.87547 seconds.
epochIdx: 204,error: 0.6818,likelihood: 20123.4
 1.91313 seconds.
epochIdx: 205,error: 0.6812,likelihood: 20118.1
 1.87665 seconds.
epochIdx: 206,error: 0.6811,likelihood: 20115.2
 1.84786 seconds.
epochIdx: 207,error: 0.68,likelihood: 20121.6
 1.86803 seconds.
epochIdx: 208,error: 0.6801,likelihood: 20119.5
 1.90775 seconds.
epochIdx: 209,error: 0.6801,likelihood: 20113.4
 1.89929 seconds.
epochIdx: 210,error: 0.6796,likelihood: 20101.4
 1.86099 seconds.
epochIdx: 211,error: 0.6797,likelihood: 20106.3
 1.87645 seconds.
epochIdx: 212,error: 0.679,likelihood: 20099.6
 1.84831 seconds.
epochIdx: 213,error: 0.6792,likelihood: 20096.4
 1.84888 seconds.
epochIdx: 214,error: 0.6784,likelihood: 20088.9
 1.81137 seconds.
epochIdx: 215,error: 0.6787,likelihood: 20093.1
 1.87839 seconds.
epochIdx: 216,error: 0.6781,likelihood: 20091.1
 1.82649 seconds.
epochIdx: 217,error: 0.6786,likelihood: 20093.3
 1.8586 seconds.
epochIdx: 218,error: 0.6778,likelihood: 20086.4
 1.89075 seconds.
epochIdx: 219,error: 0.6772,likelihood: 20084.8
 1.83732 seconds.
epochIdx: 220,error: 0.6776,likelihood: 20077.8
 1.72744 seconds.
epochIdx: 221,error: 0.6775,likelihood: 20074.5
 1.75227 seconds.
epochIdx: 222,error: 0.6775,likelihood: 20067.9
 1.85914 seconds.
epochIdx: 223,error: 0.6771,likelihood: 20066.4
 1.86318 seconds.
epochIdx: 224,error: 0.6766,likelihood: 20061
 1.84187 seconds.
epochIdx: 225,error: 0.6767,likelihood: 20060.7
 1.88901 seconds.
epochIdx: 226,error: 0.6762,likelihood: 20060.9
 1.8452 seconds.
epochIdx: 227,error: 0.6765,likelihood: 20057.1
 1.86708 seconds.
epochIdx: 228,error: 0.6767,likelihood: 20060.1
 1.90745 seconds.
epochIdx: 229,error: 0.6763,likelihood: 20055.7
 1.90568 seconds.
epochIdx: 230,error: 0.676,likelihood: 20042.8
 1.90901 seconds.
epochIdx: 231,error: 0.6761,likelihood: 20040.9
 1.90117 seconds.
epochIdx: 232,error: 0.6755,likelihood: 20040.1
 1.86055 seconds.
epochIdx: 233,error: 0.6752,likelihood: 20037.6
 1.89327 seconds.
epochIdx: 234,error: 0.6749,likelihood: 20035.7
 1.86233 seconds.
epochIdx: 235,error: 0.6746,likelihood: 20030.9
 1.87519 seconds.
epochIdx: 236,error: 0.6751,likelihood: 20031.3
 1.89447 seconds.
epochIdx: 237,error: 0.674,likelihood: 20023.1
 1.83957 seconds.
epochIdx: 238,error: 0.6739,likelihood: 20023.3
 1.89061 seconds.
epochIdx: 239,error: 0.6746,likelihood: 20024.5
 1.87456 seconds.
epochIdx: 240,error: 0.6753,likelihood: 20022.6
 1.90388 seconds.
epochIdx: 241,error: 0.6748,likelihood: 20020.7
 1.88624 seconds.
epochIdx: 242,error: 0.6753,likelihood: 20021.4
 1.86864 seconds.
epochIdx: 243,error: 0.6762,likelihood: 20017.1
 1.83529 seconds.
epochIdx: 244,error: 0.6768,likelihood: 20017
 1.84178 seconds.
epochIdx: 245,error: 0.6758,likelihood: 20009.2
 1.82574 seconds.
epochIdx: 246,error: 0.6755,likelihood: 20010
 1.85223 seconds.
epochIdx: 247,error: 0.6761,likelihood: 20006.2
 1.89189 seconds.
epochIdx: 248,error: 0.6764,likelihood: 20006.6
 1.86192 seconds.
epochIdx: 249,error: 0.6758,likelihood: 20005.1
 1.77352 seconds.
epochIdx: 250,error: 0.675,likelihood: 19995.8
 1.84882 seconds.
epochIdx: 251,error: 0.6751,likelihood: 19994
 1.83931 seconds.
epochIdx: 252,error: 0.6749,likelihood: 19991.1
 1.77257 seconds.
epochIdx: 253,error: 0.6753,likelihood: 19992.7
 1.8306 seconds.
epochIdx: 254,error: 0.675,likelihood: 19989.7
 1.74794 seconds.
epochIdx: 255,error: 0.6745,likelihood: 19986.5
 1.82901 seconds.
epochIdx: 256,error: 0.6753,likelihood: 19989
 1.86935 seconds.
epochIdx: 257,error: 0.6747,likelihood: 19990.3
 1.85791 seconds.
epochIdx: 258,error: 0.6745,likelihood: 19985.7
 1.75174 seconds.
epochIdx: 259,error: 0.6752,likelihood: 19988.1
 1.80697 seconds.
epochIdx: 260,error: 0.6739,likelihood: 19978
 1.90026 seconds.
epochIdx: 261,error: 0.6742,likelihood: 19976.8
 1.88873 seconds.
epochIdx: 262,error: 0.6737,likelihood: 19972.1
 1.89117 seconds.
epochIdx: 263,error: 0.6739,likelihood: 19970.3
 1.88384 seconds.
epochIdx: 264,error: 0.6739,likelihood: 19967.7
 1.88319 seconds.
epochIdx: 265,error: 0.673,likelihood: 19966.7
 1.84302 seconds.
epochIdx: 266,error: 0.673,likelihood: 19965.9
 1.86579 seconds.
epochIdx: 267,error: 0.6734,likelihood: 19962.9
 1.88277 seconds.
epochIdx: 268,error: 0.6735,likelihood: 19964.1
 1.7718 seconds.
epochIdx: 269,error: 0.6737,likelihood: 19964.6
 1.75529 seconds.
epochIdx: 270,error: 0.6728,likelihood: 19956.5
 1.85568 seconds.
epochIdx: 271,error: 0.6717,likelihood: 19953.9
 1.81838 seconds.
epochIdx: 272,error: 0.6727,likelihood: 19953.8
 1.88056 seconds.
epochIdx: 273,error: 0.6727,likelihood: 19951.2
 1.7505 seconds.
epochIdx: 274,error: 0.6725,likelihood: 19948.3
 1.82561 seconds.
epochIdx: 275,error: 0.6723,likelihood: 19946.4
 1.8235 seconds.
epochIdx: 276,error: 0.6721,likelihood: 19943.8
 1.83577 seconds.
epochIdx: 277,error: 0.6721,likelihood: 19941
 1.87054 seconds.
epochIdx: 278,error: 0.6717,likelihood: 19941.8
 1.81138 seconds.
epochIdx: 279,error: 0.672,likelihood: 19939.9
 1.87753 seconds.
epochIdx: 280,error: 0.672,likelihood: 19935.3
 1.87712 seconds.
epochIdx: 281,error: 0.6711,likelihood: 19933.6
 1.79423 seconds.
epochIdx: 282,error: 0.6712,likelihood: 19929.6
 1.88485 seconds.
epochIdx: 283,error: 0.6711,likelihood: 19927.1
 1.87188 seconds.
epochIdx: 284,error: 0.6708,likelihood: 19928.4
 1.86317 seconds.
epochIdx: 285,error: 0.6707,likelihood: 19927.8
 1.87853 seconds.
epochIdx: 286,error: 0.6707,likelihood: 19925.5
 1.8841 seconds.
epochIdx: 287,error: 0.6705,likelihood: 19926.2
 1.88097 seconds.
epochIdx: 288,error: 0.6715,likelihood: 19927
 1.84842 seconds.
epochIdx: 289,error: 0.6715,likelihood: 19923.1
 1.88037 seconds.
epochIdx: 290,error: 0.6703,likelihood: 19917.1
 1.90411 seconds.
epochIdx: 291,error: 0.6698,likelihood: 19914
 1.83484 seconds.
epochIdx: 292,error: 0.6708,likelihood: 19913.9
 1.88887 seconds.
epochIdx: 293,error: 0.6702,likelihood: 19914.3
 1.88196 seconds.
epochIdx: 294,error: 0.671,likelihood: 19912.6
 1.8984 seconds.
epochIdx: 295,error: 0.6706,likelihood: 19911
 1.90792 seconds.
epochIdx: 296,error: 0.6703,likelihood: 19907.6
 1.8742 seconds.
epochIdx: 297,error: 0.6706,likelihood: 19908.8
 1.89865 seconds.
epochIdx: 298,error: 0.6713,likelihood: 19908.8
 1.86882 seconds.
epochIdx: 299,error: 0.6711,likelihood: 19909
 1.88876 seconds.
epochIdx: 300,error: 0.6708,likelihood: 19901.7
 1.89073 seconds.
epochIdx: 301,error: 0.6707,likelihood: 19899.6
 1.8557 seconds.
epochIdx: 302,error: 0.6705,likelihood: 19898.5
 1.88486 seconds.
epochIdx: 303,error: 0.6701,likelihood: 19901
 1.85774 seconds.
epochIdx: 304,error: 0.6705,likelihood: 19898.1
 1.89521 seconds.
epochIdx: 305,error: 0.6697,likelihood: 19895.6
 1.88968 seconds.
epochIdx: 306,error: 0.6696,likelihood: 19893.2
 1.86573 seconds.
epochIdx: 307,error: 0.6695,likelihood: 19893
 1.89519 seconds.
epochIdx: 308,error: 0.6699,likelihood: 19891.9
 1.86975 seconds.
epochIdx: 309,error: 0.6696,likelihood: 19894
 1.89957 seconds.
epochIdx: 310,error: 0.6697,likelihood: 19887.5
 1.8824 seconds.
epochIdx: 311,error: 0.6696,likelihood: 19888
 1.82573 seconds.
epochIdx: 312,error: 0.6696,likelihood: 19887.3
 1.87278 seconds.
epochIdx: 313,error: 0.6695,likelihood: 19881.9
 1.79577 seconds.
epochIdx: 314,error: 0.6683,likelihood: 19881.2
 1.81068 seconds.
epochIdx: 315,error: 0.6687,likelihood: 19880.6
 1.84527 seconds.
epochIdx: 316,error: 0.6693,likelihood: 19882.2
 1.88991 seconds.
epochIdx: 317,error: 0.6696,likelihood: 19880.5
 1.8845 seconds.
epochIdx: 318,error: 0.67,likelihood: 19880.4
 1.85261 seconds.
epochIdx: 319,error: 0.67,likelihood: 19880.8
 1.88248 seconds.
epochIdx: 320,error: 0.6703,likelihood: 19874.4
 1.89464 seconds.
epochIdx: 321,error: 0.6706,likelihood: 19872
 1.8909 seconds.
epochIdx: 322,error: 0.6704,likelihood: 19869
 1.85941 seconds.
epochIdx: 323,error: 0.6698,likelihood: 19869.8
 1.74033 seconds.
epochIdx: 324,error: 0.6699,likelihood: 19866.4
 1.77875 seconds.
epochIdx: 325,error: 0.6695,likelihood: 19866.6
 1.86468 seconds.
epochIdx: 326,error: 0.6695,likelihood: 19867.2
 1.87549 seconds.
epochIdx: 327,error: 0.6689,likelihood: 19866
 1.88246 seconds.
epochIdx: 328,error: 0.669,likelihood: 19867.4
 1.89854 seconds.
epochIdx: 329,error: 0.669,likelihood: 19864.6
 1.85204 seconds.
epochIdx: 330,error: 0.6688,likelihood: 19860.1
 1.86498 seconds.
epochIdx: 331,error: 0.6684,likelihood: 19858.9
 1.88865 seconds.
epochIdx: 332,error: 0.669,likelihood: 19856.9
 1.87995 seconds.
epochIdx: 333,error: 0.6685,likelihood: 19857.2
 1.86171 seconds.
epochIdx: 334,error: 0.6682,likelihood: 19857.1
 1.8272 seconds.
epochIdx: 335,error: 0.6682,likelihood: 19855.2
 1.85628 seconds.
epochIdx: 336,error: 0.6691,likelihood: 19856
 1.91431 seconds.
epochIdx: 337,error: 0.6686,likelihood: 19855.5
 1.88259 seconds.
epochIdx: 338,error: 0.6684,likelihood: 19854.6
 1.87439 seconds.
epochIdx: 339,error: 0.6682,likelihood: 19852.7
 1.8961 seconds.
epochIdx: 340,error: 0.6677,likelihood: 19849.6
 1.88152 seconds.
epochIdx: 341,error: 0.668,likelihood: 19845.4
 1.88277 seconds.
epochIdx: 342,error: 0.6686,likelihood: 19844.5
 1.87378 seconds.
epochIdx: 343,error: 0.6683,likelihood: 19844.1
 1.8584 seconds.
epochIdx: 344,error: 0.6684,likelihood: 19842.8
 1.88297 seconds.
epochIdx: 345,error: 0.6688,likelihood: 19844.6
 1.86707 seconds.
epochIdx: 346,error: 0.6685,likelihood: 19842.6
 1.86601 seconds.
epochIdx: 347,error: 0.6678,likelihood: 19843.6
 1.85502 seconds.
epochIdx: 348,error: 0.6672,likelihood: 19840.8
 1.88475 seconds.
epochIdx: 349,error: 0.6677,likelihood: 19838.5
 1.90279 seconds.
epochIdx: 350,error: 0.6684,likelihood: 19835.3
 1.91425 seconds.
epochIdx: 351,error: 0.6675,likelihood: 19834.2
 1.87714 seconds.
epochIdx: 352,error: 0.668,likelihood: 19831.9
 1.89418 seconds.
epochIdx: 353,error: 0.6678,likelihood: 19831
 1.89889 seconds.
epochIdx: 354,error: 0.6678,likelihood: 19830.2
 1.87388 seconds.
epochIdx: 355,error: 0.6675,likelihood: 19828.5
 1.87699 seconds.
epochIdx: 356,error: 0.6677,likelihood: 19829.5
 1.89434 seconds.
epochIdx: 357,error: 0.6673,likelihood: 19828
 1.91367 seconds.
epochIdx: 358,error: 0.6674,likelihood: 19828.8
 1.86552 seconds.
epochIdx: 359,error: 0.6675,likelihood: 19828.1
 1.88656 seconds.
epochIdx: 360,error: 0.6669,likelihood: 19824.9
 1.87977 seconds.
epochIdx: 361,error: 0.667,likelihood: 19822.6
 1.82915 seconds.
epochIdx: 362,error: 0.6669,likelihood: 19821.8
 1.73997 seconds.
epochIdx: 363,error: 0.6672,likelihood: 19821.9
 1.86677 seconds.
epochIdx: 364,error: 0.6674,likelihood: 19823
 1.77618 seconds.
epochIdx: 365,error: 0.6676,likelihood: 19820.5
 1.7934 seconds.
epochIdx: 366,error: 0.6676,likelihood: 19822.1
 1.85476 seconds.
epochIdx: 367,error: 0.6673,likelihood: 19819
 1.79769 seconds.
epochIdx: 368,error: 0.6675,likelihood: 19816.7
 1.79455 seconds.
epochIdx: 369,error: 0.6682,likelihood: 19816.8
 1.87371 seconds.
epochIdx: 370,error: 0.6678,likelihood: 19817.1
 1.91224 seconds.
epochIdx: 371,error: 0.6676,likelihood: 19813.7
 1.78894 seconds.
epochIdx: 372,error: 0.6679,likelihood: 19813.9
 1.79128 seconds.
epochIdx: 373,error: 0.6679,likelihood: 19813.8
 1.89182 seconds.
epochIdx: 374,error: 0.6679,likelihood: 19811.6
 1.75686 seconds.
epochIdx: 375,error: 0.6675,likelihood: 19810.2
 1.72826 seconds.
epochIdx: 376,error: 0.6678,likelihood: 19808.9
 1.72441 seconds.
epochIdx: 377,error: 0.6673,likelihood: 19808
 1.77965 seconds.
epochIdx: 378,error: 0.6671,likelihood: 19808.5
 1.80077 seconds.
epochIdx: 379,error: 0.6678,likelihood: 19808.7
 1.89438 seconds.
epochIdx: 380,error: 0.6671,likelihood: 19805.6
 1.85631 seconds.
epochIdx: 381,error: 0.6664,likelihood: 19803.4
 1.86976 seconds.
epochIdx: 382,error: 0.6663,likelihood: 19801.2
 1.8898 seconds.
epochIdx: 383,error: 0.6669,likelihood: 19801.1
 1.88281 seconds.
epochIdx: 384,error: 0.6662,likelihood: 19799.5
 1.86388 seconds.
epochIdx: 385,error: 0.6668,likelihood: 19798.3
 1.89736 seconds.
epochIdx: 386,error: 0.6669,likelihood: 19796.6
 1.90431 seconds.
epochIdx: 387,error: 0.6672,likelihood: 19796.6
 1.90262 seconds.
epochIdx: 388,error: 0.667,likelihood: 19795.2
 1.84058 seconds.
epochIdx: 389,error: 0.6667,likelihood: 19796.7
 1.89951 seconds.
epochIdx: 390,error: 0.6665,likelihood: 19792.4
 1.8897 seconds.
epochIdx: 391,error: 0.6661,likelihood: 19790.8
 1.88863 seconds.
epochIdx: 392,error: 0.6659,likelihood: 19790.9
 1.83719 seconds.
epochIdx: 393,error: 0.6669,likelihood: 19791.4
 1.8885 seconds.
epochIdx: 394,error: 0.6665,likelihood: 19789.5
 1.88401 seconds.
epochIdx: 395,error: 0.6668,likelihood: 19791.3
 1.89906 seconds.
epochIdx: 396,error: 0.6668,likelihood: 19788
 1.85038 seconds.
epochIdx: 397,error: 0.6667,likelihood: 19788.6
 1.88675 seconds.
epochIdx: 398,error: 0.6668,likelihood: 19788.5
 1.9024 seconds.
epochIdx: 399,error: 0.667,likelihood: 19788.1
 1.883 seconds.
epochIdx: 400,error: 0.6668,likelihood: 19786
 1.89339 seconds.
epochIdx: 401,error: 0.6673,likelihood: 19784.5
 1.8252 seconds.
epochIdx: 402,error: 0.6671,likelihood: 19782.9
 1.8692 seconds.
epochIdx: 403,error: 0.6677,likelihood: 19784.6
 1.90374 seconds.
epochIdx: 404,error: 0.6675,likelihood: 19784.6
 1.87734 seconds.
epochIdx: 405,error: 0.6677,likelihood: 19782.6
 1.90838 seconds.
epochIdx: 406,error: 0.6678,likelihood: 19781.9
 1.89494 seconds.
epochIdx: 407,error: 0.6676,likelihood: 19780.8
 1.89191 seconds.
epochIdx: 408,error: 0.6675,likelihood: 19781.1
 1.90532 seconds.
epochIdx: 409,error: 0.6673,likelihood: 19780
 1.90239 seconds.
epochIdx: 410,error: 0.6679,likelihood: 19779.1
 1.89876 seconds.
epochIdx: 411,error: 0.6681,likelihood: 19778.4
 1.88676 seconds.
epochIdx: 412,error: 0.6675,likelihood: 19776.4
 1.90373 seconds.
epochIdx: 413,error: 0.6676,likelihood: 19774.8
 1.89807 seconds.
epochIdx: 414,error: 0.6679,likelihood: 19773.8
 1.88607 seconds.
epochIdx: 415,error: 0.6677,likelihood: 19773.1
 1.89173 seconds.
epochIdx: 416,error: 0.6675,likelihood: 19772.8
 1.89788 seconds.
epochIdx: 417,error: 0.6677,likelihood: 19772.5
 1.9046 seconds.
epochIdx: 418,error: 0.6679,likelihood: 19774
 1.85661 seconds.
epochIdx: 419,error: 0.6673,likelihood: 19772.9
 1.89767 seconds.
epochIdx: 420,error: 0.6672,likelihood: 19769.1
 1.90088 seconds.
epochIdx: 421,error: 0.6671,likelihood: 19768.6
 1.89017 seconds.
epochIdx: 422,error: 0.6668,likelihood: 19766.7
 1.88541 seconds.
epochIdx: 423,error: 0.6671,likelihood: 19765.7
 1.89847 seconds.
epochIdx: 424,error: 0.6674,likelihood: 19764.1
 1.89376 seconds.
epochIdx: 425,error: 0.6674,likelihood: 19765.8
 1.80901 seconds.
epochIdx: 426,error: 0.6674,likelihood: 19765.4
 1.86042 seconds.
epochIdx: 427,error: 0.667,likelihood: 19765.6
 1.90744 seconds.
epochIdx: 428,error: 0.6669,likelihood: 19764.8
 1.89636 seconds.
epochIdx: 429,error: 0.6668,likelihood: 19763.7
 1.90631 seconds.
epochIdx: 430,error: 0.6667,likelihood: 19762.9
 1.88035 seconds.
epochIdx: 431,error: 0.6667,likelihood: 19762.9
 1.89491 seconds.
epochIdx: 432,error: 0.667,likelihood: 19763.1
 1.89563 seconds.
epochIdx: 433,error: 0.6669,likelihood: 19762.6
 1.89602 seconds.
epochIdx: 434,error: 0.667,likelihood: 19761.1
 1.86738 seconds.
epochIdx: 435,error: 0.6674,likelihood: 19760.1
 1.89334 seconds.
epochIdx: 436,error: 0.667,likelihood: 19760.1
 1.90124 seconds.
epochIdx: 437,error: 0.667,likelihood: 19759.9
 1.89515 seconds.
epochIdx: 438,error: 0.6668,likelihood: 19758.6
 1.87549 seconds.
epochIdx: 439,error: 0.6662,likelihood: 19757.8
 1.89711 seconds.
epochIdx: 440,error: 0.6658,likelihood: 19754.5
 1.90539 seconds.
epochIdx: 441,error: 0.666,likelihood: 19753.1
 1.87724 seconds.
epochIdx: 442,error: 0.6663,likelihood: 19754.7
 1.8652 seconds.
epochIdx: 443,error: 0.6662,likelihood: 19753.9
 1.89871 seconds.
epochIdx: 444,error: 0.666,likelihood: 19753.3
 1.90562 seconds.
epochIdx: 445,error: 0.6659,likelihood: 19753.4
 1.90427 seconds.
epochIdx: 446,error: 0.6655,likelihood: 19753.8
 1.88073 seconds.
epochIdx: 447,error: 0.6658,likelihood: 19754.7
 1.90009 seconds.
epochIdx: 448,error: 0.6655,likelihood: 19754.2
 1.85797 seconds.
epochIdx: 449,error: 0.6656,likelihood: 19754.3
 1.7319 seconds.
epochIdx: 450,error: 0.6654,likelihood: 19752
 1.79724 seconds.
epochIdx: 451,error: 0.6648,likelihood: 19750.4
 1.86753 seconds.
epochIdx: 452,error: 0.6649,likelihood: 19749.2
 1.84154 seconds.
epochIdx: 453,error: 0.6646,likelihood: 19748.3
 1.77728 seconds.
epochIdx: 454,error: 0.6642,likelihood: 19746.8
 1.72197 seconds.
epochIdx: 455,error: 0.6647,likelihood: 19747.9
 1.7185 seconds.
epochIdx: 456,error: 0.6644,likelihood: 19748.3
 1.74069 seconds.
epochIdx: 457,error: 0.6645,likelihood: 19748.7
 1.82278 seconds.
epochIdx: 458,error: 0.6645,likelihood: 19747.8
 1.83403 seconds.
epochIdx: 459,error: 0.6644,likelihood: 19747.8
 1.88541 seconds.
epochIdx: 460,error: 0.6644,likelihood: 19746
 1.88984 seconds.
epochIdx: 461,error: 0.6641,likelihood: 19743.9
 1.89293 seconds.
epochIdx: 462,error: 0.6638,likelihood: 19744
 1.85514 seconds.
epochIdx: 463,error: 0.6637,likelihood: 19743.9
 1.84623 seconds.
epochIdx: 464,error: 0.6642,likelihood: 19744.6
 1.86698 seconds.
epochIdx: 465,error: 0.6638,likelihood: 19743.2
 1.76853 seconds.
epochIdx: 466,error: 0.6637,likelihood: 19743.8
 1.85937 seconds.
epochIdx: 467,error: 0.6638,likelihood: 19743.8
 1.77419 seconds.
epochIdx: 468,error: 0.6637,likelihood: 19742.4
 1.83694 seconds.
epochIdx: 469,error: 0.6635,likelihood: 19741.2
 1.88706 seconds.
epochIdx: 470,error: 0.6638,likelihood: 19740.5
 1.84428 seconds.
epochIdx: 471,error: 0.6636,likelihood: 19739.4
 1.78181 seconds.
epochIdx: 472,error: 0.6637,likelihood: 19738.8
 1.85016 seconds.
epochIdx: 473,error: 0.6637,likelihood: 19737.7
 1.77974 seconds.
epochIdx: 474,error: 0.6638,likelihood: 19736.4
 1.83411 seconds.
epochIdx: 475,error: 0.6637,likelihood: 19735.4
 1.86242 seconds.
epochIdx: 476,error: 0.6635,likelihood: 19735
 1.90707 seconds.
epochIdx: 477,error: 0.6632,likelihood: 19733.6
 1.86475 seconds.
epochIdx: 478,error: 0.6635,likelihood: 19733.1
 1.79961 seconds.
epochIdx: 479,error: 0.6635,likelihood: 19733.1
 1.79001 seconds.
epochIdx: 480,error: 0.6634,likelihood: 19730.9
 1.73018 seconds.
epochIdx: 481,error: 0.6631,likelihood: 19731.1
 1.81723 seconds.
epochIdx: 482,error: 0.663,likelihood: 19729.7
 1.76789 seconds.
epochIdx: 483,error: 0.6629,likelihood: 19729.8
 1.81239 seconds.
epochIdx: 484,error: 0.6629,likelihood: 19729.8
 1.82176 seconds.
epochIdx: 485,error: 0.6629,likelihood: 19729.6
 1.74834 seconds.
epochIdx: 486,error: 0.6625,likelihood: 19727.8
 1.76681 seconds.
epochIdx: 487,error: 0.6626,likelihood: 19726.6
 1.79029 seconds.
epochIdx: 488,error: 0.6624,likelihood: 19727.8
 1.71699 seconds.
epochIdx: 489,error: 0.6625,likelihood: 19727.2
 1.75081 seconds.
epochIdx: 490,error: 0.6624,likelihood: 19725
 1.74604 seconds.
epochIdx: 491,error: 0.6624,likelihood: 19725.1
 1.82247 seconds.
epochIdx: 492,error: 0.6623,likelihood: 19725
 1.80945 seconds.
epochIdx: 493,error: 0.6623,likelihood: 19725.5
 1.71804 seconds.
epochIdx: 494,error: 0.6622,likelihood: 19725.1
 1.81486 seconds.
epochIdx: 495,error: 0.6622,likelihood: 19724.7
 1.80869 seconds.
epochIdx: 496,error: 0.6622,likelihood: 19724
 1.71644 seconds.
epochIdx: 497,error: 0.662,likelihood: 19723.3
 1.71742 seconds.
epochIdx: 498,error: 0.6617,likelihood: 19722.8
 1.71689 seconds.
epochIdx: 499,error: 0.6618,likelihood: 19721.4
 1.72139 seconds.
epochIdx: 500,error: 0.6617,likelihood: 19720.5
 1.87455 seconds.
epochIdx: 501,error: 0.6618,likelihood: 19719.9
 1.80908 seconds.
epochIdx: 502,error: 0.6614,likelihood: 19720.2
 1.75734 seconds.
epochIdx: 503,error: 0.6616,likelihood: 19718.4
 1.79867 seconds.
epochIdx: 504,error: 0.6613,likelihood: 19718.4
 1.78864 seconds.
epochIdx: 505,error: 0.6613,likelihood: 19718.4
 1.7417 seconds.
epochIdx: 506,error: 0.6614,likelihood: 19718
 1.8166 seconds.
epochIdx: 507,error: 0.661,likelihood: 19717.4
 1.85933 seconds.
epochIdx: 508,error: 0.6612,likelihood: 19716.5
 1.8692 seconds.
epochIdx: 509,error: 0.6606,likelihood: 19716.8
 1.88869 seconds.
epochIdx: 510,error: 0.6605,likelihood: 19716.5
 1.87373 seconds.
epochIdx: 511,error: 0.6603,likelihood: 19715.5
 1.862 seconds.
epochIdx: 512,error: 0.6606,likelihood: 19715.4
 1.91401 seconds.
epochIdx: 513,error: 0.6602,likelihood: 19715.7
 1.86852 seconds.
epochIdx: 514,error: 0.6606,likelihood: 19715
 1.85907 seconds.
epochIdx: 515,error: 0.6602,likelihood: 19714.4
 1.86663 seconds.
epochIdx: 516,error: 0.6602,likelihood: 19712.7
 1.82948 seconds.
epochIdx: 517,error: 0.6603,likelihood: 19712.4
 1.88136 seconds.
epochIdx: 518,error: 0.6605,likelihood: 19711.8
 1.87096 seconds.
epochIdx: 519,error: 0.6598,likelihood: 19712.1
 1.83423 seconds.
epochIdx: 520,error: 0.6601,likelihood: 19711.7
 1.88901 seconds.
epochIdx: 521,error: 0.6603,likelihood: 19711.2
 1.88038 seconds.
epochIdx: 522,error: 0.6601,likelihood: 19710.8
 1.9041 seconds.
epochIdx: 523,error: 0.6601,likelihood: 19711
 1.8926 seconds.
epochIdx: 524,error: 0.6597,likelihood: 19710.4
 1.88032 seconds.
epochIdx: 525,error: 0.6598,likelihood: 19709.4
 1.90393 seconds.
epochIdx: 526,error: 0.6597,likelihood: 19709.3
 1.90479 seconds.
epochIdx: 527,error: 0.6597,likelihood: 19708.2
 1.85987 seconds.
epochIdx: 528,error: 0.6597,likelihood: 19707.6
 1.8939 seconds.
epochIdx: 529,error: 0.6599,likelihood: 19707.9
 1.87647 seconds.
epochIdx: 530,error: 0.6595,likelihood: 19706.5
 1.89085 seconds.
epochIdx: 531,error: 0.6597,likelihood: 19706.3
 1.88269 seconds.
epochIdx: 532,error: 0.6596,likelihood: 19705.2
 1.79492 seconds.
epochIdx: 533,error: 0.6595,likelihood: 19704.7
 1.85234 seconds.
epochIdx: 534,error: 0.6593,likelihood: 19703.8
 1.83017 seconds.
epochIdx: 535,error: 0.6592,likelihood: 19703.5
 1.91121 seconds.
epochIdx: 536,error: 0.6591,likelihood: 19704
 1.84354 seconds.
epochIdx: 537,error: 0.659,likelihood: 19705
 1.88078 seconds.
epochIdx: 538,error: 0.659,likelihood: 19705.4
 1.87459 seconds.
epochIdx: 539,error: 0.6589,likelihood: 19703.8
 1.89748 seconds.
epochIdx: 540,error: 0.6586,likelihood: 19703.5
 1.87142 seconds.
epochIdx: 541,error: 0.6587,likelihood: 19703
 1.88542 seconds.
epochIdx: 542,error: 0.6587,likelihood: 19702.5
 1.90136 seconds.
epochIdx: 543,error: 0.6586,likelihood: 19700.6
 1.87478 seconds.
epochIdx: 544,error: 0.6585,likelihood: 19701
 1.89811 seconds.
epochIdx: 545,error: 0.6584,likelihood: 19699.9
 1.87842 seconds.
epochIdx: 546,error: 0.6589,likelihood: 19700.6
 1.87583 seconds.
epochIdx: 547,error: 0.659,likelihood: 19700
 1.90336 seconds.
epochIdx: 548,error: 0.659,likelihood: 19699.3
 1.84335 seconds.
epochIdx: 549,error: 0.6591,likelihood: 19698.6
 1.86592 seconds.
epochIdx: 550,error: 0.659,likelihood: 19697.1
 1.8428 seconds.
epochIdx: 551,error: 0.6588,likelihood: 19696.5
 1.72741 seconds.
epochIdx: 552,error: 0.6588,likelihood: 19696.4
 1.75985 seconds.
epochIdx: 553,error: 0.659,likelihood: 19696
 1.89123 seconds.
epochIdx: 554,error: 0.659,likelihood: 19695.7
 1.91267 seconds.
epochIdx: 555,error: 0.659,likelihood: 19695.6
 1.89651 seconds.
epochIdx: 556,error: 0.659,likelihood: 19695.8
 1.89018 seconds.
epochIdx: 557,error: 0.6589,likelihood: 19695.8
 1.8912 seconds.
epochIdx: 558,error: 0.6586,likelihood: 19695.7
 1.89561 seconds.
epochIdx: 559,error: 0.6586,likelihood: 19695
 1.86004 seconds.
epochIdx: 560,error: 0.6586,likelihood: 19694.5
 1.86814 seconds.
epochIdx: 561,error: 0.6584,likelihood: 19693.7
 1.87905 seconds.
epochIdx: 562,error: 0.6586,likelihood: 19693.5
 1.83753 seconds.
epochIdx: 563,error: 0.6584,likelihood: 19693
 1.87285 seconds.
epochIdx: 564,error: 0.6587,likelihood: 19692.9
 1.8778 seconds.
epochIdx: 565,error: 0.6583,likelihood: 19693.1
 1.89575 seconds.
epochIdx: 566,error: 0.6586,likelihood: 19693.4
 1.88499 seconds.
epochIdx: 567,error: 0.6586,likelihood: 19692
 1.83941 seconds.
epochIdx: 568,error: 0.6586,likelihood: 19691.9
 1.82828 seconds.
epochIdx: 569,error: 0.6588,likelihood: 19692
 1.89988 seconds.
epochIdx: 570,error: 0.6589,likelihood: 19691.2
 1.89646 seconds.
epochIdx: 571,error: 0.6587,likelihood: 19690.6
 1.88574 seconds.
epochIdx: 572,error: 0.6589,likelihood: 19691
 1.87938 seconds.
epochIdx: 573,error: 0.6587,likelihood: 19689.7
 1.72745 seconds.
epochIdx: 574,error: 0.6582,likelihood: 19689.9
 1.79119 seconds.
epochIdx: 575,error: 0.6586,likelihood: 19689.1
 1.9033 seconds.
epochIdx: 576,error: 0.6586,likelihood: 19688.6
 1.88088 seconds.
epochIdx: 577,error: 0.6584,likelihood: 19688.5
 1.85217 seconds.
epochIdx: 578,error: 0.658,likelihood: 19688.3
 1.88893 seconds.
epochIdx: 579,error: 0.6581,likelihood: 19688.7
 1.8459 seconds.
epochIdx: 580,error: 0.6578,likelihood: 19687.8
 1.87275 seconds.
epochIdx: 581,error: 0.6578,likelihood: 19687.2
 1.87725 seconds.
epochIdx: 582,error: 0.6574,likelihood: 19687.1
 1.8929 seconds.
epochIdx: 583,error: 0.6573,likelihood: 19686.8
 1.86316 seconds.
epochIdx: 584,error: 0.6574,likelihood: 19686.9
 1.89671 seconds.
epochIdx: 585,error: 0.6576,likelihood: 19686.5
 1.85009 seconds.
epochIdx: 586,error: 0.6574,likelihood: 19687.1
 1.80272 seconds.
epochIdx: 587,error: 0.657,likelihood: 19686.8
 1.80467 seconds.
epochIdx: 588,error: 0.6569,likelihood: 19686.2
 1.75498 seconds.
epochIdx: 589,error: 0.6571,likelihood: 19686.3
 1.80645 seconds.
epochIdx: 590,error: 0.6573,likelihood: 19685.4
 1.79249 seconds.
epochIdx: 591,error: 0.6571,likelihood: 19684.6
 1.7339 seconds.
epochIdx: 592,error: 0.6573,likelihood: 19684.8
 1.72377 seconds.
epochIdx: 593,error: 0.6573,likelihood: 19684.6
 1.78375 seconds.
epochIdx: 594,error: 0.6571,likelihood: 19684.6
 1.8375 seconds.
epochIdx: 595,error: 0.6571,likelihood: 19684.6
 1.76961 seconds.
epochIdx: 596,error: 0.6571,likelihood: 19684.6
 1.71652 seconds.
epochIdx: 597,error: 0.657,likelihood: 19684.3
 1.84106 seconds.
epochIdx: 598,error: 0.6569,likelihood: 19683.6
 1.7789 seconds.
epochIdx: 599,error: 0.6571,likelihood: 19683.1
 1.80671 seconds.
epochIdx: 600,error: 0.6571,likelihood: 19682.7
 1.85171 seconds.
epochIdx: 601,error: 0.6572,likelihood: 19682.8
 1.78681 seconds.
epochIdx: 602,error: 0.6571,likelihood: 19682.3
 1.80187 seconds.
epochIdx: 603,error: 0.6572,likelihood: 19682.4
 1.8557 seconds.
epochIdx: 604,error: 0.6573,likelihood: 19683
 1.85225 seconds.
epochIdx: 605,error: 0.6572,likelihood: 19682.5
 1.88041 seconds.
epochIdx: 606,error: 0.657,likelihood: 19681.9
 1.81178 seconds.
epochIdx: 607,error: 0.657,likelihood: 19681.5
 1.84624 seconds.
epochIdx: 608,error: 0.6571,likelihood: 19681.2
 1.84528 seconds.
epochIdx: 609,error: 0.657,likelihood: 19681.5
 1.79411 seconds.
epochIdx: 610,error: 0.6568,likelihood: 19680.2
 1.89031 seconds.
epochIdx: 611,error: 0.6573,likelihood: 19680
 1.79629 seconds.
epochIdx: 612,error: 0.6571,likelihood: 19679.5
 1.73012 seconds.
epochIdx: 613,error: 0.657,likelihood: 19679
 1.80892 seconds.
epochIdx: 614,error: 0.6568,likelihood: 19678.8
 1.84042 seconds.
epochIdx: 615,error: 0.6569,likelihood: 19678.8
 1.80614 seconds.
epochIdx: 616,error: 0.6568,likelihood: 19679.2
 1.81527 seconds.
epochIdx: 617,error: 0.6569,likelihood: 19678.7
 1.85905 seconds.
epochIdx: 618,error: 0.657,likelihood: 19678.8
 1.88927 seconds.
epochIdx: 619,error: 0.6571,likelihood: 19678.4
 1.82139 seconds.
epochIdx: 620,error: 0.657,likelihood: 19678.5
 1.79208 seconds.
epochIdx: 621,error: 0.6569,likelihood: 19678.4
 1.73507 seconds.
epochIdx: 622,error: 0.6568,likelihood: 19677.9
 1.76346 seconds.
epochIdx: 623,error: 0.6571,likelihood: 19677.5
 1.81165 seconds.
epochIdx: 624,error: 0.657,likelihood: 19677.4
 1.78728 seconds.
epochIdx: 625,error: 0.6568,likelihood: 19676.7
 1.84701 seconds.
epochIdx: 626,error: 0.657,likelihood: 19676.9
 1.79902 seconds.
epochIdx: 627,error: 0.657,likelihood: 19676.5
 1.82245 seconds.
epochIdx: 628,error: 0.6567,likelihood: 19676.4
 1.85522 seconds.
epochIdx: 629,error: 0.657,likelihood: 19676.3
 1.89607 seconds.
epochIdx: 630,error: 0.6569,likelihood: 19675.8
 1.83674 seconds.
epochIdx: 631,error: 0.6567,likelihood: 19675.2
 1.87506 seconds.
epochIdx: 632,error: 0.6568,likelihood: 19675
 1.77979 seconds.
epochIdx: 633,error: 0.6568,likelihood: 19674.5
 1.82963 seconds.
epochIdx: 634,error: 0.6566,likelihood: 19674.8
 1.72332 seconds.
epochIdx: 635,error: 0.6567,likelihood: 19673.9
 1.74584 seconds.
epochIdx: 636,error: 0.6566,likelihood: 19673.8
 1.78553 seconds.
epochIdx: 637,error: 0.6569,likelihood: 19673.3
 1.77414 seconds.
epochIdx: 638,error: 0.657,likelihood: 19673.1
 1.78776 seconds.
epochIdx: 639,error: 0.657,likelihood: 19673.5
 1.81278 seconds.
epochIdx: 640,error: 0.657,likelihood: 19673.3
 1.83766 seconds.
epochIdx: 641,error: 0.6569,likelihood: 19672.7
 1.85702 seconds.
epochIdx: 642,error: 0.6568,likelihood: 19672.5
 1.88503 seconds.
epochIdx: 643,error: 0.6569,likelihood: 19672
 1.78657 seconds.
epochIdx: 644,error: 0.6569,likelihood: 19672.3
 1.88794 seconds.
epochIdx: 645,error: 0.6567,likelihood: 19671.9
 1.85273 seconds.
epochIdx: 646,error: 0.6566,likelihood: 19671.5
 1.85408 seconds.
epochIdx: 647,error: 0.6565,likelihood: 19671.2
 1.83504 seconds.
epochIdx: 648,error: 0.6567,likelihood: 19670.8
 1.71753 seconds.
epochIdx: 649,error: 0.6565,likelihood: 19670.5
 1.75705 seconds.
epochIdx: 650,error: 0.6563,likelihood: 19670.3
 1.79774 seconds.
epochIdx: 651,error: 0.6563,likelihood: 19670.5
 1.71803 seconds.
epochIdx: 652,error: 0.6561,likelihood: 19670.8
 1.71783 seconds.
epochIdx: 653,error: 0.6563,likelihood: 19670.8
 1.82036 seconds.
epochIdx: 654,error: 0.6567,likelihood: 19670.1
 1.84538 seconds.
epochIdx: 655,error: 0.6567,likelihood: 19669.8
 1.80616 seconds.
epochIdx: 656,error: 0.6566,likelihood: 19669.8
 1.86373 seconds.
epochIdx: 657,error: 0.6564,likelihood: 19669.2
 1.80797 seconds.
epochIdx: 658,error: 0.6563,likelihood: 19668.9
 1.83739 seconds.
epochIdx: 659,error: 0.6563,likelihood: 19669
 1.78405 seconds.
epochIdx: 660,error: 0.6565,likelihood: 19668.8
 1.80312 seconds.
epochIdx: 661,error: 0.6563,likelihood: 19668.7
 1.77643 seconds.
epochIdx: 662,error: 0.6564,likelihood: 19668
 1.85745 seconds.
epochIdx: 663,error: 0.6567,likelihood: 19667.8
 1.84053 seconds.
epochIdx: 664,error: 0.6565,likelihood: 19668
 1.80689 seconds.
epochIdx: 665,error: 0.6565,likelihood: 19668.1
 1.77597 seconds.
epochIdx: 666,error: 0.6566,likelihood: 19667.9
 1.81606 seconds.
epochIdx: 667,error: 0.6565,likelihood: 19668.3
 1.72463 seconds.
epochIdx: 668,error: 0.6563,likelihood: 19668.4
 1.75476 seconds.
epochIdx: 669,error: 0.6564,likelihood: 19668.1
 1.88672 seconds.
epochIdx: 670,error: 0.6563,likelihood: 19667.4
 1.84735 seconds.
epochIdx: 671,error: 0.6563,likelihood: 19667.5
 1.7771 seconds.
epochIdx: 672,error: 0.6563,likelihood: 19667.6
 1.77733 seconds.
epochIdx: 673,error: 0.6561,likelihood: 19667.3
 1.79928 seconds.
epochIdx: 674,error: 0.6563,likelihood: 19667.3
 1.78619 seconds.
epochIdx: 675,error: 0.6562,likelihood: 19666.9
 1.80358 seconds.
epochIdx: 676,error: 0.6563,likelihood: 19666.8
 1.88635 seconds.
epochIdx: 677,error: 0.6563,likelihood: 19666.6
 1.84123 seconds.
epochIdx: 678,error: 0.6565,likelihood: 19666.5
 1.86866 seconds.
epochIdx: 679,error: 0.6563,likelihood: 19666.3
 1.80686 seconds.
epochIdx: 680,error: 0.6561,likelihood: 19665.9
 1.73292 seconds.
epochIdx: 681,error: 0.6563,likelihood: 19665.6
 1.76177 seconds.
epochIdx: 682,error: 0.6562,likelihood: 19665.5
 1.75613 seconds.
epochIdx: 683,error: 0.6562,likelihood: 19665.4
 1.83488 seconds.
epochIdx: 684,error: 0.6563,likelihood: 19665.5
 1.84348 seconds.
epochIdx: 685,error: 0.6562,likelihood: 19665.6
 1.74366 seconds.
epochIdx: 686,error: 0.6563,likelihood: 19665.3
 1.84671 seconds.
epochIdx: 687,error: 0.6562,likelihood: 19665
 1.74461 seconds.
epochIdx: 688,error: 0.6563,likelihood: 19664.8
 1.83764 seconds.
epochIdx: 689,error: 0.6563,likelihood: 19664.4
 1.85474 seconds.
epochIdx: 690,error: 0.6564,likelihood: 19664
 1.79242 seconds.
epochIdx: 691,error: 0.6562,likelihood: 19663.7
 1.78627 seconds.
epochIdx: 692,error: 0.6564,likelihood: 19663.5
 1.81713 seconds.
epochIdx: 693,error: 0.6563,likelihood: 19663.4
 1.79608 seconds.
epochIdx: 694,error: 0.6564,likelihood: 19663.1
 1.77986 seconds.
epochIdx: 695,error: 0.6565,likelihood: 19662.8
 1.86559 seconds.
epochIdx: 696,error: 0.6564,likelihood: 19663
 1.84755 seconds.
epochIdx: 697,error: 0.6565,likelihood: 19663
 1.84927 seconds.
epochIdx: 698,error: 0.6564,likelihood: 19662.8
 1.75492 seconds.
epochIdx: 699,error: 0.6566,likelihood: 19662.5
 1.72084 seconds.
epochIdx: 700,error: 0.6567,likelihood: 19662.4
 1.7723 seconds.
epochIdx: 701,error: 0.6566,likelihood: 19662.2
 1.82483 seconds.
epochIdx: 702,error: 0.6568,likelihood: 19662
 1.77411 seconds.
epochIdx: 703,error: 0.6568,likelihood: 19661.7
 1.76072 seconds.
epochIdx: 704,error: 0.657,likelihood: 19661.2
 1.83491 seconds.
epochIdx: 705,error: 0.6569,likelihood: 19660.8
 1.79834 seconds.
epochIdx: 706,error: 0.657,likelihood: 19660.5
 1.89266 seconds.
epochIdx: 707,error: 0.6568,likelihood: 19660.6
 1.81778 seconds.
epochIdx: 708,error: 0.657,likelihood: 19660.9
 1.822 seconds.
epochIdx: 709,error: 0.6569,likelihood: 19660.9
 1.84292 seconds.
epochIdx: 710,error: 0.6567,likelihood: 19660.7
 1.72404 seconds.
epochIdx: 711,error: 0.6568,likelihood: 19660.4
 1.77206 seconds.
epochIdx: 712,error: 0.6572,likelihood: 19660.4
 1.72373 seconds.
epochIdx: 713,error: 0.6571,likelihood: 19660.2
 1.76903 seconds.
epochIdx: 714,error: 0.657,likelihood: 19660
 1.81594 seconds.
epochIdx: 715,error: 0.657,likelihood: 19660.2
 1.74333 seconds.
epochIdx: 716,error: 0.6569,likelihood: 19659.9
 1.90399 seconds.
epochIdx: 717,error: 0.6569,likelihood: 19659.7
 1.89111 seconds.
epochIdx: 718,error: 0.6571,likelihood: 19659.5
 1.79618 seconds.
epochIdx: 719,error: 0.6571,likelihood: 19659.5
 1.7654 seconds.
epochIdx: 720,error: 0.6573,likelihood: 19659.1
 1.80657 seconds.
epochIdx: 721,error: 0.6571,likelihood: 19659.1
 1.83778 seconds.
epochIdx: 722,error: 0.6574,likelihood: 19658.6
 1.77542 seconds.
epochIdx: 723,error: 0.6573,likelihood: 19658
 1.80387 seconds.
epochIdx: 724,error: 0.6574,likelihood: 19658
 1.8058 seconds.
epochIdx: 725,error: 0.6572,likelihood: 19658
 1.74259 seconds.
epochIdx: 726,error: 0.6571,likelihood: 19657.6
 1.76824 seconds.
epochIdx: 727,error: 0.6569,likelihood: 19657.5
 1.88387 seconds.
epochIdx: 728,error: 0.657,likelihood: 19657.3
 1.76599 seconds.
epochIdx: 729,error: 0.6569,likelihood: 19657.2
 1.78292 seconds.
epochIdx: 730,error: 0.6569,likelihood: 19657
 1.86449 seconds.
epochIdx: 731,error: 0.6572,likelihood: 19656.8
 1.86165 seconds.
epochIdx: 732,error: 0.6573,likelihood: 19656.7
 1.89606 seconds.
epochIdx: 733,error: 0.6572,likelihood: 19656.5
 1.88303 seconds.
epochIdx: 734,error: 0.6572,likelihood: 19656.3
 1.86215 seconds.
epochIdx: 735,error: 0.6571,likelihood: 19656.3
 1.89552 seconds.
epochIdx: 736,error: 0.657,likelihood: 19656.1
 1.86309 seconds.
epochIdx: 737,error: 0.657,likelihood: 19656.1
 1.88375 seconds.
epochIdx: 738,error: 0.6572,likelihood: 19656.3
 1.90542 seconds.
epochIdx: 739,error: 0.6572,likelihood: 19656.5
 1.90943 seconds.
epochIdx: 740,error: 0.6574,likelihood: 19656
 1.88796 seconds.
epochIdx: 741,error: 0.6573,likelihood: 19655.5
 1.90409 seconds.
epochIdx: 742,error: 0.6572,likelihood: 19655.4
 1.89941 seconds.
epochIdx: 743,error: 0.6572,likelihood: 19655.6
 1.89979 seconds.
epochIdx: 744,error: 0.6571,likelihood: 19655.5
 1.90117 seconds.
epochIdx: 745,error: 0.6573,likelihood: 19655.2
 1.88546 seconds.
epochIdx: 746,error: 0.6571,likelihood: 19655.3
 1.90027 seconds.
epochIdx: 747,error: 0.6571,likelihood: 19654.8
 1.89311 seconds.
epochIdx: 748,error: 0.6571,likelihood: 19654.7
 1.86342 seconds.
epochIdx: 749,error: 0.6571,likelihood: 19654.6
 1.9022 seconds.
epochIdx: 750,error: 0.657,likelihood: 19654.6
 1.88321 seconds.
epochIdx: 751,error: 0.6571,likelihood: 19654.2
 1.8844 seconds.
epochIdx: 752,error: 0.6572,likelihood: 19654.1
 1.86656 seconds.
epochIdx: 753,error: 0.6572,likelihood: 19654
 1.85166 seconds.
epochIdx: 754,error: 0.6571,likelihood: 19654
 1.86058 seconds.
epochIdx: 755,error: 0.6571,likelihood: 19653.8
 1.89553 seconds.
epochIdx: 756,error: 0.6573,likelihood: 19653.5
 1.90041 seconds.
epochIdx: 757,error: 0.6572,likelihood: 19653.6
 1.89366 seconds.
epochIdx: 758,error: 0.6572,likelihood: 19653.4
 1.90551 seconds.
epochIdx: 759,error: 0.6573,likelihood: 19653
 1.90696 seconds.
epochIdx: 760,error: 0.6573,likelihood: 19653
 1.86122 seconds.
epochIdx: 761,error: 0.6573,likelihood: 19652.9
 1.89977 seconds.
epochIdx: 762,error: 0.6573,likelihood: 19652.7
 1.90187 seconds.
epochIdx: 763,error: 0.6574,likelihood: 19652.6
 1.9082 seconds.
epochIdx: 764,error: 0.6573,likelihood: 19652.5
 1.87107 seconds.
epochIdx: 765,error: 0.6574,likelihood: 19652.2
 1.90112 seconds.
epochIdx: 766,error: 0.6573,likelihood: 19652
 1.88804 seconds.
epochIdx: 767,error: 0.6573,likelihood: 19652
 1.86078 seconds.
epochIdx: 768,error: 0.6573,likelihood: 19652.1
 1.84241 seconds.
epochIdx: 769,error: 0.6574,likelihood: 19652.1
 1.88953 seconds.
epochIdx: 770,error: 0.6572,likelihood: 19651.9
 1.90304 seconds.
epochIdx: 771,error: 0.6573,likelihood: 19651.7
 1.87627 seconds.
epochIdx: 772,error: 0.6573,likelihood: 19651.5
 1.88641 seconds.
epochIdx: 773,error: 0.6572,likelihood: 19651.4
 1.91206 seconds.
epochIdx: 774,error: 0.6574,likelihood: 19651.2
 1.85272 seconds.
epochIdx: 775,error: 0.6573,likelihood: 19651.1
 1.83248 seconds.
epochIdx: 776,error: 0.6573,likelihood: 19650.9
 1.90043 seconds.
epochIdx: 777,error: 0.6573,likelihood: 19650.9
 1.83859 seconds.
epochIdx: 778,error: 0.6573,likelihood: 19650.8
 1.90772 seconds.
epochIdx: 779,error: 0.6573,likelihood: 19650.7
 1.89781 seconds.
epochIdx: 780,error: 0.6574,likelihood: 19650.7
 1.80568 seconds.
epochIdx: 781,error: 0.6574,likelihood: 19651.1
 1.73343 seconds.
epochIdx: 782,error: 0.6574,likelihood: 19651.1
 1.9066 seconds.
epochIdx: 783,error: 0.6574,likelihood: 19651
 1.87741 seconds.
epochIdx: 784,error: 0.6573,likelihood: 19650.7
 1.90475 seconds.
epochIdx: 785,error: 0.6574,likelihood: 19650.4
 1.89796 seconds.
epochIdx: 786,error: 0.6573,likelihood: 19650.3
 1.86476 seconds.
epochIdx: 787,error: 0.6573,likelihood: 19650.5
 1.90942 seconds.
epochIdx: 788,error: 0.6573,likelihood: 19650.5
 1.91232 seconds.
epochIdx: 789,error: 0.6573,likelihood: 19650.3
 1.85373 seconds.
epochIdx: 790,error: 0.6574,likelihood: 19650.1
 1.88723 seconds.
epochIdx: 791,error: 0.6574,likelihood: 19650.1
 1.85924 seconds.
epochIdx: 792,error: 0.6573,likelihood: 19650
 1.86412 seconds.
epochIdx: 793,error: 0.6574,likelihood: 19649.9
 1.8272 seconds.
epochIdx: 794,error: 0.6575,likelihood: 19649.9
 1.91252 seconds.
epochIdx: 795,error: 0.6575,likelihood: 19649.7
 1.86998 seconds.
epochIdx: 796,error: 0.6574,likelihood: 19649.5
 1.90208 seconds.
epochIdx: 797,error: 0.6576,likelihood: 19649.5
 1.90283 seconds.
epochIdx: 798,error: 0.6576,likelihood: 19649.2
 1.84047 seconds.
epochIdx: 799,error: 0.6576,likelihood: 19648.9
 1.90316 seconds.
epochIdx: 800,error: 0.6575,likelihood: 19648.6
 1.89793 seconds.
epochIdx: 801,error: 0.6575,likelihood: 19648.7
 1.89393 seconds.
epochIdx: 802,error: 0.6575,likelihood: 19648.6
 1.91025 seconds.
epochIdx: 803,error: 0.6574,likelihood: 19648.4
 1.89626 seconds.
epochIdx: 804,error: 0.6574,likelihood: 19648.2
 1.88352 seconds.
epochIdx: 805,error: 0.6574,likelihood: 19648.1
 1.75896 seconds.
epochIdx: 806,error: 0.6572,likelihood: 19648
 1.88553 seconds.
epochIdx: 807,error: 0.6573,likelihood: 19647.8
 1.73117 seconds.
epochIdx: 808,error: 0.6574,likelihood: 19647.7
 1.71945 seconds.
epochIdx: 809,error: 0.6572,likelihood: 19647.6
 1.77993 seconds.
epochIdx: 810,error: 0.657,likelihood: 19647.4
 1.86799 seconds.
epochIdx: 811,error: 0.6573,likelihood: 19647.1
 1.88561 seconds.
epochIdx: 812,error: 0.6573,likelihood: 19647
 1.84603 seconds.
epochIdx: 813,error: 0.6574,likelihood: 19647.1
 1.71905 seconds.
epochIdx: 814,error: 0.6574,likelihood: 19646.9
 1.79648 seconds.
epochIdx: 815,error: 0.6574,likelihood: 19646.9
 1.90161 seconds.
epochIdx: 816,error: 0.6574,likelihood: 19646.7
 1.72577 seconds.
epochIdx: 817,error: 0.6573,likelihood: 19646.8
 1.73842 seconds.
epochIdx: 818,error: 0.6574,likelihood: 19647
 1.85351 seconds.
epochIdx: 819,error: 0.6574,likelihood: 19646.9
 1.78398 seconds.
epochIdx: 820,error: 0.6573,likelihood: 19646.7
 1.88604 seconds.
epochIdx: 821,error: 0.6573,likelihood: 19646.8
 1.73464 seconds.
epochIdx: 822,error: 0.6572,likelihood: 19646.6
 1.83675 seconds.
epochIdx: 823,error: 0.6572,likelihood: 19646.4
 1.74402 seconds.
epochIdx: 824,error: 0.6574,likelihood: 19646.2
 1.8235 seconds.
epochIdx: 825,error: 0.6573,likelihood: 19646.2
 1.73732 seconds.
epochIdx: 826,error: 0.6574,likelihood: 19646.1
 1.82368 seconds.
epochIdx: 827,error: 0.6572,likelihood: 19645.9
 1.86561 seconds.
epochIdx: 828,error: 0.6572,likelihood: 19645.8
 1.84893 seconds.
epochIdx: 829,error: 0.6574,likelihood: 19646
 1.91009 seconds.
epochIdx: 830,error: 0.6574,likelihood: 19646
 1.90512 seconds.
epochIdx: 831,error: 0.6574,likelihood: 19646
 1.89409 seconds.
epochIdx: 832,error: 0.6574,likelihood: 19645.9
 1.90035 seconds.
epochIdx: 833,error: 0.6574,likelihood: 19645.9
 1.8952 seconds.
epochIdx: 834,error: 0.6576,likelihood: 19646
 1.88693 seconds.
epochIdx: 835,error: 0.6574,likelihood: 19646
 1.9044 seconds.
epochIdx: 836,error: 0.6574,likelihood: 19645.8
 1.9099 seconds.
epochIdx: 837,error: 0.6573,likelihood: 19645.8
 1.85934 seconds.
epochIdx: 838,error: 0.6574,likelihood: 19645.8
 1.86692 seconds.
epochIdx: 839,error: 0.6575,likelihood: 19645.8
 1.79728 seconds.
epochIdx: 840,error: 0.6574,likelihood: 19645.8
 1.71759 seconds.
epochIdx: 841,error: 0.6573,likelihood: 19645.5
 1.72892 seconds.
epochIdx: 842,error: 0.6574,likelihood: 19645.6
 1.8153 seconds.
epochIdx: 843,error: 0.6574,likelihood: 19645.5
 1.8032 seconds.
epochIdx: 844,error: 0.6573,likelihood: 19645.2
 1.71823 seconds.
epochIdx: 845,error: 0.6572,likelihood: 19645.1
 1.75512 seconds.
epochIdx: 846,error: 0.6571,likelihood: 19645.2
 1.84273 seconds.
epochIdx: 847,error: 0.6571,likelihood: 19645.2
 1.7784 seconds.
epochIdx: 848,error: 0.6571,likelihood: 19645.2
 1.81489 seconds.
epochIdx: 849,error: 0.6571,likelihood: 19645.2
 1.81494 seconds.
epochIdx: 850,error: 0.6571,likelihood: 19645
 1.83473 seconds.
epochIdx: 851,error: 0.6571,likelihood: 19644.9
 1.80158 seconds.
epochIdx: 852,error: 0.6571,likelihood: 19644.9
 1.8473 seconds.
epochIdx: 853,error: 0.6572,likelihood: 19644.7
 1.8746 seconds.
epochIdx: 854,error: 0.6572,likelihood: 19644.5
 1.88192 seconds.
epochIdx: 855,error: 0.6572,likelihood: 19644.4
 1.87874 seconds.
epochIdx: 856,error: 0.6573,likelihood: 19644.3
 1.87948 seconds.
epochIdx: 857,error: 0.6573,likelihood: 19644.2
 1.79091 seconds.
epochIdx: 858,error: 0.6572,likelihood: 19644.1
 1.8194 seconds.
epochIdx: 859,error: 0.6572,likelihood: 19644
 1.85031 seconds.
epochIdx: 860,error: 0.657,likelihood: 19643.9
 1.83555 seconds.
epochIdx: 861,error: 0.657,likelihood: 19643.8
 1.8916 seconds.
epochIdx: 862,error: 0.657,likelihood: 19643.8
 1.90465 seconds.
epochIdx: 863,error: 0.6572,likelihood: 19643.7
 1.87641 seconds.
epochIdx: 864,error: 0.657,likelihood: 19643.7
 1.89893 seconds.
epochIdx: 865,error: 0.6573,likelihood: 19643.6
 1.9035 seconds.
epochIdx: 866,error: 0.6572,likelihood: 19643.5
 1.89637 seconds.
epochIdx: 867,error: 0.6572,likelihood: 19643.4
 1.8784 seconds.
epochIdx: 868,error: 0.6571,likelihood: 19643.3
 1.88749 seconds.
epochIdx: 869,error: 0.6572,likelihood: 19643.2
 1.89989 seconds.
epochIdx: 870,error: 0.6571,likelihood: 19643.1
 1.81614 seconds.
epochIdx: 871,error: 0.657,likelihood: 19643.1
 1.81638 seconds.
epochIdx: 872,error: 0.6571,likelihood: 19643
 1.78758 seconds.
epochIdx: 873,error: 0.6571,likelihood: 19642.9
 1.84202 seconds.
epochIdx: 874,error: 0.6568,likelihood: 19643
 1.84972 seconds.
epochIdx: 875,error: 0.6569,likelihood: 19642.9
 1.73962 seconds.
epochIdx: 876,error: 0.6569,likelihood: 19642.8
 1.84909 seconds.
epochIdx: 877,error: 0.6571,likelihood: 19642.7
 1.90465 seconds.
epochIdx: 878,error: 0.657,likelihood: 19642.6
 1.88889 seconds.
epochIdx: 879,error: 0.6571,likelihood: 19642.5
 1.87516 seconds.
epochIdx: 880,error: 0.657,likelihood: 19642.2
 1.90522 seconds.
epochIdx: 881,error: 0.657,likelihood: 19642.1
 1.79803 seconds.
epochIdx: 882,error: 0.657,likelihood: 19642.2
 1.88821 seconds.
epochIdx: 883,error: 0.6569,likelihood: 19642.1
 1.89346 seconds.
epochIdx: 884,error: 0.657,likelihood: 19642
 1.8908 seconds.
epochIdx: 885,error: 0.6572,likelihood: 19642
 1.87329 seconds.
epochIdx: 886,error: 0.6572,likelihood: 19642
 1.85177 seconds.
epochIdx: 887,error: 0.6572,likelihood: 19641.9
 1.88804 seconds.
epochIdx: 888,error: 0.6572,likelihood: 19641.8
 1.86675 seconds.
epochIdx: 889,error: 0.6571,likelihood: 19641.8
 1.83898 seconds.
epochIdx: 890,error: 0.6572,likelihood: 19641.8
 1.89194 seconds.
epochIdx: 891,error: 0.6572,likelihood: 19641.8
 1.83937 seconds.
epochIdx: 892,error: 0.6573,likelihood: 19641.7
 1.71842 seconds.
epochIdx: 893,error: 0.6572,likelihood: 19641.5
 1.7527 seconds.
epochIdx: 894,error: 0.6573,likelihood: 19641.5
 1.76606 seconds.
epochIdx: 895,error: 0.6571,likelihood: 19641.4
 1.83444 seconds.
epochIdx: 896,error: 0.6571,likelihood: 19641.3
 1.74143 seconds.
epochIdx: 897,error: 0.6572,likelihood: 19641.2
 1.76768 seconds.
epochIdx: 898,error: 0.6572,likelihood: 19641.1
 1.73963 seconds.
epochIdx: 899,error: 0.6573,likelihood: 19641
 1.81639 seconds.
epochIdx: 900,error: 0.6572,likelihood: 19640.9
 1.73252 seconds.
epochIdx: 901,error: 0.6572,likelihood: 19640.7
 1.9051 seconds.
epochIdx: 902,error: 0.6573,likelihood: 19640.6
 1.85758 seconds.
epochIdx: 903,error: 0.6573,likelihood: 19640.6
 1.90267 seconds.
epochIdx: 904,error: 0.6573,likelihood: 19640.5
 1.89816 seconds.
epochIdx: 905,error: 0.6572,likelihood: 19640.4
 1.89723 seconds.
epochIdx: 906,error: 0.6572,likelihood: 19640.3
 1.87314 seconds.
epochIdx: 907,error: 0.6573,likelihood: 19640.3
 1.90819 seconds.
epochIdx: 908,error: 0.6574,likelihood: 19640.3
 1.86772 seconds.
epochIdx: 909,error: 0.6573,likelihood: 19640.1
 1.85413 seconds.
epochIdx: 910,error: 0.6571,likelihood: 19640.1
 1.8742 seconds.
epochIdx: 911,error: 0.657,likelihood: 19640
 1.89041 seconds.
epochIdx: 912,error: 0.657,likelihood: 19640
 1.78059 seconds.
epochIdx: 913,error: 0.6571,likelihood: 19639.9
 1.87706 seconds.
epochIdx: 914,error: 0.6571,likelihood: 19640
 1.9111 seconds.
epochIdx: 915,error: 0.6572,likelihood: 19640
 1.89668 seconds.
epochIdx: 916,error: 0.6573,likelihood: 19640
 1.84406 seconds.
epochIdx: 917,error: 0.6572,likelihood: 19640
 1.77005 seconds.
epochIdx: 918,error: 0.6573,likelihood: 19640.1
 1.74157 seconds.
epochIdx: 919,error: 0.6574,likelihood: 19640.1
 1.7567 seconds.
epochIdx: 920,error: 0.6571,likelihood: 19640.1
 1.76307 seconds.
epochIdx: 921,error: 0.6571,likelihood: 19640.1
 1.82231 seconds.
epochIdx: 922,error: 0.6572,likelihood: 19640
 1.78412 seconds.
epochIdx: 923,error: 0.6572,likelihood: 19640.1
 1.79532 seconds.
epochIdx: 924,error: 0.6572,likelihood: 19640
 1.89155 seconds.
epochIdx: 925,error: 0.6572,likelihood: 19640
 1.73544 seconds.
epochIdx: 926,error: 0.6572,likelihood: 19639.9
 1.77222 seconds.
epochIdx: 927,error: 0.6573,likelihood: 19639.8
 1.78263 seconds.
epochIdx: 928,error: 0.6574,likelihood: 19639.8
 1.84226 seconds.
epochIdx: 929,error: 0.6573,likelihood: 19639.7
 1.75599 seconds.
epochIdx: 930,error: 0.6573,likelihood: 19639.8
 1.83696 seconds.
epochIdx: 931,error: 0.6573,likelihood: 19639.8
 1.75259 seconds.
epochIdx: 932,error: 0.6573,likelihood: 19639.8
 1.77481 seconds.
epochIdx: 933,error: 0.6574,likelihood: 19639.7
 1.79477 seconds.
epochIdx: 934,error: 0.6574,likelihood: 19639.5
 1.77037 seconds.
epochIdx: 935,error: 0.6574,likelihood: 19639.5
 1.87433 seconds.
epochIdx: 936,error: 0.6573,likelihood: 19639.4
 1.89611 seconds.
epochIdx: 937,error: 0.6573,likelihood: 19639.4
 1.77396 seconds.
epochIdx: 938,error: 0.6572,likelihood: 19639.4
 1.77207 seconds.
epochIdx: 939,error: 0.6573,likelihood: 19639.4
 1.86075 seconds.
epochIdx: 940,error: 0.6572,likelihood: 19639.3
 1.84276 seconds.
epochIdx: 941,error: 0.6572,likelihood: 19639.3
 1.82969 seconds.
epochIdx: 942,error: 0.6572,likelihood: 19639.3
 1.7916 seconds.
epochIdx: 943,error: 0.6571,likelihood: 19639.3
 1.76333 seconds.
epochIdx: 944,error: 0.6571,likelihood: 19639.2
 1.73829 seconds.
epochIdx: 945,error: 0.6571,likelihood: 19639.2
 1.76637 seconds.
epochIdx: 946,error: 0.6571,likelihood: 19639.2
 1.73785 seconds.
epochIdx: 947,error: 0.6571,likelihood: 19639.1
 1.7176 seconds.
epochIdx: 948,error: 0.6571,likelihood: 19639
 1.71823 seconds.
epochIdx: 949,error: 0.657,likelihood: 19638.9
 1.74632 seconds.
epochIdx: 950,error: 0.6569,likelihood: 19639
 1.8604 seconds.
epochIdx: 951,error: 0.657,likelihood: 19638.8
 1.86228 seconds.
epochIdx: 952,error: 0.6569,likelihood: 19638.8
 1.87186 seconds.
epochIdx: 953,error: 0.6571,likelihood: 19638.8
 1.87618 seconds.
epochIdx: 954,error: 0.6569,likelihood: 19638.8
 1.71985 seconds.
epochIdx: 955,error: 0.6569,likelihood: 19638.7
 1.86107 seconds.
epochIdx: 956,error: 0.6571,likelihood: 19638.7
 1.85443 seconds.
epochIdx: 957,error: 0.6571,likelihood: 19638.6
 1.85103 seconds.
epochIdx: 958,error: 0.6572,likelihood: 19638.6
 1.89814 seconds.
epochIdx: 959,error: 0.6571,likelihood: 19638.6
 1.86442 seconds.
epochIdx: 960,error: 0.6571,likelihood: 19638.5
 1.8503 seconds.
epochIdx: 961,error: 0.6572,likelihood: 19638.5
 1.90047 seconds.
epochIdx: 962,error: 0.6573,likelihood: 19638.5
 1.85901 seconds.
epochIdx: 963,error: 0.6573,likelihood: 19638.5
 1.83678 seconds.
epochIdx: 964,error: 0.6573,likelihood: 19638.5
 1.78289 seconds.
epochIdx: 965,error: 0.6572,likelihood: 19638.4
 1.77096 seconds.
epochIdx: 966,error: 0.6573,likelihood: 19638.3
 1.82524 seconds.
epochIdx: 967,error: 0.6573,likelihood: 19638.2
 1.90304 seconds.
epochIdx: 968,error: 0.6573,likelihood: 19638.2
 1.90404 seconds.
epochIdx: 969,error: 0.6573,likelihood: 19638.1
 1.84617 seconds.
epochIdx: 970,error: 0.6571,likelihood: 19638.1
 1.87724 seconds.
epochIdx: 971,error: 0.6572,likelihood: 19638.1
 1.76426 seconds.
epochIdx: 972,error: 0.6571,likelihood: 19638
 1.72746 seconds.
epochIdx: 973,error: 0.657,likelihood: 19637.9
 1.85008 seconds.
epochIdx: 974,error: 0.657,likelihood: 19637.9
 1.87935 seconds.
epochIdx: 975,error: 0.6571,likelihood: 19637.8
 1.89201 seconds.
epochIdx: 976,error: 0.6572,likelihood: 19637.8
 1.89155 seconds.
epochIdx: 977,error: 0.6573,likelihood: 19637.7
 1.88021 seconds.
epochIdx: 978,error: 0.6573,likelihood: 19637.7
 1.84642 seconds.
epochIdx: 979,error: 0.6572,likelihood: 19637.7
 1.77467 seconds.
epochIdx: 980,error: 0.6572,likelihood: 19637.7
 1.73623 seconds.
epochIdx: 981,error: 0.6571,likelihood: 19637.6
 1.87775 seconds.
epochIdx: 982,error: 0.6573,likelihood: 19637.5
 1.82594 seconds.
epochIdx: 983,error: 0.6573,likelihood: 19637.5
 1.90055 seconds.
epochIdx: 984,error: 0.6572,likelihood: 19637.4
 1.88331 seconds.
epochIdx: 985,error: 0.6572,likelihood: 19637.5
 1.84824 seconds.
epochIdx: 986,error: 0.6572,likelihood: 19637.5
 1.90097 seconds.
epochIdx: 987,error: 0.6572,likelihood: 19637.5
 1.86237 seconds.
epochIdx: 988,error: 0.6571,likelihood: 19637.6
 1.88464 seconds.
epochIdx: 989,error: 0.6572,likelihood: 19637.6
 1.91377 seconds.
epochIdx: 990,error: 0.6572,likelihood: 19637.6
 1.87049 seconds.
epochIdx: 991,error: 0.6572,likelihood: 19637.6
 1.87649 seconds.
epochIdx: 992,error: 0.6572,likelihood: 19637.5
 1.8587 seconds.
epochIdx: 993,error: 0.6572,likelihood: 19637.3
 1.89681 seconds.
epochIdx: 994,error: 0.6571,likelihood: 19637.4
 1.89047 seconds.
epochIdx: 995,error: 0.6571,likelihood: 19637.4
 1.78857 seconds.
epochIdx: 996,error: 0.6571,likelihood: 19637.3
 1.87167 seconds.
epochIdx: 997,error: 0.6572,likelihood: 19637.3
 1.89401 seconds.
epochIdx: 998,error: 0.6573,likelihood: 19637.3
 1.89045 seconds.
epochIdx: 999,error: 0.6573,likelihood: 19637.2
 1.89561 seconds.
