nvcc -g -O3 -c -Xcompiler -fopenmp ./main_src/main.cu -I./include -o ./obj/main.o
nvcc -o ./bin/main ./obj/main.o    ./obj/matrix.o   ./obj/nvmatrix_kernel.o  ./obj/logistic_kernel.o  ./obj/convnet.o  ./obj/convnet_kernel.o  ./obj/logistic.o  ./obj/nvmatrix.o  ./obj/utils.o -lcuda -lcudart -lcublas -lm  -lpthread -lmpich -lgomp  
if [ 0 -eq 1 ] ; then \
		scp ./bin/main crd@192.168.0.101:/home/crd/conv/bin; \
	fi
if [ 1 -eq 1 ]; then \
		mpirun_rsh -np 2 -hostfile hostfile MV2_ENABLE_AFFINITY=0 MV2_USE_CUDA=1 MV2_USE_GPUDIRECT=1 ./bin/main; \
	fi
=========================
train: 50000
valid: 10000
filtersize: 13
numFilters: 16
convstepsize: 1
epsHidVis: 0.001
epsHidBias: 0.0001
epsAvgOut: 0.001
epsOutBias: 0.0001
mom: 0.9
wcHidVis: 0
wcAvgOut: 0
epochIdx: 0,error: 0.8753,likelihood: 23431
 8.32444 seconds.
epochIdx: 1,error: 0.8764,likelihood: 23403.4
 8.35981 seconds.
epochIdx: 2,error: 0.8718,likelihood: 23419.8
 8.3485 seconds.
epochIdx: 3,error: 0.8624,likelihood: 23203.9
 8.37425 seconds.
epochIdx: 4,error: 0.8583,likelihood: 23073.5
 8.37556 seconds.
epochIdx: 5,error: 0.8553,likelihood: 23033.1
 8.29722 seconds.
epochIdx: 6,error: 0.8582,likelihood: 23060.5
 8.27626 seconds.
epochIdx: 7,error: 0.8509,likelihood: 23001.2
 8.30373 seconds.
epochIdx: 8,error: 0.8467,likelihood: 22919.1
 8.33974 seconds.
epochIdx: 9,error: 0.8418,likelihood: 22891.2
 8.3306 seconds.
epochIdx: 10,error: 0.8419,likelihood: 22870.1
 8.32323 seconds.
epochIdx: 11,error: 0.8391,likelihood: 22853.2
 8.32732 seconds.
epochIdx: 12,error: 0.8386,likelihood: 22828.6
 8.32218 seconds.
epochIdx: 13,error: 0.8321,likelihood: 22802.4
 8.25539 seconds.
