rm testsgemm
nvcc -g -o testsgemm testsgemm.cu -lcublas
===w===
0.1   0.1   0.1   0.1   0.1   0.1   0.1   0.1   0.1   0.1   
0.11   0.11   0.11   0.11   0.11   0.11   0.11   0.11   0.11   0.11   
0.12   0.12   0.12   0.12   0.12   0.12   0.12   0.12   0.12   0.12   
0.13   0.13   0.13   0.13   0.13   0.13   0.13   0.13   0.13   0.13   
0.14   0.14   0.14   0.14   0.14   0.14   0.14   0.14   0.14   0.14   
0.15   0.15   0.15   0.15   0.15   0.15   0.15   0.15   0.15   0.15   
0.16   0.16   0.16   0.16   0.16   0.16   0.16   0.16   0.16   0.16   
0.17   0.17   0.17   0.17   0.17   0.17   0.17   0.17   0.17   0.17   
0.18   0.18   0.18   0.18   0.18   0.18   0.18   0.18   0.18   0.18   
0.19   0.19   0.19   0.19   0.19   0.19   0.19   0.19   0.19   0.19   
0.2   0.2   0.2   0.2   0.2   0.2   0.2   0.2   0.2   0.2   
0.21   0.21   0.21   0.21   0.21   0.21   0.21   0.21   0.21   0.21   
===x===
1   1.02   1.04   1.06   1.08   1   1.02   1.04   1.06   1.08   1   1.02   1.04   1.06   1.08   1   1.02   1.04   1.06   1.08   1   1.02   1.04   1.06   1.08   1   1.02   1.04   1.06   1.08   1   1.02   1.04   1.06   0   0   0   0   0   0   
1.01   1.03   1.05   1.07   1.09   1.01   1.03   1.05   1.07   1.09   1.01   1.03   1.05   1.07   1.09   1.01   1.03   1.05   1.07   1.09   1.01   1.03   1.05   1.07   1.09   1.01   1.03   1.05   1.07   1.09   1.01   1.03   1.05   1.07   0   0   0   0   0   0   
1.02   1.04   1.06   1.08   1   1.02   1.04   1.06   1.08   1   1.02   1.04   1.06   1.08   1   1.02   1.04   1.06   1.08   1   1.02   1.04   1.06   1.08   1   1.02   1.04   1.06   1.08   1   1.02   1.04   1.06   1.08   0   0   0   0   0   0   
1.03   1.05   1.07   1.09   1.01   1.03   1.05   1.07   1.09   1.01   1.03   1.05   1.07   1.09   1.01   1.03   1.05   1.07   1.09   1.01   1.03   1.05   1.07   1.09   1.01   1.03   1.05   1.07   1.09   1.01   1.03   1.05   1.07   1.09   0   0   0   0   0   0   
1.04   1.06   1.08   1   1.02   1.04   1.06   1.08   1   1.02   1.04   1.06   1.08   1   1.02   1.04   1.06   1.08   1   1.02   1.04   1.06   1.08   1   1.02   1.04   1.06   1.08   1   1.02   1.04   1.06   1.08   0   0   0   0   0   0   0   
1.05   1.07   1.09   1.01   1.03   1.05   1.07   1.09   1.01   1.03   1.05   1.07   1.09   1.01   1.03   1.05   1.07   1.09   1.01   1.03   1.05   1.07   1.09   1.01   1.03   1.05   1.07   1.09   1.01   1.03   1.05   1.07   1.09   0   0   0   0   0   0   0   
1.06   1.08   1   1.02   1.04   1.06   1.08   1   1.02   1.04   1.06   1.08   1   1.02   1.04   1.06   1.08   1   1.02   1.04   1.06   1.08   1   1.02   1.04   1.06   1.08   1   1.02   1.04   1.06   1.08   1   2.71432e-42   0   0   0   0   0   0   
1.07   1.09   1.01   1.03   1.05   1.07   1.09   1.01   1.03   1.05   1.07   1.09   1.01   1.03   1.05   1.07   1.09   1.01   1.03   1.05   1.07   1.09   1.01   1.03   1.05   1.07   1.09   1.01   1.03   1.05   1.07   1.09   1.01   0   0   0   0   0   0   0   
1.08   1   1.02   1.04   1.06   1.08   1   1.02   1.04   1.06   1.08   1   1.02   1.04   1.06   1.08   1   1.02   1.04   1.06   1.08   1   1.02   1.04   1.06   1.08   1   1.02   1.04   1.06   1.08   1   1.02   0   0   0   0   0   0   0   
1.09   1.01   1.03   1.05   1.07   1.09   1.01   1.03   1.05   1.07   1.09   1.01   1.03   1.05   1.07   1.09   1.01   1.03   1.05   1.07   1.09   1.01   1.03   1.05   1.07   1.09   1.01   1.03   1.05   1.07   1.09   1.01   1.03   0   0   0   0   0   0   0   
===h===
1   1   1   1   1   1   1   1   1   1   1   1   1   1   1   1   1   1   1   1   1   1   1   1   1   1   1   1   1   1   1   1   1   1   1   1   1   1   1   1   
1.01   1.01   1.01   1.01   1.01   1.01   1.01   1.01   1.01   1.01   1.01   1.01   1.01   1.01   1.01   1.01   1.01   1.01   1.01   1.01   1.01   1.01   1.01   1.01   1.01   1.01   1.01   1.01   1.01   1.01   1.01   1.01   1.01   1.01   1.01   1.01   1.01   1.01   1.01   1.01   
1.02   1.02   1.02   1.02   1.02   1.02   1.02   1.02   1.02   1.02   1.02   1.02   1.02   1.02   1.02   1.02   1.02   1.02   1.02   1.02   1.02   1.02   1.02   1.02   1.02   1.02   1.02   1.02   1.02   1.02   1.02   1.02   1.02   1.02   1.02   1.02   1.02   1.02   1.02   1.02   
1.03   1.03   1.03   1.03   1.03   1.03   1.03   1.03   1.03   1.03   1.03   1.03   1.03   1.03   1.03   1.03   1.03   1.03   1.03   1.03   1.03   1.03   1.03   1.03   1.03   1.03   1.03   1.03   1.03   1.03   1.03   1.03   1.03   1.03   1.03   1.03   1.03   1.03   1.03   1.03   
1.04   1.04   1.04   1.04   1.04   1.04   1.04   1.04   1.04   1.04   1.04   1.04   1.04   1.04   1.04   1.04   1.04   1.04   1.04   1.04   1.04   1.04   1.04   1.04   1.04   1.04   1.04   1.04   1.04   1.04   1.04   1.04   1.04   1.04   1.04   1.04   1.04   1.04   1.04   1.04   
1.05   1.05   1.05   1.05   1.05   1.05   1.05   1.05   1.05   1.05   1.05   1.05   1.05   1.05   1.05   1.05   1.05   1.05   1.05   1.05   1.05   1.05   1.05   1.05   1.05   1.05   1.05   1.05   1.05   1.05   1.05   1.05   1.05   1.05   1.05   1.05   1.05   1.05   1.05   1.05   
1.06   1.06   1.06   1.06   1.06   1.06   1.06   1.06   1.06   1.06   1.06   1.06   1.06   1.06   1.06   1.06   1.06   1.06   1.06   1.06   1.06   1.06   1.06   1.06   1.06   1.06   1.06   1.06   1.06   1.06   1.06   1.06   1.06   1.06   1.06   1.06   1.06   1.06   1.06   1.06   
1.07   1.07   1.07   1.07   1.07   1.07   1.07   1.07   1.07   1.07   1.07   1.07   1.07   1.07   1.07   1.07   1.07   1.07   1.07   1.07   1.07   1.07   1.07   1.07   1.07   1.07   1.07   1.07   1.07   1.07   1.07   1.07   1.07   1.07   1.07   1.07   1.07   1.07   1.07   1.07   
1.08   1.08   1.08   1.08   1.08   1.08   1.08   1.08   1.08   1.08   1.08   1.08   1.08   1.08   1.08   1.08   1.08   1.08   1.08   1.08   1.08   1.08   1.08   1.08   1.08   1.08   1.08   1.08   1.08   1.08   1.08   1.08   1.08   1.08   1.08   1.08   1.08   1.08   1.08   1.08   
1.09   1.09   1.09   1.09   1.09   1.09   1.09   1.09   1.09   1.09   1.09   1.09   1.09   1.09   1.09   1.09   1.09   1.09   1.09   1.09   1.09   1.09   1.09   1.09   1.09   1.09   1.09   1.09   1.09   1.09   1.09   1.09   1.09   1.09   1.09   1.09   1.09   1.09   1.09   1.09   
1.1   1.1   1.1   1.1   1.1   1.1   1.1   1.1   1.1   1.1   1.1   1.1   1.1   1.1   1.1   1.1   1.1   1.1   1.1   1.1   1.1   1.1   1.1   1.1   1.1   1.1   1.1   1.1   1.1   1.1   1.1   1.1   1.1   1.1   1.1   1.1   1.1   1.1   1.1   1.1   
1.11   1.11   1.11   1.11   1.11   1.11   1.11   1.11   1.11   1.11   1.11   1.11   1.11   1.11   1.11   1.11   1.11   1.11   1.11   1.11   1.11   1.11   1.11   1.11   1.11   1.11   1.11   1.11   1.11   1.11   1.11   1.11   1.11   1.11   1.11   1.11   1.11   1.11   1.11   1.11   
===h===
2.045   2.045   2.045   2.045   2.045   2.045   2.045   2.045   2.045   2.045   2.045   2.045   2.045   2.045   2.045   2.045   2.045   2.045   2.045   2.045   2.045   2.045   2.045   2.045   2.045   2.045   2.045   2.045   2.045   2.045   2.045   2.045   2.045   2.045   2.045   2.045   2.045   2.045   2.045   2.045   
2.1595   2.1595   2.1595   2.1595   2.1595   2.1595   2.1595   2.1595   2.1595   2.1595   2.1595   2.1595   2.1595   2.1595   2.1595   2.1595   2.1595   2.1595   2.1595   2.1595   2.1595   2.1595   2.1595   2.1595   2.1595   2.1595   2.1595   2.1595   2.1595   2.1595   2.1595   2.1595   2.1595   2.1595   2.1595   2.1595   2.1595   2.1595   2.1595   2.1595   
2.274   2.274   2.274   2.274   2.274   2.274   2.274   2.274   2.274   2.274   2.274   2.274   2.274   2.274   2.274   2.274   2.274   2.274   2.274   2.274   2.274   2.274   2.274   2.274   2.274   2.274   2.274   2.274   2.274   2.274   2.274   2.274   2.274   2.274   2.274   2.274   2.274   2.274   2.274   2.274   
2.3885   2.3885   2.3885   2.3885   2.3885   2.3885   2.3885   2.3885   2.3885   2.3885   2.3885   2.3885   2.3885   2.3885   2.3885   2.3885   2.3885   2.3885   2.3885   2.3885   2.3885   2.3885   2.3885   2.3885   2.3885   2.3885   2.3885   2.3885   2.3885   2.3885   2.3885   2.3885   2.3885   2.3885   2.3885   2.3885   2.3885   2.3885   2.3885   2.3885   
2.503   2.503   2.503   2.503   2.503   2.503   2.503   2.503   2.503   2.503   2.503   2.503   2.503   2.503   2.503   2.503   2.503   2.503   2.503   2.503   2.503   2.503   2.503   2.503   2.503   2.503   2.503   2.503   2.503   2.503   2.503   2.503   2.503   2.503   2.503   2.503   2.503   2.503   2.503   2.503   
2.6175   2.6175   2.6175   2.6175   2.6175   2.6175   2.6175   2.6175   2.6175   2.6175   2.6175   2.6175   2.6175   2.6175   2.6175   2.6175   2.6175   2.6175   2.6175   2.6175   2.6175   2.6175   2.6175   2.6175   2.6175   2.6175   2.6175   2.6175   2.6175   2.6175   2.6175   2.6175   2.6175   2.6175   2.6175   2.6175   2.6175   2.6175   2.6175   2.6175   
2.732   2.732   2.732   2.732   2.732   2.732   2.732   2.732   2.732   2.732   2.732   2.732   2.732   2.732   2.732   2.732   2.732   2.732   2.732   2.732   2.732   2.732   2.732   2.732   2.732   2.732   2.732   2.732   2.732   2.732   2.732   2.732   2.732   2.732   2.732   2.732   2.732   2.732   2.732   2.732   
2.8465   2.8465   2.8465   2.8465   2.8465   2.8465   2.8465   2.8465   2.8465   2.8465   2.8465   2.8465   2.8465   2.8465   2.8465   2.8465   2.8465   2.8465   2.8465   2.8465   2.8465   2.8465   2.8465   2.8465   2.8465   2.8465   2.8465   2.8465   2.8465   2.8465   2.8465   2.8465   2.8465   2.8465   2.8465   2.8465   2.8465   2.8465   2.8465   2.8465   
2.961   2.961   2.961   2.961   2.961   2.961   2.961   2.961   2.961   2.961   2.961   2.961   2.961   2.961   2.961   2.961   2.961   2.961   2.961   2.961   2.961   2.961   2.961   2.961   2.961   2.961   2.961   2.961   2.961   2.961   2.961   2.961   2.961   2.961   2.961   2.961   2.961   2.961   2.961   2.961   
3.0755   3.0755   3.0755   3.0755   3.0755   3.0755   3.0755   3.0755   3.0755   3.0755   3.0755   3.0755   3.0755   3.0755   3.0755   3.0755   3.0755   3.0755   3.0755   3.0755   3.0755   3.0755   3.0755   3.0755   3.0755   3.0755   3.0755   3.0755   3.0755   3.0755   3.0755   3.0755   3.0755   3.0755   3.0755   3.0755   3.0755   3.0755   3.0755   3.0755   
3.19   3.19   3.19   3.19   3.19   3.19   3.19   3.19   3.19   3.19   3.19   3.19   3.19   3.19   3.19   3.19   3.19   3.19   3.19   3.19   3.19   3.19   3.19   3.19   3.19   3.19   3.19   3.19   3.19   3.19   3.19   3.19   3.19   3.19   3.19   3.19   3.19   3.19   3.19   3.19   
3.3045   3.3045   3.3045   3.3045   3.3045   3.3045   3.3045   3.3045   3.3045   3.3045   3.3045   3.3045   3.3045   3.3045   3.3045   3.3045   3.3045   3.3045   3.3045   3.3045   3.3045   3.3045   3.3045   3.3045   3.3045   3.3045   3.3045   3.3045   3.3045   3.3045   3.3045   3.3045   3.3045   3.3045   3.3045   3.3045   3.3045   3.3045   3.3045   3.3045   
this train uses 0.3seconds
