nvcc -g -O3 -c  testMultiGpu.cu -I../include
nvcc -o testMultiGpu testMultiGpu.o matrix.o nvmatrix.o nvmatrix_kernel.o convnet.o convnet_kernel.o -lcuda -lcudart -lcublas -lm  -lpthread -lmpich
mpirun_rsh -np 3 -hostfile hostfile MV2_CPU_BINDING_POLICY=scatter valgrind ./testMultiGpu
=========================
train: 50000
valid: 10000
filtersize: 5
numFilters: 16
epsHidVis: 0.001
epsHidBias: 0.001
epsAvgOut: 0.13
epsOutBias: 0.13
mom: 0
wcHidVis: 0
wcAvgOut: 0
========================
509445888:  sendPid: 0
  recvPid: 2
 isMove: 1
507344640:  sendPid: 0
  recvPid: 1
 isMove: 1
 2.25 seconds. 
