nvcc -g -O3 -c  testMultiGpu.cu -I../include
nvcc -o testMultiGpu testMultiGpu.o matrix.o nvmatrix.o nvmatrix_kernel.o convnet.o convnet_kernel.o -lcuda -lcudart -lcublas -lm  -lpthread -lmpich
mpirun_rsh -np 3 -hostfile hostfile MV2_CPU_BINDING_POLICY=scatter ./testMultiGpu
=========================
train: 50000
valid: 10000
filtersize: 5
numFilters: 16
epsHidVis: 0.001
epsHidBias: 0.001
epsAvgOut: 0.13
epsOutBias: 0.13
mom: 0
wcHidVis: 0
wcAvgOut: 0
========================
epoch: 0,error rate: 0.1566,likelihood: 0
epoch: 1,error rate: 0.1357,likelihood: 0
epoch: 2,error rate: 0.127,likelihood: 0
epoch: 3,error rate: 0.121,likelihood: 0
epoch: 4,error rate: 0.1161,likelihood: 0
epoch: 5,error rate: 0.1123,likelihood: 0
epoch: 6,error rate: 0.1106,likelihood: 0
epoch: 7,error rate: 0.1099,likelihood: 0
epoch: 8,error rate: 0.1077,likelihood: 0
epoch: 9,error rate: 0.1056,likelihood: 0
epoch: 10,error rate: 0.104,likelihood: 0
epoch: 11,error rate: 0.1017,likelihood: 0
epoch: 12,error rate: 0.1009,likelihood: 0
epoch: 13,error rate: 0.0996,likelihood: 0
epoch: 14,error rate: 0.0986,likelihood: 0
epoch: 15,error rate: 0.0983,likelihood: 0
epoch: 16,error rate: 0.098,likelihood: 0
epoch: 17,error rate: 0.0975,likelihood: 0
epoch: 18,error rate: 0.0969,likelihood: 0
epoch: 19,error rate: 0.0965,likelihood: 0
epoch: 20,error rate: 0.0955,likelihood: 0
epoch: 21,error rate: 0.095,likelihood: 0
epoch: 22,error rate: 0.0947,likelihood: 0
epoch: 23,error rate: 0.0947,likelihood: 0
epoch: 24,error rate: 0.0942,likelihood: 0
epoch: 25,error rate: 0.0937,likelihood: 0
epoch: 26,error rate: 0.0934,likelihood: 0
epoch: 27,error rate: 0.0931,likelihood: 0
epoch: 28,error rate: 0.0927,likelihood: 0
epoch: 29,error rate: 0.0924,likelihood: 0
epoch: 30,error rate: 0.0923,likelihood: 0
epoch: 31,error rate: 0.0918,likelihood: 0
epoch: 32,error rate: 0.0918,likelihood: 0
epoch: 33,error rate: 0.0918,likelihood: 0
epoch: 34,error rate: 0.0914,likelihood: 0
epoch: 35,error rate: 0.0912,likelihood: 0
epoch: 36,error rate: 0.091,likelihood: 0
epoch: 37,error rate: 0.0909,likelihood: 0
epoch: 38,error rate: 0.0907,likelihood: 0
epoch: 39,error rate: 0.0908,likelihood: 0
epoch: 40,error rate: 0.0903,likelihood: 0
epoch: 41,error rate: 0.0901,likelihood: 0
epoch: 42,error rate: 0.09,likelihood: 0
epoch: 43,error rate: 0.0898,likelihood: 0
epoch: 44,error rate: 0.0896,likelihood: 0
epoch: 45,error rate: 0.0896,likelihood: 0
epoch: 46,error rate: 0.0894,likelihood: 0
epoch: 47,error rate: 0.0893,likelihood: 0
epoch: 48,error rate: 0.0892,likelihood: 0
epoch: 49,error rate: 0.0893,likelihood: 0
epoch: 50,error rate: 0.0892,likelihood: 0
epoch: 51,error rate: 0.0892,likelihood: 0
epoch: 52,error rate: 0.0891,likelihood: 0
epoch: 53,error rate: 0.0889,likelihood: 0
epoch: 54,error rate: 0.0886,likelihood: 0
epoch: 55,error rate: 0.088,likelihood: 0
epoch: 56,error rate: 0.0878,likelihood: 0
epoch: 57,error rate: 0.0877,likelihood: 0
epoch: 58,error rate: 0.0874,likelihood: 0
epoch: 59,error rate: 0.0874,likelihood: 0
epoch: 60,error rate: 0.0872,likelihood: 0
epoch: 61,error rate: 0.087,likelihood: 0
epoch: 62,error rate: 0.0871,likelihood: 0
epoch: 63,error rate: 0.087,likelihood: 0
epoch: 64,error rate: 0.0867,likelihood: 0
epoch: 65,error rate: 0.0867,likelihood: 0
epoch: 66,error rate: 0.0867,likelihood: 0
epoch: 67,error rate: 0.0869,likelihood: 0
epoch: 68,error rate: 0.0867,likelihood: 0
epoch: 69,error rate: 0.0867,likelihood: 0
epoch: 70,error rate: 0.0866,likelihood: 0
epoch: 71,error rate: 0.0867,likelihood: 0
epoch: 72,error rate: 0.0865,likelihood: 0
epoch: 73,error rate: 0.0863,likelihood: 0
epoch: 74,error rate: 0.0859,likelihood: 0
epoch: 75,error rate: 0.0858,likelihood: 0
epoch: 76,error rate: 0.0856,likelihood: 0
epoch: 77,error rate: 0.0856,likelihood: 0
epoch: 78,error rate: 0.0855,likelihood: 0
epoch: 79,error rate: 0.0854,likelihood: 0
epoch: 80,error rate: 0.0852,likelihood: 0
epoch: 81,error rate: 0.0851,likelihood: 0
epoch: 82,error rate: 0.0849,likelihood: 0
epoch: 83,error rate: 0.0851,likelihood: 0
epoch: 84,error rate: 0.0848,likelihood: 0
epoch: 85,error rate: 0.085,likelihood: 0
epoch: 86,error rate: 0.0851,likelihood: 0
epoch: 87,error rate: 0.0849,likelihood: 0
epoch: 88,error rate: 0.085,likelihood: 0
epoch: 89,error rate: 0.0853,likelihood: 0
epoch: 90,error rate: 0.0854,likelihood: 0
epoch: 91,error rate: 0.0853,likelihood: 0
epoch: 92,error rate: 0.0852,likelihood: 0
epoch: 93,error rate: 0.0851,likelihood: 0
epoch: 94,error rate: 0.0851,likelihood: 0
epoch: 95,error rate: 0.0849,likelihood: 0
epoch: 96,error rate: 0.0848,likelihood: 0
epoch: 97,error rate: 0.0847,likelihood: 0
epoch: 98,error rate: 0.0846,likelihood: 0
epoch: 99,error rate: 0.0847,likelihood: 0
 0.1703 seconds. 
