======================================
n_epochs: 1000
n_batchs: 2500
minibatch: 20
input_units: 784
hidden_units: 500
out_units: 10
lr: -0.01
======================================

--------valid for epoch 0--------
valid total number is: 10000, error number: 975, error rate: 0.0975

--------valid for epoch 1--------
valid total number is: 10000, error number: 865, error rate: 0.0865

--------valid for epoch 2--------
valid total number is: 10000, error number: 810, error rate: 0.081

--------valid for epoch 3--------
valid total number is: 10000, error number: 781, error rate: 0.0781

--------valid for epoch 4--------
valid total number is: 10000, error number: 746, error rate: 0.0746

--------valid for epoch 5--------
valid total number is: 10000, error number: 712, error rate: 0.0712

--------valid for epoch 6--------
valid total number is: 10000, error number: 685, error rate: 0.0685

--------valid for epoch 7--------
valid total number is: 10000, error number: 649, error rate: 0.0649

--------valid for epoch 8--------
valid total number is: 10000, error number: 601, error rate: 0.0601

--------valid for epoch 9--------
valid total number is: 10000, error number: 563, error rate: 0.0563

--------valid for epoch 10--------
valid total number is: 10000, error number: 527, error rate: 0.0527

--------valid for epoch 11--------
valid total number is: 10000, error number: 497, error rate: 0.0497

--------valid for epoch 12--------
valid total number is: 10000, error number: 479, error rate: 0.0479

--------valid for epoch 13--------
valid total number is: 10000, error number: 456, error rate: 0.0456

--------valid for epoch 14--------
valid total number is: 10000, error number: 431, error rate: 0.0431

--------valid for epoch 15--------
valid total number is: 10000, error number: 418, error rate: 0.0418

--------valid for epoch 16--------
valid total number is: 10000, error number: 410, error rate: 0.041

--------valid for epoch 17--------
valid total number is: 10000, error number: 398, error rate: 0.0398

--------valid for epoch 18--------
valid total number is: 10000, error number: 391, error rate: 0.0391

--------valid for epoch 19--------
valid total number is: 10000, error number: 374, error rate: 0.0374

--------valid for epoch 20--------
valid total number is: 10000, error number: 363, error rate: 0.0363

--------valid for epoch 21--------
valid total number is: 10000, error number: 357, error rate: 0.0357

--------valid for epoch 22--------
valid total number is: 10000, error number: 348, error rate: 0.0348

--------valid for epoch 23--------
valid total number is: 10000, error number: 337, error rate: 0.0337

--------valid for epoch 24--------
valid total number is: 10000, error number: 337, error rate: 0.0337

--------valid for epoch 25--------
valid total number is: 10000, error number: 328, error rate: 0.0328

--------valid for epoch 26--------
valid total number is: 10000, error number: 321, error rate: 0.0321

--------valid for epoch 27--------
valid total number is: 10000, error number: 321, error rate: 0.0321

--------valid for epoch 28--------
valid total number is: 10000, error number: 315, error rate: 0.0315

--------valid for epoch 29--------
valid total number is: 10000, error number: 309, error rate: 0.0309

--------valid for epoch 30--------
valid total number is: 10000, error number: 307, error rate: 0.0307

--------valid for epoch 31--------
valid total number is: 10000, error number: 301, error rate: 0.0301

--------valid for epoch 32--------
valid total number is: 10000, error number: 298, error rate: 0.0298

--------valid for epoch 33--------
valid total number is: 10000, error number: 289, error rate: 0.0289

--------valid for epoch 34--------
valid total number is: 10000, error number: 284, error rate: 0.0284

--------valid for epoch 35--------
valid total number is: 10000, error number: 283, error rate: 0.0283

--------valid for epoch 36--------
valid total number is: 10000, error number: 280, error rate: 0.028

--------valid for epoch 37--------
valid total number is: 10000, error number: 276, error rate: 0.0276

--------valid for epoch 38--------
valid total number is: 10000, error number: 272, error rate: 0.0272

--------valid for epoch 39--------
valid total number is: 10000, error number: 273, error rate: 0.0273

--------valid for epoch 40--------
valid total number is: 10000, error number: 273, error rate: 0.0273

--------valid for epoch 41--------
valid total number is: 10000, error number: 270, error rate: 0.027

--------valid for epoch 42--------
valid total number is: 10000, error number: 268, error rate: 0.0268

--------valid for epoch 43--------
valid total number is: 10000, error number: 265, error rate: 0.0265

--------valid for epoch 44--------
valid total number is: 10000, error number: 262, error rate: 0.0262

--------valid for epoch 45--------
valid total number is: 10000, error number: 263, error rate: 0.0263

--------valid for epoch 46--------
valid total number is: 10000, error number: 260, error rate: 0.026

--------valid for epoch 47--------
valid total number is: 10000, error number: 259, error rate: 0.0259

--------valid for epoch 48--------
valid total number is: 10000, error number: 257, error rate: 0.0257

--------valid for epoch 49--------
valid total number is: 10000, error number: 252, error rate: 0.0252

--------valid for epoch 50--------
valid total number is: 10000, error number: 253, error rate: 0.0253

--------valid for epoch 51--------
valid total number is: 10000, error number: 249, error rate: 0.0249

--------valid for epoch 52--------
valid total number is: 10000, error number: 248, error rate: 0.0248

--------valid for epoch 53--------
valid total number is: 10000, error number: 244, error rate: 0.0244

--------valid for epoch 54--------
valid total number is: 10000, error number: 242, error rate: 0.0242

--------valid for epoch 55--------
valid total number is: 10000, error number: 242, error rate: 0.0242

--------valid for epoch 56--------
valid total number is: 10000, error number: 242, error rate: 0.0242

--------valid for epoch 57--------
valid total number is: 10000, error number: 240, error rate: 0.024

--------valid for epoch 58--------
valid total number is: 10000, error number: 237, error rate: 0.0237

--------valid for epoch 59--------
valid total number is: 10000, error number: 235, error rate: 0.0235

--------valid for epoch 60--------
valid total number is: 10000, error number: 234, error rate: 0.0234

--------valid for epoch 61--------
valid total number is: 10000, error number: 233, error rate: 0.0233

--------valid for epoch 62--------
valid total number is: 10000, error number: 232, error rate: 0.0232

--------valid for epoch 63--------
valid total number is: 10000, error number: 231, error rate: 0.0231

--------valid for epoch 64--------
valid total number is: 10000, error number: 230, error rate: 0.023

--------valid for epoch 65--------
valid total number is: 10000, error number: 228, error rate: 0.0228

--------valid for epoch 66--------
valid total number is: 10000, error number: 228, error rate: 0.0228

--------valid for epoch 67--------
valid total number is: 10000, error number: 228, error rate: 0.0228

--------valid for epoch 68--------
valid total number is: 10000, error number: 227, error rate: 0.0227

--------valid for epoch 69--------
valid total number is: 10000, error number: 226, error rate: 0.0226

--------valid for epoch 70--------
valid total number is: 10000, error number: 227, error rate: 0.0227

--------valid for epoch 71--------
valid total number is: 10000, error number: 226, error rate: 0.0226

--------valid for epoch 72--------
valid total number is: 10000, error number: 226, error rate: 0.0226

--------valid for epoch 73--------
valid total number is: 10000, error number: 225, error rate: 0.0225

--------valid for epoch 74--------
valid total number is: 10000, error number: 226, error rate: 0.0226

--------valid for epoch 75--------
valid total number is: 10000, error number: 226, error rate: 0.0226

--------valid for epoch 76--------
valid total number is: 10000, error number: 224, error rate: 0.0224

--------valid for epoch 77--------
valid total number is: 10000, error number: 223, error rate: 0.0223

--------valid for epoch 78--------
valid total number is: 10000, error number: 221, error rate: 0.0221

--------valid for epoch 79--------
valid total number is: 10000, error number: 220, error rate: 0.022

--------valid for epoch 80--------
valid total number is: 10000, error number: 219, error rate: 0.0219

--------valid for epoch 81--------
valid total number is: 10000, error number: 219, error rate: 0.0219

--------valid for epoch 82--------
valid total number is: 10000, error number: 218, error rate: 0.0218

--------valid for epoch 83--------
valid total number is: 10000, error number: 216, error rate: 0.0216

--------valid for epoch 84--------
valid total number is: 10000, error number: 215, error rate: 0.0215

--------valid for epoch 85--------
valid total number is: 10000, error number: 214, error rate: 0.0214

--------valid for epoch 86--------
valid total number is: 10000, error number: 213, error rate: 0.0213

--------valid for epoch 87--------
valid total number is: 10000, error number: 214, error rate: 0.0214

--------valid for epoch 88--------
valid total number is: 10000, error number: 213, error rate: 0.0213

--------valid for epoch 89--------
valid total number is: 10000, error number: 213, error rate: 0.0213

--------valid for epoch 90--------
valid total number is: 10000, error number: 213, error rate: 0.0213

--------valid for epoch 91--------
valid total number is: 10000, error number: 213, error rate: 0.0213

--------valid for epoch 92--------
valid total number is: 10000, error number: 213, error rate: 0.0213

--------valid for epoch 93--------
valid total number is: 10000, error number: 213, error rate: 0.0213

--------valid for epoch 94--------
valid total number is: 10000, error number: 213, error rate: 0.0213

--------valid for epoch 95--------
valid total number is: 10000, error number: 212, error rate: 0.0212

--------valid for epoch 96--------
valid total number is: 10000, error number: 212, error rate: 0.0212

--------valid for epoch 97--------
valid total number is: 10000, error number: 212, error rate: 0.0212

--------valid for epoch 98--------
valid total number is: 10000, error number: 209, error rate: 0.0209

--------valid for epoch 99--------
valid total number is: 10000, error number: 209, error rate: 0.0209

--------valid for epoch 100--------
valid total number is: 10000, error number: 210, error rate: 0.021

--------valid for epoch 101--------
valid total number is: 10000, error number: 211, error rate: 0.0211

--------valid for epoch 102--------
valid total number is: 10000, error number: 208, error rate: 0.0208

--------valid for epoch 103--------
valid total number is: 10000, error number: 208, error rate: 0.0208

--------valid for epoch 104--------
valid total number is: 10000, error number: 208, error rate: 0.0208

--------valid for epoch 105--------
valid total number is: 10000, error number: 209, error rate: 0.0209

--------valid for epoch 106--------
valid total number is: 10000, error number: 208, error rate: 0.0208

--------valid for epoch 107--------
valid total number is: 10000, error number: 208, error rate: 0.0208

--------valid for epoch 108--------
valid total number is: 10000, error number: 208, error rate: 0.0208

--------valid for epoch 109--------
valid total number is: 10000, error number: 206, error rate: 0.0206

--------valid for epoch 110--------
valid total number is: 10000, error number: 205, error rate: 0.0205

--------valid for epoch 111--------
valid total number is: 10000, error number: 204, error rate: 0.0204

--------valid for epoch 112--------
valid total number is: 10000, error number: 204, error rate: 0.0204

--------valid for epoch 113--------
valid total number is: 10000, error number: 203, error rate: 0.0203

--------valid for epoch 114--------
valid total number is: 10000, error number: 203, error rate: 0.0203

--------valid for epoch 115--------
valid total number is: 10000, error number: 203, error rate: 0.0203

--------valid for epoch 116--------
valid total number is: 10000, error number: 203, error rate: 0.0203

--------valid for epoch 117--------
valid total number is: 10000, error number: 203, error rate: 0.0203

--------valid for epoch 118--------
valid total number is: 10000, error number: 203, error rate: 0.0203

--------valid for epoch 119--------
valid total number is: 10000, error number: 204, error rate: 0.0204

--------valid for epoch 120--------
valid total number is: 10000, error number: 204, error rate: 0.0204

--------valid for epoch 121--------
valid total number is: 10000, error number: 203, error rate: 0.0203

--------valid for epoch 122--------
valid total number is: 10000, error number: 202, error rate: 0.0202

--------valid for epoch 123--------
valid total number is: 10000, error number: 200, error rate: 0.02

--------valid for epoch 124--------
valid total number is: 10000, error number: 199, error rate: 0.0199

--------valid for epoch 125--------
valid total number is: 10000, error number: 198, error rate: 0.0198

--------valid for epoch 126--------
valid total number is: 10000, error number: 197, error rate: 0.0197

--------valid for epoch 127--------
valid total number is: 10000, error number: 197, error rate: 0.0197

--------valid for epoch 128--------
valid total number is: 10000, error number: 197, error rate: 0.0197

--------valid for epoch 129--------
valid total number is: 10000, error number: 197, error rate: 0.0197

--------valid for epoch 130--------
valid total number is: 10000, error number: 197, error rate: 0.0197

--------valid for epoch 131--------
valid total number is: 10000, error number: 197, error rate: 0.0197

--------valid for epoch 132--------
valid total number is: 10000, error number: 197, error rate: 0.0197

--------valid for epoch 133--------
valid total number is: 10000, error number: 197, error rate: 0.0197

--------valid for epoch 134--------
valid total number is: 10000, error number: 198, error rate: 0.0198

--------valid for epoch 135--------
valid total number is: 10000, error number: 197, error rate: 0.0197

--------valid for epoch 136--------
valid total number is: 10000, error number: 197, error rate: 0.0197

--------valid for epoch 137--------
valid total number is: 10000, error number: 197, error rate: 0.0197

--------valid for epoch 138--------
valid total number is: 10000, error number: 197, error rate: 0.0197

--------valid for epoch 139--------
valid total number is: 10000, error number: 197, error rate: 0.0197

--------valid for epoch 140--------
valid total number is: 10000, error number: 197, error rate: 0.0197

--------valid for epoch 141--------
valid total number is: 10000, error number: 197, error rate: 0.0197

--------valid for epoch 142--------
valid total number is: 10000, error number: 197, error rate: 0.0197

--------valid for epoch 143--------
valid total number is: 10000, error number: 197, error rate: 0.0197

--------valid for epoch 144--------
valid total number is: 10000, error number: 198, error rate: 0.0198

--------valid for epoch 145--------
valid total number is: 10000, error number: 198, error rate: 0.0198

--------valid for epoch 146--------
valid total number is: 10000, error number: 198, error rate: 0.0198

--------valid for epoch 147--------
valid total number is: 10000, error number: 198, error rate: 0.0198

--------valid for epoch 148--------
valid total number is: 10000, error number: 199, error rate: 0.0199

--------valid for epoch 149--------
valid total number is: 10000, error number: 198, error rate: 0.0198

--------valid for epoch 150--------
valid total number is: 10000, error number: 198, error rate: 0.0198

--------valid for epoch 151--------
valid total number is: 10000, error number: 198, error rate: 0.0198

--------valid for epoch 152--------
valid total number is: 10000, error number: 198, error rate: 0.0198

--------valid for epoch 153--------
valid total number is: 10000, error number: 197, error rate: 0.0197

--------valid for epoch 154--------
valid total number is: 10000, error number: 196, error rate: 0.0196

--------valid for epoch 155--------
valid total number is: 10000, error number: 195, error rate: 0.0195

--------valid for epoch 156--------
valid total number is: 10000, error number: 195, error rate: 0.0195

--------valid for epoch 157--------
valid total number is: 10000, error number: 195, error rate: 0.0195

--------valid for epoch 158--------
valid total number is: 10000, error number: 193, error rate: 0.0193

--------valid for epoch 159--------
valid total number is: 10000, error number: 193, error rate: 0.0193

--------valid for epoch 160--------
valid total number is: 10000, error number: 193, error rate: 0.0193

--------valid for epoch 161--------
valid total number is: 10000, error number: 193, error rate: 0.0193

--------valid for epoch 162--------
valid total number is: 10000, error number: 193, error rate: 0.0193

--------valid for epoch 163--------
valid total number is: 10000, error number: 193, error rate: 0.0193

--------valid for epoch 164--------
valid total number is: 10000, error number: 193, error rate: 0.0193

--------valid for epoch 165--------
valid total number is: 10000, error number: 193, error rate: 0.0193

--------valid for epoch 166--------
valid total number is: 10000, error number: 193, error rate: 0.0193

--------valid for epoch 167--------
valid total number is: 10000, error number: 193, error rate: 0.0193

--------valid for epoch 168--------
valid total number is: 10000, error number: 193, error rate: 0.0193

--------valid for epoch 169--------
valid total number is: 10000, error number: 193, error rate: 0.0193

--------valid for epoch 170--------
valid total number is: 10000, error number: 193, error rate: 0.0193

--------valid for epoch 171--------
valid total number is: 10000, error number: 193, error rate: 0.0193

--------valid for epoch 172--------
valid total number is: 10000, error number: 193, error rate: 0.0193

--------valid for epoch 173--------
valid total number is: 10000, error number: 192, error rate: 0.0192

--------valid for epoch 174--------
valid total number is: 10000, error number: 192, error rate: 0.0192

--------valid for epoch 175--------
valid total number is: 10000, error number: 191, error rate: 0.0191

--------valid for epoch 176--------
valid total number is: 10000, error number: 191, error rate: 0.0191

--------valid for epoch 177--------
valid total number is: 10000, error number: 191, error rate: 0.0191

--------valid for epoch 178--------
valid total number is: 10000, error number: 192, error rate: 0.0192

--------valid for epoch 179--------
valid total number is: 10000, error number: 192, error rate: 0.0192

--------valid for epoch 180--------
valid total number is: 10000, error number: 192, error rate: 0.0192

--------valid for epoch 181--------
valid total number is: 10000, error number: 192, error rate: 0.0192

--------valid for epoch 182--------
valid total number is: 10000, error number: 192, error rate: 0.0192

--------valid for epoch 183--------
valid total number is: 10000, error number: 191, error rate: 0.0191

--------valid for epoch 184--------
valid total number is: 10000, error number: 191, error rate: 0.0191

--------valid for epoch 185--------
valid total number is: 10000, error number: 192, error rate: 0.0192

--------valid for epoch 186--------
valid total number is: 10000, error number: 192, error rate: 0.0192

--------valid for epoch 187--------
valid total number is: 10000, error number: 192, error rate: 0.0192

--------valid for epoch 188--------
valid total number is: 10000, error number: 192, error rate: 0.0192

--------valid for epoch 189--------
valid total number is: 10000, error number: 192, error rate: 0.0192

--------valid for epoch 190--------
valid total number is: 10000, error number: 192, error rate: 0.0192

--------valid for epoch 191--------
valid total number is: 10000, error number: 191, error rate: 0.0191

--------valid for epoch 192--------
valid total number is: 10000, error number: 191, error rate: 0.0191

--------valid for epoch 193--------
valid total number is: 10000, error number: 190, error rate: 0.019

--------valid for epoch 194--------
valid total number is: 10000, error number: 189, error rate: 0.0189

--------valid for epoch 195--------
valid total number is: 10000, error number: 189, error rate: 0.0189

--------valid for epoch 196--------
valid total number is: 10000, error number: 188, error rate: 0.0188

--------valid for epoch 197--------
valid total number is: 10000, error number: 188, error rate: 0.0188

--------valid for epoch 198--------
valid total number is: 10000, error number: 187, error rate: 0.0187

--------valid for epoch 199--------
valid total number is: 10000, error number: 188, error rate: 0.0188

--------valid for epoch 200--------
valid total number is: 10000, error number: 188, error rate: 0.0188

--------valid for epoch 201--------
valid total number is: 10000, error number: 188, error rate: 0.0188

--------valid for epoch 202--------
valid total number is: 10000, error number: 188, error rate: 0.0188

--------valid for epoch 203--------
valid total number is: 10000, error number: 187, error rate: 0.0187

--------valid for epoch 204--------
valid total number is: 10000, error number: 187, error rate: 0.0187

--------valid for epoch 205--------
valid total number is: 10000, error number: 187, error rate: 0.0187

--------valid for epoch 206--------
valid total number is: 10000, error number: 187, error rate: 0.0187

--------valid for epoch 207--------
valid total number is: 10000, error number: 187, error rate: 0.0187

--------valid for epoch 208--------
valid total number is: 10000, error number: 187, error rate: 0.0187

--------valid for epoch 209--------
valid total number is: 10000, error number: 187, error rate: 0.0187

--------valid for epoch 210--------
valid total number is: 10000, error number: 187, error rate: 0.0187

--------valid for epoch 211--------
valid total number is: 10000, error number: 187, error rate: 0.0187

--------valid for epoch 212--------
valid total number is: 10000, error number: 187, error rate: 0.0187

--------valid for epoch 213--------
valid total number is: 10000, error number: 187, error rate: 0.0187

--------valid for epoch 214--------
valid total number is: 10000, error number: 187, error rate: 0.0187

--------valid for epoch 215--------
valid total number is: 10000, error number: 187, error rate: 0.0187

--------valid for epoch 216--------
valid total number is: 10000, error number: 187, error rate: 0.0187

--------valid for epoch 217--------
valid total number is: 10000, error number: 187, error rate: 0.0187

--------valid for epoch 218--------
valid total number is: 10000, error number: 187, error rate: 0.0187

--------valid for epoch 219--------
valid total number is: 10000, error number: 186, error rate: 0.0186

--------valid for epoch 220--------
valid total number is: 10000, error number: 186, error rate: 0.0186

--------valid for epoch 221--------
valid total number is: 10000, error number: 186, error rate: 0.0186

--------valid for epoch 222--------
valid total number is: 10000, error number: 187, error rate: 0.0187

--------valid for epoch 223--------
valid total number is: 10000, error number: 187, error rate: 0.0187

--------valid for epoch 224--------
valid total number is: 10000, error number: 187, error rate: 0.0187

--------valid for epoch 225--------
valid total number is: 10000, error number: 187, error rate: 0.0187

--------valid for epoch 226--------
valid total number is: 10000, error number: 187, error rate: 0.0187

--------valid for epoch 227--------
valid total number is: 10000, error number: 187, error rate: 0.0187

--------valid for epoch 228--------
valid total number is: 10000, error number: 187, error rate: 0.0187

--------valid for epoch 229--------
valid total number is: 10000, error number: 187, error rate: 0.0187

--------valid for epoch 230--------
valid total number is: 10000, error number: 187, error rate: 0.0187

--------valid for epoch 231--------
valid total number is: 10000, error number: 187, error rate: 0.0187

--------valid for epoch 232--------
valid total number is: 10000, error number: 187, error rate: 0.0187

--------valid for epoch 233--------
valid total number is: 10000, error number: 187, error rate: 0.0187

--------valid for epoch 234--------
valid total number is: 10000, error number: 187, error rate: 0.0187

--------valid for epoch 235--------
valid total number is: 10000, error number: 186, error rate: 0.0186

--------valid for epoch 236--------
valid total number is: 10000, error number: 187, error rate: 0.0187

--------valid for epoch 237--------
valid total number is: 10000, error number: 187, error rate: 0.0187

--------valid for epoch 238--------
valid total number is: 10000, error number: 187, error rate: 0.0187

--------valid for epoch 239--------
valid total number is: 10000, error number: 187, error rate: 0.0187

--------valid for epoch 240--------
valid total number is: 10000, error number: 187, error rate: 0.0187

--------valid for epoch 241--------
valid total number is: 10000, error number: 187, error rate: 0.0187

--------valid for epoch 242--------
valid total number is: 10000, error number: 187, error rate: 0.0187

--------valid for epoch 243--------
valid total number is: 10000, error number: 187, error rate: 0.0187

--------valid for epoch 244--------
valid total number is: 10000, error number: 187, error rate: 0.0187

--------valid for epoch 245--------
valid total number is: 10000, error number: 187, error rate: 0.0187

--------valid for epoch 246--------
valid total number is: 10000, error number: 187, error rate: 0.0187

--------valid for epoch 247--------
valid total number is: 10000, error number: 187, error rate: 0.0187

--------valid for epoch 248--------
valid total number is: 10000, error number: 187, error rate: 0.0187

--------valid for epoch 249--------
valid total number is: 10000, error number: 187, error rate: 0.0187

--------valid for epoch 250--------
valid total number is: 10000, error number: 187, error rate: 0.0187

--------valid for epoch 251--------
valid total number is: 10000, error number: 186, error rate: 0.0186

--------valid for epoch 252--------
valid total number is: 10000, error number: 186, error rate: 0.0186

--------valid for epoch 253--------
valid total number is: 10000, error number: 186, error rate: 0.0186

--------valid for epoch 254--------
valid total number is: 10000, error number: 187, error rate: 0.0187

--------valid for epoch 255--------
valid total number is: 10000, error number: 186, error rate: 0.0186

--------valid for epoch 256--------
valid total number is: 10000, error number: 186, error rate: 0.0186

--------valid for epoch 257--------
valid total number is: 10000, error number: 186, error rate: 0.0186

--------valid for epoch 258--------
valid total number is: 10000, error number: 185, error rate: 0.0185

--------valid for epoch 259--------
valid total number is: 10000, error number: 185, error rate: 0.0185

--------valid for epoch 260--------
valid total number is: 10000, error number: 185, error rate: 0.0185

--------valid for epoch 261--------
valid total number is: 10000, error number: 185, error rate: 0.0185

--------valid for epoch 262--------
valid total number is: 10000, error number: 185, error rate: 0.0185

--------valid for epoch 263--------
valid total number is: 10000, error number: 184, error rate: 0.0184

--------valid for epoch 264--------
valid total number is: 10000, error number: 183, error rate: 0.0183

--------valid for epoch 265--------
valid total number is: 10000, error number: 183, error rate: 0.0183

--------valid for epoch 266--------
valid total number is: 10000, error number: 183, error rate: 0.0183

--------valid for epoch 267--------
valid total number is: 10000, error number: 183, error rate: 0.0183

--------valid for epoch 268--------
valid total number is: 10000, error number: 183, error rate: 0.0183

--------valid for epoch 269--------
valid total number is: 10000, error number: 183, error rate: 0.0183

--------valid for epoch 270--------
valid total number is: 10000, error number: 184, error rate: 0.0184

--------valid for epoch 271--------
valid total number is: 10000, error number: 184, error rate: 0.0184

--------valid for epoch 272--------
valid total number is: 10000, error number: 184, error rate: 0.0184

--------valid for epoch 273--------
valid total number is: 10000, error number: 183, error rate: 0.0183

--------valid for epoch 274--------
valid total number is: 10000, error number: 183, error rate: 0.0183

--------valid for epoch 275--------
valid total number is: 10000, error number: 184, error rate: 0.0184

--------valid for epoch 276--------
valid total number is: 10000, error number: 184, error rate: 0.0184

--------valid for epoch 277--------
valid total number is: 10000, error number: 184, error rate: 0.0184

--------valid for epoch 278--------
valid total number is: 10000, error number: 184, error rate: 0.0184

--------valid for epoch 279--------
valid total number is: 10000, error number: 184, error rate: 0.0184

--------valid for epoch 280--------
valid total number is: 10000, error number: 184, error rate: 0.0184

--------valid for epoch 281--------
valid total number is: 10000, error number: 184, error rate: 0.0184

--------valid for epoch 282--------
valid total number is: 10000, error number: 184, error rate: 0.0184

--------valid for epoch 283--------
valid total number is: 10000, error number: 184, error rate: 0.0184

--------valid for epoch 284--------
valid total number is: 10000, error number: 184, error rate: 0.0184

--------valid for epoch 285--------
valid total number is: 10000, error number: 184, error rate: 0.0184

--------valid for epoch 286--------
valid total number is: 10000, error number: 184, error rate: 0.0184

--------valid for epoch 287--------
valid total number is: 10000, error number: 184, error rate: 0.0184

--------valid for epoch 288--------
valid total number is: 10000, error number: 184, error rate: 0.0184

--------valid for epoch 289--------
valid total number is: 10000, error number: 184, error rate: 0.0184

--------valid for epoch 290--------
valid total number is: 10000, error number: 184, error rate: 0.0184

--------valid for epoch 291--------
valid total number is: 10000, error number: 184, error rate: 0.0184

--------valid for epoch 292--------
valid total number is: 10000, error number: 184, error rate: 0.0184

--------valid for epoch 293--------
valid total number is: 10000, error number: 184, error rate: 0.0184

--------valid for epoch 294--------
valid total number is: 10000, error number: 184, error rate: 0.0184

--------valid for epoch 295--------
valid total number is: 10000, error number: 184, error rate: 0.0184

--------valid for epoch 296--------
valid total number is: 10000, error number: 183, error rate: 0.0183

--------valid for epoch 297--------
valid total number is: 10000, error number: 183, error rate: 0.0183

--------valid for epoch 298--------
valid total number is: 10000, error number: 183, error rate: 0.0183

--------valid for epoch 299--------
valid total number is: 10000, error number: 183, error rate: 0.0183

--------valid for epoch 300--------
valid total number is: 10000, error number: 183, error rate: 0.0183

--------valid for epoch 301--------
valid total number is: 10000, error number: 183, error rate: 0.0183

--------valid for epoch 302--------
valid total number is: 10000, error number: 183, error rate: 0.0183

--------valid for epoch 303--------
valid total number is: 10000, error number: 183, error rate: 0.0183

--------valid for epoch 304--------
valid total number is: 10000, error number: 183, error rate: 0.0183

--------valid for epoch 305--------
valid total number is: 10000, error number: 183, error rate: 0.0183

--------valid for epoch 306--------
valid total number is: 10000, error number: 183, error rate: 0.0183

--------valid for epoch 307--------
valid total number is: 10000, error number: 183, error rate: 0.0183

--------valid for epoch 308--------
valid total number is: 10000, error number: 183, error rate: 0.0183

--------valid for epoch 309--------
valid total number is: 10000, error number: 183, error rate: 0.0183

--------valid for epoch 310--------
valid total number is: 10000, error number: 183, error rate: 0.0183

--------valid for epoch 311--------
valid total number is: 10000, error number: 183, error rate: 0.0183

--------valid for epoch 312--------
valid total number is: 10000, error number: 183, error rate: 0.0183

--------valid for epoch 313--------
valid total number is: 10000, error number: 183, error rate: 0.0183

--------valid for epoch 314--------
valid total number is: 10000, error number: 183, error rate: 0.0183

--------valid for epoch 315--------
valid total number is: 10000, error number: 183, error rate: 0.0183

--------valid for epoch 316--------
valid total number is: 10000, error number: 183, error rate: 0.0183

--------valid for epoch 317--------
valid total number is: 10000, error number: 183, error rate: 0.0183

--------valid for epoch 318--------
valid total number is: 10000, error number: 183, error rate: 0.0183

--------valid for epoch 319--------
valid total number is: 10000, error number: 183, error rate: 0.0183

--------valid for epoch 320--------
valid total number is: 10000, error number: 182, error rate: 0.0182

--------valid for epoch 321--------
valid total number is: 10000, error number: 182, error rate: 0.0182

--------valid for epoch 322--------
valid total number is: 10000, error number: 182, error rate: 0.0182

--------valid for epoch 323--------
valid total number is: 10000, error number: 182, error rate: 0.0182

--------valid for epoch 324--------
valid total number is: 10000, error number: 183, error rate: 0.0183

--------valid for epoch 325--------
valid total number is: 10000, error number: 183, error rate: 0.0183

--------valid for epoch 326--------
valid total number is: 10000, error number: 183, error rate: 0.0183

--------valid for epoch 327--------
valid total number is: 10000, error number: 183, error rate: 0.0183

--------valid for epoch 328--------
valid total number is: 10000, error number: 183, error rate: 0.0183

--------valid for epoch 329--------
valid total number is: 10000, error number: 183, error rate: 0.0183

--------valid for epoch 330--------
valid total number is: 10000, error number: 183, error rate: 0.0183

--------valid for epoch 331--------
valid total number is: 10000, error number: 183, error rate: 0.0183

--------valid for epoch 332--------
valid total number is: 10000, error number: 183, error rate: 0.0183

--------valid for epoch 333--------
valid total number is: 10000, error number: 183, error rate: 0.0183

--------valid for epoch 334--------
valid total number is: 10000, error number: 183, error rate: 0.0183

--------valid for epoch 335--------
valid total number is: 10000, error number: 183, error rate: 0.0183

--------valid for epoch 336--------
valid total number is: 10000, error number: 183, error rate: 0.0183

--------valid for epoch 337--------
valid total number is: 10000, error number: 183, error rate: 0.0183

--------valid for epoch 338--------
valid total number is: 10000, error number: 183, error rate: 0.0183

--------valid for epoch 339--------
valid total number is: 10000, error number: 183, error rate: 0.0183

--------valid for epoch 340--------
valid total number is: 10000, error number: 183, error rate: 0.0183

--------valid for epoch 341--------
valid total number is: 10000, error number: 182, error rate: 0.0182

--------valid for epoch 342--------
valid total number is: 10000, error number: 182, error rate: 0.0182

--------valid for epoch 343--------
valid total number is: 10000, error number: 182, error rate: 0.0182

--------valid for epoch 344--------
valid total number is: 10000, error number: 183, error rate: 0.0183

--------valid for epoch 345--------
valid total number is: 10000, error number: 183, error rate: 0.0183

--------valid for epoch 346--------
valid total number is: 10000, error number: 183, error rate: 0.0183

--------valid for epoch 347--------
valid total number is: 10000, error number: 183, error rate: 0.0183

--------valid for epoch 348--------
valid total number is: 10000, error number: 183, error rate: 0.0183

--------valid for epoch 349--------
valid total number is: 10000, error number: 183, error rate: 0.0183

--------valid for epoch 350--------
valid total number is: 10000, error number: 183, error rate: 0.0183

--------valid for epoch 351--------
valid total number is: 10000, error number: 183, error rate: 0.0183

--------valid for epoch 352--------
valid total number is: 10000, error number: 183, error rate: 0.0183

--------valid for epoch 353--------
valid total number is: 10000, error number: 183, error rate: 0.0183

--------valid for epoch 354--------
valid total number is: 10000, error number: 183, error rate: 0.0183

--------valid for epoch 355--------
valid total number is: 10000, error number: 183, error rate: 0.0183

--------valid for epoch 356--------
valid total number is: 10000, error number: 183, error rate: 0.0183

--------valid for epoch 357--------
valid total number is: 10000, error number: 183, error rate: 0.0183

--------valid for epoch 358--------
valid total number is: 10000, error number: 183, error rate: 0.0183

--------valid for epoch 359--------
valid total number is: 10000, error number: 183, error rate: 0.0183

--------valid for epoch 360--------
valid total number is: 10000, error number: 183, error rate: 0.0183

--------valid for epoch 361--------
valid total number is: 10000, error number: 183, error rate: 0.0183

--------valid for epoch 362--------
valid total number is: 10000, error number: 183, error rate: 0.0183

--------valid for epoch 363--------
valid total number is: 10000, error number: 183, error rate: 0.0183

--------valid for epoch 364--------
valid total number is: 10000, error number: 183, error rate: 0.0183

--------valid for epoch 365--------
valid total number is: 10000, error number: 182, error rate: 0.0182

--------valid for epoch 366--------
valid total number is: 10000, error number: 182, error rate: 0.0182

--------valid for epoch 367--------
valid total number is: 10000, error number: 182, error rate: 0.0182

--------valid for epoch 368--------
valid total number is: 10000, error number: 182, error rate: 0.0182

--------valid for epoch 369--------
valid total number is: 10000, error number: 181, error rate: 0.0181

--------valid for epoch 370--------
valid total number is: 10000, error number: 181, error rate: 0.0181

--------valid for epoch 371--------
valid total number is: 10000, error number: 181, error rate: 0.0181

--------valid for epoch 372--------
valid total number is: 10000, error number: 181, error rate: 0.0181

--------valid for epoch 373--------
valid total number is: 10000, error number: 181, error rate: 0.0181

--------valid for epoch 374--------
valid total number is: 10000, error number: 181, error rate: 0.0181

--------valid for epoch 375--------
valid total number is: 10000, error number: 181, error rate: 0.0181

--------valid for epoch 376--------
valid total number is: 10000, error number: 181, error rate: 0.0181

--------valid for epoch 377--------
valid total number is: 10000, error number: 181, error rate: 0.0181

--------valid for epoch 378--------
valid total number is: 10000, error number: 181, error rate: 0.0181

--------valid for epoch 379--------
valid total number is: 10000, error number: 181, error rate: 0.0181

--------valid for epoch 380--------
valid total number is: 10000, error number: 181, error rate: 0.0181

--------valid for epoch 381--------
valid total number is: 10000, error number: 181, error rate: 0.0181

--------valid for epoch 382--------
valid total number is: 10000, error number: 181, error rate: 0.0181

--------valid for epoch 383--------
valid total number is: 10000, error number: 181, error rate: 0.0181

--------valid for epoch 384--------
valid total number is: 10000, error number: 181, error rate: 0.0181

--------valid for epoch 385--------
valid total number is: 10000, error number: 181, error rate: 0.0181

--------valid for epoch 386--------
valid total number is: 10000, error number: 180, error rate: 0.018

--------valid for epoch 387--------
valid total number is: 10000, error number: 180, error rate: 0.018

--------valid for epoch 388--------
valid total number is: 10000, error number: 180, error rate: 0.018

--------valid for epoch 389--------
valid total number is: 10000, error number: 180, error rate: 0.018

--------valid for epoch 390--------
valid total number is: 10000, error number: 179, error rate: 0.0179

--------valid for epoch 391--------
valid total number is: 10000, error number: 179, error rate: 0.0179

--------valid for epoch 392--------
valid total number is: 10000, error number: 179, error rate: 0.0179

--------valid for epoch 393--------
valid total number is: 10000, error number: 179, error rate: 0.0179

--------valid for epoch 394--------
valid total number is: 10000, error number: 178, error rate: 0.0178

--------valid for epoch 395--------
valid total number is: 10000, error number: 178, error rate: 0.0178

--------valid for epoch 396--------
valid total number is: 10000, error number: 178, error rate: 0.0178

--------valid for epoch 397--------
valid total number is: 10000, error number: 178, error rate: 0.0178

--------valid for epoch 398--------
valid total number is: 10000, error number: 178, error rate: 0.0178

--------valid for epoch 399--------
valid total number is: 10000, error number: 178, error rate: 0.0178

--------valid for epoch 400--------
valid total number is: 10000, error number: 178, error rate: 0.0178

--------valid for epoch 401--------
valid total number is: 10000, error number: 178, error rate: 0.0178

--------valid for epoch 402--------
valid total number is: 10000, error number: 178, error rate: 0.0178

--------valid for epoch 403--------
valid total number is: 10000, error number: 178, error rate: 0.0178

--------valid for epoch 404--------
valid total number is: 10000, error number: 178, error rate: 0.0178

--------valid for epoch 405--------
valid total number is: 10000, error number: 178, error rate: 0.0178

--------valid for epoch 406--------
valid total number is: 10000, error number: 178, error rate: 0.0178

--------valid for epoch 407--------
valid total number is: 10000, error number: 177, error rate: 0.0177

--------valid for epoch 408--------
valid total number is: 10000, error number: 177, error rate: 0.0177

--------valid for epoch 409--------
valid total number is: 10000, error number: 177, error rate: 0.0177

--------valid for epoch 410--------
valid total number is: 10000, error number: 177, error rate: 0.0177

--------valid for epoch 411--------
valid total number is: 10000, error number: 177, error rate: 0.0177

--------valid for epoch 412--------
valid total number is: 10000, error number: 176, error rate: 0.0176

--------valid for epoch 413--------
valid total number is: 10000, error number: 176, error rate: 0.0176

--------valid for epoch 414--------
valid total number is: 10000, error number: 176, error rate: 0.0176

--------valid for epoch 415--------
valid total number is: 10000, error number: 176, error rate: 0.0176

--------valid for epoch 416--------
valid total number is: 10000, error number: 176, error rate: 0.0176

--------valid for epoch 417--------
valid total number is: 10000, error number: 175, error rate: 0.0175

--------valid for epoch 418--------
valid total number is: 10000, error number: 175, error rate: 0.0175

--------valid for epoch 419--------
valid total number is: 10000, error number: 175, error rate: 0.0175

--------valid for epoch 420--------
valid total number is: 10000, error number: 175, error rate: 0.0175

--------valid for epoch 421--------
valid total number is: 10000, error number: 175, error rate: 0.0175

--------valid for epoch 422--------
valid total number is: 10000, error number: 175, error rate: 0.0175

--------valid for epoch 423--------
valid total number is: 10000, error number: 175, error rate: 0.0175

--------valid for epoch 424--------
valid total number is: 10000, error number: 176, error rate: 0.0176

--------valid for epoch 425--------
valid total number is: 10000, error number: 175, error rate: 0.0175

--------valid for epoch 426--------
valid total number is: 10000, error number: 175, error rate: 0.0175

--------valid for epoch 427--------
valid total number is: 10000, error number: 175, error rate: 0.0175

--------valid for epoch 428--------
valid total number is: 10000, error number: 176, error rate: 0.0176

--------valid for epoch 429--------
valid total number is: 10000, error number: 176, error rate: 0.0176

--------valid for epoch 430--------
valid total number is: 10000, error number: 176, error rate: 0.0176

--------valid for epoch 431--------
valid total number is: 10000, error number: 176, error rate: 0.0176

--------valid for epoch 432--------
valid total number is: 10000, error number: 176, error rate: 0.0176

--------valid for epoch 433--------
valid total number is: 10000, error number: 176, error rate: 0.0176

--------valid for epoch 434--------
valid total number is: 10000, error number: 176, error rate: 0.0176

--------valid for epoch 435--------
valid total number is: 10000, error number: 176, error rate: 0.0176

--------valid for epoch 436--------
valid total number is: 10000, error number: 176, error rate: 0.0176

--------valid for epoch 437--------
valid total number is: 10000, error number: 176, error rate: 0.0176

--------valid for epoch 438--------
valid total number is: 10000, error number: 176, error rate: 0.0176

--------valid for epoch 439--------
valid total number is: 10000, error number: 176, error rate: 0.0176

--------valid for epoch 440--------
valid total number is: 10000, error number: 176, error rate: 0.0176

--------valid for epoch 441--------
valid total number is: 10000, error number: 176, error rate: 0.0176

--------valid for epoch 442--------
valid total number is: 10000, error number: 176, error rate: 0.0176

--------valid for epoch 443--------
valid total number is: 10000, error number: 176, error rate: 0.0176

--------valid for epoch 444--------
valid total number is: 10000, error number: 176, error rate: 0.0176

--------valid for epoch 445--------
valid total number is: 10000, error number: 176, error rate: 0.0176

--------valid for epoch 446--------
valid total number is: 10000, error number: 176, error rate: 0.0176

--------valid for epoch 447--------
valid total number is: 10000, error number: 177, error rate: 0.0177

--------valid for epoch 448--------
valid total number is: 10000, error number: 177, error rate: 0.0177

--------valid for epoch 449--------
valid total number is: 10000, error number: 177, error rate: 0.0177

--------valid for epoch 450--------
valid total number is: 10000, error number: 177, error rate: 0.0177

--------valid for epoch 451--------
valid total number is: 10000, error number: 177, error rate: 0.0177

--------valid for epoch 452--------
valid total number is: 10000, error number: 177, error rate: 0.0177

--------valid for epoch 453--------
valid total number is: 10000, error number: 177, error rate: 0.0177

--------valid for epoch 454--------
valid total number is: 10000, error number: 177, error rate: 0.0177

--------valid for epoch 455--------
valid total number is: 10000, error number: 177, error rate: 0.0177

--------valid for epoch 456--------
valid total number is: 10000, error number: 177, error rate: 0.0177

--------valid for epoch 457--------
valid total number is: 10000, error number: 178, error rate: 0.0178

--------valid for epoch 458--------
valid total number is: 10000, error number: 178, error rate: 0.0178

--------valid for epoch 459--------
valid total number is: 10000, error number: 178, error rate: 0.0178

--------valid for epoch 460--------
valid total number is: 10000, error number: 178, error rate: 0.0178

--------valid for epoch 461--------
valid total number is: 10000, error number: 179, error rate: 0.0179

--------valid for epoch 462--------
valid total number is: 10000, error number: 179, error rate: 0.0179

--------valid for epoch 463--------
valid total number is: 10000, error number: 179, error rate: 0.0179

--------valid for epoch 464--------
valid total number is: 10000, error number: 179, error rate: 0.0179

--------valid for epoch 465--------
valid total number is: 10000, error number: 178, error rate: 0.0178

--------valid for epoch 466--------
valid total number is: 10000, error number: 178, error rate: 0.0178

--------valid for epoch 467--------
valid total number is: 10000, error number: 177, error rate: 0.0177

--------valid for epoch 468--------
valid total number is: 10000, error number: 177, error rate: 0.0177

--------valid for epoch 469--------
valid total number is: 10000, error number: 178, error rate: 0.0178

--------valid for epoch 470--------
valid total number is: 10000, error number: 177, error rate: 0.0177

--------valid for epoch 471--------
valid total number is: 10000, error number: 177, error rate: 0.0177

--------valid for epoch 472--------
valid total number is: 10000, error number: 176, error rate: 0.0176

--------valid for epoch 473--------
valid total number is: 10000, error number: 176, error rate: 0.0176

--------valid for epoch 474--------
valid total number is: 10000, error number: 176, error rate: 0.0176

--------valid for epoch 475--------
valid total number is: 10000, error number: 176, error rate: 0.0176

--------valid for epoch 476--------
valid total number is: 10000, error number: 176, error rate: 0.0176

--------valid for epoch 477--------
valid total number is: 10000, error number: 176, error rate: 0.0176

--------valid for epoch 478--------
valid total number is: 10000, error number: 176, error rate: 0.0176

--------valid for epoch 479--------
valid total number is: 10000, error number: 176, error rate: 0.0176

--------valid for epoch 480--------
valid total number is: 10000, error number: 176, error rate: 0.0176

--------valid for epoch 481--------
valid total number is: 10000, error number: 176, error rate: 0.0176

--------valid for epoch 482--------
valid total number is: 10000, error number: 176, error rate: 0.0176

--------valid for epoch 483--------
valid total number is: 10000, error number: 176, error rate: 0.0176

--------valid for epoch 484--------
valid total number is: 10000, error number: 176, error rate: 0.0176

--------valid for epoch 485--------
valid total number is: 10000, error number: 176, error rate: 0.0176

--------valid for epoch 486--------
valid total number is: 10000, error number: 176, error rate: 0.0176

--------valid for epoch 487--------
valid total number is: 10000, error number: 176, error rate: 0.0176

--------valid for epoch 488--------
valid total number is: 10000, error number: 176, error rate: 0.0176

--------valid for epoch 489--------
valid total number is: 10000, error number: 176, error rate: 0.0176

--------valid for epoch 490--------
valid total number is: 10000, error number: 176, error rate: 0.0176

--------valid for epoch 491--------
valid total number is: 10000, error number: 176, error rate: 0.0176

--------valid for epoch 492--------
valid total number is: 10000, error number: 176, error rate: 0.0176

--------valid for epoch 493--------
valid total number is: 10000, error number: 176, error rate: 0.0176

--------valid for epoch 494--------
valid total number is: 10000, error number: 176, error rate: 0.0176

--------valid for epoch 495--------
valid total number is: 10000, error number: 176, error rate: 0.0176

--------valid for epoch 496--------
valid total number is: 10000, error number: 176, error rate: 0.0176

--------valid for epoch 497--------
valid total number is: 10000, error number: 176, error rate: 0.0176

--------valid for epoch 498--------
valid total number is: 10000, error number: 176, error rate: 0.0176

--------valid for epoch 499--------
valid total number is: 10000, error number: 176, error rate: 0.0176

--------valid for epoch 500--------
valid total number is: 10000, error number: 176, error rate: 0.0176

--------valid for epoch 501--------
valid total number is: 10000, error number: 176, error rate: 0.0176

--------valid for epoch 502--------
valid total number is: 10000, error number: 176, error rate: 0.0176

--------valid for epoch 503--------
valid total number is: 10000, error number: 176, error rate: 0.0176

--------valid for epoch 504--------
valid total number is: 10000, error number: 177, error rate: 0.0177

--------valid for epoch 505--------
valid total number is: 10000, error number: 177, error rate: 0.0177

--------valid for epoch 506--------
valid total number is: 10000, error number: 177, error rate: 0.0177

--------valid for epoch 507--------
valid total number is: 10000, error number: 177, error rate: 0.0177

--------valid for epoch 508--------
valid total number is: 10000, error number: 177, error rate: 0.0177

--------valid for epoch 509--------
valid total number is: 10000, error number: 177, error rate: 0.0177

--------valid for epoch 510--------
valid total number is: 10000, error number: 177, error rate: 0.0177

--------valid for epoch 511--------
valid total number is: 10000, error number: 177, error rate: 0.0177

--------valid for epoch 512--------
valid total number is: 10000, error number: 177, error rate: 0.0177

--------valid for epoch 513--------
valid total number is: 10000, error number: 177, error rate: 0.0177

--------valid for epoch 514--------
valid total number is: 10000, error number: 176, error rate: 0.0176

--------valid for epoch 515--------
valid total number is: 10000, error number: 175, error rate: 0.0175

--------valid for epoch 516--------
valid total number is: 10000, error number: 175, error rate: 0.0175

--------valid for epoch 517--------
valid total number is: 10000, error number: 175, error rate: 0.0175

--------valid for epoch 518--------
valid total number is: 10000, error number: 174, error rate: 0.0174

--------valid for epoch 519--------
valid total number is: 10000, error number: 174, error rate: 0.0174

--------valid for epoch 520--------
valid total number is: 10000, error number: 174, error rate: 0.0174

--------valid for epoch 521--------
valid total number is: 10000, error number: 174, error rate: 0.0174

--------valid for epoch 522--------
valid total number is: 10000, error number: 174, error rate: 0.0174

--------valid for epoch 523--------
valid total number is: 10000, error number: 174, error rate: 0.0174

--------valid for epoch 524--------
valid total number is: 10000, error number: 174, error rate: 0.0174

--------valid for epoch 525--------
valid total number is: 10000, error number: 175, error rate: 0.0175

--------valid for epoch 526--------
valid total number is: 10000, error number: 175, error rate: 0.0175

--------valid for epoch 527--------
valid total number is: 10000, error number: 175, error rate: 0.0175

--------valid for epoch 528--------
valid total number is: 10000, error number: 175, error rate: 0.0175

--------valid for epoch 529--------
valid total number is: 10000, error number: 175, error rate: 0.0175

--------valid for epoch 530--------
valid total number is: 10000, error number: 175, error rate: 0.0175

--------valid for epoch 531--------
valid total number is: 10000, error number: 175, error rate: 0.0175

--------valid for epoch 532--------
valid total number is: 10000, error number: 176, error rate: 0.0176

--------valid for epoch 533--------
valid total number is: 10000, error number: 176, error rate: 0.0176

--------valid for epoch 534--------
valid total number is: 10000, error number: 176, error rate: 0.0176

--------valid for epoch 535--------
valid total number is: 10000, error number: 176, error rate: 0.0176

--------valid for epoch 536--------
valid total number is: 10000, error number: 176, error rate: 0.0176

--------valid for epoch 537--------
valid total number is: 10000, error number: 176, error rate: 0.0176

--------valid for epoch 538--------
valid total number is: 10000, error number: 176, error rate: 0.0176

--------valid for epoch 539--------
valid total number is: 10000, error number: 176, error rate: 0.0176

--------valid for epoch 540--------
valid total number is: 10000, error number: 177, error rate: 0.0177

--------valid for epoch 541--------
valid total number is: 10000, error number: 177, error rate: 0.0177

--------valid for epoch 542--------
valid total number is: 10000, error number: 176, error rate: 0.0176

--------valid for epoch 543--------
valid total number is: 10000, error number: 176, error rate: 0.0176

--------valid for epoch 544--------
valid total number is: 10000, error number: 176, error rate: 0.0176

--------valid for epoch 545--------
valid total number is: 10000, error number: 176, error rate: 0.0176

--------valid for epoch 546--------
valid total number is: 10000, error number: 176, error rate: 0.0176

--------valid for epoch 547--------
valid total number is: 10000, error number: 176, error rate: 0.0176

--------valid for epoch 548--------
valid total number is: 10000, error number: 176, error rate: 0.0176

--------valid for epoch 549--------
valid total number is: 10000, error number: 176, error rate: 0.0176

--------valid for epoch 550--------
valid total number is: 10000, error number: 176, error rate: 0.0176

--------valid for epoch 551--------
valid total number is: 10000, error number: 176, error rate: 0.0176

--------valid for epoch 552--------
valid total number is: 10000, error number: 176, error rate: 0.0176

--------valid for epoch 553--------
valid total number is: 10000, error number: 176, error rate: 0.0176

--------valid for epoch 554--------
valid total number is: 10000, error number: 176, error rate: 0.0176

--------valid for epoch 555--------
valid total number is: 10000, error number: 176, error rate: 0.0176

--------valid for epoch 556--------
valid total number is: 10000, error number: 176, error rate: 0.0176

--------valid for epoch 557--------
valid total number is: 10000, error number: 176, error rate: 0.0176

--------valid for epoch 558--------
valid total number is: 10000, error number: 176, error rate: 0.0176

--------valid for epoch 559--------
valid total number is: 10000, error number: 176, error rate: 0.0176

--------valid for epoch 560--------
valid total number is: 10000, error number: 176, error rate: 0.0176

--------valid for epoch 561--------
valid total number is: 10000, error number: 176, error rate: 0.0176

--------valid for epoch 562--------
valid total number is: 10000, error number: 176, error rate: 0.0176

--------valid for epoch 563--------
valid total number is: 10000, error number: 176, error rate: 0.0176

--------valid for epoch 564--------
valid total number is: 10000, error number: 176, error rate: 0.0176

--------valid for epoch 565--------
valid total number is: 10000, error number: 176, error rate: 0.0176

--------valid for epoch 566--------
valid total number is: 10000, error number: 176, error rate: 0.0176

--------valid for epoch 567--------
valid total number is: 10000, error number: 176, error rate: 0.0176

--------valid for epoch 568--------
valid total number is: 10000, error number: 176, error rate: 0.0176

--------valid for epoch 569--------
valid total number is: 10000, error number: 176, error rate: 0.0176

--------valid for epoch 570--------
valid total number is: 10000, error number: 176, error rate: 0.0176

--------valid for epoch 571--------
valid total number is: 10000, error number: 176, error rate: 0.0176

--------valid for epoch 572--------
valid total number is: 10000, error number: 176, error rate: 0.0176

--------valid for epoch 573--------
valid total number is: 10000, error number: 176, error rate: 0.0176

--------valid for epoch 574--------
valid total number is: 10000, error number: 176, error rate: 0.0176

--------valid for epoch 575--------
valid total number is: 10000, error number: 176, error rate: 0.0176

--------valid for epoch 576--------
valid total number is: 10000, error number: 176, error rate: 0.0176

--------valid for epoch 577--------
valid total number is: 10000, error number: 176, error rate: 0.0176

--------valid for epoch 578--------
valid total number is: 10000, error number: 176, error rate: 0.0176

--------valid for epoch 579--------
valid total number is: 10000, error number: 176, error rate: 0.0176

--------valid for epoch 580--------
valid total number is: 10000, error number: 176, error rate: 0.0176

--------valid for epoch 581--------
valid total number is: 10000, error number: 176, error rate: 0.0176

--------valid for epoch 582--------
valid total number is: 10000, error number: 176, error rate: 0.0176

--------valid for epoch 583--------
valid total number is: 10000, error number: 176, error rate: 0.0176

--------valid for epoch 584--------
valid total number is: 10000, error number: 176, error rate: 0.0176

--------valid for epoch 585--------
valid total number is: 10000, error number: 176, error rate: 0.0176
