======================================
n_epochs: 20
n_batchs: 16
minibatch: 20
input_units: 9216
hidden_units: 4096
out_units: 40
lr: -0.02
======================================
--012----04----06----013----09----037----017----03----05----035----019----010----05----038----033----031----014----038----01----035--
--532----54----527----3822----3813----380----536----521----3336----3822----3131----3520----3535----3329----3311----537----3532----1016----517----3535--
--367----3128----08----1616----3134----371----367----173----353----1222----3111----422----3212----2219----1329----3838----373----310----419----3535--
--99----736----1916----1910----1639----382----2234----3737----169----1010----1111----2727----2239----3838----1623----3520----1132----2229----328----3434--
--3639----08----219----2929----2930----344----3232----08----2915----3414----392----3636----314----3535----925----1111----3438----1921----1117----2222--
--1616----176----367----1434----1313----88----3916----1515----1414----3212----3614----825----3838----1019----1010----1624----296----3924----1426----3727--
--170----1624----123----1212----3623----1623----3939----3815----3817----1717----77----830----1218----1426----1111----88----385----44----3817----1220--
--66----1313----2323----1727----1737----1728----1727----2020----1715----33----1731----249----2525----1720----1718----430----830----3916----1919----3434--
--2222----2929----3030----2732----1010----2014----2721----2326----2017----1725----3030----3636----1528----3939----1616----1111----00----3418----2727----1919--
--1010----2831----2834----3232----199----3939----301----301----2513----2831----2828----2812----2222----3939----287----282----3013----00----1937----44--
--1625----11----111----130----1329----133----99----2525----88----1313----94----120----2121----3115----3923----3128----133----33----1325----92--
--99----2035----05----1515----00----1718----3333----3737----177----2929----3326----2018----250----252----88----2524----3636----117----3912----251--
--3016----55----1826----22----1812----3434----331----710----22----183----29----731----528----3030----272----3333----3125----76----1818----3333--
--66----3320----621----286----285----1313----2614----2626----621----11----3939----2424----3434----237----2832----88----2424----320----2423----2817--
--615----2323----2018----3737----55----2033----2929----00----2028----2035----711----3232----3131----227----1212----55----2031----3737----44----723--
--518----3333----1919----156----2024----2324----2727----2326----522----1515----14----3636----2538----2121----1010----2121----1414----3636----2226----2538--

--------valid for epoch 0--------
--1828----1818----1426----1832----107----183----2439----3319----61----2623----2434----3838----1820----158----22----2612----2637----44----2633----1835----00----99----2633----3319----2634----2416----77----3838----2416----2627----1828----44----1831----1414----1010----2425----40----2636----266----183----1515----1212----1313----1820----2611----3131----1832----2425----930----66----2636----1515----2222----3817----1313----2121----1111----2622----2929----55----332----2439----88----55----2424----3030----1837----2024----1835----2627----1818----2626----2929----1010----1717----2423----1414----99----11----2121--
valid total number is: 80, error number: 44, error rate: 0.55
--1812----44----66----1313----99----3737----1717----33----55----3535----1919----1010----185----3838----3333----3131----2614----3838----261----3535--
--1232----44----2727----2222----1313----00----3636----2121----1436----2222----3131----1220----3535----2929----1111----3737----1232----2416----1717----3535--
--77----3228----88----1616----3434----11----77----33----33----2222----1111----2222----3212----1919----2929----3838----33----00----1919----3535--
--99----3636----1616----1010----3939----122----3434----3737----99----1010----1111----2727----3939----3838----3123----2020----3232----2929----2828----3434--
--3939----88----1919----2929----3030----44----3232----88----1515----1414----22----3636----1414----3535----2525----1111----3838----2121----1717----2222--
--1616----66----77----3434----1313----88----1616----2815----1414----1212----1414----2525----3838----1919----1010----2424----66----2424----2026----2727--
--00----2424----33----1212----2323----2323----3939----1515----1717----1717----77----3030----118----2626----1111----88----55----44----1717----2020--
--66----1313----2323----2727----3737----2828----2727----2020----1515----33----3131----99----2525----2020----1818----3030----3030----1616----1919----3434--
--2222----2929----3030----3232----1010----1414----2121----2626----1717----2525----3030----3636----2828----3939----1616----1111----00----1818----2727----3319--
--1010----3131----3434----3232----99----3939----11----11----1313----3131----2828----1212----3222----3939----77----22----1313----00----3737----44--
--2525----11----1111----3030----2929----2033----99----2525----88----1313----44----2020----2121----1515----2323----2828----3333----33----2525----22--
--99----3535----55----1515----00----2618----3333----3737----77----2929----2626----3118----00----22----88----2424----3636----77----1212----11--
--1616----55----2626----22----1212----3434----11----1010----22----33----99----3131----2828----3030----22----3333----2525----66----1818----3333--
--66----1820----2121----66----55----1313----1414----2626----2121----11----3939----2424----3434----77----3232----88----2424----2020----2323----1717--
--1515----2323----1818----3737----55----3333----2929----00----2828----3535----1111----3232----3131----2727----1212----55----3131----3737----44----2323--
--1818----3333----1919----66----2424----2424----2727----2626----2222----1515----44----3636----3838----2121----1010----2121----1414----3636----2626----3838--

--------valid for epoch 1--------
--1528----1818----1426----2032----237----33----2239----1919----11----1923----2434----3838----2020----88----222----3312----3737----44----3333----2035----150----99----3333----3319----3434----2216----77----3838----1616----2427----2828----44----1531----1414----1010----2525----150----3636----216----33----1515----1212----1313----2020----1111----2031----3232----2525----930----66----3636----1515----2222----1717----1313----2121----1111----3322----2929----55----192----2639----88----55----2424----3030----2737----924----2035----2027----1818----3626----2929----1010----1717----2323----2014----99----11----2121--
valid total number is: 80, error number: 28, error rate: 0.35
--1212----44----66----1313----99----3737----1717----33----55----3535----1919----1010----55----3838----3333----2031----1414----3838----11----3535--
--3232----44----2727----2222----1313----00----3636----2121----3636----2222----3131----2020----3535----2929----1111----3737----3232----1616----1717----3535--
--77----2828----88----1616----3434----11----77----33----33----2222----1111----2222----1212----1919----2929----3838----33----00----1919----3535--
--99----3636----1616----1010----3939----22----3434----3737----99----1010----1111----2727----3939----3838----2323----2020----3232----2929----2828----3434--
--3939----88----1919----2929----3030----44----3232----88----1515----1414----22----3636----1414----3535----2525----1111----3838----2121----1717----2222--
--1616----66----77----3434----1313----88----1616----1515----1414----1212----1414----2525----3838----1919----1010----2424----66----2424----2626----2727--
--00----2424----33----1212----2323----2323----3939----1515----1717----1717----77----3030----1818----2626----1111----88----55----44----1717----2020--
--66----1313----2323----2727----3737----2828----2727----2020----1515----33----3131----99----2525----2020----1818----3030----3030----1616----1919----3434--
--2222----2929----3030----3232----1010----1414----2121----2626----1717----2525----3030----3636----2828----3939----1616----1111----00----1818----2727----1919--
--1010----3131----3434----3232----99----3939----11----11----1313----3131----2828----1212----2222----3939----77----22----1313----00----3737----44--
--2525----11----1111----3030----2929----3333----99----2525----88----1313----44----2020----2121----1515----2323----2828----3333----33----2525----22--
--99----3535----55----1515----00----1818----3333----3737----77----2929----2626----1818----00----22----88----2424----3636----77----1212----11--
--1616----55----2626----22----1212----3434----11----1010----22----33----99----3131----2828----3030----22----3333----2525----66----1818----3333--
--66----2020----2121----66----55----1313----1414----2626----2121----11----3939----2424----3434----77----3232----88----2424----2020----2323----1717--
--1515----2323----1818----3737----55----3333----2929----00----2828----3535----1111----3232----3131----2727----1212----55----3131----3737----44----2323--
--1818----3333----1919----66----2424----2424----2727----2626----2222----1515----44----3636----3838----2121----1010----2121----1414----3636----2626----3838--

--------valid for epoch 2--------
--1528----1818----1426----2032----237----33----2239----1919----11----1923----2434----3838----2020----88----222----1712----3737----44----3333----2035----150----99----3333----3319----3434----2216----77----3838----1616----2427----2828----44----3131----1414----1010----2525----150----3636----66----33----1515----1212----1313----2020----1111----3131----3232----2525----930----66----3636----1515----2222----1717----1313----2121----1111----3322----2929----55----192----2639----88----55----2424----3030----2737----924----3535----2727----1818----3626----2929----1010----1717----2323----1414----99----11----2121--
valid total number is: 80, error number: 22, error rate: 0.275
--1212----44----66----1313----99----3737----1717----33----55----3535----1919----1010----55----3838----3333----3131----1414----3838----11----3535--
--3232----44----2727----2222----1313----00----3636----2121----3636----2222----3131----2020----3535----2929----1111----3737----3232----1616----1717----3535--
--77----2828----88----1616----3434----11----77----33----33----2222----1111----2222----1212----1919----2929----3838----33----00----1919----3535--
--99----3636----1616----1010----3939----22----3434----3737----99----1010----1111----2727----3939----3838----2323----2020----3232----2929----2828----3434--
--3939----88----1919----2929----3030----44----3232----88----1515----1414----22----3636----1414----3535----2525----1111----3838----2121----1717----2222--
--1616----66----77----3434----1313----88----1616----1515----1414----1212----1414----2525----3838----1919----1010----2424----66----2424----2626----2727--
--00----2424----33----1212----2323----2323----3939----1515----1717----1717----77----3030----1818----2626----1111----88----55----44----1717----2020--
--66----1313----2323----2727----3737----2828----2727----2020----1515----33----3131----99----2525----2020----1818----3030----3030----1616----1919----3434--
--2222----2929----3030----3232----1010----1414----2121----2626----1717----2525----3030----3636----2828----3939----1616----1111----00----1818----2727----1919--
--1010----3131----3434----3232----99----3939----11----11----1313----3131----2828----1212----2222----3939----77----22----1313----00----3737----44--
--2525----11----1111----3030----2929----3333----99----2525----88----1313----44----2020----2121----1515----2323----2828----3333----33----2525----22--
--99----3535----55----1515----00----1818----3333----3737----77----2929----2626----1818----00----22----88----2424----3636----77----1212----11--
--1616----55----2626----22----1212----3434----11----1010----22----33----99----3131----2828----3030----22----3333----2525----66----1818----3333--
--66----2020----2121----66----55----1313----1414----2626----2121----11----3939----2424----3434----77----3232----88----2424----2020----2323----1717--
--1515----2323----1818----3737----55----3333----2929----00----2828----3535----1111----3232----3131----2727----1212----55----3131----3737----44----2323--
--1818----3333----1919----66----2424----2424----2727----2626----2222----1515----44----3636----3838----2121----1010----2121----1414----3636----2626----3838--

--------valid for epoch 3--------
--1528----1818----1426----2032----237----33----2239----1919----11----1923----2434----3838----2020----88----222----1712----3737----44----3333----2035----150----99----3333----3319----3434----2216----77----3838----1616----2427----2828----44----3131----1414----1010----2525----150----3636----66----33----1515----1212----1313----2020----1111----3131----3232----2525----930----66----3636----1515----2222----1717----1313----2121----1111----3322----2929----55----192----2639----88----55----2424----3030----2737----924----3535----2727----1818----3626----2929----1010----1717----2323----1414----99----11----2121--
valid total number is: 80, error number: 22, error rate: 0.275
--1212----44----66----1313----99----3737----1717----33----55----3535----1919----1010----55----3838----3333----3131----1414----3838----11----3535--
--3232----44----2727----2222----1313----00----3636----2121----3636----2222----3131----2020----3535----2929----1111----3737----3232----1616----1717----3535--
--77----2828----88----1616----3434----11----77----33----33----2222----1111----2222----1212----1919----2929----3838----33----00----1919----3535--
--99----3636----1616----1010----3939----22----3434----3737----99----1010----1111----2727----3939----3838----2323----2020----3232----2929----2828----3434--
--3939----88----1919----2929----3030----44----3232----88----1515----1414----22----3636----1414----3535----2525----1111----3838----2121----1717----2222--
--1616----66----77----3434----1313----88----1616----1515----1414----1212----1414----2525----3838----1919----1010----2424----66----2424----2626----2727--
--00----2424----33----1212----2323----2323----3939----1515----1717----1717----77----3030----1818----2626----1111----88----55----44----1717----2020--
--66----1313----2323----2727----3737----2828----2727----2020----1515----33----3131----99----2525----2020----1818----3030----3030----1616----1919----3434--
--2222----2929----3030----3232----1010----1414----2121----2626----1717----2525----3030----3636----2828----3939----1616----1111----00----1818----2727----1919--
--1010----3131----3434----3232----99----3939----11----11----1313----3131----2828----1212----2222----3939----77----22----1313----00----3737----44--
--2525----11----1111----3030----2929----3333----99----2525----88----1313----44----2020----2121----1515----2323----2828----3333----33----2525----22--
--99----3535----55----1515----00----1818----3333----3737----77----2929----2626----1818----00----22----88----2424----3636----77----1212----11--
--1616----55----2626----22----1212----3434----11----1010----22----33----99----3131----2828----3030----22----3333----2525----66----1818----3333--
--66----2020----2121----66----55----1313----1414----2626----2121----11----3939----2424----3434----77----3232----88----2424----2020----2323----1717--
--1515----2323----1818----3737----55----3333----2929----00----2828----3535----1111----3232----3131----2727----1212----55----3131----3737----44----2323--
--1818----3333----1919----66----2424----2424----2727----2626----2222----1515----44----3636----3838----2121----1010----2121----1414----3636----2626----3838--

--------valid for epoch 4--------
--1528----1818----1426----2032----237----33----2239----1919----11----1923----2434----3838----2020----88----222----1712----3737----44----3333----2035----150----99----3333----3319----3434----2216----77----3838----1616----2427----2828----44----3131----1414----1010----2525----150----3636----66----33----1515----1212----1313----2020----1111----3131----3232----2525----930----66----3636----1515----2222----1717----1313----2121----1111----3322----2929----55----192----2639----88----55----2424----3030----2737----924----3535----2727----1818----3626----2929----1010----1717----2323----1414----99----11----2121--
valid total number is: 80, error number: 22, error rate: 0.275
--1212----44----66----1313----99----3737----1717----33----55----3535----1919----1010----55----3838----3333----3131----1414----3838----11----3535--
--3232----44----2727----2222----1313----00----3636----2121----3636----2222----3131----2020----3535----2929----1111----3737----3232----1616----1717----3535--
--77----2828----88----1616----3434----11----77----33----33----2222----1111----2222----1212----1919----2929----3838----33----00----1919----3535--
--99----3636----1616----1010----3939----22----3434----3737----99----1010----1111----2727----3939----3838----2323----2020----3232----2929----2828----3434--
--3939----88----1919----2929----3030----44----3232----88----1515----1414----22----3636----1414----3535----2525----1111----3838----2121----1717----2222--
--1616----66----77----3434----1313----88----1616----1515----1414----1212----1414----2525----3838----1919----1010----2424----66----2424----2626----2727--
--00----2424----33----1212----2323----2323----3939----1515----1717----1717----77----3030----1818----2626----1111----88----55----44----1717----2020--
--66----1313----2323----2727----3737----2828----2727----2020----1515----33----3131----99----2525----2020----1818----3030----3030----1616----1919----3434--
--2222----2929----3030----3232----1010----1414----2121----2626----1717----2525----3030----3636----2828----3939----1616----1111----00----1818----2727----1919--
--1010----3131----3434----3232----99----3939----11----11----1313----3131----2828----1212----2222----3939----77----22----1313----00----3737----44--
--2525----11----1111----3030----2929----3333----99----2525----88----1313----44----2020----2121----1515----2323----2828----3333----33----2525----22--
--99----3535----55----1515----00----1818----3333----3737----77----2929----2626----1818----00----22----88----2424----3636----77----1212----11--
--1616----55----2626----22----1212----3434----11----1010----22----33----99----3131----2828----3030----22----3333----2525----66----1818----3333--
--66----2020----2121----66----55----1313----1414----2626----2121----11----3939----2424----3434----77----3232----88----2424----2020----2323----1717--
--1515----2323----1818----3737----55----3333----2929----00----2828----3535----1111----3232----3131----2727----1212----55----3131----3737----44----2323--
--1818----3333----1919----66----2424----2424----2727----2626----2222----1515----44----3636----3838----2121----1010----2121----1414----3636----2626----3838--

--------valid for epoch 5--------
--1528----1818----1426----2032----237----33----2239----1919----11----1923----2434----3838----2020----88----222----1712----3737----44----3333----2035----150----99----3333----3319----3434----2216----77----3838----1616----2427----2828----44----3131----1414----1010----2525----150----3636----66----33----1515----1212----1313----2020----1111----3131----3232----2525----930----66----3636----1515----2222----1717----1313----2121----1111----3322----2929----55----192----2639----88----55----2424----3030----2737----924----3535----2727----1818----3626----2929----1010----1717----2323----1414----99----11----2121--
valid total number is: 80, error number: 22, error rate: 0.275
--1212----44----66----1313----99----3737----1717----33----55----3535----1919----1010----55----3838----3333----3131----1414----3838----11----3535--
--3232----44----2727----2222----1313----00----3636----2121----3636----2222----3131----2020----3535----2929----1111----3737----3232----1616----1717----3535--
--77----2828----88----1616----3434----11----77----33----33----2222----1111----2222----1212----1919----2929----3838----33----00----1919----3535--
--99----3636----1616----1010----3939----22----3434----3737----99----1010----1111----2727----3939----3838----2323----2020----3232----2929----2828----3434--
--3939----88----1919----2929----3030----44----3232----88----1515----1414----22----3636----1414----3535----2525----1111----3838----2121----1717----2222--
--1616----66----77----3434----1313----88----1616----1515----1414----1212----1414----2525----3838----1919----1010----2424----66----2424----2626----2727--
--00----2424----33----1212----2323----2323----3939----1515----1717----1717----77----3030----1818----2626----1111----88----55----44----1717----2020--
--66----1313----2323----2727----3737----2828----2727----2020----1515----33----3131----99----2525----2020----1818----3030----3030----1616----1919----3434--
--2222----2929----3030----3232----1010----1414----2121----2626----1717----2525----3030----3636----2828----3939----1616----1111----00----1818----2727----1919--
--1010----3131----3434----3232----99----3939----11----11----1313----3131----2828----1212----2222----3939----77----22----1313----00----3737----44--
--2525----11----1111----3030----2929----3333----99----2525----88----1313----44----2020----2121----1515----2323----2828----3333----33----2525----22--
--99----3535----55----1515----00----1818----3333----3737----77----2929----2626----1818----00----22----88----2424----3636----77----1212----11--
--1616----55----2626----22----1212----3434----11----1010----22----33----99----3131----2828----3030----22----3333----2525----66----1818----3333--
--66----2020----2121----66----55----1313----1414----2626----2121----11----3939----2424----3434----77----3232----88----2424----2020----2323----1717--
--1515----2323----1818----3737----55----3333----2929----00----2828----3535----1111----3232----3131----2727----1212----55----3131----3737----44----2323--
--1818----3333----1919----66----2424----2424----2727----2626----2222----1515----44----3636----3838----2121----1010----2121----1414----3636----2626----3838--

--------valid for epoch 6--------
--1528----1818----1426----2032----237----33----2239----1919----11----1923----2434----3838----2020----88----222----1712----3737----44----3333----2035----150----99----3333----3319----3434----2216----77----3838----1616----2427----2828----44----3131----1414----1010----2525----150----3636----66----33----1515----1212----1313----2020----1111----3131----3232----2525----930----66----3636----1515----2222----1717----1313----2121----1111----3322----2929----55----192----2639----88----55----2424----3030----2737----924----3535----2727----1818----3626----2929----1010----1717----2323----1414----99----11----2121--
valid total number is: 80, error number: 22, error rate: 0.275
--1212----44----66----1313----99----3737----1717----33----55----3535----1919----1010----55----3838----3333----3131----1414----3838----11----3535--
--3232----44----2727----2222----1313----00----3636----2121----3636----2222----3131----2020----3535----2929----1111----3737----3232----1616----1717----3535--
--77----2828----88----1616----3434----11----77----33----33----2222----1111----2222----1212----1919----2929----3838----33----00----1919----3535--
--99----3636----1616----1010----3939----22----3434----3737----99----1010----1111----2727----3939----3838----2323----2020----3232----2929----2828----3434--
--3939----88----1919----2929----3030----44----3232----88----1515----1414----22----3636----1414----3535----2525----1111----3838----2121----1717----2222--
--1616----66----77----3434----1313----88----1616----1515----1414----1212----1414----2525----3838----1919----1010----2424----66----2424----2626----2727--
--00----2424----33----1212----2323----2323----3939----1515----1717----1717----77----3030----1818----2626----1111----88----55----44----1717----2020--
--66----1313----2323----2727----3737----2828----2727----2020----1515----33----3131----99----2525----2020----1818----3030----3030----1616----1919----3434--
--2222----2929----3030----3232----1010----1414----2121----2626----1717----2525----3030----3636----2828----3939----1616----1111----00----1818----2727----1919--
--1010----3131----3434----3232----99----3939----11----11----1313----3131----2828----1212----2222----3939----77----22----1313----00----3737----44--
--2525----11----1111----3030----2929----3333----99----2525----88----1313----44----2020----2121----1515----2323----2828----3333----33----2525----22--
--99----3535----55----1515----00----1818----3333----3737----77----2929----2626----1818----00----22----88----2424----3636----77----1212----11--
--1616----55----2626----22----1212----3434----11----1010----22----33----99----3131----2828----3030----22----3333----2525----66----1818----3333--
--66----2020----2121----66----55----1313----1414----2626----2121----11----3939----2424----3434----77----3232----88----2424----2020----2323----1717--
--1515----2323----1818----3737----55----3333----2929----00----2828----3535----1111----3232----3131----2727----1212----55----3131----3737----44----2323--
--1818----3333----1919----66----2424----2424----2727----2626----2222----1515----44----3636----3838----2121----1010----2121----1414----3636----2626----3838--

--------valid for epoch 7--------
--1528----1818----1426----2032----237----33----2239----1919----11----1923----2434----3838----2020----88----222----1712----3737----44----3333----2035----150----99----3333----3319----3434----2216----77----3838----1616----2427----2828----44----3131----1414----1010----2525----150----3636----66----33----1515----1212----1313----2020----1111----3131----3232----2525----930----66----3636----1515----2222----1717----1313----2121----1111----3322----2929----55----192----1639----88----55----2424----3030----2737----924----3535----2727----1818----3626----2929----1010----1717----2323----1414----99----11----2121--
valid total number is: 80, error number: 22, error rate: 0.275
--1212----44----66----1313----99----3737----1717----33----55----3535----1919----1010----55----3838----3333----3131----1414----3838----11----3535--
--3232----44----2727----2222----1313----00----3636----2121----3636----2222----3131----2020----3535----2929----1111----3737----3232----1616----1717----3535--
--77----2828----88----1616----3434----11----77----33----33----2222----1111----2222----1212----1919----2929----3838----33----00----1919----3535--
--99----3636----1616----1010----3939----22----3434----3737----99----1010----1111----2727----3939----3838----2323----2020----3232----2929----2828----3434--
--3939----88----1919----2929----3030----44----3232----88----1515----1414----22----3636----1414----3535----2525----1111----3838----2121----1717----2222--
--1616----66----77----3434----1313----88----1616----1515----1414----1212----1414----2525----3838----1919----1010----2424----66----2424----2626----2727--
--00----2424----33----1212----2323----2323----3939----1515----1717----1717----77----3030----1818----2626----1111----88----55----44----1717----2020--
--66----1313----2323----2727----3737----2828----2727----2020----1515----33----3131----99----2525----2020----1818----3030----3030----1616----1919----3434--
--2222----2929----3030----3232----1010----1414----2121----2626----1717----2525----3030----3636----2828----3939----1616----1111----00----1818----2727----1919--
--1010----3131----3434----3232----99----3939----11----11----1313----3131----2828----1212----2222----3939----77----22----1313----00----3737----44--
--2525----11----1111----3030----2929----3333----99----2525----88----1313----44----2020----2121----1515----2323----2828----3333----33----2525----22--
--99----3535----55----1515----00----1818----3333----3737----77----2929----2626----1818----00----22----88----2424----3636----77----1212----11--
--1616----55----2626----22----1212----3434----11----1010----22----33----99----3131----2828----3030----22----3333----2525----66----1818----3333--
--66----2020----2121----66----55----1313----1414----2626----2121----11----3939----2424----3434----77----3232----88----2424----2020----2323----1717--
--1515----2323----1818----3737----55----3333----2929----00----2828----3535----1111----3232----3131----2727----1212----55----3131----3737----44----2323--
--1818----3333----1919----66----2424----2424----2727----2626----2222----1515----44----3636----3838----2121----1010----2121----1414----3636----2626----3838--

--------valid for epoch 8--------
--1528----1818----1426----2032----237----33----2239----1919----11----1923----2434----3838----2020----88----222----1712----3737----44----3333----2035----150----99----3333----3319----3434----2216----77----3838----1616----2427----2828----44----3131----1414----1010----2525----150----3636----66----33----1515----1212----1313----2020----1111----3131----3232----2525----930----66----3636----1515----2222----1717----1313----2121----1111----3322----2929----55----192----1639----88----55----2424----3030----2737----924----3535----2727----1818----3626----2929----1010----1717----2323----1414----99----11----2121--
valid total number is: 80, error number: 22, error rate: 0.275
--1212----44----66----1313----99----3737----1717----33----55----3535----1919----1010----55----3838----3333----3131----1414----3838----11----3535--
--3232----44----2727----2222----1313----00----3636----2121----3636----2222----3131----2020----3535----2929----1111----3737----3232----1616----1717----3535--
--77----2828----88----1616----3434----11----77----33----33----2222----1111----2222----1212----1919----2929----3838----33----00----1919----3535--
--99----3636----1616----1010----3939----22----3434----3737----99----1010----1111----2727----3939----3838----2323----2020----3232----2929----2828----3434--
--3939----88----1919----2929----3030----44----3232----88----1515----1414----22----3636----1414----3535----2525----1111----3838----2121----1717----2222--
--1616----66----77----3434----1313----88----1616----1515----1414----1212----1414----2525----3838----1919----1010----2424----66----2424----2626----2727--
--00----2424----33----1212----2323----2323----3939----1515----1717----1717----77----3030----1818----2626----1111----88----55----44----1717----2020--
--66----1313----2323----2727----3737----2828----2727----2020----1515----33----3131----99----2525----2020----1818----3030----3030----1616----1919----3434--
--2222----2929----3030----3232----1010----1414----2121----2626----1717----2525----3030----3636----2828----3939----1616----1111----00----1818----2727----1919--
--1010----3131----3434----3232----99----3939----11----11----1313----3131----2828----1212----2222----3939----77----22----1313----00----3737----44--
--2525----11----1111----3030----2929----3333----99----2525----88----1313----44----2020----2121----1515----2323----2828----3333----33----2525----22--
--99----3535----55----1515----00----1818----3333----3737----77----2929----2626----1818----00----22----88----2424----3636----77----1212----11--
--1616----55----2626----22----1212----3434----11----1010----22----33----99----3131----2828----3030----22----3333----2525----66----1818----3333--
--66----2020----2121----66----55----1313----1414----2626----2121----11----3939----2424----3434----77----3232----88----2424----2020----2323----1717--
--1515----2323----1818----3737----55----3333----2929----00----2828----3535----1111----3232----3131----2727----1212----55----3131----3737----44----2323--
--1818----3333----1919----66----2424----2424----2727----2626----2222----1515----44----3636----3838----2121----1010----2121----1414----3636----2626----3838--

--------valid for epoch 9--------
--1528----1818----1426----2032----237----33----2239----1919----11----1923----2434----3838----2020----88----222----1712----3737----44----3333----2035----150----99----3333----3319----3434----2216----77----3838----1616----2427----2828----44----3131----1414----1010----2525----150----3636----66----33----1515----1212----1313----2020----1111----3131----3232----2525----930----66----3636----1515----2222----1717----1313----2121----1111----2222----2929----55----192----1639----88----55----2424----3030----2737----924----3535----2727----1818----3626----2929----1010----1717----2323----1414----99----11----2121--
valid total number is: 80, error number: 21, error rate: 0.2625
--1212----44----66----1313----99----3737----1717----33----55----3535----1919----1010----55----3838----3333----3131----1414----3838----11----3535--
--3232----44----2727----2222----1313----00----3636----2121----3636----2222----3131----2020----3535----2929----1111----3737----3232----1616----1717----3535--
--77----2828----88----1616----3434----11----77----33----33----2222----1111----2222----1212----1919----2929----3838----33----00----1919----3535--
--99----3636----1616----1010----3939----22----3434----3737----99----1010----1111----2727----3939----3838----2323----2020----3232----2929----2828----3434--
--3939----88----1919----2929----3030----44----3232----88----1515----1414----22----3636----1414----3535----2525----1111----3838----2121----1717----2222--
--1616----66----77----3434----1313----88----1616----1515----1414----1212----1414----2525----3838----1919----1010----2424----66----2424----2626----2727--
--00----2424----33----1212----2323----2323----3939----1515----1717----1717----77----3030----1818----2626----1111----88----55----44----1717----2020--
--66----1313----2323----2727----3737----2828----2727----2020----1515----33----3131----99----2525----2020----1818----3030----3030----1616----1919----3434--
--2222----2929----3030----3232----1010----1414----2121----2626----1717----2525----3030----3636----2828----3939----1616----1111----00----1818----2727----1919--
--1010----3131----3434----3232----99----3939----11----11----1313----3131----2828----1212----2222----3939----77----22----1313----00----3737----44--
--2525----11----1111----3030----2929----3333----99----2525----88----1313----44----2020----2121----1515----2323----2828----3333----33----2525----22--
--99----3535----55----1515----00----1818----3333----3737----77----2929----2626----1818----00----22----88----2424----3636----77----1212----11--
--1616----55----2626----22----1212----3434----11----1010----22----33----99----3131----2828----3030----22----3333----2525----66----1818----3333--
--66----2020----2121----66----55----1313----1414----2626----2121----11----3939----2424----3434----77----3232----88----2424----2020----2323----1717--
--1515----2323----1818----3737----55----3333----2929----00----2828----3535----1111----3232----3131----2727----1212----55----3131----3737----44----2323--
--1818----3333----1919----66----2424----2424----2727----2626----2222----1515----44----3636----3838----2121----1010----2121----1414----3636----2626----3838--

--------valid for epoch 10--------
--1528----1818----1426----2032----237----33----2239----1919----11----1923----2434----3838----2020----88----222----1712----3737----44----3333----2035----150----99----3333----3319----3434----2216----77----3838----1616----2427----2828----44----3131----1414----1010----2525----150----3636----66----33----1515----1212----1313----2020----1111----3131----3232----2525----930----66----3636----1515----2222----1717----1313----2121----1111----2222----2929----55----192----1639----88----55----2424----3030----2737----924----3535----2727----1818----3626----2929----1010----1717----2323----1414----99----11----2121--
valid total number is: 80, error number: 21, error rate: 0.2625
--1212----44----66----1313----99----3737----1717----33----55----3535----1919----1010----55----3838----3333----3131----1414----3838----11----3535--
--3232----44----2727----2222----1313----00----3636----2121----3636----2222----3131----2020----3535----2929----1111----3737----3232----1616----1717----3535--
--77----2828----88----1616----3434----11----77----33----33----2222----1111----2222----1212----1919----2929----3838----33----00----1919----3535--
--99----3636----1616----1010----3939----22----3434----3737----99----1010----1111----2727----3939----3838----2323----2020----3232----2929----2828----3434--
--3939----88----1919----2929----3030----44----3232----88----1515----1414----22----3636----1414----3535----2525----1111----3838----2121----1717----2222--
--1616----66----77----3434----1313----88----1616----1515----1414----1212----1414----2525----3838----1919----1010----2424----66----2424----2626----2727--
--00----2424----33----1212----2323----2323----3939----1515----1717----1717----77----3030----1818----2626----1111----88----55----44----1717----2020--
--66----1313----2323----2727----3737----2828----2727----2020----1515----33----3131----99----2525----2020----1818----3030----3030----1616----1919----3434--
--2222----2929----3030----3232----1010----1414----2121----2626----1717----2525----3030----3636----2828----3939----1616----1111----00----1818----2727----1919--
--1010----3131----3434----3232----99----3939----11----11----1313----3131----2828----1212----2222----3939----77----22----1313----00----3737----44--
--2525----11----1111----3030----2929----3333----99----2525----88----1313----44----2020----2121----1515----2323----2828----3333----33----2525----22--
--99----3535----55----1515----00----1818----3333----3737----77----2929----2626----1818----00----22----88----2424----3636----77----1212----11--
--1616----55----2626----22----1212----3434----11----1010----22----33----99----3131----2828----3030----22----3333----2525----66----1818----3333--
--66----2020----2121----66----55----1313----1414----2626----2121----11----3939----2424----3434----77----3232----88----2424----2020----2323----1717--
--1515----2323----1818----3737----55----3333----2929----00----2828----3535----1111----3232----3131----2727----1212----55----3131----3737----44----2323--
--1818----3333----1919----66----2424----2424----2727----2626----2222----1515----44----3636----3838----2121----1010----2121----1414----3636----2626----3838--

--------valid for epoch 11--------
--1528----1818----1426----2032----237----33----2239----1919----11----1923----2434----3838----2020----88----222----1712----3737----44----3333----2035----150----99----3333----3319----3434----2216----77----3838----1616----2427----2828----44----3131----1414----1010----2525----150----3636----66----33----1515----1212----1313----2020----1111----3131----3232----2525----930----66----3636----1515----2222----1717----1313----2121----1111----2222----2929----55----192----1639----88----55----2424----3030----2737----924----3535----2727----1818----3626----2929----1010----1717----2323----1414----99----11----2121--
valid total number is: 80, error number: 21, error rate: 0.2625
--1212----44----66----1313----99----3737----1717----33----55----3535----1919----1010----55----3838----3333----3131----1414----3838----11----3535--
--3232----44----2727----2222----1313----00----3636----2121----3636----2222----3131----2020----3535----2929----1111----3737----3232----1616----1717----3535--
--77----2828----88----1616----3434----11----77----33----33----2222----1111----2222----1212----1919----2929----3838----33----00----1919----3535--
--99----3636----1616----1010----3939----22----3434----3737----99----1010----1111----2727----3939----3838----2323----2020----3232----2929----2828----3434--
--3939----88----1919----2929----3030----44----3232----88----1515----1414----22----3636----1414----3535----2525----1111----3838----2121----1717----2222--
--1616----66----77----3434----1313----88----1616----1515----1414----1212----1414----2525----3838----1919----1010----2424----66----2424----2626----2727--
--00----2424----33----1212----2323----2323----3939----1515----1717----1717----77----3030----1818----2626----1111----88----55----44----1717----2020--
--66----1313----2323----2727----3737----2828----2727----2020----1515----33----3131----99----2525----2020----1818----3030----3030----1616----1919----3434--
--2222----2929----3030----3232----1010----1414----2121----2626----1717----2525----3030----3636----2828----3939----1616----1111----00----1818----2727----1919--
--1010----3131----3434----3232----99----3939----11----11----1313----3131----2828----1212----2222----3939----77----22----1313----00----3737----44--
--2525----11----1111----3030----2929----3333----99----2525----88----1313----44----2020----2121----1515----2323----2828----3333----33----2525----22--
--99----3535----55----1515----00----1818----3333----3737----77----2929----2626----1818----00----22----88----2424----3636----77----1212----11--
--1616----55----2626----22----1212----3434----11----1010----22----33----99----3131----2828----3030----22----3333----2525----66----1818----3333--
--66----2020----2121----66----55----1313----1414----2626----2121----11----3939----2424----3434----77----3232----88----2424----2020----2323----1717--
--1515----2323----1818----3737----55----3333----2929----00----2828----3535----1111----3232----3131----2727----1212----55----3131----3737----44----2323--
--1818----3333----1919----66----2424----2424----2727----2626----2222----1515----44----3636----3838----2121----1010----2121----1414----3636----2626----3838--

--------valid for epoch 12--------
--1528----1818----1426----2032----237----33----2239----1919----11----1923----2434----3838----2020----88----222----1712----3737----44----3333----2035----150----99----3333----3319----3434----2216----77----3838----1616----2427----2828----44----3131----1414----1010----2525----150----3636----66----33----1515----1212----1313----2020----1111----3131----3232----2525----930----66----3636----1515----2222----1717----1313----2121----1111----2222----2929----55----192----1639----88----55----2424----3030----2737----924----3535----2727----1818----3626----2929----1010----1717----2323----1414----99----11----2121--
valid total number is: 80, error number: 21, error rate: 0.2625
--1212----44----66----1313----99----3737----1717----33----55----3535----1919----1010----55----3838----3333----3131----1414----3838----11----3535--
--3232----44----2727----2222----1313----00----3636----2121----3636----2222----3131----2020----3535----2929----1111----3737----3232----1616----1717----3535--
--77----2828----88----1616----3434----11----77----33----33----2222----1111----2222----1212----1919----2929----3838----33----00----1919----3535--
--99----3636----1616----1010----3939----22----3434----3737----99----1010----1111----2727----3939----3838----2323----2020----3232----2929----2828----3434--
--3939----88----1919----2929----3030----44----3232----88----1515----1414----22----3636----1414----3535----2525----1111----3838----2121----1717----2222--
--1616----66----77----3434----1313----88----1616----1515----1414----1212----1414----2525----3838----1919----1010----2424----66----2424----2626----2727--
--00----2424----33----1212----2323----2323----3939----1515----1717----1717----77----3030----1818----2626----1111----88----55----44----1717----2020--
--66----1313----2323----2727----3737----2828----2727----2020----1515----33----3131----99----2525----2020----1818----3030----3030----1616----1919----3434--
--2222----2929----3030----3232----1010----1414----2121----2626----1717----2525----3030----3636----2828----3939----1616----1111----00----1818----2727----1919--
--1010----3131----3434----3232----99----3939----11----11----1313----3131----2828----1212----2222----3939----77----22----1313----00----3737----44--
--2525----11----1111----3030----2929----3333----99----2525----88----1313----44----2020----2121----1515----2323----2828----3333----33----2525----22--
--99----3535----55----1515----00----1818----3333----3737----77----2929----2626----1818----00----22----88----2424----3636----77----1212----11--
--1616----55----2626----22----1212----3434----11----1010----22----33----99----3131----2828----3030----22----3333----2525----66----1818----3333--
--66----2020----2121----66----55----1313----1414----2626----2121----11----3939----2424----3434----77----3232----88----2424----2020----2323----1717--
--1515----2323----1818----3737----55----3333----2929----00----2828----3535----1111----3232----3131----2727----1212----55----3131----3737----44----2323--
--1818----3333----1919----66----2424----2424----2727----2626----2222----1515----44----3636----3838----2121----1010----2121----1414----3636----2626----3838--

--------valid for epoch 13--------
--1528----1818----1426----2032----237----33----2239----1919----11----1923----2434----3838----2020----88----222----1712----3737----44----3333----2035----150----99----3333----3319----3434----2216----77----3838----1616----2427----2828----44----3131----1414----1010----2525----150----3636----66----33----1515----1212----1313----2020----1111----3131----3232----2525----930----66----3636----1515----2222----1717----1313----2121----1111----2222----2929----55----192----1639----88----55----2424----3030----2737----924----3535----2727----1818----3626----2929----1010----1717----2323----1414----99----11----2121--
valid total number is: 80, error number: 21, error rate: 0.2625
--1212----44----66----1313----99----3737----1717----33----55----3535----1919----1010----55----3838----3333----3131----1414----3838----11----3535--
--3232----44----2727----2222----1313----00----3636----2121----3636----2222----3131----2020----3535----2929----1111----3737----3232----1616----1717----3535--
--77----2828----88----1616----3434----11----77----33----33----2222----1111----2222----1212----1919----2929----3838----33----00----1919----3535--
--99----3636----1616----1010----3939----22----3434----3737----99----1010----1111----2727----3939----3838----2323----2020----3232----2929----2828----3434--
--3939----88----1919----2929----3030----44----3232----88----1515----1414----22----3636----1414----3535----2525----1111----3838----2121----1717----2222--
--1616----66----77----3434----1313----88----1616----1515----1414----1212----1414----2525----3838----1919----1010----2424----66----2424----2626----2727--
--00----2424----33----1212----2323----2323----3939----1515----1717----1717----77----3030----1818----2626----1111----88----55----44----1717----2020--
--66----1313----2323----2727----3737----2828----2727----2020----1515----33----3131----99----2525----2020----1818----3030----3030----1616----1919----3434--
--2222----2929----3030----3232----1010----1414----2121----2626----1717----2525----3030----3636----2828----3939----1616----1111----00----1818----2727----1919--
--1010----3131----3434----3232----99----3939----11----11----1313----3131----2828----1212----2222----3939----77----22----1313----00----3737----44--
--2525----11----1111----3030----2929----3333----99----2525----88----1313----44----2020----2121----1515----2323----2828----3333----33----2525----22--
--99----3535----55----1515----00----1818----3333----3737----77----2929----2626----1818----00----22----88----2424----3636----77----1212----11--
--1616----55----2626----22----1212----3434----11----1010----22----33----99----3131----2828----3030----22----3333----2525----66----1818----3333--
--66----2020----2121----66----55----1313----1414----2626----2121----11----3939----2424----3434----77----3232----88----2424----2020----2323----1717--
--1515----2323----1818----3737----55----3333----2929----00----2828----3535----1111----3232----3131----2727----1212----55----3131----3737----44----2323--
--1818----3333----1919----66----2424----2424----2727----2626----2222----1515----44----3636----3838----2121----1010----2121----1414----3636----2626----3838--

--------valid for epoch 14--------
--1528----1818----1426----2032----237----33----2239----1919----11----1923----2434----3838----2020----88----222----1712----3737----44----3333----2035----150----99----3333----3319----3434----2216----77----3838----1616----2427----2828----44----3131----1414----1010----2525----150----3636----66----33----1515----1212----1313----2020----1111----3131----3232----2525----930----66----3636----1515----2222----1717----1313----2121----1111----2222----2929----55----192----1639----88----55----2424----3030----2737----924----3535----2727----1818----3626----2929----1010----1717----2323----1414----99----11----2121--
valid total number is: 80, error number: 21, error rate: 0.2625
--1212----44----66----1313----99----3737----1717----33----55----3535----1919----1010----55----3838----3333----3131----1414----3838----11----3535--
--3232----44----2727----2222----1313----00----3636----2121----3636----2222----3131----2020----3535----2929----1111----3737----3232----1616----1717----3535--
--77----2828----88----1616----3434----11----77----33----33----2222----1111----2222----1212----1919----2929----3838----33----00----1919----3535--
--99----3636----1616----1010----3939----22----3434----3737----99----1010----1111----2727----3939----3838----2323----2020----3232----2929----2828----3434--
--3939----88----1919----2929----3030----44----3232----88----1515----1414----22----3636----1414----3535----2525----1111----3838----2121----1717----2222--
--1616----66----77----3434----1313----88----1616----1515----1414----1212----1414----2525----3838----1919----1010----2424----66----2424----2626----2727--
--00----2424----33----1212----2323----2323----3939----1515----1717----1717----77----3030----1818----2626----1111----88----55----44----1717----2020--
--66----1313----2323----2727----3737----2828----2727----2020----1515----33----3131----99----2525----2020----1818----3030----3030----1616----1919----3434--
--2222----2929----3030----3232----1010----1414----2121----2626----1717----2525----3030----3636----2828----3939----1616----1111----00----1818----2727----1919--
--1010----3131----3434----3232----99----3939----11----11----1313----3131----2828----1212----2222----3939----77----22----1313----00----3737----44--
--2525----11----1111----3030----2929----3333----99----2525----88----1313----44----2020----2121----1515----2323----2828----3333----33----2525----22--
--99----3535----55----1515----00----1818----3333----3737----77----2929----2626----1818----00----22----88----2424----3636----77----1212----11--
--1616----55----2626----22----1212----3434----11----1010----22----33----99----3131----2828----3030----22----3333----2525----66----1818----3333--
--66----2020----2121----66----55----1313----1414----2626----2121----11----3939----2424----3434----77----3232----88----2424----2020----2323----1717--
--1515----2323----1818----3737----55----3333----2929----00----2828----3535----1111----3232----3131----2727----1212----55----3131----3737----44----2323--
--1818----3333----1919----66----2424----2424----2727----2626----2222----1515----44----3636----3838----2121----1010----2121----1414----3636----2626----3838--

--------valid for epoch 15--------
--1528----1818----1426----2032----237----33----2239----1919----11----1923----2434----3838----2020----88----222----1712----3737----44----3333----2035----150----99----3333----3319----3434----2216----77----3838----1616----2427----2828----44----3131----1414----1010----2525----150----3636----66----33----1515----1212----1313----2020----1111----3131----3232----2525----930----66----3636----1515----2222----1717----1313----2121----1111----2222----2929----55----192----1639----88----55----2424----3030----2737----924----3535----2727----1818----3626----2929----1010----1717----2323----1414----99----11----2121--
valid total number is: 80, error number: 21, error rate: 0.2625
--1212----44----66----1313----99----3737----1717----33----55----3535----1919----1010----55----3838----3333----3131----1414----3838----11----3535--
--3232----44----2727----2222----1313----00----3636----2121----3636----2222----3131----2020----3535----2929----1111----3737----3232----1616----1717----3535--
--77----2828----88----1616----3434----11----77----33----33----2222----1111----2222----1212----1919----2929----3838----33----00----1919----3535--
--99----3636----1616----1010----3939----22----3434----3737----99----1010----1111----2727----3939----3838----2323----2020----3232----2929----2828----3434--
--3939----88----1919----2929----3030----44----3232----88----1515----1414----22----3636----1414----3535----2525----1111----3838----2121----1717----2222--
--1616----66----77----3434----1313----88----1616----1515----1414----1212----1414----2525----3838----1919----1010----2424----66----2424----2626----2727--
--00----2424----33----1212----2323----2323----3939----1515----1717----1717----77----3030----1818----2626----1111----88----55----44----1717----2020--
--66----1313----2323----2727----3737----2828----2727----2020----1515----33----3131----99----2525----2020----1818----3030----3030----1616----1919----3434--
--2222----2929----3030----3232----1010----1414----2121----2626----1717----2525----3030----3636----2828----3939----1616----1111----00----1818----2727----1919--
--1010----3131----3434----3232----99----3939----11----11----1313----3131----2828----1212----2222----3939----77----22----1313----00----3737----44--
--2525----11----1111----3030----2929----3333----99----2525----88----1313----44----2020----2121----1515----2323----2828----3333----33----2525----22--
--99----3535----55----1515----00----1818----3333----3737----77----2929----2626----1818----00----22----88----2424----3636----77----1212----11--
--1616----55----2626----22----1212----3434----11----1010----22----33----99----3131----2828----3030----22----3333----2525----66----1818----3333--
--66----2020----2121----66----55----1313----1414----2626----2121----11----3939----2424----3434----77----3232----88----2424----2020----2323----1717--
--1515----2323----1818----3737----55----3333----2929----00----2828----3535----1111----3232----3131----2727----1212----55----3131----3737----44----2323--
--1818----3333----1919----66----2424----2424----2727----2626----2222----1515----44----3636----3838----2121----1010----2121----1414----3636----2626----3838--

--------valid for epoch 16--------
--1528----1818----1426----2032----237----33----2239----1919----11----1923----2434----3838----2020----88----222----1712----3737----44----3333----2035----150----99----3333----3319----3434----2216----77----3838----1616----2427----2828----44----3131----1414----1010----2525----150----3636----66----33----1515----1212----1313----2020----1111----3131----3232----2525----930----66----3636----1515----2222----1717----1313----2121----1111----2222----2929----55----192----1639----88----55----2424----3030----2737----924----3535----627----1818----3626----2929----1010----1717----2323----1414----99----11----2121--
valid total number is: 80, error number: 22, error rate: 0.275
--1212----44----66----1313----99----3737----1717----33----55----3535----1919----1010----55----3838----3333----3131----1414----3838----11----3535--
--3232----44----2727----2222----1313----00----3636----2121----3636----2222----3131----2020----3535----2929----1111----3737----3232----1616----1717----3535--
--77----2828----88----1616----3434----11----77----33----33----2222----1111----2222----1212----1919----2929----3838----33----00----1919----3535--
--99----3636----1616----1010----3939----22----3434----3737----99----1010----1111----2727----3939----3838----2323----2020----3232----2929----2828----3434--
--3939----88----1919----2929----3030----44----3232----88----1515----1414----22----3636----1414----3535----2525----1111----3838----2121----1717----2222--
--1616----66----77----3434----1313----88----1616----1515----1414----1212----1414----2525----3838----1919----1010----2424----66----2424----2626----2727--
--00----2424----33----1212----2323----2323----3939----1515----1717----1717----77----3030----1818----2626----1111----88----55----44----1717----2020--
--66----1313----2323----2727----3737----2828----2727----2020----1515----33----3131----99----2525----2020----1818----3030----3030----1616----1919----3434--
--2222----2929----3030----3232----1010----1414----2121----2626----1717----2525----3030----3636----2828----3939----1616----1111----00----1818----2727----1919--
--1010----3131----3434----3232----99----3939----11----11----1313----3131----2828----1212----2222----3939----77----22----1313----00----3737----44--
--2525----11----1111----3030----2929----3333----99----2525----88----1313----44----2020----2121----1515----2323----2828----3333----33----2525----22--
--99----3535----55----1515----00----1818----3333----3737----77----2929----2626----1818----00----22----88----2424----3636----77----1212----11--
--1616----55----2626----22----1212----3434----11----1010----22----33----99----3131----2828----3030----22----3333----2525----66----1818----3333--
--66----2020----2121----66----55----1313----1414----2626----2121----11----3939----2424----3434----77----3232----88----2424----2020----2323----1717--
--1515----2323----1818----3737----55----3333----2929----00----2828----3535----1111----3232----3131----2727----1212----55----3131----3737----44----2323--
--1818----3333----1919----66----2424----2424----2727----2626----2222----1515----44----3636----3838----2121----1010----2121----1414----3636----2626----3838--

--------valid for epoch 17--------
--1528----1818----1426----2032----237----33----2239----1919----11----1923----2434----3838----2020----88----222----1712----3737----44----3333----2035----150----99----3333----3319----3434----2216----77----3838----1616----2427----2828----44----3131----1414----1010----2525----150----3636----66----33----1515----1212----1313----2020----1111----3131----3232----2525----930----66----3636----1515----2222----1717----1313----2121----1111----2222----2929----55----192----1639----88----55----2424----3030----2737----924----3535----627----1818----3626----2929----1010----1717----2323----1414----99----11----2121--
valid total number is: 80, error number: 22, error rate: 0.275
--1212----44----66----1313----99----3737----1717----33----55----3535----1919----1010----55----3838----3333----3131----1414----3838----11----3535--
--3232----44----2727----2222----1313----00----3636----2121----3636----2222----3131----2020----3535----2929----1111----3737----3232----1616----1717----3535--
--77----2828----88----1616----3434----11----77----33----33----2222----1111----2222----1212----1919----2929----3838----33----00----1919----3535--
--99----3636----1616----1010----3939----22----3434----3737----99----1010----1111----2727----3939----3838----2323----2020----3232----2929----2828----3434--
--3939----88----1919----2929----3030----44----3232----88----1515----1414----22----3636----1414----3535----2525----1111----3838----2121----1717----2222--
--1616----66----77----3434----1313----88----1616----1515----1414----1212----1414----2525----3838----1919----1010----2424----66----2424----2626----2727--
--00----2424----33----1212----2323----2323----3939----1515----1717----1717----77----3030----1818----2626----1111----88----55----44----1717----2020--
--66----1313----2323----2727----3737----2828----2727----2020----1515----33----3131----99----2525----2020----1818----3030----3030----1616----1919----3434--
--2222----2929----3030----3232----1010----1414----2121----2626----1717----2525----3030----3636----2828----3939----1616----1111----00----1818----2727----1919--
--1010----3131----3434----3232----99----3939----11----11----1313----3131----2828----1212----2222----3939----77----22----1313----00----3737----44--
--2525----11----1111----3030----2929----3333----99----2525----88----1313----44----2020----2121----1515----2323----2828----3333----33----2525----22--
--99----3535----55----1515----00----1818----3333----3737----77----2929----2626----1818----00----22----88----2424----3636----77----1212----11--
--1616----55----2626----22----1212----3434----11----1010----22----33----99----3131----2828----3030----22----3333----2525----66----1818----3333--
--66----2020----2121----66----55----1313----1414----2626----2121----11----3939----2424----3434----77----3232----88----2424----2020----2323----1717--
--1515----2323----1818----3737----55----3333----2929----00----2828----3535----1111----3232----3131----2727----1212----55----3131----3737----44----2323--
--1818----3333----1919----66----2424----2424----2727----2626----2222----1515----44----3636----3838----2121----1010----2121----1414----3636----2626----3838--

--------valid for epoch 18--------
--1528----1818----1426----2032----237----33----2239----1919----11----1923----2434----3838----2020----88----222----1712----3737----44----3333----3535----150----99----3333----3319----3434----2216----77----3838----1616----2427----2828----44----3131----1414----1010----2525----150----3636----66----33----1515----1212----1313----2020----1111----3131----3232----2525----930----66----3636----1515----2222----1717----1313----2121----1111----2222----2929----55----192----1639----88----55----2424----3030----2737----924----3535----627----1818----3626----2929----1010----1717----2323----1414----99----11----2121--
valid total number is: 80, error number: 21, error rate: 0.2625
--1212----44----66----1313----99----3737----1717----33----55----3535----1919----1010----55----3838----3333----3131----1414----3838----11----3535--
--3232----44----2727----2222----1313----00----3636----2121----3636----2222----3131----2020----3535----2929----1111----3737----3232----1616----1717----3535--
--77----2828----88----1616----3434----11----77----33----33----2222----1111----2222----1212----1919----2929----3838----33----00----1919----3535--
--99----3636----1616----1010----3939----22----3434----3737----99----1010----1111----2727----3939----3838----2323----2020----3232----2929----2828----3434--
--3939----88----1919----2929----3030----44----3232----88----1515----1414----22----3636----1414----3535----2525----1111----3838----2121----1717----2222--
--1616----66----77----3434----1313----88----1616----1515----1414----1212----1414----2525----3838----1919----1010----2424----66----2424----2626----2727--
--00----2424----33----1212----2323----2323----3939----1515----1717----1717----77----3030----1818----2626----1111----88----55----44----1717----2020--
--66----1313----2323----2727----3737----2828----2727----2020----1515----33----3131----99----2525----2020----1818----3030----3030----1616----1919----3434--
--2222----2929----3030----3232----1010----1414----2121----2626----1717----2525----3030----3636----2828----3939----1616----1111----00----1818----2727----1919--
--1010----3131----3434----3232----99----3939----11----11----1313----3131----2828----1212----2222----3939----77----22----1313----00----3737----44--
--2525----11----1111----3030----2929----3333----99----2525----88----1313----44----2020----2121----1515----2323----2828----3333----33----2525----22--
--99----3535----55----1515----00----1818----3333----3737----77----2929----2626----1818----00----22----88----2424----3636----77----1212----11--
--1616----55----2626----22----1212----3434----11----1010----22----33----99----3131----2828----3030----22----3333----2525----66----1818----3333--
--66----2020----2121----66----55----1313----1414----2626----2121----11----3939----2424----3434----77----3232----88----2424----2020----2323----1717--
--1515----2323----1818----3737----55----3333----2929----00----2828----3535----1111----3232----3131----2727----1212----55----3131----3737----44----2323--
--1818----3333----1919----66----2424----2424----2727----2626----2222----1515----44----3636----3838----2121----1010----2121----1414----3636----2626----3838--

--------valid for epoch 19--------
--1528----1818----1426----2032----237----33----2239----1919----11----1923----2434----3838----2020----88----222----1712----3737----44----3333----3535----150----99----3333----3319----3434----2216----77----3838----1616----2427----2828----44----3131----1414----1010----2525----150----3636----66----33----1515----1212----1313----2020----1111----3131----3232----2525----930----66----3636----1515----2222----1717----1313----2121----1111----2222----2929----55----192----1639----88----55----2424----3030----2737----924----3535----627----1818----3626----2929----1010----1717----2323----1414----99----11----2121--
valid total number is: 80, error number: 21, error rate: 0.2625
This train uses 298.47 seconds. 
