======================================
n_epochs: 20
n_batchs: 12
minibatch: 10
input_units: 23232
hidden_units: 4096
out_units: 15
lr: -0.01
======================================
--014----012----014----03----03----01----03----08----06----00--
--312----31----34----311----34----37----36----33----31----39--
--112----19----18----12----111----66----10----113----111----10--
--111----125----114----1212----111----122----09----113----114----117--
--410----44----411----41----413----48----46----414----45----49--
--911----913----93----92----97----911----97----913----95----910--
--1313----71----712----79----710----76----76----135----72----710--
--610----68----1010----1010----64----55----614----55----64----62--
--212----29----513----27----100----100----103----100----26----212--
--142----07----87----88----1414----08----142----04----09----147--
--1211----88----121----1212----1211----814----88----120----55----55--
--1313----514----113----59----1114----56----110----52----1313----1110--

--------test for epoch 0--------
--1414----143----148----1411----144----140----148----143----144----147----1313----145----1313----142----145----146----1412----141----143----148----142----145----1412----1410----140----1313----146----1411----149----140----1411----141----149----141----1410----147----22----149----144----146----1410----1412----147----1414----1414--
test total number is 45, error number is : 38, error rate is: 0.844444
--1414----1412----1414----143----143----141----143----148----146----00--
--1212----11----84----811----84----87----66----33----11----89--
--612----09----68----22----011----66----00----1313----011----00--
--11----135----44----1212----11----22----99----33----44----77--
--1010----114----1111----11----1313----28----26----1214----55----99--
--1111----1313----33----42----77----1111----77----1313----55----1010--
--1313----11----1212----99----1010----66----66----55----22----1010--
--1010----88----1010----1010----44----55----214----55----44----22--
--1212----99----1313----77----00----00----33----00----66----1212--
--22----77----77----68----614----128----22----44----99----77--
--1111----88----11----1212----1111----1414----88----00----55----55--
--1313----1414----33----99----1414----86----00----22----1313----1010--

--------test for epoch 1--------
--1414----33----88----1111----44----00----148----33----44----77----1313----55----1313----22----55----66----1212----11----33----88----22----55----1212----1010----00----1313----66----1111----99----10----1111----11----99----11----1010----117----22----99----44----66----1010----1212----77----1414----214--
test total number is 45, error number is : 4, error rate is: 0.0888889
--1414----1212----1414----33----33----11----33----88----66----00--
--1212----11----44----1111----44----77----66----33----11----99--
--1212----99----88----22----1111----66----00----1313----1111----00--
--11----55----44----1212----11----22----99----33----44----77--
--1010----44----1111----11----1313----88----66----1414----55----99--
--1111----1313----33----22----77----1111----77----1313----55----1010--
--1313----11----1212----99----1010----66----66----55----22----1010--
--1010----88----1010----1010----44----55----1414----55----44----22--
--1212----99----1313----77----00----00----33----00----66----1212--
--22----77----77----88----1414----88----22----44----99----77--
--1111----88----11----1212----1111----1414----88----00----55----55--
--1313----1414----33----99----1414----66----00----22----1313----1010--

--------test for epoch 2--------
--1414----33----88----1111----44----00----88----33----44----77----1313----55----1313----22----55----66----1212----11----33----88----22----55----1212----1010----00----1313----66----1111----99----10----1111----11----99----11----1010----127----22----99----44----66----1010----1212----77----1414----814--
test total number is 45, error number is : 3, error rate is: 0.0666667
--1414----1212----814----33----33----11----33----88----66----00--
--1212----11----44----1111----44----77----66----33----11----99--
--1212----99----88----22----1111----66----00----1313----1111----00--
--11----55----44----1212----11----22----99----33----44----77--
--1010----44----1111----11----1313----88----66----1414----55----99--
--1111----1313----33----22----77----1111----77----1313----55----1010--
--1313----11----1212----99----1010----66----66----55----22----1010--
--1010----88----1010----1010----44----55----1414----55----44----22--
--1212----99----1313----77----00----00----33----00----66----1212--
--22----77----77----88----1414----88----22----44----99----77--
--1111----88----11----1212----1111----1414----28----00----55----55--
--1313----1414----33----99----1414----66----00----22----1313----1010--

--------test for epoch 3--------
--1414----33----88----1111----44----00----88----33----44----77----1313----55----1313----22----55----66----1212----11----33----88----22----55----1212----1010----00----1313----86----1111----99----10----1111----11----99----11----1010----127----22----99----44----66----1010----1212----77----1414----814--
test total number is 45, error number is : 4, error rate is: 0.0888889
--1414----1212----1414----33----33----11----33----88----66----00--
--1212----11----44----1111----44----77----66----33----11----99--
--1212----99----88----22----1111----66----00----1313----1111----00--
--11----55----44----1212----11----82----99----33----44----77--
--1010----44----1111----11----1313----88----66----1414----55----99--
--1111----1313----33----22----77----1111----77----1313----55----1010--
--1313----11----1212----99----1010----66----66----55----22----1010--
--1010----88----1010----1010----44----55----1414----55----44----22--
--1212----99----1313----77----00----00----33----00----66----1212--
--22----77----77----88----1414----88----22----44----99----77--
--1111----88----11----1212----1111----1414----88----00----55----55--
--1313----1414----33----99----1414----66----00----22----1313----1010--

--------test for epoch 4--------
--1414----33----88----1111----44----00----148----33----44----77----1313----55----1313----22----55----66----1212----11----33----88----22----55----1212----1010----00----1313----66----1111----99----10----1111----11----99----11----1010----127----22----99----44----66----1010----1212----77----1414----214--
test total number is 45, error number is : 4, error rate is: 0.0888889
--1414----1212----1414----33----33----11----33----88----66----00--
--1212----11----44----1111----44----77----66----33----11----99--
--1212----99----88----22----1111----66----00----1313----1111----00--
--11----55----44----1212----11----22----99----33----44----77--
--1010----44----1111----11----1313----88----66----1414----55----99--
--1111----1313----33----22----77----1111----77----1313----55----1010--
--1313----11----1212----99----1010----66----66----55----22----1010--
--1010----88----1010----1010----44----55----1414----55----44----22--
--1212----99----1313----77----00----00----33----00----66----1212--
--22----77----77----88----1414----88----22----44----99----77--
--1111----88----11----1212----1111----1414----88----00----55----55--
--1313----1414----33----99----1414----66----00----22----1313----1010--

--------test for epoch 5--------
--1414----33----88----1111----44----00----148----33----44----77----1313----55----1313----22----55----66----1212----11----33----88----22----55----1212----1010----00----1313----66----1111----99----10----1111----11----99----11----1010----127----22----99----44----66----1010----1212----77----1414----214--
test total number is 45, error number is : 4, error rate is: 0.0888889
--1414----1212----1414----33----33----11----33----88----66----00--
--1212----11----44----1111----44----77----66----33----11----99--
--1212----99----88----22----1111----66----00----1313----1111----00--
--11----55----44----1212----11----22----99----33----44----77--
--1010----44----1111----11----1313----88----66----1414----55----99--
--1111----1313----33----22----77----1111----77----1313----55----1010--
--1313----11----1212----99----1010----66----66----55----22----1010--
--1010----88----1010----1010----44----55----1414----55----44----22--
--1212----99----1313----77----00----00----33----00----66----1212--
--22----77----77----88----1414----88----22----44----99----77--
--1111----88----11----1212----1111----1414----88----00----55----55--
--1313----1414----33----99----1414----66----00----22----1313----1010--

--------test for epoch 6--------
--1414----33----88----1111----44----00----148----33----44----77----1313----55----1313----22----55----66----1212----11----33----88----22----55----1212----1010----00----1313----66----1111----99----10----1111----11----99----11----1010----127----22----99----44----66----1010----1212----77----1414----214--
test total number is 45, error number is : 4, error rate is: 0.0888889
--1414----1212----1414----33----33----11----33----88----66----00--
--1212----11----44----1111----44----77----66----33----11----99--
--1212----99----88----22----1111----66----00----1313----1111----00--
--11----55----44----1212----11----22----99----33----44----77--
--1010----44----1111----11----1313----88----66----1414----55----99--
--1111----1313----33----22----77----1111----77----1313----55----1010--
--1313----11----1212----99----1010----66----66----55----22----1010--
--1010----88----1010----1010----44----55----1414----55----44----22--
--1212----99----1313----77----00----00----33----00----66----1212--
--22----77----77----88----1414----88----22----44----99----77--
--1111----88----11----1212----1111----1414----88----00----55----55--
--1313----1414----33----99----1414----66----00----22----1313----1010--

--------test for epoch 7--------
--1414----33----88----1111----44----00----148----33----44----77----1313----55----1313----22----55----66----1212----11----33----88----22----55----1212----1010----00----1313----66----1111----99----10----1111----11----99----11----1010----127----22----99----44----66----1010----1212----77----1414----214--
test total number is 45, error number is : 4, error rate is: 0.0888889
--1414----1212----1414----33----33----11----33----88----66----00--
--1212----11----44----1111----44----77----66----33----11----99--
--1212----99----88----22----1111----66----00----1313----1111----00--
--11----55----44----1212----11----22----99----33----44----77--
--1010----44----1111----11----1313----88----66----1414----55----99--
--1111----1313----33----22----77----1111----77----1313----55----1010--
--1313----11----1212----99----1010----66----66----55----22----1010--
--1010----88----1010----1010----44----55----1414----55----44----22--
--1212----99----1313----77----00----00----33----00----66----1212--
--22----77----77----88----1414----88----22----44----99----77--
--1111----88----11----1212----1111----1414----88----00----55----55--
--1313----1414----33----99----1414----66----00----22----1313----1010--

--------test for epoch 8--------
--1414----33----88----1111----44----00----148----33----44----77----1313----55----1313----22----55----66----1212----11----33----88----22----55----1212----1010----00----1313----66----1111----99----10----1111----11----99----11----1010----127----22----99----44----66----1010----1212----77----1414----214--
test total number is 45, error number is : 4, error rate is: 0.0888889
--1414----1212----1414----33----33----11----33----88----66----00--
--1212----11----44----1111----44----77----66----33----11----99--
--1212----99----88----22----1111----66----00----1313----1111----00--
--11----55----44----1212----11----22----99----33----44----77--
--1010----44----1111----11----1313----88----66----1414----55----99--
--1111----1313----33----22----77----1111----77----1313----55----1010--
--1313----11----1212----99----1010----66----66----55----22----1010--
--1010----88----1010----1010----44----55----1414----55----44----22--
--1212----99----1313----77----00----00----33----00----66----1212--
--22----77----77----88----1414----88----22----44----99----77--
--1111----88----11----1212----1111----1414----88----00----55----55--
--1313----1414----33----99----1414----66----00----22----1313----1010--

--------test for epoch 9--------
--1414----33----88----1111----44----00----148----33----44----77----1313----55----1313----22----55----66----1212----11----33----88----22----55----1212----1010----00----1313----66----1111----99----10----1111----11----99----11----1010----127----22----99----44----66----1010----1212----77----1414----214--
test total number is 45, error number is : 4, error rate is: 0.0888889
--1414----1212----1414----33----33----11----33----88----66----00--
--1212----11----44----1111----44----77----66----33----11----99--
--1212----99----88----22----1111----66----00----1313----1111----00--
--11----55----44----1212----11----22----99----33----44----77--
--1010----44----1111----11----1313----88----66----1414----55----99--
--1111----1313----33----22----77----1111----77----1313----55----1010--
--1313----11----1212----99----1010----66----66----55----22----1010--
--1010----88----1010----1010----44----55----1414----55----44----22--
--1212----99----1313----77----00----00----33----00----66----1212--
--22----77----77----88----1414----88----22----44----99----77--
--1111----88----11----1212----1111----1414----88----00----55----55--
--1313----1414----33----99----1414----66----00----22----1313----1010--

--------test for epoch 10--------
--1414----33----88----1111----44----00----148----33----44----77----1313----55----1313----22----55----66----1212----11----33----88----22----55----1212----1010----00----1313----66----1111----99----10----1111----11----99----11----1010----127----22----99----44----66----1010----1212----77----1414----214--
test total number is 45, error number is : 4, error rate is: 0.0888889
--1414----1212----1414----33----33----11----33----88----66----00--
--1212----11----44----1111----44----77----66----33----11----99--
--1212----99----88----22----1111----66----00----1313----1111----00--
--11----55----44----1212----11----22----99----33----44----77--
--1010----44----1111----11----1313----88----66----1414----55----99--
--1111----1313----33----22----77----1111----77----1313----55----1010--
--1313----11----1212----99----1010----66----66----55----22----1010--
--1010----88----1010----1010----44----55----1414----55----44----22--
--1212----99----1313----77----00----00----33----00----66----1212--
--22----77----77----88----1414----88----22----44----99----77--
--1111----88----11----1212----1111----1414----88----00----55----55--
--1313----1414----33----99----1414----66----00----22----1313----1010--

--------test for epoch 11--------
--1414----33----88----1111----44----00----148----33----44----77----1313----55----1313----22----55----66----1212----11----33----88----22----55----1212----1010----00----1313----66----1111----99----10----1111----11----99----11----1010----127----22----99----44----66----1010----1212----77----1414----214--
test total number is 45, error number is : 4, error rate is: 0.0888889
--1414----1212----1414----33----33----11----33----88----66----00--
--1212----11----44----1111----44----77----66----33----11----99--
--1212----99----88----22----1111----66----00----1313----1111----00--
--11----55----44----1212----11----22----99----33----44----77--
--1010----44----1111----11----1313----88----66----1414----55----99--
--1111----1313----33----22----77----1111----77----1313----55----1010--
--1313----11----1212----99----1010----66----66----55----22----1010--
--1010----88----1010----1010----44----55----1414----55----44----22--
--1212----99----1313----77----00----00----33----00----66----1212--
--22----77----77----88----1414----88----22----44----99----77--
--1111----88----11----1212----1111----1414----88----00----55----55--
--1313----1414----33----99----1414----66----00----22----1313----1010--

--------test for epoch 12--------
--1414----33----88----1111----44----00----148----33----44----77----1313----55----1313----22----55----66----1212----11----33----88----22----55----1212----1010----00----1313----66----1111----99----10----1111----11----99----11----1010----127----22----99----44----66----1010----1212----77----1414----214--
test total number is 45, error number is : 4, error rate is: 0.0888889
--1414----1212----1414----33----33----11----33----88----66----00--
--1212----11----44----1111----44----77----66----33----11----99--
--1212----99----88----22----1111----66----00----1313----1111----00--
--11----55----44----1212----11----22----99----33----44----77--
--1010----44----1111----11----1313----88----66----1414----55----99--
--1111----1313----33----22----77----1111----77----1313----55----1010--
--1313----11----1212----99----1010----66----66----55----22----1010--
--1010----88----1010----1010----44----55----1414----55----44----22--
--1212----99----1313----77----00----00----33----00----66----1212--
--22----77----77----88----1414----88----22----44----99----77--
--1111----88----11----1212----1111----1414----88----00----55----55--
--1313----1414----33----99----1414----66----00----22----1313----1010--

--------test for epoch 13--------
--1414----33----88----1111----44----00----148----33----44----77----1313----55----1313----22----55----66----1212----11----33----88----22----55----1212----1010----00----1313----66----1111----99----10----1111----11----99----11----1010----127----22----99----44----66----1010----1212----77----1414----214--
test total number is 45, error number is : 4, error rate is: 0.0888889
--1414----1212----1414----33----33----11----33----88----66----00--
--1212----11----44----1111----44----77----66----33----11----99--
--1212----99----88----22----1111----66----00----1313----1111----00--
--11----55----44----1212----11----22----99----33----44----77--
--1010----44----1111----11----1313----88----66----1414----55----99--
--1111----1313----33----22----77----1111----77----1313----55----1010--
--1313----11----1212----99----1010----66----66----55----22----1010--
--1010----88----1010----1010----44----55----1414----55----44----22--
--1212----99----1313----77----00----00----33----00----66----1212--
--22----77----77----88----1414----88----22----44----99----77--
--1111----88----11----1212----1111----1414----88----00----55----55--
--1313----1414----33----99----1414----66----00----22----1313----1010--

--------test for epoch 14--------
--1414----33----88----1111----44----00----148----33----44----77----1313----55----1313----22----55----66----1212----11----33----88----22----55----1212----1010----00----1313----66----1111----99----10----1111----11----99----11----1010----127----22----99----44----66----1010----1212----77----1414----214--
test total number is 45, error number is : 4, error rate is: 0.0888889
--1414----1212----1414----33----33----11----33----88----66----00--
--1212----11----44----1111----44----77----66----33----11----99--
--1212----99----88----22----1111----66----00----1313----1111----00--
--11----55----44----1212----11----22----99----33----44----77--
--1010----44----1111----11----1313----88----66----1414----55----99--
--1111----1313----33----22----77----1111----77----1313----55----1010--
--1313----11----1212----99----1010----66----66----55----22----1010--
--1010----88----1010----1010----44----55----1414----55----44----22--
--1212----99----1313----77----00----00----33----00----66----1212--
--22----77----77----88----1414----88----22----44----99----77--
--1111----88----11----1212----1111----1414----88----00----55----55--
--1313----1414----33----99----1414----66----00----22----1313----1010--

--------test for epoch 15--------
--1414----33----88----1111----44----00----148----33----44----77----1313----55----1313----22----55----66----1212----11----33----88----22----55----1212----1010----00----1313----66----1111----99----10----1111----11----99----11----1010----127----22----99----44----66----1010----1212----77----1414----214--
test total number is 45, error number is : 4, error rate is: 0.0888889
--1414----1212----1414----33----33----11----33----88----66----00--
--1212----11----44----1111----44----77----66----33----11----99--
--1212----99----88----22----1111----66----00----1313----1111----00--
--11----55----44----1212----11----22----99----33----44----77--
--1010----44----1111----11----1313----88----66----1414----55----99--
--1111----1313----33----22----77----1111----77----1313----55----1010--
--1313----11----1212----99----1010----66----66----55----22----1010--
--1010----88----1010----1010----44----55----1414----55----44----22--
--1212----99----1313----77----00----00----33----00----66----1212--
--22----77----77----88----1414----88----22----44----99----77--
--1111----88----11----1212----1111----1414----88----00----55----55--
--1313----1414----33----99----1414----66----00----22----1313----1010--

--------test for epoch 16--------
--1414----33----88----1111----44----00----148----33----44----77----1313----55----1313----22----55----66----1212----11----33----88----22----55----1212----1010----00----1313----66----1111----99----10----1111----11----99----11----1010----127----22----99----44----66----1010----1212----77----1414----214--
test total number is 45, error number is : 4, error rate is: 0.0888889
--1414----1212----1414----33----33----11----33----88----66----00--
--1212----11----44----1111----44----77----66----33----11----99--
--1212----99----88----22----1111----66----00----1313----1111----00--
--11----55----44----1212----11----22----99----33----44----77--
--1010----44----1111----11----1313----88----66----1414----55----99--
--1111----1313----33----22----77----1111----77----1313----55----1010--
--1313----11----1212----99----1010----66----66----55----22----1010--
--1010----88----1010----1010----44----55----1414----55----44----22--
--1212----99----1313----77----00----00----33----00----66----1212--
--22----77----77----88----1414----88----22----44----99----77--
--1111----88----11----1212----1111----1414----88----00----55----55--
--1313----1414----33----99----1414----66----00----22----1313----1010--

--------test for epoch 17--------
--1414----33----88----1111----44----00----148----33----44----77----1313----55----1313----22----55----66----1212----11----33----88----22----55----1212----1010----00----1313----66----1111----99----10----1111----11----99----11----1010----127----22----99----44----66----1010----1212----77----1414----214--
test total number is 45, error number is : 4, error rate is: 0.0888889
--1414----1212----1414----33----33----11----33----88----66----00--
--1212----11----44----1111----44----77----66----33----11----99--
--1212----99----88----22----1111----66----00----1313----1111----00--
--11----55----44----1212----11----22----99----33----44----77--
--1010----44----1111----11----1313----88----66----1414----55----99--
--1111----1313----33----22----77----1111----77----1313----55----1010--
--1313----11----1212----99----1010----66----66----55----22----1010--
--1010----88----1010----1010----44----55----1414----55----44----22--
--1212----99----1313----77----00----00----33----00----66----1212--
--22----77----77----88----1414----88----22----44----99----77--
--1111----88----11----1212----1111----1414----88----00----55----55--
--1313----1414----33----99----1414----66----00----22----1313----1010--

--------test for epoch 18--------
--1414----33----88----1111----44----00----148----33----44----77----1313----55----1313----22----55----66----1212----11----33----88----22----55----1212----1010----00----1313----66----1111----99----10----1111----11----99----11----1010----127----22----99----44----66----1010----1212----77----1414----214--
test total number is 45, error number is : 4, error rate is: 0.0888889
--1414----1212----1414----33----33----11----33----88----66----00--
--1212----11----44----1111----44----77----66----33----11----99--
--1212----99----88----22----1111----66----00----1313----1111----00--
--11----55----44----1212----11----22----99----33----44----77--
--1010----44----1111----11----1313----88----66----1414----55----99--
--1111----1313----33----22----77----1111----77----1313----55----1010--
--1313----11----1212----99----1010----66----66----55----22----1010--
--1010----88----1010----1010----44----55----1414----55----44----22--
--1212----99----1313----77----00----00----33----00----66----1212--
--22----77----77----88----1414----88----22----44----99----77--
--1111----88----11----1212----1111----1414----88----00----55----55--
--1313----1414----33----99----1414----66----00----22----1313----1010--

--------test for epoch 19--------
--1414----33----88----1111----44----00----148----33----44----77----1313----55----1313----22----55----66----1212----11----33----88----22----55----1212----1010----00----1313----66----1111----99----10----1111----11----99----11----1010----127----22----99----44----66----1010----1212----77----1414----214--
test total number is 45, error number is : 4, error rate is: 0.0888889
This train uses 390.1 seconds. 
