======================================
n_epochs: 20
n_batchs: 12
minibatch: 10
input_units: 9216
hidden_units: 4096
out_units: 15
lr: -0.01
======================================
--014----012----014----03----03----01----03----08----06----00--
--312----31----34----311----34----37----36----33----31----39--
--612----99----68----62----111----66----40----613----111----40--
--11----05----44----1212----11----82----119----13----44----97--
--910----44----911----11----1313----88----26----814----85----99--
--911----1313----43----92----97----1111----67----1313----55----1010--
--1313----01----1112----79----1110----56----116----115----22----1110--
--1010----88----1010----1010----44----55----614----55----44----102--
--1212----99----1313----27----00----00----33----100----66----1212--
--22----27----77----88----614----08----22----44----09----77--
--1011----88----11----1212----1211----714----28----00----55----55--
--1313----1414----33----99----1414----146----00----52----1313----1010--

--------test for epoch 0--------
--1414----33----88----1111----44----00----88----83----44----77----1313----55----1313----22----55----66----1212----11----93----88----22----55----1212----1010----00----1313----86----1111----99----10----1111----11----99----11----1010----127----22----99----44----96----1010----1212----77----1414----1414--
test total number is 45, error number is : 6, error rate is: 0.133333
--1414----1212----1414----33----33----11----33----88----66----00--
--1212----11----44----1111----44----77----66----33----11----99--
--1212----99----88----22----1111----66----00----1313----1111----00--
--11----55----44----1212----11----22----99----33----44----77--
--1010----44----1111----11----1313----88----66----1414----55----99--
--1111----1313----33----22----77----1111----77----1313----55----1010--
--1313----11----1212----99----1010----66----66----55----22----1010--
--1010----88----1010----1010----44----55----1414----55----44----22--
--1212----99----1313----77----00----00----33----00----66----1212--
--22----77----77----88----1414----88----22----44----99----77--
--1111----88----11----1212----1111----1414----88----00----55----55--
--1313----1414----33----99----1414----66----00----22----1313----1010--

--------test for epoch 1--------
--1414----33----88----1111----44----00----88----83----44----77----1313----55----1313----22----55----66----1212----11----93----88----22----55----1212----1010----00----1313----66----1111----99----10----1111----11----99----11----1010----127----22----99----44----66----1010----1212----77----1414----614--
test total number is 45, error number is : 5, error rate is: 0.111111
--1414----1212----1414----33----33----11----33----88----66----00--
--1212----11----44----1111----44----77----66----33----11----99--
--1212----99----88----22----1111----66----00----1313----1111----00--
--11----55----44----1212----11----22----99----33----44----77--
--1010----44----1111----11----1313----88----66----1414----55----99--
--1111----1313----33----22----77----1111----77----1313----55----1010--
--1313----11----1212----99----1010----66----66----55----22----1010--
--1010----88----1010----1010----44----55----1414----55----44----22--
--1212----99----1313----77----00----00----33----00----66----1212--
--22----77----77----88----1414----88----22----44----99----77--
--1111----88----11----1212----1111----1414----88----00----55----55--
--1313----1414----33----99----1414----66----00----22----1313----1010--

--------test for epoch 2--------
--1414----33----88----1111----44----00----88----83----44----77----1313----55----1313----22----55----66----1212----11----93----88----22----55----1212----1010----00----1313----66----1111----99----10----1111----11----99----11----1010----127----22----99----44----66----1010----1212----77----1414----614--
test total number is 45, error number is : 5, error rate is: 0.111111
--1414----1212----1414----33----33----11----33----88----66----00--
--1212----11----44----1111----44----77----66----33----11----99--
--1212----99----88----22----1111----66----00----1313----1111----00--
--11----55----44----1212----11----22----99----33----44----77--
--1010----44----1111----11----1313----88----66----1414----55----99--
--1111----1313----33----22----77----1111----77----1313----55----1010--
--1313----11----1212----99----1010----66----66----55----22----1010--
--1010----88----1010----1010----44----55----1414----55----44----22--
--1212----99----1313----77----00----00----33----00----66----1212--
--22----77----77----88----1414----88----22----44----99----77--
--1111----88----11----1212----1111----1414----88----00----55----55--
--1313----1414----33----99----1414----66----00----22----1313----1010--

--------test for epoch 3--------
--1414----33----88----1111----44----00----88----83----44----77----1313----55----1313----22----55----66----1212----11----93----88----22----55----1212----1010----00----1313----66----1111----99----10----1111----11----99----11----1010----127----22----99----44----66----1010----1212----77----1414----614--
test total number is 45, error number is : 5, error rate is: 0.111111
--1414----1212----1414----33----33----11----33----88----66----00--
--1212----11----44----1111----44----77----66----33----11----99--
--1212----99----88----22----1111----66----00----1313----1111----00--
--11----55----44----1212----11----22----99----33----44----77--
--1010----44----1111----11----1313----88----66----1414----55----99--
--1111----1313----33----22----77----1111----77----1313----55----1010--
--1313----11----1212----99----1010----66----66----55----22----1010--
--1010----88----1010----1010----44----55----1414----55----44----22--
--1212----99----1313----77----00----00----33----00----66----1212--
--22----77----77----88----1414----88----22----44----99----77--
--1111----88----11----1212----1111----1414----88----00----55----55--
--1313----1414----33----99----1414----66----00----22----1313----1010--

--------test for epoch 4--------
--1414----33----88----1111----44----00----88----83----44----77----1313----55----1313----22----55----66----1212----11----93----88----22----55----1212----1010----00----1313----66----1111----99----10----1111----11----99----11----1010----127----22----99----44----66----1010----1212----77----1414----614--
test total number is 45, error number is : 5, error rate is: 0.111111
--1414----1212----1414----33----33----11----33----88----66----00--
--1212----11----44----1111----44----77----66----33----11----99--
--1212----99----88----22----1111----66----00----1313----1111----00--
--11----55----44----1212----11----22----99----33----44----77--
--1010----44----1111----11----1313----88----66----1414----55----99--
--1111----1313----33----22----77----1111----77----1313----55----1010--
--1313----11----1212----99----1010----66----66----55----22----1010--
--1010----88----1010----1010----44----55----1414----55----44----22--
--1212----99----1313----77----00----00----33----00----66----1212--
--22----77----77----88----1414----88----22----44----99----77--
--1111----88----11----1212----1111----1414----88----00----55----55--
--1313----1414----33----99----1414----66----00----22----1313----1010--

--------test for epoch 5--------
--1414----33----88----1111----44----00----88----83----44----77----1313----55----1313----22----55----66----1212----11----93----88----22----55----1212----1010----00----1313----66----1111----99----10----1111----11----99----11----1010----127----22----99----44----66----1010----1212----77----1414----614--
test total number is 45, error number is : 5, error rate is: 0.111111
--1414----1212----1414----33----33----11----33----88----66----00--
--1212----11----44----1111----44----77----66----33----11----99--
--1212----99----88----22----1111----66----00----1313----1111----00--
--11----55----44----1212----11----22----99----33----44----77--
--1010----44----1111----11----1313----88----66----1414----55----99--
--1111----1313----33----22----77----1111----77----1313----55----1010--
--1313----11----1212----99----1010----66----66----55----22----1010--
--1010----88----1010----1010----44----55----1414----55----44----22--
--1212----99----1313----77----00----00----33----00----66----1212--
--22----77----77----88----1414----88----22----44----99----77--
--1111----88----11----1212----1111----1414----88----00----55----55--
--1313----1414----33----99----1414----66----00----22----1313----1010--

--------test for epoch 6--------
--1414----33----88----1111----44----00----88----83----44----77----1313----55----1313----22----55----66----1212----11----93----88----22----55----1212----1010----00----1313----66----1111----99----10----1111----11----99----11----1010----127----22----99----44----66----1010----1212----77----1414----614--
test total number is 45, error number is : 5, error rate is: 0.111111
--1414----1212----1414----33----33----11----33----88----66----00--
--1212----11----44----1111----44----77----66----33----11----99--
--1212----99----88----22----1111----66----00----1313----1111----00--
--11----55----44----1212----11----22----99----33----44----77--
--1010----44----1111----11----1313----88----66----1414----55----99--
--1111----1313----33----22----77----1111----77----1313----55----1010--
--1313----11----1212----99----1010----66----66----55----22----1010--
--1010----88----1010----1010----44----55----1414----55----44----22--
--1212----99----1313----77----00----00----33----00----66----1212--
--22----77----77----88----1414----88----22----44----99----77--
--1111----88----11----1212----1111----1414----88----00----55----55--
--1313----1414----33----99----1414----66----00----22----1313----1010--

--------test for epoch 7--------
--1414----33----88----1111----44----00----88----83----44----77----1313----55----1313----22----55----66----1212----11----93----88----22----55----1212----1010----00----1313----66----1111----99----10----1111----11----99----11----1010----127----22----99----44----66----1010----1212----77----1414----614--
test total number is 45, error number is : 5, error rate is: 0.111111
--1414----1212----1414----33----33----11----33----88----66----00--
--1212----11----44----1111----44----77----66----33----11----99--
--1212----99----88----22----1111----66----00----1313----1111----00--
--11----55----44----1212----11----22----99----33----44----77--
--1010----44----1111----11----1313----88----66----1414----55----99--
--1111----1313----33----22----77----1111----77----1313----55----1010--
--1313----11----1212----99----1010----66----66----55----22----1010--
--1010----88----1010----1010----44----55----1414----55----44----22--
--1212----99----1313----77----00----00----33----00----66----1212--
--22----77----77----88----1414----88----22----44----99----77--
--1111----88----11----1212----1111----1414----88----00----55----55--
--1313----1414----33----99----1414----66----00----22----1313----1010--

--------test for epoch 8--------
--1414----33----88----1111----44----00----88----83----44----77----1313----55----1313----22----55----66----1212----11----93----88----22----55----1212----1010----00----1313----66----1111----99----10----1111----11----99----11----1010----127----22----99----44----66----1010----1212----77----1414----614--
test total number is 45, error number is : 5, error rate is: 0.111111
--1414----1212----1414----33----33----11----33----88----66----00--
--1212----11----44----1111----44----77----66----33----11----99--
--1212----99----88----22----1111----66----00----1313----1111----00--
--11----55----44----1212----11----22----99----33----44----77--
--1010----44----1111----11----1313----88----66----1414----55----99--
--1111----1313----33----22----77----1111----77----1313----55----1010--
--1313----11----1212----99----1010----66----66----55----22----1010--
--1010----88----1010----1010----44----55----1414----55----44----22--
--1212----99----1313----77----00----00----33----00----66----1212--
--22----77----77----88----1414----88----22----44----99----77--
--1111----88----11----1212----1111----1414----88----00----55----55--
--1313----1414----33----99----1414----66----00----22----1313----1010--

--------test for epoch 9--------
--1414----33----88----1111----44----00----88----83----44----77----1313----55----1313----22----55----66----1212----11----93----88----22----55----1212----1010----00----1313----66----1111----99----10----1111----11----99----11----1010----127----22----99----44----66----1010----1212----77----1414----614--
test total number is 45, error number is : 5, error rate is: 0.111111
--1414----1212----1414----33----33----11----33----88----66----00--
--1212----11----44----1111----44----77----66----33----11----99--
--1212----99----88----22----1111----66----00----1313----1111----00--
--11----55----44----1212----11----22----99----33----44----77--
--1010----44----1111----11----1313----88----66----1414----55----99--
--1111----1313----33----22----77----1111----77----1313----55----1010--
--1313----11----1212----99----1010----66----66----55----22----1010--
--1010----88----1010----1010----44----55----1414----55----44----22--
--1212----99----1313----77----00----00----33----00----66----1212--
--22----77----77----88----1414----88----22----44----99----77--
--1111----88----11----1212----1111----1414----88----00----55----55--
--1313----1414----33----99----1414----66----00----22----1313----1010--

--------test for epoch 10--------
--1414----33----88----1111----44----00----88----83----44----77----1313----55----1313----22----55----66----1212----11----93----88----22----55----1212----1010----00----1313----66----1111----99----10----1111----11----99----11----1010----127----22----99----44----66----1010----1212----77----1414----614--
test total number is 45, error number is : 5, error rate is: 0.111111
--1414----1212----1414----33----33----11----33----88----66----00--
--1212----11----44----1111----44----77----66----33----11----99--
--1212----99----88----22----1111----66----00----1313----1111----00--
--11----55----44----1212----11----22----99----33----44----77--
--1010----44----1111----11----1313----88----66----1414----55----99--
--1111----1313----33----22----77----1111----77----1313----55----1010--
--1313----11----1212----99----1010----66----66----55----22----1010--
--1010----88----1010----1010----44----55----1414----55----44----22--
--1212----99----1313----77----00----00----33----00----66----1212--
--22----77----77----88----1414----88----22----44----99----77--
--1111----88----11----1212----1111----1414----88----00----55----55--
--1313----1414----33----99----1414----66----00----22----1313----1010--

--------test for epoch 11--------
--1414----33----88----1111----44----00----88----83----44----77----1313----55----1313----22----55----66----1212----11----93----88----22----55----1212----1010----00----1313----66----1111----99----10----1111----11----99----11----1010----127----22----99----44----66----1010----1212----77----1414----614--
test total number is 45, error number is : 5, error rate is: 0.111111
--1414----1212----1414----33----33----11----33----88----66----00--
--1212----11----44----1111----44----77----66----33----11----99--
--1212----99----88----22----1111----66----00----1313----1111----00--
--11----55----44----1212----11----22----99----33----44----77--
--1010----44----1111----11----1313----88----66----1414----55----99--
--1111----1313----33----22----77----1111----77----1313----55----1010--
--1313----11----1212----99----1010----66----66----55----22----1010--
--1010----88----1010----1010----44----55----1414----55----44----22--
--1212----99----1313----77----00----00----33----00----66----1212--
--22----77----77----88----1414----88----22----44----99----77--
--1111----88----11----1212----1111----1414----88----00----55----55--
--1313----1414----33----99----1414----66----00----22----1313----1010--

--------test for epoch 12--------
--1414----33----88----1111----44----00----88----83----44----77----1313----55----1313----22----55----66----1212----11----93----88----22----55----1212----1010----00----1313----66----1111----99----10----1111----11----99----11----1010----127----22----99----44----66----1010----1212----77----1414----614--
test total number is 45, error number is : 5, error rate is: 0.111111
--1414----1212----1414----33----33----11----33----88----66----00--
--1212----11----44----1111----44----77----66----33----11----99--
--1212----99----88----22----1111----66----00----1313----1111----00--
--11----55----44----1212----11----22----99----33----44----77--
--1010----44----1111----11----1313----88----66----1414----55----99--
--1111----1313----33----22----77----1111----77----1313----55----1010--
--1313----11----1212----99----1010----66----66----55----22----1010--
--1010----88----1010----1010----44----55----1414----55----44----22--
--1212----99----1313----77----00----00----33----00----66----1212--
--22----77----77----88----1414----88----22----44----99----77--
--1111----88----11----1212----1111----1414----88----00----55----55--
--1313----1414----33----99----1414----66----00----22----1313----1010--

--------test for epoch 13--------
--1414----33----88----1111----44----00----88----83----44----77----1313----55----1313----22----55----66----1212----11----93----88----22----55----1212----1010----00----1313----66----1111----99----10----1111----11----99----11----1010----127----22----99----44----66----1010----1212----77----1414----614--
test total number is 45, error number is : 5, error rate is: 0.111111
--1414----1212----1414----33----33----11----33----88----66----00--
--1212----11----44----1111----44----77----66----33----11----99--
--1212----99----88----22----1111----66----00----1313----1111----00--
--11----55----44----1212----11----22----99----33----44----77--
--1010----44----1111----11----1313----88----66----1414----55----99--
--1111----1313----33----22----77----1111----77----1313----55----1010--
--1313----11----1212----99----1010----66----66----55----22----1010--
--1010----88----1010----1010----44----55----1414----55----44----22--
--1212----99----1313----77----00----00----33----00----66----1212--
--22----77----77----88----1414----88----22----44----99----77--
--1111----88----11----1212----1111----1414----88----00----55----55--
--1313----1414----33----99----1414----66----00----22----1313----1010--

--------test for epoch 14--------
--1414----33----88----1111----44----00----88----83----44----77----1313----55----1313----22----55----66----1212----11----93----88----22----55----1212----1010----00----1313----66----1111----99----10----1111----11----99----11----1010----127----22----99----44----66----1010----1212----77----1414----614--
test total number is 45, error number is : 5, error rate is: 0.111111
--1414----1212----1414----33----33----11----33----88----66----00--
--1212----11----44----1111----44----77----66----33----11----99--
--1212----99----88----22----1111----66----00----1313----1111----00--
--11----55----44----1212----11----22----99----33----44----77--
--1010----44----1111----11----1313----88----66----1414----55----99--
--1111----1313----33----22----77----1111----77----1313----55----1010--
--1313----11----1212----99----1010----66----66----55----22----1010--
--1010----88----1010----1010----44----55----1414----55----44----22--
--1212----99----1313----77----00----00----33----00----66----1212--
--22----77----77----88----1414----88----22----44----99----77--
--1111----88----11----1212----1111----1414----88----00----55----55--
--1313----1414----33----99----1414----66----00----22----1313----1010--

--------test for epoch 15--------
--1414----33----88----1111----44----00----88----83----44----77----1313----55----1313----22----55----66----1212----11----93----88----22----55----1212----1010----00----1313----66----1111----99----10----1111----11----99----11----1010----127----22----99----44----66----1010----1212----77----1414----614--
test total number is 45, error number is : 5, error rate is: 0.111111
--1414----1212----1414----33----33----11----33----88----66----00--
--1212----11----44----1111----44----77----66----33----11----99--
--1212----99----88----22----1111----66----00----1313----1111----00--
--11----55----44----1212----11----22----99----33----44----77--
--1010----44----1111----11----1313----88----66----1414----55----99--
--1111----1313----33----22----77----1111----77----1313----55----1010--
--1313----11----1212----99----1010----66----66----55----22----1010--
--1010----88----1010----1010----44----55----1414----55----44----22--
--1212----99----1313----77----00----00----33----00----66----1212--
--22----77----77----88----1414----88----22----44----99----77--
--1111----88----11----1212----1111----1414----88----00----55----55--
--1313----1414----33----99----1414----66----00----22----1313----1010--

--------test for epoch 16--------
--1414----33----88----1111----44----00----88----83----44----77----1313----55----1313----22----55----66----1212----11----93----88----22----55----1212----1010----00----1313----66----1111----99----10----1111----11----99----11----1010----127----22----99----44----66----1010----1212----77----1414----614--
test total number is 45, error number is : 5, error rate is: 0.111111
--1414----1212----1414----33----33----11----33----88----66----00--
--1212----11----44----1111----44----77----66----33----11----99--
--1212----99----88----22----1111----66----00----1313----1111----00--
--11----55----44----1212----11----22----99----33----44----77--
--1010----44----1111----11----1313----88----66----1414----55----99--
--1111----1313----33----22----77----1111----77----1313----55----1010--
--1313----11----1212----99----1010----66----66----55----22----1010--
--1010----88----1010----1010----44----55----1414----55----44----22--
--1212----99----1313----77----00----00----33----00----66----1212--
--22----77----77----88----1414----88----22----44----99----77--
--1111----88----11----1212----1111----1414----88----00----55----55--
--1313----1414----33----99----1414----66----00----22----1313----1010--

--------test for epoch 17--------
--1414----33----88----1111----44----00----88----83----44----77----1313----55----1313----22----55----66----1212----11----93----88----22----55----1212----1010----00----1313----66----1111----99----10----1111----11----99----11----1010----127----22----99----44----66----1010----1212----77----1414----614--
test total number is 45, error number is : 5, error rate is: 0.111111
--1414----1212----1414----33----33----11----33----88----66----00--
--1212----11----44----1111----44----77----66----33----11----99--
--1212----99----88----22----1111----66----00----1313----1111----00--
--11----55----44----1212----11----22----99----33----44----77--
--1010----44----1111----11----1313----88----66----1414----55----99--
--1111----1313----33----22----77----1111----77----1313----55----1010--
--1313----11----1212----99----1010----66----66----55----22----1010--
--1010----88----1010----1010----44----55----1414----55----44----22--
--1212----99----1313----77----00----00----33----00----66----1212--
--22----77----77----88----1414----88----22----44----99----77--
--1111----88----11----1212----1111----1414----88----00----55----55--
--1313----1414----33----99----1414----66----00----22----1313----1010--

--------test for epoch 18--------
--1414----33----88----1111----44----00----88----83----44----77----1313----55----1313----22----55----66----1212----11----93----88----22----55----1212----1010----00----1313----66----1111----99----10----1111----11----99----11----1010----127----22----99----44----66----1010----1212----77----1414----614--
test total number is 45, error number is : 5, error rate is: 0.111111
--1414----1212----1414----33----33----11----33----88----66----00--
--1212----11----44----1111----44----77----66----33----11----99--
--1212----99----88----22----1111----66----00----1313----1111----00--
--11----55----44----1212----11----22----99----33----44----77--
--1010----44----1111----11----1313----88----66----1414----55----99--
--1111----1313----33----22----77----1111----77----1313----55----1010--
--1313----11----1212----99----1010----66----66----55----22----1010--
--1010----88----1010----1010----44----55----1414----55----44----22--
--1212----99----1313----77----00----00----33----00----66----1212--
--22----77----77----88----1414----88----22----44----99----77--
--1111----88----11----1212----1111----1414----88----00----55----55--
--1313----1414----33----99----1414----66----00----22----1313----1010--

--------test for epoch 19--------
--1414----33----88----1111----44----00----88----83----44----77----1313----55----1313----22----55----66----1212----11----93----88----22----55----1212----1010----00----1313----66----1111----99----10----1111----11----99----11----1010----127----22----99----44----66----1010----1212----77----1414----614--
test total number is 45, error number is : 5, error rate is: 0.111111
This train uses 228.86 seconds. 
